-- The C compiler identification is GNU 8.4.0
-- The CXX compiler identification is GNU 8.4.0
-- Check for working C compiler: /usr/bin/cc
-- Check for working C compiler: /usr/bin/cc -- works
-- Detecting C compiler ABI info
-- Detecting C compiler ABI info - done
-- Detecting C compile features
-- Detecting C compile features - done
-- Check for working CXX compiler: /usr/bin/c++
-- Check for working CXX compiler: /usr/bin/c++ -- works
-- Detecting CXX compiler ABI info
-- Detecting CXX compiler ABI info - done
-- Detecting CXX compile features
-- Detecting CXX compile features - done
-- Found ament_cmake: 1.1.4 (/opt/ros/galactic/share/ament_cmake/cmake)
-- Found PythonInterp: /usr/bin/python3 (found suitable version "3.8.10", minimum required is "3") 
-- Using PYTHON_EXECUTABLE: /usr/bin/python3
-- Override CMake install command with custom implementation using symlinks instead of copying resources
-- Found rclcpp: 9.2.0 (/opt/ros/galactic/share/rclcpp/cmake)
-- Using all available rosidl_typesupport_c: rosidl_typesupport_fastrtps_c;rosidl_typesupport_introspection_c
-- Found rosidl_adapter: 2.2.1 (/opt/ros/galactic/share/rosidl_adapter/cmake)
-- Found OpenSSL: /usr/lib/x86_64-linux-gnu/libcrypto.so (found version "1.1.1f")  
-- Found FastRTPS: /opt/ros/galactic/include  
-- Using all available rosidl_typesupport_cpp: rosidl_typesupport_fastrtps_cpp;rosidl_typesupport_introspection_cpp
-- Found rmw_implementation_cmake: 3.3.1 (/opt/ros/galactic/share/rmw_implementation_cmake/cmake)
-- Found rmw_cyclonedds_cpp: 0.22.4 (/opt/ros/galactic/share/rmw_cyclonedds_cpp/cmake)
-- Using RMW implementation 'rmw_cyclonedds_cpp' as default
-- Looking for pthread.h
-- Looking for pthread.h - found
-- Performing Test CMAKE_HAVE_LIBC_PTHREAD
-- Performing Test CMAKE_HAVE_LIBC_PTHREAD - Failed
-- Looking for pthread_create in pthreads
-- Looking for pthread_create in pthreads - not found
-- Looking for pthread_create in pthread
-- Looking for pthread_create in pthread - found
-- Found Threads: TRUE  
-- Found rclpy: 1.9.0 (/opt/ros/galactic/share/rclpy/cmake)
-- Found geometry_msgs: 2.2.3 (/opt/ros/galactic/share/geometry_msgs/cmake)
-- Found sensor_msgs: 2.2.3 (/opt/ros/galactic/share/sensor_msgs/cmake)
-- Found nav_msgs: 2.2.3 (/opt/ros/galactic/share/nav_msgs/cmake)
-- Found tf2: 0.17.2 (/opt/ros/galactic/share/tf2/cmake)
-- Found tf2_ros: 0.17.2 (/opt/ros/galactic/share/tf2_ros/cmake)
-- Found Boost: /usr/lib/x86_64-linux-gnu/cmake/Boost-1.71.0/BoostConfig.cmake (found version "1.71.0") found components: system filesystem thread 
-- Found ament_lint_auto: 0.10.6 (/opt/ros/galactic/share/ament_lint_auto/cmake)
-- Added test 'copyright' to check source files copyright and LICENSE
-- Added test 'cppcheck' to perform static code analysis on C / C++ code
-- Configured cppcheck include dirs: 
-- Configured cppcheck exclude dirs and/or files: 
-- Added test 'cpplint' to check C / C++ code against the Google style
-- Configured cpplint exclude dirs and/or files: 
-- Added test 'flake8' to check Python code syntax and style conventions
-- Added test 'lint_cmake' to check CMake code style
-- Added test 'pep257' to check Python code against some of the style conventions in PEP 257
-- Added test 'uncrustify' to check C / C++ code style
-- Configured uncrustify additional arguments: 
-- Added test 'xmllint' to check XML markup files
-- Configuring done
-- Generating done
-- Build files have been written to: /home/fzq614/My_ROS_Robot/ROS-WorkSpace/ROS2-Robot-WS/build/robot_sim
[35m[1mScanning dependencies of target robot_sim[0m
[ 50%] [32mBuilding CXX object CMakeFiles/robot_sim.dir/src/robot_sim.cpp.o[0m
[100%] [32m[1mLinking CXX executable robot_sim[0m
[100%] Built target robot_sim
-- Install configuration: ""
-- Execute custom install script
-- Symlinking: /home/fzq614/My_ROS_Robot/ROS-WorkSpace/ROS2-Robot-WS/install/lib/robot_sim/robot_sim
-- Symlinking: /home/fzq614/My_ROS_Robot/ROS-WorkSpace/ROS2-Robot-WS/install/share/robot_sim/launch/robot_sim.launch.py
-- Symlinking: /home/fzq614/My_ROS_Robot/ROS-WorkSpace/ROS2-Robot-WS/install/share/robot_sim/launch/rviz2.launch.py
-- Symlinking: /home/fzq614/My_ROS_Robot/ROS-WorkSpace/ROS2-Robot-WS/install/share/robot_sim/param/params.yaml
-- Symlinking: /home/fzq614/My_ROS_Robot/ROS-WorkSpace/ROS2-Robot-WS/install/share/robot_sim/rviz/robot.rviz
-- Symlinking: /home/fzq614/My_ROS_Robot/ROS-WorkSpace/ROS2-Robot-WS/install/share/robot_sim/urdf/robot_sim.urdf
-- Symlinking: /home/fzq614/My_ROS_Robot/ROS-WorkSpace/ROS2-Robot-WS/install/share/robot_sim/meshes/base_footprint.STL
-- Symlinking: /home/fzq614/My_ROS_Robot/ROS-WorkSpace/ROS2-Robot-WS/install/share/robot_sim/meshes/base_link.STL
-- Symlinking: /home/fzq614/My_ROS_Robot/ROS-WorkSpace/ROS2-Robot-WS/install/share/robot_sim/meshes/camera_link.STL
-- Symlinking: /home/fzq614/My_ROS_Robot/ROS-WorkSpace/ROS2-Robot-WS/install/share/robot_sim/meshes/lidar_link.STL
-- Symlinking: /home/fzq614/My_ROS_Robot/ROS-WorkSpace/ROS2-Robot-WS/install/share/robot_sim/meshes/wheel_back_left_link.STL
-- Symlinking: /home/fzq614/My_ROS_Robot/ROS-WorkSpace/ROS2-Robot-WS/install/share/robot_sim/meshes/wheel_back_right_link.STL
-- Symlinking: /home/fzq614/My_ROS_Robot/ROS-WorkSpace/ROS2-Robot-WS/install/share/robot_sim/meshes/wheel_front_left_link.STL
-- Symlinking: /home/fzq614/My_ROS_Robot/ROS-WorkSpace/ROS2-Robot-WS/install/share/robot_sim/meshes/wheel_front_right_link.STL
-- Symlinking: /home/fzq614/My_ROS_Robot/ROS-WorkSpace/ROS2-Robot-WS/install/share/ament_index/resource_index/package_run_dependencies/robot_sim
-- Symlinking: /home/fzq614/My_ROS_Robot/ROS-WorkSpace/ROS2-Robot-WS/install/share/ament_index/resource_index/parent_prefix_path/robot_sim
-- Symlinking: /home/fzq614/My_ROS_Robot/ROS-WorkSpace/ROS2-Robot-WS/install/share/robot_sim/environment/ament_prefix_path.sh
-- Symlinking: /home/fzq614/My_ROS_Robot/ROS-WorkSpace/ROS2-Robot-WS/install/share/robot_sim/environment/ament_prefix_path.dsv
-- Symlinking: /home/fzq614/My_ROS_Robot/ROS-WorkSpace/ROS2-Robot-WS/install/share/robot_sim/environment/path.sh
-- Symlinking: /home/fzq614/My_ROS_Robot/ROS-WorkSpace/ROS2-Robot-WS/install/share/robot_sim/environment/path.dsv
-- Symlinking: /home/fzq614/My_ROS_Robot/ROS-WorkSpace/ROS2-Robot-WS/install/share/robot_sim/local_setup.bash
-- Symlinking: /home/fzq614/My_ROS_Robot/ROS-WorkSpace/ROS2-Robot-WS/install/share/robot_sim/local_setup.sh
-- Symlinking: /home/fzq614/My_ROS_Robot/ROS-WorkSpace/ROS2-Robot-WS/install/share/robot_sim/local_setup.zsh
-- Symlinking: /home/fzq614/My_ROS_Robot/ROS-WorkSpace/ROS2-Robot-WS/install/share/robot_sim/local_setup.dsv
-- Symlinking: /home/fzq614/My_ROS_Robot/ROS-WorkSpace/ROS2-Robot-WS/install/share/robot_sim/package.dsv
-- Symlinking: /home/fzq614/My_ROS_Robot/ROS-WorkSpace/ROS2-Robot-WS/install/share/ament_index/resource_index/packages/robot_sim
-- Symlinking: /home/fzq614/My_ROS_Robot/ROS-WorkSpace/ROS2-Robot-WS/install/share/robot_sim/cmake/robot_simConfig.cmake
-- Symlinking: /home/fzq614/My_ROS_Robot/ROS-WorkSpace/ROS2-Robot-WS/install/share/robot_sim/cmake/robot_simConfig-version.cmake
-- Symlinking: /home/fzq614/My_ROS_Robot/ROS-WorkSpace/ROS2-Robot-WS/install/share/robot_sim/package.xml
