-- Found ament_cmake: 1.1.4 (/opt/ros/galactic/share/ament_cmake/cmake)
-- Using PYTHON_EXECUTABLE: /usr/bin/python3
-- Override CMake install command with custom implementation using symlinks instead of copying resources
-- Found rclcpp: 9.2.0 (/opt/ros/galactic/share/rclcpp/cmake)
-- Using all available rosidl_typesupport_c: rosidl_typesupport_fastrtps_c;rosidl_typesupport_introspection_c
-- Found rosidl_adapter: 2.2.1 (/opt/ros/galactic/share/rosidl_adapter/cmake)
-- Using all available rosidl_typesupport_cpp: rosidl_typesupport_fastrtps_cpp;rosidl_typesupport_introspection_cpp
-- Found rmw_implementation_cmake: 3.3.1 (/opt/ros/galactic/share/rmw_implementation_cmake/cmake)
-- Found rmw_cyclonedds_cpp: 0.22.4 (/opt/ros/galactic/share/rmw_cyclonedds_cpp/cmake)
-- Using RMW implementation 'rmw_cyclonedds_cpp' as default
-- Found sensor_msgs: 2.2.3 (/opt/ros/galactic/share/sensor_msgs/cmake)
-- Configuring done
-- Generating done
-- Build files have been written to: /home/fzq614/My_ROS_Robot/ROS-WorkSpace/ROS2-Robot-WS/build/astra_camera
[  4%] [34m[1mPerforming download step (git clone) for 'astra_openni2'[0m
Branch 'orbbec_ros' set up to track remote branch 'orbbec_ros' from 'origin'.
[  9%] [34m[1mPerforming patch step for 'astra_openni2'[0m
[ 14%] [34m[1mPerforming update step for 'astra_openni2'[0m
patching file Source/Drivers/orbbec/Formats/XnFormatsMirror.cpp
patching file Source/Drivers/orbbec/Sensor/XnFrameStreamProcessor.cpp
patching file Source/Drivers/orbbec/Sensor/XnSensorFirmwareParams.cpp
Current branch orbbec_ros is up to date.
[ 19%] [34m[1mPerforming configure step for 'astra_openni2'[0m
no need to configure
[ 23%] [34m[1mPerforming build step for 'astra_openni2'[0m
