-- Found ament_cmake: 1.1.4 (/opt/ros/galactic/share/ament_cmake/cmake)
-- Using PYTHON_EXECUTABLE: /usr/bin/python3
-- Override CMake install command with custom implementation using symlinks instead of copying resources
-- Found rclcpp: 9.2.0 (/opt/ros/galactic/share/rclcpp/cmake)
-- Using all available rosidl_typesupport_c: rosidl_typesupport_fastrtps_c;rosidl_typesupport_introspection_c
-- Found rosidl_adapter: 2.2.1 (/opt/ros/galactic/share/rosidl_adapter/cmake)
-- Using all available rosidl_typesupport_cpp: rosidl_typesupport_fastrtps_cpp;rosidl_typesupport_introspection_cpp
-- Found rmw_implementation_cmake: 3.3.1 (/opt/ros/galactic/share/rmw_implementation_cmake/cmake)
-- Found rmw_cyclonedds_cpp: 0.22.4 (/opt/ros/galactic/share/rmw_cyclonedds_cpp/cmake)
-- Using RMW implementation 'rmw_cyclonedds_cpp' as default
-- Found sensor_msgs: 2.2.3 (/opt/ros/galactic/share/sensor_msgs/cmake)
-- Configuring done
-- Generating done
-- Build files have been written to: /home/fzq614/My_ROS_Robot/ROS-WorkSpace/ROS2-Robot-WS/build/astra_camera
[  4%] [34m[1mPerforming download step (git clone) for 'astra_openni2'[0m
Cloning into 'astra_openni2'...
Switched to a new branch 'orbbec_ros'
Branch 'orbbec_ros' set up to track remote branch 'orbbec_ros' from 'origin'.
[  9%] [34m[1mPerforming patch step for 'astra_openni2'[0m
[ 14%] [34m[1mPerforming update step for 'astra_openni2'[0m
patching file Source/Drivers/orbbec/Formats/XnFormatsMirror.cpp
patching file Source/Drivers/orbbec/Sensor/XnFrameStreamProcessor.cpp
patching file Source/Drivers/orbbec/Sensor/XnSensorFirmwareParams.cpp
Current branch orbbec_ros is up to date.
[ 19%] [34m[1mPerforming configure step for 'astra_openni2'[0m
no need to configure
[ 23%] [34m[1mPerforming build step for 'astra_openni2'[0m
make[3]: warning: jobserver unavailable: using -j1.  Add '+' to parent make rule.
ThirdParty/PSCommon/BuildSystem/CommonDefs.mak:40: HOST_PLATFORM is x64
../../BuildSystem/CommonDefs.mak:40: HOST_PLATFORM is x64
../../ThirdParty/PSCommon/BuildSystem/CommonDefs.mak:40: HOST_PLATFORM is x64
../../ThirdParty/PSCommon/BuildSystem/CommonDefs.mak:40: HOST_PLATFORM is x64
../../../ThirdParty/PSCommon/BuildSystem/CommonDefs.mak:40: HOST_PLATFORM is x64
In file included from [01m[K../../../ThirdParty/PSCommon/XnLib/Include/XnHash.h:26[m[K,
                 from [01m[K../../../ThirdParty/PSCommon/XnLib/Include/XnStringsHash.h:27[m[K,
                 from [01m[KSensor/XnDeviceSensorIO.h:34[m[K,
                 from [01m[KSensor/XnDeviceSensor.h:30[m[K,
                 from [01m[KSensor/XnFirmwareCommands.h:27[m[K,
                 from [01m[KSensor/XnSensorFirmware.h:28[m[K,
                 from [01m[KSensor/XnSensorStreamHelper.h:28[m[K,
                 from [01m[KSensor/XnSensorStreamHelper.cpp:24[m[K:
[01m[K../../../ThirdParty/PSCommon/XnLib/Include/XnPair.h:[m[K In member function ‘[01m[KXnStatus XnSensorStreamHelper::MapFirmwareProperty(XnActualIntProperty&, XnActualIntProperty&, XnBool, XnSensorStreamHelper::ConvertCallback)[m[K’:
[01m[K../../../ThirdParty/PSCommon/XnLib/Include/XnPair.h:32:67:[m[K [01;31m[Kerror: [m[K‘[01m[K*((void*)& cookie +36)[m[K’ may be used uninitialized in this function [[01;31m[K-Werror=maybe-uninitialized[m[K]
  Pair(const Pair& other) : first(other.first), second(other.second[01;31m[K)[m[K {}
                                                                   [01;31m[K^[m[K
[01m[KSensor/XnSensorStreamHelper.cpp:179:29:[m[K [01;36m[Knote: [m[K‘[01m[K*((void*)& cookie +36)[m[K’ was declared here
  XnSensorStreamHelperCookie [01;36m[Kcookie[m[K(&Property, &FirmwareProperty, bAllowChangeWhileOpen, pStreamToFirmwareFunc);
                             [01;36m[K^~~~~~[m[K
In file included from [01m[K../../../ThirdParty/PSCommon/XnLib/Include/XnHash.h:26[m[K,
                 from [01m[K../../../ThirdParty/PSCommon/XnLib/Include/XnStringsHash.h:27[m[K,
                 from [01m[KSensor/XnDeviceSensorIO.h:34[m[K,
                 from [01m[KSensor/XnDeviceSensor.h:30[m[K,
                 from [01m[KSensor/XnFirmwareCommands.h:27[m[K,
                 from [01m[KSensor/XnSensorFirmware.h:28[m[K,
                 from [01m[KSensor/XnSensorStreamHelper.h:28[m[K,
                 from [01m[KSensor/XnSensorStreamHelper.cpp:24[m[K:
[01m[K../../../ThirdParty/PSCommon/XnLib/Include/XnPair.h:32:67:[m[K [01;31m[Kerror: [m[K‘[01m[K*((void*)& cookie +40)[m[K’ may be used uninitialized in this function [[01;31m[K-Werror=maybe-uninitialized[m[K]
  Pair(const Pair& other) : first(other.first), second(other.second[01;31m[K)[m[K {}
                                                                   [01;31m[K^[m[K
[01m[KSensor/XnSensorStreamHelper.cpp:179:29:[m[K [01;36m[Knote: [m[K‘[01m[K*((void*)& cookie +40)[m[K’ was declared here
  XnSensorStreamHelperCookie [01;36m[Kcookie[m[K(&Property, &FirmwareProperty, bAllowChangeWhileOpen, pStreamToFirmwareFunc);
                             [01;36m[K^~~~~~[m[K
cc1plus: all warnings being treated as errors
make[4]: *** [../../../ThirdParty/PSCommon/BuildSystem/CommonCppMakefile:141: ../../../Bin/Intermediate/x64-Release/liborbbec.so/XnSensorStreamHelper.o] Error 1
make[3]: *** [Makefile:131: Source/Drivers/orbbec] Error 2
make[2]: *** [CMakeFiles/astra_openni2.dir/build.make:112: astra_openni2/src/astra_openni2-stamp/astra_openni2-build] Error 2
make[1]: *** [CMakeFiles/Makefile2:168: CMakeFiles/astra_openni2.dir/all] Error 2
make: *** [Makefile:141: all] Error 2
