[0.134s] DEBUG:colcon:Command line arguments: ['/usr/bin/colcon', 'build', '--symlink-install', '--merge-install', '--packages-select', '--allow-overriding', 'astra_camera']
[0.134s] DEBUG:colcon:Parsed command line arguments: Namespace(allow_overriding=['astra_camera'], ament_cmake_args=None, base_paths=['.'], build_base='build', catkin_cmake_args=None, catkin_skip_building_tests=False, cmake_args=None, cmake_clean_cache=False, cmake_clean_first=False, cmake_force_configure=False, cmake_target=None, cmake_target_skip_unavailable=False, continue_on_error=False, event_handlers=None, executor='parallel', ignore_user_meta=False, install_base='install', log_base=None, log_level=None, main=<bound method BuildVerb.main of <colcon_core.verb.build.BuildVerb object at 0x7f6e91fc5af0>>, merge_install=True, metas=['./colcon.meta'], packages_above=None, packages_above_and_dependencies=None, packages_above_depth=None, packages_end=None, packages_ignore=None, packages_ignore_regex=None, packages_select=[], packages_select_build_failed=False, packages_select_by_dep=None, packages_select_regex=None, packages_select_test_failures=False, packages_skip=None, packages_skip_build_finished=False, packages_skip_by_dep=None, packages_skip_regex=None, packages_skip_test_passed=False, packages_skip_up_to=None, packages_start=None, packages_up_to=None, packages_up_to_regex=None, parallel_workers=4, paths=None, symlink_install=True, test_result_base=None, verb_extension=<colcon_core.verb.build.BuildVerb object at 0x7f6e91fc5af0>, verb_name='build', verb_parser=<colcon_defaults.argument_parser.defaults.DefaultArgumentsDecorator object at 0x7f6e91fd10a0>)
[0.138s] Level 1:colcon.colcon_core.package_discovery:discover_packages(colcon_meta) check parameters
[0.138s] Level 1:colcon.colcon_core.package_discovery:discover_packages(recursive) check parameters
[0.138s] Level 1:colcon.colcon_core.package_discovery:discover_packages(ignore) check parameters
[0.138s] Level 1:colcon.colcon_core.package_discovery:discover_packages(path) check parameters
[0.139s] Level 1:colcon.colcon_core.package_discovery:discover_packages(colcon_meta) discover
[0.139s] Level 1:colcon.colcon_core.package_discovery:discover_packages(recursive) discover
[0.139s] INFO:colcon.colcon_core.package_discovery:Crawling recursively for packages in '/home/fzq614/My_ROS_Robot/ROS-WorkSpace/ROS2-Robot-WS'
[0.139s] Level 1:colcon.colcon_core.package_identification:_identify(.) by extensions ['ignore', 'ignore_ament_install']
[0.139s] Level 1:colcon.colcon_core.package_identification:_identify(.) by extension 'ignore'
[0.139s] Level 1:colcon.colcon_core.package_identification:_identify(.) by extension 'ignore_ament_install'
[0.139s] Level 1:colcon.colcon_core.package_identification:_identify(.) by extensions ['colcon_pkg']
[0.139s] Level 1:colcon.colcon_core.package_identification:_identify(.) by extension 'colcon_pkg'
[0.139s] Level 1:colcon.colcon_core.package_identification:_identify(.) by extensions ['colcon_meta']
[0.139s] Level 1:colcon.colcon_core.package_identification:_identify(.) by extension 'colcon_meta'
[0.139s] Level 1:colcon.colcon_core.package_identification:_identify(.) by extensions ['ros']
[0.139s] Level 1:colcon.colcon_core.package_identification:_identify(.) by extension 'ros'
[0.150s] Level 1:colcon.colcon_core.package_identification:_identify(.) by extensions ['cmake', 'python']
[0.150s] Level 1:colcon.colcon_core.package_identification:_identify(.) by extension 'cmake'
[0.151s] Level 1:colcon.colcon_core.package_identification:_identify(.) by extension 'python'
[0.151s] Level 1:colcon.colcon_core.package_identification:_identify(.) by extensions ['python_setup_py']
[0.151s] Level 1:colcon.colcon_core.package_identification:_identify(.) by extension 'python_setup_py'
[0.151s] Level 1:colcon.colcon_core.package_identification:_identify(build) by extensions ['ignore', 'ignore_ament_install']
[0.151s] Level 1:colcon.colcon_core.package_identification:_identify(build) by extension 'ignore'
[0.151s] Level 1:colcon.colcon_core.package_identification:_identify(build) ignored
[0.151s] Level 1:colcon.colcon_core.package_identification:_identify(install) by extensions ['ignore', 'ignore_ament_install']
[0.151s] Level 1:colcon.colcon_core.package_identification:_identify(install) by extension 'ignore'
[0.151s] Level 1:colcon.colcon_core.package_identification:_identify(install) ignored
[0.151s] Level 1:colcon.colcon_core.package_identification:_identify(log) by extensions ['ignore', 'ignore_ament_install']
[0.151s] Level 1:colcon.colcon_core.package_identification:_identify(log) by extension 'ignore'
[0.151s] Level 1:colcon.colcon_core.package_identification:_identify(log) ignored
[0.151s] Level 1:colcon.colcon_core.package_identification:_identify(src) by extensions ['ignore', 'ignore_ament_install']
[0.151s] Level 1:colcon.colcon_core.package_identification:_identify(src) by extension 'ignore'
[0.151s] Level 1:colcon.colcon_core.package_identification:_identify(src) by extension 'ignore_ament_install'
[0.152s] Level 1:colcon.colcon_core.package_identification:_identify(src) by extensions ['colcon_pkg']
[0.152s] Level 1:colcon.colcon_core.package_identification:_identify(src) by extension 'colcon_pkg'
[0.152s] Level 1:colcon.colcon_core.package_identification:_identify(src) by extensions ['colcon_meta']
[0.152s] Level 1:colcon.colcon_core.package_identification:_identify(src) by extension 'colcon_meta'
[0.152s] Level 1:colcon.colcon_core.package_identification:_identify(src) by extensions ['ros']
[0.152s] Level 1:colcon.colcon_core.package_identification:_identify(src) by extension 'ros'
[0.152s] Level 1:colcon.colcon_core.package_identification:_identify(src) by extensions ['cmake', 'python']
[0.152s] Level 1:colcon.colcon_core.package_identification:_identify(src) by extension 'cmake'
[0.152s] Level 1:colcon.colcon_core.package_identification:_identify(src) by extension 'python'
[0.152s] Level 1:colcon.colcon_core.package_identification:_identify(src) by extensions ['python_setup_py']
[0.152s] Level 1:colcon.colcon_core.package_identification:_identify(src) by extension 'python_setup_py'
[0.152s] Level 1:colcon.colcon_core.package_identification:_identify(src/robot) by extensions ['ignore', 'ignore_ament_install']
[0.152s] Level 1:colcon.colcon_core.package_identification:_identify(src/robot) by extension 'ignore'
[0.152s] Level 1:colcon.colcon_core.package_identification:_identify(src/robot) by extension 'ignore_ament_install'
[0.152s] Level 1:colcon.colcon_core.package_identification:_identify(src/robot) by extensions ['colcon_pkg']
[0.152s] Level 1:colcon.colcon_core.package_identification:_identify(src/robot) by extension 'colcon_pkg'
[0.152s] Level 1:colcon.colcon_core.package_identification:_identify(src/robot) by extensions ['colcon_meta']
[0.152s] Level 1:colcon.colcon_core.package_identification:_identify(src/robot) by extension 'colcon_meta'
[0.152s] Level 1:colcon.colcon_core.package_identification:_identify(src/robot) by extensions ['ros']
[0.152s] Level 1:colcon.colcon_core.package_identification:_identify(src/robot) by extension 'ros'
[0.155s] DEBUG:colcon.colcon_core.package_identification:Package 'src/robot' with type 'ros.ament_cmake' and name 'robot'
[0.155s] Level 1:colcon.colcon_core.package_identification:_identify(src/robot_sim) by extensions ['ignore', 'ignore_ament_install']
[0.155s] Level 1:colcon.colcon_core.package_identification:_identify(src/robot_sim) by extension 'ignore'
[0.155s] Level 1:colcon.colcon_core.package_identification:_identify(src/robot_sim) by extension 'ignore_ament_install'
[0.155s] Level 1:colcon.colcon_core.package_identification:_identify(src/robot_sim) by extensions ['colcon_pkg']
[0.155s] Level 1:colcon.colcon_core.package_identification:_identify(src/robot_sim) by extension 'colcon_pkg'
[0.155s] Level 1:colcon.colcon_core.package_identification:_identify(src/robot_sim) by extensions ['colcon_meta']
[0.155s] Level 1:colcon.colcon_core.package_identification:_identify(src/robot_sim) by extension 'colcon_meta'
[0.155s] Level 1:colcon.colcon_core.package_identification:_identify(src/robot_sim) by extensions ['ros']
[0.155s] Level 1:colcon.colcon_core.package_identification:_identify(src/robot_sim) by extension 'ros'
[0.157s] DEBUG:colcon.colcon_core.package_identification:Package 'src/robot_sim' with type 'ros.ament_cmake' and name 'robot_sim'
[0.157s] Level 1:colcon.colcon_core.package_identification:_identify(src/robot_sim_2) by extensions ['ignore', 'ignore_ament_install']
[0.157s] Level 1:colcon.colcon_core.package_identification:_identify(src/robot_sim_2) by extension 'ignore'
[0.157s] Level 1:colcon.colcon_core.package_identification:_identify(src/robot_sim_2) by extension 'ignore_ament_install'
[0.157s] Level 1:colcon.colcon_core.package_identification:_identify(src/robot_sim_2) by extensions ['colcon_pkg']
[0.157s] Level 1:colcon.colcon_core.package_identification:_identify(src/robot_sim_2) by extension 'colcon_pkg'
[0.157s] Level 1:colcon.colcon_core.package_identification:_identify(src/robot_sim_2) by extensions ['colcon_meta']
[0.157s] Level 1:colcon.colcon_core.package_identification:_identify(src/robot_sim_2) by extension 'colcon_meta'
[0.157s] Level 1:colcon.colcon_core.package_identification:_identify(src/robot_sim_2) by extensions ['ros']
[0.157s] Level 1:colcon.colcon_core.package_identification:_identify(src/robot_sim_2) by extension 'ros'
[0.158s] DEBUG:colcon.colcon_core.package_identification:Package 'src/robot_sim_2' with type 'ros.ament_cmake' and name 'robot_sim_2'
[0.158s] Level 1:colcon.colcon_core.package_identification:_identify(src/serial_test) by extensions ['ignore', 'ignore_ament_install']
[0.158s] Level 1:colcon.colcon_core.package_identification:_identify(src/serial_test) by extension 'ignore'
[0.158s] Level 1:colcon.colcon_core.package_identification:_identify(src/serial_test) by extension 'ignore_ament_install'
[0.158s] Level 1:colcon.colcon_core.package_identification:_identify(src/serial_test) by extensions ['colcon_pkg']
[0.158s] Level 1:colcon.colcon_core.package_identification:_identify(src/serial_test) by extension 'colcon_pkg'
[0.158s] Level 1:colcon.colcon_core.package_identification:_identify(src/serial_test) by extensions ['colcon_meta']
[0.158s] Level 1:colcon.colcon_core.package_identification:_identify(src/serial_test) by extension 'colcon_meta'
[0.158s] Level 1:colcon.colcon_core.package_identification:_identify(src/serial_test) by extensions ['ros']
[0.158s] Level 1:colcon.colcon_core.package_identification:_identify(src/serial_test) by extension 'ros'
[0.159s] DEBUG:colcon.colcon_core.package_identification:Package 'src/serial_test' with type 'ros.ament_cmake' and name 'serial_test'
[0.159s] Level 1:colcon.colcon_core.package_identification:_identify(src/third_pkg) by extensions ['ignore', 'ignore_ament_install']
[0.159s] Level 1:colcon.colcon_core.package_identification:_identify(src/third_pkg) by extension 'ignore'
[0.159s] Level 1:colcon.colcon_core.package_identification:_identify(src/third_pkg) by extension 'ignore_ament_install'
[0.159s] Level 1:colcon.colcon_core.package_identification:_identify(src/third_pkg) by extensions ['colcon_pkg']
[0.159s] Level 1:colcon.colcon_core.package_identification:_identify(src/third_pkg) by extension 'colcon_pkg'
[0.159s] Level 1:colcon.colcon_core.package_identification:_identify(src/third_pkg) by extensions ['colcon_meta']
[0.159s] Level 1:colcon.colcon_core.package_identification:_identify(src/third_pkg) by extension 'colcon_meta'
[0.159s] Level 1:colcon.colcon_core.package_identification:_identify(src/third_pkg) by extensions ['ros']
[0.159s] Level 1:colcon.colcon_core.package_identification:_identify(src/third_pkg) by extension 'ros'
[0.159s] Level 1:colcon.colcon_core.package_identification:_identify(src/third_pkg) by extensions ['cmake', 'python']
[0.159s] Level 1:colcon.colcon_core.package_identification:_identify(src/third_pkg) by extension 'cmake'
[0.159s] Level 1:colcon.colcon_core.package_identification:_identify(src/third_pkg) by extension 'python'
[0.159s] Level 1:colcon.colcon_core.package_identification:_identify(src/third_pkg) by extensions ['python_setup_py']
[0.159s] Level 1:colcon.colcon_core.package_identification:_identify(src/third_pkg) by extension 'python_setup_py'
[0.159s] Level 1:colcon.colcon_core.package_identification:_identify(src/third_pkg/ros_astra_camera-foxy) by extensions ['ignore', 'ignore_ament_install']
[0.160s] Level 1:colcon.colcon_core.package_identification:_identify(src/third_pkg/ros_astra_camera-foxy) by extension 'ignore'
[0.160s] Level 1:colcon.colcon_core.package_identification:_identify(src/third_pkg/ros_astra_camera-foxy) by extension 'ignore_ament_install'
[0.160s] Level 1:colcon.colcon_core.package_identification:_identify(src/third_pkg/ros_astra_camera-foxy) by extensions ['colcon_pkg']
[0.160s] Level 1:colcon.colcon_core.package_identification:_identify(src/third_pkg/ros_astra_camera-foxy) by extension 'colcon_pkg'
[0.160s] Level 1:colcon.colcon_core.package_identification:_identify(src/third_pkg/ros_astra_camera-foxy) by extensions ['colcon_meta']
[0.160s] Level 1:colcon.colcon_core.package_identification:_identify(src/third_pkg/ros_astra_camera-foxy) by extension 'colcon_meta'
[0.160s] Level 1:colcon.colcon_core.package_identification:_identify(src/third_pkg/ros_astra_camera-foxy) by extensions ['ros']
[0.160s] Level 1:colcon.colcon_core.package_identification:_identify(src/third_pkg/ros_astra_camera-foxy) by extension 'ros'
[0.161s] DEBUG:colcon.colcon_core.package_identification:Package 'src/third_pkg/ros_astra_camera-foxy' with type 'ros.ament_cmake' and name 'astra_camera'
[0.161s] Level 1:colcon.colcon_core.package_identification:_identify(src/third_pkg/rplidar_ros2) by extensions ['ignore', 'ignore_ament_install']
[0.161s] Level 1:colcon.colcon_core.package_identification:_identify(src/third_pkg/rplidar_ros2) by extension 'ignore'
[0.161s] Level 1:colcon.colcon_core.package_identification:_identify(src/third_pkg/rplidar_ros2) by extension 'ignore_ament_install'
[0.161s] Level 1:colcon.colcon_core.package_identification:_identify(src/third_pkg/rplidar_ros2) by extensions ['colcon_pkg']
[0.161s] Level 1:colcon.colcon_core.package_identification:_identify(src/third_pkg/rplidar_ros2) by extension 'colcon_pkg'
[0.161s] Level 1:colcon.colcon_core.package_identification:_identify(src/third_pkg/rplidar_ros2) by extensions ['colcon_meta']
[0.161s] Level 1:colcon.colcon_core.package_identification:_identify(src/third_pkg/rplidar_ros2) by extension 'colcon_meta'
[0.161s] Level 1:colcon.colcon_core.package_identification:_identify(src/third_pkg/rplidar_ros2) by extensions ['ros']
[0.161s] Level 1:colcon.colcon_core.package_identification:_identify(src/third_pkg/rplidar_ros2) by extension 'ros'
[0.162s] DEBUG:colcon.colcon_core.package_identification:Package 'src/third_pkg/rplidar_ros2' with type 'ros.ament_cmake' and name 'rplidar_ros2'
[0.162s] Level 1:colcon.colcon_core.package_identification:_identify(src/third_pkg/teleop_twist_keyboard) by extensions ['ignore', 'ignore_ament_install']
[0.162s] Level 1:colcon.colcon_core.package_identification:_identify(src/third_pkg/teleop_twist_keyboard) by extension 'ignore'
[0.162s] Level 1:colcon.colcon_core.package_identification:_identify(src/third_pkg/teleop_twist_keyboard) by extension 'ignore_ament_install'
[0.162s] Level 1:colcon.colcon_core.package_identification:_identify(src/third_pkg/teleop_twist_keyboard) by extensions ['colcon_pkg']
[0.162s] Level 1:colcon.colcon_core.package_identification:_identify(src/third_pkg/teleop_twist_keyboard) by extension 'colcon_pkg'
[0.162s] Level 1:colcon.colcon_core.package_identification:_identify(src/third_pkg/teleop_twist_keyboard) by extensions ['colcon_meta']
[0.162s] Level 1:colcon.colcon_core.package_identification:_identify(src/third_pkg/teleop_twist_keyboard) by extension 'colcon_meta'
[0.162s] Level 1:colcon.colcon_core.package_identification:_identify(src/third_pkg/teleop_twist_keyboard) by extensions ['ros']
[0.162s] Level 1:colcon.colcon_core.package_identification:_identify(src/third_pkg/teleop_twist_keyboard) by extension 'ros'
[0.163s] DEBUG:colcon.colcon_core.package_identification:Package 'src/third_pkg/teleop_twist_keyboard' with type 'ros.ament_python' and name 'teleop_twist_keyboard'
[0.163s] Level 1:colcon.colcon_core.package_discovery:discover_packages(recursive) using defaults
[0.163s] Level 1:colcon.colcon_core.package_discovery:discover_packages(ignore) discover
[0.163s] Level 1:colcon.colcon_core.package_discovery:discover_packages(ignore) using defaults
[0.163s] Level 1:colcon.colcon_core.package_discovery:discover_packages(path) discover
[0.163s] Level 1:colcon.colcon_core.package_discovery:discover_packages(path) using defaults
[0.179s] INFO:colcon.colcon_core.package_selection:Skipping not selected package 'astra_camera' in 'src/third_pkg/ros_astra_camera-foxy'
[0.179s] INFO:colcon.colcon_core.package_selection:Skipping not selected package 'robot' in 'src/robot'
[0.179s] INFO:colcon.colcon_core.package_selection:Skipping not selected package 'robot_sim' in 'src/robot_sim'
[0.179s] INFO:colcon.colcon_core.package_selection:Skipping not selected package 'robot_sim_2' in 'src/robot_sim_2'
[0.179s] INFO:colcon.colcon_core.package_selection:Skipping not selected package 'rplidar_ros2' in 'src/third_pkg/rplidar_ros2'
[0.179s] INFO:colcon.colcon_core.package_selection:Skipping not selected package 'serial_test' in 'src/serial_test'
[0.179s] INFO:colcon.colcon_core.package_selection:Skipping not selected package 'teleop_twist_keyboard' in 'src/third_pkg/teleop_twist_keyboard'
[0.182s] INFO:colcon.colcon_core.executor:Executing jobs using 'parallel' executor
[0.185s] DEBUG:colcon.colcon_parallel_executor.executor.parallel:run_until_complete
[0.185s] DEBUG:colcon.colcon_parallel_executor.executor.parallel:closing loop
[0.185s] DEBUG:colcon.colcon_parallel_executor.executor.parallel:loop closed
[0.185s] DEBUG:colcon.colcon_parallel_executor.executor.parallel:run_until_complete finished with '0'
[0.185s] DEBUG:colcon.colcon_core.event_reactor:joining thread
[0.191s] INFO:colcon.colcon_core.plugin_system:Skipping extension 'colcon_notification.desktop_notification.terminal_notifier': Not used on non-Darwin systems
[0.191s] INFO:colcon.colcon_core.plugin_system:Skipping extension 'colcon_notification.desktop_notification.win32': Not used on non-Windows systems
[0.191s] INFO:colcon.colcon_notification.desktop_notification:Sending desktop notification using 'notify2'
[0.212s] DEBUG:colcon.colcon_core.event_reactor:joined thread
[0.216s] INFO:colcon.colcon_core.plugin_system:Skipping extension 'colcon_core.shell.bat': Not used on non-Windows systems
[0.217s] INFO:colcon.colcon_core.shell:Creating prefix script '/home/fzq614/My_ROS_Robot/ROS-WorkSpace/ROS2-Robot-WS/install/local_setup.ps1'
[0.218s] INFO:colcon.colcon_core.shell:Creating prefix util module '/home/fzq614/My_ROS_Robot/ROS-WorkSpace/ROS2-Robot-WS/install/_local_setup_util_ps1.py'
[0.219s] INFO:colcon.colcon_core.shell:Creating prefix chain script '/home/fzq614/My_ROS_Robot/ROS-WorkSpace/ROS2-Robot-WS/install/setup.ps1'
[0.221s] INFO:colcon.colcon_core.shell:Creating prefix script '/home/fzq614/My_ROS_Robot/ROS-WorkSpace/ROS2-Robot-WS/install/local_setup.sh'
[0.221s] INFO:colcon.colcon_core.shell:Creating prefix util module '/home/fzq614/My_ROS_Robot/ROS-WorkSpace/ROS2-Robot-WS/install/_local_setup_util_sh.py'
[0.222s] INFO:colcon.colcon_core.shell:Creating prefix chain script '/home/fzq614/My_ROS_Robot/ROS-WorkSpace/ROS2-Robot-WS/install/setup.sh'
[0.223s] INFO:colcon.colcon_core.shell:Creating prefix script '/home/fzq614/My_ROS_Robot/ROS-WorkSpace/ROS2-Robot-WS/install/local_setup.bash'
[0.224s] INFO:colcon.colcon_core.shell:Creating prefix chain script '/home/fzq614/My_ROS_Robot/ROS-WorkSpace/ROS2-Robot-WS/install/setup.bash'
[0.226s] INFO:colcon.colcon_core.shell:Creating prefix script '/home/fzq614/My_ROS_Robot/ROS-WorkSpace/ROS2-Robot-WS/install/local_setup.zsh'
[0.226s] INFO:colcon.colcon_core.shell:Creating prefix chain script '/home/fzq614/My_ROS_Robot/ROS-WorkSpace/ROS2-Robot-WS/install/setup.zsh'
