[0.107s] Invoking command in '/home/fzq614/My_ROS_Robot/ROS-WorkSpace/ROS2-Robot-WS/build/robot': CMAKE_PREFIX_PATH=${CMAKE_PREFIX_PATH}:/opt/ros/galactic /usr/bin/cmake --build /home/fzq614/My_ROS_Robot/ROS-WorkSpace/ROS2-Robot-WS/build/robot -- -j4 -l4
[0.336s] [35m[1mScanning dependencies of target robot[0m
[0.506s] [ 50%] [32mBuilding CXX object CMakeFiles/robot.dir/src/robot.cpp.o[0m
[26.289s] [100%] [32m[1mLinking CXX executable robot[0m
[27.505s] [100%] Built target robot
[27.538s] Invoked command in '/home/fzq614/My_ROS_Robot/ROS-WorkSpace/ROS2-Robot-WS/build/robot' returned '0': CMAKE_PREFIX_PATH=${CMAKE_PREFIX_PATH}:/opt/ros/galactic /usr/bin/cmake --build /home/fzq614/My_ROS_Robot/ROS-WorkSpace/ROS2-Robot-WS/build/robot -- -j4 -l4
[27.647s] Invoking command in '/home/fzq614/My_ROS_Robot/ROS-WorkSpace/ROS2-Robot-WS/build/robot': CMAKE_PREFIX_PATH=${CMAKE_PREFIX_PATH}:/opt/ros/galactic /usr/bin/cmake --install /home/fzq614/My_ROS_Robot/ROS-WorkSpace/ROS2-Robot-WS/build/robot
[27.674s] -- Install configuration: ""
[27.677s] -- Execute custom install script
[27.679s] -- Up-to-date symlink: /home/fzq614/My_ROS_Robot/ROS-WorkSpace/ROS2-Robot-WS/install/lib/robot/robot
[27.680s] -- Up-to-date symlink: /home/fzq614/My_ROS_Robot/ROS-WorkSpace/ROS2-Robot-WS/install/share/ament_index/resource_index/package_run_dependencies/robot
[27.682s] -- Up-to-date symlink: /home/fzq614/My_ROS_Robot/ROS-WorkSpace/ROS2-Robot-WS/install/share/ament_index/resource_index/parent_prefix_path/robot
[27.692s] -- Up-to-date symlink: /home/fzq614/My_ROS_Robot/ROS-WorkSpace/ROS2-Robot-WS/install/share/robot/environment/ament_prefix_path.sh
[27.693s] -- Up-to-date symlink: /home/fzq614/My_ROS_Robot/ROS-WorkSpace/ROS2-Robot-WS/install/share/robot/environment/ament_prefix_path.dsv
[27.696s] -- Up-to-date symlink: /home/fzq614/My_ROS_Robot/ROS-WorkSpace/ROS2-Robot-WS/install/share/robot/environment/path.sh
[27.696s] -- Up-to-date symlink: /home/fzq614/My_ROS_Robot/ROS-WorkSpace/ROS2-Robot-WS/install/share/robot/environment/path.dsv
[27.696s] -- Up-to-date symlink: /home/fzq614/My_ROS_Robot/ROS-WorkSpace/ROS2-Robot-WS/install/share/robot/local_setup.bash
[27.697s] -- Up-to-date symlink: /home/fzq614/My_ROS_Robot/ROS-WorkSpace/ROS2-Robot-WS/install/share/robot/local_setup.sh
[27.697s] -- Up-to-date symlink: /home/fzq614/My_ROS_Robot/ROS-WorkSpace/ROS2-Robot-WS/install/share/robot/local_setup.zsh
[27.698s] -- Up-to-date symlink: /home/fzq614/My_ROS_Robot/ROS-WorkSpace/ROS2-Robot-WS/install/share/robot/local_setup.dsv
[27.698s] -- Symlinking: /home/fzq614/My_ROS_Robot/ROS-WorkSpace/ROS2-Robot-WS/install/share/robot/package.dsv
[27.724s] -- Up-to-date symlink: /home/fzq614/My_ROS_Robot/ROS-WorkSpace/ROS2-Robot-WS/install/share/ament_index/resource_index/packages/robot
[27.725s] -- Up-to-date symlink: /home/fzq614/My_ROS_Robot/ROS-WorkSpace/ROS2-Robot-WS/install/share/robot/cmake/robotConfig.cmake
[27.726s] -- Up-to-date symlink: /home/fzq614/My_ROS_Robot/ROS-WorkSpace/ROS2-Robot-WS/install/share/robot/cmake/robotConfig-version.cmake
[27.727s] -- Up-to-date symlink: /home/fzq614/My_ROS_Robot/ROS-WorkSpace/ROS2-Robot-WS/install/share/robot/package.xml
[27.728s] -- Up-to-date: /home/fzq614/My_ROS_Robot/ROS-WorkSpace/ROS2-Robot-WS/install/share/robot/launch
[27.728s] -- Up-to-date: /home/fzq614/My_ROS_Robot/ROS-WorkSpace/ROS2-Robot-WS/install/share/robot/launch/robot.launch.py
[27.729s] -- Up-to-date: /home/fzq614/My_ROS_Robot/ROS-WorkSpace/ROS2-Robot-WS/install/share/robot/config
[27.729s] -- Up-to-date: /home/fzq614/My_ROS_Robot/ROS-WorkSpace/ROS2-Robot-WS/install/share/robot/config/params.yaml
[27.737s] Invoked command in '/home/fzq614/My_ROS_Robot/ROS-WorkSpace/ROS2-Robot-WS/build/robot' returned '0': CMAKE_PREFIX_PATH=${CMAKE_PREFIX_PATH}:/opt/ros/galactic /usr/bin/cmake --install /home/fzq614/My_ROS_Robot/ROS-WorkSpace/ROS2-Robot-WS/build/robot
