[0.099s] Invoking command in '/home/fzq614/My_ROS_Robot/ROS-WorkSpace/ROS2-Robot-WS/build/robot_sim': CMAKE_PREFIX_PATH=${CMAKE_PREFIX_PATH}:/opt/ros/galactic /usr/bin/cmake --build /home/fzq614/My_ROS_Robot/ROS-WorkSpace/ROS2-Robot-WS/build/robot_sim -- -j4 -l4
[0.385s] [100%] Built target robot_sim
[0.465s] Invoked command in '/home/fzq614/My_ROS_Robot/ROS-WorkSpace/ROS2-Robot-WS/build/robot_sim' returned '0': CMAKE_PREFIX_PATH=${CMAKE_PREFIX_PATH}:/opt/ros/galactic /usr/bin/cmake --build /home/fzq614/My_ROS_Robot/ROS-WorkSpace/ROS2-Robot-WS/build/robot_sim -- -j4 -l4
[0.622s] Invoking command in '/home/fzq614/My_ROS_Robot/ROS-WorkSpace/ROS2-Robot-WS/build/robot_sim': CMAKE_PREFIX_PATH=${CMAKE_PREFIX_PATH}:/opt/ros/galactic /usr/bin/cmake --install /home/fzq614/My_ROS_Robot/ROS-WorkSpace/ROS2-Robot-WS/build/robot_sim
[0.652s] -- Install configuration: ""
[0.656s] -- Execute custom install script
[0.660s] -- Up-to-date symlink: /home/fzq614/My_ROS_Robot/ROS-WorkSpace/ROS2-Robot-WS/install/lib/robot_sim/robot_sim
[0.664s] -- Up-to-date symlink: /home/fzq614/My_ROS_Robot/ROS-WorkSpace/ROS2-Robot-WS/install/share/robot_sim/launch/robot_sim.launch.py
[0.665s] -- Up-to-date symlink: /home/fzq614/My_ROS_Robot/ROS-WorkSpace/ROS2-Robot-WS/install/share/robot_sim/launch/rviz2.launch.py
[0.667s] -- Up-to-date symlink: /home/fzq614/My_ROS_Robot/ROS-WorkSpace/ROS2-Robot-WS/install/share/robot_sim/param/params.yaml
[0.669s] -- Up-to-date symlink: /home/fzq614/My_ROS_Robot/ROS-WorkSpace/ROS2-Robot-WS/install/share/robot_sim/rviz/robot.rviz
[0.671s] -- Up-to-date symlink: /home/fzq614/My_ROS_Robot/ROS-WorkSpace/ROS2-Robot-WS/install/share/robot_sim/urdf/robot_sim.urdf
[0.673s] -- Up-to-date symlink: /home/fzq614/My_ROS_Robot/ROS-WorkSpace/ROS2-Robot-WS/install/share/robot_sim/meshes/base_footprint.STL
[0.675s] -- Up-to-date symlink: /home/fzq614/My_ROS_Robot/ROS-WorkSpace/ROS2-Robot-WS/install/share/robot_sim/meshes/base_link.STL
[0.676s] -- Up-to-date symlink: /home/fzq614/My_ROS_Robot/ROS-WorkSpace/ROS2-Robot-WS/install/share/robot_sim/meshes/camera_link.STL
[0.677s] -- Up-to-date symlink: /home/fzq614/My_ROS_Robot/ROS-WorkSpace/ROS2-Robot-WS/install/share/robot_sim/meshes/lidar_link.STL
[0.679s] -- Up-to-date symlink: /home/fzq614/My_ROS_Robot/ROS-WorkSpace/ROS2-Robot-WS/install/share/robot_sim/meshes/wheel_back_left_link.STL
[0.681s] -- Up-to-date symlink: /home/fzq614/My_ROS_Robot/ROS-WorkSpace/ROS2-Robot-WS/install/share/robot_sim/meshes/wheel_back_right_link.STL
[0.682s] -- Up-to-date symlink: /home/fzq614/My_ROS_Robot/ROS-WorkSpace/ROS2-Robot-WS/install/share/robot_sim/meshes/wheel_front_left_link.STL
[0.684s] -- Up-to-date symlink: /home/fzq614/My_ROS_Robot/ROS-WorkSpace/ROS2-Robot-WS/install/share/robot_sim/meshes/wheel_front_right_link.STL
[0.686s] -- Up-to-date symlink: /home/fzq614/My_ROS_Robot/ROS-WorkSpace/ROS2-Robot-WS/install/share/ament_index/resource_index/package_run_dependencies/robot_sim
[0.688s] -- Up-to-date symlink: /home/fzq614/My_ROS_Robot/ROS-WorkSpace/ROS2-Robot-WS/install/share/ament_index/resource_index/parent_prefix_path/robot_sim
[0.690s] -- Up-to-date symlink: /home/fzq614/My_ROS_Robot/ROS-WorkSpace/ROS2-Robot-WS/install/share/robot_sim/environment/ament_prefix_path.sh
[0.692s] -- Up-to-date symlink: /home/fzq614/My_ROS_Robot/ROS-WorkSpace/ROS2-Robot-WS/install/share/robot_sim/environment/ament_prefix_path.dsv
[0.694s] -- Up-to-date symlink: /home/fzq614/My_ROS_Robot/ROS-WorkSpace/ROS2-Robot-WS/install/share/robot_sim/environment/path.sh
[0.695s] -- Up-to-date symlink: /home/fzq614/My_ROS_Robot/ROS-WorkSpace/ROS2-Robot-WS/install/share/robot_sim/environment/path.dsv
[0.699s] -- Up-to-date symlink: /home/fzq614/My_ROS_Robot/ROS-WorkSpace/ROS2-Robot-WS/install/share/robot_sim/local_setup.bash
[0.700s] -- Up-to-date symlink: /home/fzq614/My_ROS_Robot/ROS-WorkSpace/ROS2-Robot-WS/install/share/robot_sim/local_setup.sh
[0.702s] -- Up-to-date symlink: /home/fzq614/My_ROS_Robot/ROS-WorkSpace/ROS2-Robot-WS/install/share/robot_sim/local_setup.zsh
[0.704s] -- Up-to-date symlink: /home/fzq614/My_ROS_Robot/ROS-WorkSpace/ROS2-Robot-WS/install/share/robot_sim/local_setup.dsv
[0.705s] -- Symlinking: /home/fzq614/My_ROS_Robot/ROS-WorkSpace/ROS2-Robot-WS/install/share/robot_sim/package.dsv
[0.739s] -- Up-to-date symlink: /home/fzq614/My_ROS_Robot/ROS-WorkSpace/ROS2-Robot-WS/install/share/ament_index/resource_index/packages/robot_sim
[0.741s] -- Up-to-date symlink: /home/fzq614/My_ROS_Robot/ROS-WorkSpace/ROS2-Robot-WS/install/share/robot_sim/cmake/robot_simConfig.cmake
[0.743s] -- Up-to-date symlink: /home/fzq614/My_ROS_Robot/ROS-WorkSpace/ROS2-Robot-WS/install/share/robot_sim/cmake/robot_simConfig-version.cmake
[0.745s] -- Up-to-date symlink: /home/fzq614/My_ROS_Robot/ROS-WorkSpace/ROS2-Robot-WS/install/share/robot_sim/package.xml
[0.833s] Invoked command in '/home/fzq614/My_ROS_Robot/ROS-WorkSpace/ROS2-Robot-WS/build/robot_sim' returned '0': CMAKE_PREFIX_PATH=${CMAKE_PREFIX_PATH}:/opt/ros/galactic /usr/bin/cmake --install /home/fzq614/My_ROS_Robot/ROS-WorkSpace/ROS2-Robot-WS/build/robot_sim
