[0.826s] DEBUG:colcon:Command line arguments: ['/usr/local/bin/colcon', 'list', '-p', '--base-paths', '/Users/fanziqi/Desktop/我的文件/科研/A项目库/ROS/My_ROS_Robot/树莓派/ROS-Robot-WS']
[0.827s] DEBUG:colcon:Parsed command line arguments: Namespace(base_paths=['/Users/fanziqi/Desktop/我的文件/科研/A项目库/ROS/My_ROS_Robot/树莓派/ROS-Robot-WS'], build_base='build', ignore_user_meta=False, log_base=None, log_level=None, main=<bound method ListVerb.main of <colcon_package_information.verb.list.ListVerb object at 0x10e9a0be0>>, metas=['./colcon.meta'], names_only=False, packages_above=None, packages_above_and_dependencies=None, packages_above_depth=None, packages_end=None, packages_ignore=None, packages_ignore_regex=None, packages_select=None, packages_select_build_failed=False, packages_select_by_dep=None, packages_select_regex=None, packages_select_test_failures=False, packages_skip=None, packages_skip_build_finished=False, packages_skip_by_dep=None, packages_skip_regex=None, packages_skip_test_passed=False, packages_skip_up_to=None, packages_start=None, packages_up_to=None, packages_up_to_regex=None, paths=None, paths_only=True, topological_graph=False, topological_graph_density=False, topological_graph_dot=False, topological_graph_dot_cluster=False, topological_graph_dot_include_skipped=False, topological_graph_legend=False, topological_order=False, verb_extension=<colcon_package_information.verb.list.ListVerb object at 0x10e9a0be0>, verb_name='list', verb_parser=<colcon_defaults.argument_parser.defaults.DefaultArgumentsDecorator object at 0x10ea78880>)
[0.886s] Level 1:colcon.colcon_core.package_discovery:discover_packages(colcon_meta) check parameters
[0.886s] Level 1:colcon.colcon_core.package_discovery:discover_packages(recursive) check parameters
[0.886s] Level 1:colcon.colcon_core.package_discovery:discover_packages(ignore) check parameters
[0.886s] Level 1:colcon.colcon_core.package_discovery:discover_packages(path) check parameters
[0.886s] Level 1:colcon.colcon_core.package_discovery:discover_packages(recursive) discover
[0.886s] INFO:colcon.colcon_core.package_discovery:Crawling recursively for packages in '/Users/fanziqi/Desktop/我的文件/科研/A项目库/ROS/My_ROS_Robot/树莓派/ROS-Robot-WS'
[0.887s] Level 1:colcon.colcon_core.package_identification:_identify(/Users/fanziqi/Desktop/我的文件/科研/A项目库/ROS/My_ROS_Robot/树莓派/ROS-Robot-WS) by extensions ['ignore', 'ignore_ament_install']
[0.887s] Level 1:colcon.colcon_core.package_identification:_identify(/Users/fanziqi/Desktop/我的文件/科研/A项目库/ROS/My_ROS_Robot/树莓派/ROS-Robot-WS) by extension 'ignore'
[0.887s] Level 1:colcon.colcon_core.package_identification:_identify(/Users/fanziqi/Desktop/我的文件/科研/A项目库/ROS/My_ROS_Robot/树莓派/ROS-Robot-WS) by extension 'ignore_ament_install'
[0.887s] Level 1:colcon.colcon_core.package_identification:_identify(/Users/fanziqi/Desktop/我的文件/科研/A项目库/ROS/My_ROS_Robot/树莓派/ROS-Robot-WS) by extensions ['colcon_pkg']
[0.887s] Level 1:colcon.colcon_core.package_identification:_identify(/Users/fanziqi/Desktop/我的文件/科研/A项目库/ROS/My_ROS_Robot/树莓派/ROS-Robot-WS) by extension 'colcon_pkg'
[0.887s] Level 1:colcon.colcon_core.package_identification:_identify(/Users/fanziqi/Desktop/我的文件/科研/A项目库/ROS/My_ROS_Robot/树莓派/ROS-Robot-WS) by extensions ['colcon_meta']
[0.887s] Level 1:colcon.colcon_core.package_identification:_identify(/Users/fanziqi/Desktop/我的文件/科研/A项目库/ROS/My_ROS_Robot/树莓派/ROS-Robot-WS) by extension 'colcon_meta'
[0.887s] Level 1:colcon.colcon_core.package_identification:_identify(/Users/fanziqi/Desktop/我的文件/科研/A项目库/ROS/My_ROS_Robot/树莓派/ROS-Robot-WS) by extensions ['ros']
[0.887s] Level 1:colcon.colcon_core.package_identification:_identify(/Users/fanziqi/Desktop/我的文件/科研/A项目库/ROS/My_ROS_Robot/树莓派/ROS-Robot-WS) by extension 'ros'
[0.912s] Level 1:colcon.colcon_core.package_identification:_identify(/Users/fanziqi/Desktop/我的文件/科研/A项目库/ROS/My_ROS_Robot/树莓派/ROS-Robot-WS) by extensions ['cmake', 'python']
[0.912s] Level 1:colcon.colcon_core.package_identification:_identify(/Users/fanziqi/Desktop/我的文件/科研/A项目库/ROS/My_ROS_Robot/树莓派/ROS-Robot-WS) by extension 'cmake'
[0.912s] Level 1:colcon.colcon_core.package_identification:_identify(/Users/fanziqi/Desktop/我的文件/科研/A项目库/ROS/My_ROS_Robot/树莓派/ROS-Robot-WS) by extension 'python'
[0.912s] Level 1:colcon.colcon_core.package_identification:_identify(/Users/fanziqi/Desktop/我的文件/科研/A项目库/ROS/My_ROS_Robot/树莓派/ROS-Robot-WS) by extensions ['python_setup_py']
[0.912s] Level 1:colcon.colcon_core.package_identification:_identify(/Users/fanziqi/Desktop/我的文件/科研/A项目库/ROS/My_ROS_Robot/树莓派/ROS-Robot-WS) by extension 'python_setup_py'
[0.912s] Level 1:colcon.colcon_core.package_identification:_identify(/Users/fanziqi/Desktop/我的文件/科研/A项目库/ROS/My_ROS_Robot/树莓派/ROS-Robot-WS/log) by extensions ['ignore', 'ignore_ament_install']
[0.912s] Level 1:colcon.colcon_core.package_identification:_identify(/Users/fanziqi/Desktop/我的文件/科研/A项目库/ROS/My_ROS_Robot/树莓派/ROS-Robot-WS/log) by extension 'ignore'
[0.912s] Level 1:colcon.colcon_core.package_identification:_identify(/Users/fanziqi/Desktop/我的文件/科研/A项目库/ROS/My_ROS_Robot/树莓派/ROS-Robot-WS/log) ignored
[0.913s] Level 1:colcon.colcon_core.package_identification:_identify(/Users/fanziqi/Desktop/我的文件/科研/A项目库/ROS/My_ROS_Robot/树莓派/ROS-Robot-WS/src) by extensions ['ignore', 'ignore_ament_install']
[0.913s] Level 1:colcon.colcon_core.package_identification:_identify(/Users/fanziqi/Desktop/我的文件/科研/A项目库/ROS/My_ROS_Robot/树莓派/ROS-Robot-WS/src) by extension 'ignore'
[0.913s] Level 1:colcon.colcon_core.package_identification:_identify(/Users/fanziqi/Desktop/我的文件/科研/A项目库/ROS/My_ROS_Robot/树莓派/ROS-Robot-WS/src) by extension 'ignore_ament_install'
[0.913s] Level 1:colcon.colcon_core.package_identification:_identify(/Users/fanziqi/Desktop/我的文件/科研/A项目库/ROS/My_ROS_Robot/树莓派/ROS-Robot-WS/src) by extensions ['colcon_pkg']
[0.913s] Level 1:colcon.colcon_core.package_identification:_identify(/Users/fanziqi/Desktop/我的文件/科研/A项目库/ROS/My_ROS_Robot/树莓派/ROS-Robot-WS/src) by extension 'colcon_pkg'
[0.913s] Level 1:colcon.colcon_core.package_identification:_identify(/Users/fanziqi/Desktop/我的文件/科研/A项目库/ROS/My_ROS_Robot/树莓派/ROS-Robot-WS/src) by extensions ['colcon_meta']
[0.913s] Level 1:colcon.colcon_core.package_identification:_identify(/Users/fanziqi/Desktop/我的文件/科研/A项目库/ROS/My_ROS_Robot/树莓派/ROS-Robot-WS/src) by extension 'colcon_meta'
[0.913s] Level 1:colcon.colcon_core.package_identification:_identify(/Users/fanziqi/Desktop/我的文件/科研/A项目库/ROS/My_ROS_Robot/树莓派/ROS-Robot-WS/src) by extensions ['ros']
[0.913s] Level 1:colcon.colcon_core.package_identification:_identify(/Users/fanziqi/Desktop/我的文件/科研/A项目库/ROS/My_ROS_Robot/树莓派/ROS-Robot-WS/src) by extension 'ros'
[0.913s] Level 1:colcon.colcon_core.package_identification:_identify(/Users/fanziqi/Desktop/我的文件/科研/A项目库/ROS/My_ROS_Robot/树莓派/ROS-Robot-WS/src) by extensions ['cmake', 'python']
[0.913s] Level 1:colcon.colcon_core.package_identification:_identify(/Users/fanziqi/Desktop/我的文件/科研/A项目库/ROS/My_ROS_Robot/树莓派/ROS-Robot-WS/src) by extension 'cmake'
[0.936s] Level 1:colcon.colcon_core.package_identification:_identify(/Users/fanziqi/Desktop/我的文件/科研/A项目库/ROS/My_ROS_Robot/树莓派/ROS-Robot-WS/src) by extension 'python'
[0.936s] DEBUG:colcon.colcon_core.package_identification:Package '/Users/fanziqi/Desktop/我的文件/科研/A项目库/ROS/My_ROS_Robot/树莓派/ROS-Robot-WS/src' with type 'cmake' and name 'Project'
[0.936s] Level 1:colcon.colcon_core.package_discovery:discover_packages(recursive) using defaults
