[0.041s] Invoking command in '/home/fzq614/My_ROS_Robot/ROS-WorkSpace/ROS2-Robot-WS/build/robot_sim_2': CMAKE_PREFIX_PATH=${CMAKE_PREFIX_PATH}:/opt/ros/galactic /usr/bin/cmake /home/fzq614/My_ROS_Robot/ROS-WorkSpace/ROS2-Robot-WS/src/robot_sim_2 -DAMENT_CMAKE_SYMLINK_INSTALL=1 -DCMAKE_INSTALL_PREFIX=/home/fzq614/My_ROS_Robot/ROS-WorkSpace/ROS2-Robot-WS/install
[0.212s] -- The C compiler identification is GNU 8.4.0
[0.295s] -- The CXX compiler identification is GNU 8.4.0
[0.303s] -- Check for working C compiler: /usr/bin/cc
[0.402s] -- Check for working C compiler: /usr/bin/cc -- works
[0.405s] -- Detecting C compiler ABI info
[0.506s] -- Detecting C compiler ABI info - done
[0.522s] -- Detecting C compile features
[0.523s] -- Detecting C compile features - done
[0.526s] -- Check for working CXX compiler: /usr/bin/c++
[0.641s] -- Check for working CXX compiler: /usr/bin/c++ -- works
[0.646s] -- Detecting CXX compiler ABI info
[0.756s] -- Detecting CXX compiler ABI info - done
[0.770s] -- Detecting CXX compile features
[0.771s] -- Detecting CXX compile features - done
[0.778s] -- Found ament_cmake: 1.1.4 (/opt/ros/galactic/share/ament_cmake/cmake)
[0.816s] -- Found PythonInterp: /usr/bin/python3 (found suitable version "3.8.10", minimum required is "3") 
[0.816s] -- Using PYTHON_EXECUTABLE: /usr/bin/python3
[0.904s] -- Override CMake install command with custom implementation using symlinks instead of copying resources
[0.956s] -- Found rclcpp: 9.2.0 (/opt/ros/galactic/share/rclcpp/cmake)
[1.038s] -- Using all available rosidl_typesupport_c: rosidl_typesupport_fastrtps_c;rosidl_typesupport_introspection_c
[1.049s] -- Found rosidl_adapter: 2.2.1 (/opt/ros/galactic/share/rosidl_adapter/cmake)
[1.180s] -- Found OpenSSL: /usr/lib/x86_64-linux-gnu/libcrypto.so (found version "1.1.1f")  
[1.223s] -- Found FastRTPS: /opt/ros/galactic/include  
[1.329s] -- Using all available rosidl_typesupport_cpp: rosidl_typesupport_fastrtps_cpp;rosidl_typesupport_introspection_cpp
[1.421s] -- Found rmw_implementation_cmake: 3.3.1 (/opt/ros/galactic/share/rmw_implementation_cmake/cmake)
[1.428s] -- Found rmw_cyclonedds_cpp: 0.22.4 (/opt/ros/galactic/share/rmw_cyclonedds_cpp/cmake)
[1.460s] -- Using RMW implementation 'rmw_cyclonedds_cpp' as default
[1.462s] -- Looking for pthread.h
[1.567s] -- Looking for pthread.h - found
[1.567s] -- Performing Test CMAKE_HAVE_LIBC_PTHREAD
[1.673s] -- Performing Test CMAKE_HAVE_LIBC_PTHREAD - Failed
[1.674s] -- Looking for pthread_create in pthreads
[1.763s] -- Looking for pthread_create in pthreads - not found
[1.764s] -- Looking for pthread_create in pthread
[1.865s] -- Looking for pthread_create in pthread - found
[1.867s] -- Found Threads: TRUE  
[2.074s] -- Found rclpy: 1.9.0 (/opt/ros/galactic/share/rclpy/cmake)
[2.075s] -- Found geometry_msgs: 2.2.3 (/opt/ros/galactic/share/geometry_msgs/cmake)
[2.128s] -- Found sensor_msgs: 2.2.3 (/opt/ros/galactic/share/sensor_msgs/cmake)
[2.234s] -- Found nav_msgs: 2.2.3 (/opt/ros/galactic/share/nav_msgs/cmake)
[2.341s] -- Found tf2: 0.17.2 (/opt/ros/galactic/share/tf2/cmake)
[2.360s] -- Found tf2_ros: 0.17.2 (/opt/ros/galactic/share/tf2_ros/cmake)
[3.018s] -- Found Boost: /usr/lib/x86_64-linux-gnu/cmake/Boost-1.71.0/BoostConfig.cmake (found version "1.71.0") found components: system filesystem thread 
[3.024s] -- Found ament_lint_auto: 0.10.6 (/opt/ros/galactic/share/ament_lint_auto/cmake)
[3.142s] -- Added test 'copyright' to check source files copyright and LICENSE
[3.142s] -- Added test 'cppcheck' to perform static code analysis on C / C++ code
[3.145s] -- Configured cppcheck include dirs: 
[3.146s] -- Configured cppcheck exclude dirs and/or files: 
[3.148s] -- Added test 'cpplint' to check C / C++ code against the Google style
[3.148s] -- Configured cpplint exclude dirs and/or files: 
[3.149s] -- Added test 'flake8' to check Python code syntax and style conventions
[3.150s] -- Added test 'lint_cmake' to check CMake code style
[3.151s] -- Added test 'pep257' to check Python code against some of the style conventions in PEP 257
[3.154s] -- Added test 'uncrustify' to check C / C++ code style
[3.154s] -- Configured uncrustify additional arguments: 
[3.157s] -- Added test 'xmllint' to check XML markup files
[3.174s] -- Configuring done
[3.211s] -- Generating done
[3.224s] -- Build files have been written to: /home/fzq614/My_ROS_Robot/ROS-WorkSpace/ROS2-Robot-WS/build/robot_sim_2
[3.251s] Invoked command in '/home/fzq614/My_ROS_Robot/ROS-WorkSpace/ROS2-Robot-WS/build/robot_sim_2' returned '0': CMAKE_PREFIX_PATH=${CMAKE_PREFIX_PATH}:/opt/ros/galactic /usr/bin/cmake /home/fzq614/My_ROS_Robot/ROS-WorkSpace/ROS2-Robot-WS/src/robot_sim_2 -DAMENT_CMAKE_SYMLINK_INSTALL=1 -DCMAKE_INSTALL_PREFIX=/home/fzq614/My_ROS_Robot/ROS-WorkSpace/ROS2-Robot-WS/install
[3.252s] Invoking command in '/home/fzq614/My_ROS_Robot/ROS-WorkSpace/ROS2-Robot-WS/build/robot_sim_2': CMAKE_PREFIX_PATH=${CMAKE_PREFIX_PATH}:/opt/ros/galactic /usr/bin/cmake --build /home/fzq614/My_ROS_Robot/ROS-WorkSpace/ROS2-Robot-WS/build/robot_sim_2 -- -j4 -l4
[3.382s] [35m[1mScanning dependencies of target robot_sim_2[0m
[3.554s] [ 50%] [32mBuilding CXX object CMakeFiles/robot_sim_2.dir/src/robot_sim_2.cpp.o[0m
[15.468s] [100%] [32m[1mLinking CXX executable robot_sim_2[0m
[16.037s] [100%] Built target robot_sim_2
[16.074s] Invoked command in '/home/fzq614/My_ROS_Robot/ROS-WorkSpace/ROS2-Robot-WS/build/robot_sim_2' returned '0': CMAKE_PREFIX_PATH=${CMAKE_PREFIX_PATH}:/opt/ros/galactic /usr/bin/cmake --build /home/fzq614/My_ROS_Robot/ROS-WorkSpace/ROS2-Robot-WS/build/robot_sim_2 -- -j4 -l4
[16.260s] Invoking command in '/home/fzq614/My_ROS_Robot/ROS-WorkSpace/ROS2-Robot-WS/build/robot_sim_2': CMAKE_PREFIX_PATH=${CMAKE_PREFIX_PATH}:/opt/ros/galactic /usr/bin/cmake --install /home/fzq614/My_ROS_Robot/ROS-WorkSpace/ROS2-Robot-WS/build/robot_sim_2
[16.274s] -- Install configuration: ""
[16.275s] -- Execute custom install script
[16.276s] -- Symlinking: /home/fzq614/My_ROS_Robot/ROS-WorkSpace/ROS2-Robot-WS/install/lib/robot_sim_2/robot_sim_2
[16.293s] -- Symlinking: /home/fzq614/My_ROS_Robot/ROS-WorkSpace/ROS2-Robot-WS/install/share/robot_sim_2/launch/robot_sim_2.launch.py
[16.306s] -- Symlinking: /home/fzq614/My_ROS_Robot/ROS-WorkSpace/ROS2-Robot-WS/install/share/robot_sim_2/launch/rviz2.launch.py
[16.319s] -- Symlinking: /home/fzq614/My_ROS_Robot/ROS-WorkSpace/ROS2-Robot-WS/install/share/robot_sim_2/param/params.yaml
[16.348s] -- Symlinking: /home/fzq614/My_ROS_Robot/ROS-WorkSpace/ROS2-Robot-WS/install/share/robot_sim_2/rviz/robot.rviz
[16.374s] -- Symlinking: /home/fzq614/My_ROS_Robot/ROS-WorkSpace/ROS2-Robot-WS/install/share/robot_sim_2/urdf/robot.urdf
[16.392s] -- Symlinking: /home/fzq614/My_ROS_Robot/ROS-WorkSpace/ROS2-Robot-WS/install/share/robot_sim_2/meshes/bases/burger_base.stl
[16.406s] -- Symlinking: /home/fzq614/My_ROS_Robot/ROS-WorkSpace/ROS2-Robot-WS/install/share/robot_sim_2/meshes/bases/waffle_base.stl
[16.426s] -- Symlinking: /home/fzq614/My_ROS_Robot/ROS-WorkSpace/ROS2-Robot-WS/install/share/robot_sim_2/meshes/bases/waffle_pi_base.stl
[16.449s] -- Symlinking: /home/fzq614/My_ROS_Robot/ROS-WorkSpace/ROS2-Robot-WS/install/share/robot_sim_2/meshes/sensors/astra.dae
[16.472s] -- Symlinking: /home/fzq614/My_ROS_Robot/ROS-WorkSpace/ROS2-Robot-WS/install/share/robot_sim_2/meshes/sensors/astra.jpg
[16.505s] -- Symlinking: /home/fzq614/My_ROS_Robot/ROS-WorkSpace/ROS2-Robot-WS/install/share/robot_sim_2/meshes/sensors/lds.stl
[16.532s] -- Symlinking: /home/fzq614/My_ROS_Robot/ROS-WorkSpace/ROS2-Robot-WS/install/share/robot_sim_2/meshes/sensors/r200.dae
[16.561s] -- Symlinking: /home/fzq614/My_ROS_Robot/ROS-WorkSpace/ROS2-Robot-WS/install/share/robot_sim_2/meshes/sensors/r200.jpg
[16.586s] -- Symlinking: /home/fzq614/My_ROS_Robot/ROS-WorkSpace/ROS2-Robot-WS/install/share/robot_sim_2/meshes/wheels/left_tire.stl
[16.601s] -- Symlinking: /home/fzq614/My_ROS_Robot/ROS-WorkSpace/ROS2-Robot-WS/install/share/robot_sim_2/meshes/wheels/right_tire.stl
[16.626s] -- Symlinking: /home/fzq614/My_ROS_Robot/ROS-WorkSpace/ROS2-Robot-WS/install/share/ament_index/resource_index/package_run_dependencies/robot_sim_2
[16.656s] -- Symlinking: /home/fzq614/My_ROS_Robot/ROS-WorkSpace/ROS2-Robot-WS/install/share/ament_index/resource_index/parent_prefix_path/robot_sim_2
[16.688s] -- Symlinking: /home/fzq614/My_ROS_Robot/ROS-WorkSpace/ROS2-Robot-WS/install/share/robot_sim_2/environment/ament_prefix_path.sh
[16.708s] -- Symlinking: /home/fzq614/My_ROS_Robot/ROS-WorkSpace/ROS2-Robot-WS/install/share/robot_sim_2/environment/ament_prefix_path.dsv
[16.730s] -- Symlinking: /home/fzq614/My_ROS_Robot/ROS-WorkSpace/ROS2-Robot-WS/install/share/robot_sim_2/environment/path.sh
[16.758s] -- Symlinking: /home/fzq614/My_ROS_Robot/ROS-WorkSpace/ROS2-Robot-WS/install/share/robot_sim_2/environment/path.dsv
[16.784s] -- Symlinking: /home/fzq614/My_ROS_Robot/ROS-WorkSpace/ROS2-Robot-WS/install/share/robot_sim_2/local_setup.bash
[16.807s] -- Symlinking: /home/fzq614/My_ROS_Robot/ROS-WorkSpace/ROS2-Robot-WS/install/share/robot_sim_2/local_setup.sh
[16.831s] -- Symlinking: /home/fzq614/My_ROS_Robot/ROS-WorkSpace/ROS2-Robot-WS/install/share/robot_sim_2/local_setup.zsh
[16.863s] -- Symlinking: /home/fzq614/My_ROS_Robot/ROS-WorkSpace/ROS2-Robot-WS/install/share/robot_sim_2/local_setup.dsv
[16.896s] -- Symlinking: /home/fzq614/My_ROS_Robot/ROS-WorkSpace/ROS2-Robot-WS/install/share/robot_sim_2/package.dsv
[16.909s] -- Symlinking: /home/fzq614/My_ROS_Robot/ROS-WorkSpace/ROS2-Robot-WS/install/share/ament_index/resource_index/packages/robot_sim_2
[16.923s] -- Symlinking: /home/fzq614/My_ROS_Robot/ROS-WorkSpace/ROS2-Robot-WS/install/share/robot_sim_2/cmake/ament_cmake_export_include_directories-extras.cmake
[16.940s] -- Symlinking: /home/fzq614/My_ROS_Robot/ROS-WorkSpace/ROS2-Robot-WS/install/share/robot_sim_2/cmake/ament_cmake_export_dependencies-extras.cmake
[16.967s] -- Symlinking: /home/fzq614/My_ROS_Robot/ROS-WorkSpace/ROS2-Robot-WS/install/share/robot_sim_2/cmake/robot_sim_2Config.cmake
[16.985s] -- Symlinking: /home/fzq614/My_ROS_Robot/ROS-WorkSpace/ROS2-Robot-WS/install/share/robot_sim_2/cmake/robot_sim_2Config-version.cmake
[17.000s] -- Symlinking: /home/fzq614/My_ROS_Robot/ROS-WorkSpace/ROS2-Robot-WS/install/share/robot_sim_2/package.xml
[17.020s] Invoked command in '/home/fzq614/My_ROS_Robot/ROS-WorkSpace/ROS2-Robot-WS/build/robot_sim_2' returned '0': CMAKE_PREFIX_PATH=${CMAKE_PREFIX_PATH}:/opt/ros/galactic /usr/bin/cmake --install /home/fzq614/My_ROS_Robot/ROS-WorkSpace/ROS2-Robot-WS/build/robot_sim_2
