[0.022s] Invoking command in '/home/fzq614/My_ROS_Robot/ROS-WorkSpace/ROS2-Robot-WS/build/astra_camera': CMAKE_PREFIX_PATH=${CMAKE_PREFIX_PATH}:/opt/ros/galactic /usr/bin/cmake /home/fzq614/My_ROS_Robot/ROS-WorkSpace/ROS2-Robot-WS/src/third_pkg/ros_astra_camera -DAMENT_CMAKE_SYMLINK_INSTALL=1 -DCMAKE_INSTALL_PREFIX=/home/fzq614/My_ROS_Robot/ROS-WorkSpace/ROS2-Robot-WS/install
[0.184s] -- The C compiler identification is GNU 8.4.0
[0.253s] -- The CXX compiler identification is GNU 8.4.0
[0.262s] -- Check for working C compiler: /usr/bin/cc
[0.349s] -- Check for working C compiler: /usr/bin/cc -- works
[0.352s] -- Detecting C compiler ABI info
[0.442s] -- Detecting C compiler ABI info - done
[0.454s] -- Detecting C compile features
[0.455s] -- Detecting C compile features - done
[0.460s] -- Check for working CXX compiler: /usr/bin/c++
[0.561s] -- Check for working CXX compiler: /usr/bin/c++ -- works
[0.563s] -- Detecting CXX compiler ABI info
[0.672s] -- Detecting CXX compiler ABI info - done
[0.686s] -- Detecting CXX compile features
[0.686s] -- Detecting CXX compile features - done
[0.701s] -- Found ament_cmake: 1.1.4 (/opt/ros/galactic/share/ament_cmake/cmake)
[0.740s] -- Found PythonInterp: /usr/bin/python3 (found suitable version "3.8.10", minimum required is "3") 
[0.741s] -- Using PYTHON_EXECUTABLE: /usr/bin/python3
[0.823s] -- Override CMake install command with custom implementation using symlinks instead of copying resources
[0.871s] -- Found rclcpp: 9.2.0 (/opt/ros/galactic/share/rclcpp/cmake)
[0.946s] -- Using all available rosidl_typesupport_c: rosidl_typesupport_fastrtps_c;rosidl_typesupport_introspection_c
[0.958s] -- Found rosidl_adapter: 2.2.1 (/opt/ros/galactic/share/rosidl_adapter/cmake)
[1.089s] -- Found OpenSSL: /usr/lib/x86_64-linux-gnu/libcrypto.so (found version "1.1.1f")  
[1.124s] -- Found FastRTPS: /opt/ros/galactic/include  
[1.225s] -- Using all available rosidl_typesupport_cpp: rosidl_typesupport_fastrtps_cpp;rosidl_typesupport_introspection_cpp
[1.304s] -- Found rmw_implementation_cmake: 3.3.1 (/opt/ros/galactic/share/rmw_implementation_cmake/cmake)
[1.309s] -- Found rmw_cyclonedds_cpp: 0.22.4 (/opt/ros/galactic/share/rmw_cyclonedds_cpp/cmake)
[1.334s] -- Using RMW implementation 'rmw_cyclonedds_cpp' as default
[1.337s] -- Looking for pthread.h
[1.427s] -- Looking for pthread.h - found
[1.427s] -- Performing Test CMAKE_HAVE_LIBC_PTHREAD
[1.519s] -- Performing Test CMAKE_HAVE_LIBC_PTHREAD - Failed
[1.519s] -- Looking for pthread_create in pthreads
[1.603s] -- Looking for pthread_create in pthreads - not found
[1.604s] -- Looking for pthread_create in pthread
[1.698s] -- Looking for pthread_create in pthread - found
[1.699s] -- Found Threads: TRUE  
[1.891s] -- Found sensor_msgs: 2.2.3 (/opt/ros/galactic/share/sensor_msgs/cmake)
[2.036s] -- Found image_transport: 2.3.0 (/opt/ros/galactic/share/image_transport/cmake)
[2.137s] CMake Error at CMakeLists.txt:19 (find_package):
[2.138s]   By not providing "Findcamera_info_manager.cmake" in CMAKE_MODULE_PATH this
[2.138s]   project has asked CMake to find a package configuration file provided by
[2.138s]   "camera_info_manager", but CMake did not find one.
[2.138s] 
[2.138s]   Could not find a package configuration file provided by
[2.138s]   "camera_info_manager" with any of the following names:
[2.138s] 
[2.138s]     camera_info_managerConfig.cmake
[2.138s]     camera_info_manager-config.cmake
[2.138s] 
[2.138s]   Add the installation prefix of "camera_info_manager" to CMAKE_PREFIX_PATH
[2.139s]   or set "camera_info_manager_DIR" to a directory containing one of the above
[2.139s]   files.  If "camera_info_manager" provides a separate development package or
[2.139s]   SDK, be sure it has been installed.
[2.139s] 
[2.139s] 
[2.140s] -- Configuring incomplete, errors occurred!
[2.140s] See also "/home/fzq614/My_ROS_Robot/ROS-WorkSpace/ROS2-Robot-WS/build/astra_camera/CMakeFiles/CMakeOutput.log".
[2.140s] See also "/home/fzq614/My_ROS_Robot/ROS-WorkSpace/ROS2-Robot-WS/build/astra_camera/CMakeFiles/CMakeError.log".
[2.153s] Invoked command in '/home/fzq614/My_ROS_Robot/ROS-WorkSpace/ROS2-Robot-WS/build/astra_camera' returned '1': CMAKE_PREFIX_PATH=${CMAKE_PREFIX_PATH}:/opt/ros/galactic /usr/bin/cmake /home/fzq614/My_ROS_Robot/ROS-WorkSpace/ROS2-Robot-WS/src/third_pkg/ros_astra_camera -DAMENT_CMAKE_SYMLINK_INSTALL=1 -DCMAKE_INSTALL_PREFIX=/home/fzq614/My_ROS_Robot/ROS-WorkSpace/ROS2-Robot-WS/install
