Change Component Footprint: Designator=JP_EX Old Footprint=IDC2.54-LI-2x10P New Footprint=HDR2.54-LI-2x10P
Added Component: Designator=U6(SO-8)
Add component (AddParameter): Name = "Category"; Value = "Integrated Circuits (ICs)"; VariantName = "[No Variations]"
Add component (AddParameter): Name = "ComponentLink1Description"; Value = "http://www.ti.com/lit/ds/symlink/sn65hvd230.pdf"; VariantName = "[No Variations]"
Add component (AddParameter): Name = "ComponentLink1URL"; Value = "http://www.ti.com/lit/ds/symlink/sn65hvd230.pdf"; VariantName = "[No Variations]"
Add component (AddParameter): Name = "Data Rate"; Value = "1Mbps"; VariantName = "[No Variations]"
Add component (AddParameter): Name = "Duplex"; Value = "Half"; VariantName = "[No Variations]"
Add component (AddParameter): Name = "Manufacturer"; Value = "Texas Instruments"; VariantName = "[No Variations]"
Add component (AddParameter): Name = "Manufacturer Part Number"; Value = "SN65HVD232DR"; VariantName = "[No Variations]"
Add component (AddParameter): Name = "Mounting Type"; Value = "Surface Mount"; VariantName = "[No Variations]"
Add component (AddParameter): Name = "Number of Drivers/Receivers"; Value = "1/1"; VariantName = "[No Variations]"
Add component (AddParameter): Name = "Operating Temperature"; Value = "-40°„C ~ 85°„C"; VariantName = "[No Variations]"
Add component (AddParameter): Name = "Package / Case"; Value = "8-SOIC (0.154", 3.90mm Width)"; VariantName = "[No Variations]"
Add component (AddParameter): Name = "Packaging"; Value = "Tape & Reel (TR)"; VariantName = "[No Variations]"
Add component (AddParameter): Name = "Part Status"; Value = "Active"; VariantName = "[No Variations]"
Add component (AddParameter): Name = "Pricing 1"; Value = "2500=0.84375 (USD)"; VariantName = "[No Variations]"
Add component (AddParameter): Name = "Pricing 2"; Value = "1=2.05, 10=1.842, 100=1.4809, 500=1.21668, 1000=1.00811 (USD)"; VariantName = "[No Variations]"
Add component (AddParameter): Name = "Protocol"; Value = "CAN"; VariantName = "[No Variations]"
Add component (AddParameter): Name = "RoHS"; Value = "RoHS Compliant"; VariantName = "[No Variations]"
Add component (AddParameter): Name = "Stock"; Value = "5000"; VariantName = "[No Variations]"
Add component (AddParameter): Name = "Supplier 1"; Value = "Digi-Key"; VariantName = "[No Variations]"
Add component (AddParameter): Name = "Supplier 2"; Value = "Digi-Key"; VariantName = "[No Variations]"
Add component (AddParameter): Name = "Supplier Device Package"; Value = "8-SOIC"; VariantName = "[No Variations]"
Add component (AddParameter): Name = "Supplier Part Number 1"; Value = "296-26344-2-ND"; VariantName = "[No Variations]"
Add component (AddParameter): Name = "Supplier Part Number 2"; Value = "296-26344-1-ND"; VariantName = "[No Variations]"
Add component (AddParameter): Name = "Type"; Value = "Transceiver"; VariantName = "[No Variations]"
Add component (AddParameter): Name = "Voltage - Supply"; Value = "3 V ~ 3.6 V"; VariantName = "[No Variations]"
Added Pin To Net: NetName=CAN_Tx Pin=U6-1
Added Pin To Net: NetName=GND Pin=U6-2
Added Pin To Net: NetName=VCC3V3 Pin=U6-3
Added Pin To Net: NetName=CAN_Rx Pin=U6-4
Added Pin To Net: NetName=CAN_L Pin=U6-6
Added Pin To Net: NetName=CAN_H Pin=U6-7
Added Member To Class: ClassName=ROS-Robot-Controller Member=Component K2 TACT 4P
Added Member To Class: ClassName=ROS-Robot-Controller Member=Component U6 SN65HVD232D
