Removed Pin From Net: NetName=PB11 Pin=JP_EX-2
Removed Pin From Net: NetName=PB12 Pin=JP_EX-4
Removed Pin From Net: NetName=PB13 Pin=JP_EX-6
Removed Pin From Net: NetName=PC10 Pin=JP_EX-8
Removed Pin From Net: NetName=PC11 Pin=JP_EX-10
Removed Pin From Net: NetName=PB10 Pin=JP_EX-15
Removed Pin From Net: NetName=VIN_ADC Pin=U2-26
Removed Pin From Net: NetName=MPU6050_INT Pin=U2-27
Removed Pin From Net: NetName=MPU6050_SCL Pin=U2-61
Removed Pin From Net: NetName=MPU6050_SDA Pin=U2-62
Removed Member From Class: ClassName=ROS-Robot-Controller Member=K3
Change Component Footprint: Designator=JP_EX Old Footprint=HDR2.54-LI-2x8P New Footprint=IDC2.54-LI-2x10P
Change Component Footprint: Designator=EM1 Old Footprint=XH2.54-LI-6P New Footprint=PH2.0-LI-6P
Change Component Footprint: Designator=EM2 Old Footprint=XH2.54-LI-6P New Footprint=PH2.0-LI-6P
Change Component Footprint: Designator=EM3 Old Footprint=XH2.54-LI-6P New Footprint=PH2.0-LI-6P
Change Component Footprint: Designator=EM4 Old Footprint=XH2.54-LI-6P New Footprint=PH2.0-LI-6P
Change Component Comment : Designator=JP_EX Old Comment=Header 8X2 New Comment=Header 2X10
Change Component Designator: OldDesignator=K2 NewDesignator=K_RESET
Change Component Designator: OldDesignator=K3 NewDesignator=K2
Change component parameters: Designator = "JP_EX" ("JP_EX"); Footprint = "HDR2.54-LI-2x8P"; UniqueID = "\FCAWCPYO" ("\FCAWCPYO")
Change component parameters (AddParameter): Name = "BOM名称"; Value = "10*2P接插件"; VariantName = "[No Variations]"
Change component parameters (AddParameter): Name = "封装库来自淘宝卖家 ID：黄晶宝石"; Value = "其他店铺购入均为盗版假冒封装库"; VariantName = "[No Variations]"
Change component parameters (AddParameter): Name = "联系卖家，免费查找封装"; Value = "唯一出售店铺网址https://shop463601444.taobao.com"; VariantName = "[No Variations]"
Change component parameters: Designator = "EM1" ("EM1"); Footprint = "XH2.54-LI-6P"; UniqueID = "\VRWLWDVB" ("\VRWLWDVB")
Change component parameters (AddParameter): Name = "封装库来自淘宝卖家 ID：黄晶宝石"; Value = "https://shop463601444.taobao.com"; VariantName = "[No Variations]"
Change component parameters: Designator = "EM2" ("EM2"); Footprint = "XH2.54-LI-6P"; UniqueID = "\KEAZEVGO" ("\KEAZEVGO")
Change component parameters (AddParameter): Name = "封装库来自淘宝卖家 ID：黄晶宝石"; Value = "https://shop463601444.taobao.com"; VariantName = "[No Variations]"
Change component parameters: Designator = "EM3" ("EM3"); Footprint = "XH2.54-LI-6P"; UniqueID = "\RYBNNTTI" ("\RYBNNTTI")
Change component parameters (AddParameter): Name = "封装库来自淘宝卖家 ID：黄晶宝石"; Value = "https://shop463601444.taobao.com"; VariantName = "[No Variations]"
Change component parameters: Designator = "EM4" ("EM4"); Footprint = "XH2.54-LI-6P"; UniqueID = "\VVJQDGJY" ("\VVJQDGJY")
Change component parameters (AddParameter): Name = "封装库来自淘宝卖家 ID：黄晶宝石"; Value = "https://shop463601444.taobao.com"; VariantName = "[No Variations]"
Added Component: Designator=DE1(DEBUG_B)
Add component (AddParameter): Name = "BOM名称"; Value = "调试断点焊盘"; VariantName = "[No Variations]"
Add component (AddParameter): Name = "联系卖家，免费查找封装"; Value = "唯一出售店铺网址https://shop463601444.taobao.com"; VariantName = "[No Variations]"
Added Component: Designator=DE2(DEBUG_B)
Add component (AddParameter): Name = "BOM名称"; Value = "调试断点焊盘"; VariantName = "[No Variations]"
Add component (AddParameter): Name = "联系卖家，免费查找封装"; Value = "唯一出售店铺网址https://shop463601444.taobao.com"; VariantName = "[No Variations]"
Added Component: Designator=DE3(DEBUG_B)
Add component (AddParameter): Name = "BOM名称"; Value = "调试断点焊盘"; VariantName = "[No Variations]"
Add component (AddParameter): Name = "联系卖家，免费查找封装"; Value = "唯一出售店铺网址https://shop463601444.taobao.com"; VariantName = "[No Variations]"
Added Component: Designator=DE_CAN_Rx(DEBUG_B)
Add component (AddParameter): Name = "BOM名称"; Value = "调试断点焊盘"; VariantName = "[No Variations]"
Add component (AddParameter): Name = "联系卖家，免费查找封装"; Value = "唯一出售店铺网址https://shop463601444.taobao.com"; VariantName = "[No Variations]"
Added Component: Designator=DE_CAN_Tx(DEBUG_B)
Add component (AddParameter): Name = "BOM名称"; Value = "调试断点焊盘"; VariantName = "[No Variations]"
Add component (AddParameter): Name = "联系卖家，免费查找封装"; Value = "唯一出售店铺网址https://shop463601444.taobao.com"; VariantName = "[No Variations]"
Added Component: Designator=DE_VIN_ADC(DEBUG_B)
Add component (AddParameter): Name = "BOM名称"; Value = "调试断点焊盘"; VariantName = "[No Variations]"
Add component (AddParameter): Name = "联系卖家，免费查找封装"; Value = "唯一出售店铺网址https://shop463601444.taobao.com"; VariantName = "[No Variations]"
Added Component: Designator=JP_CAN(XH2.54-WI-2P)
Add component (AddParameter): Name = "BOM名称"; Value = "2P接插件"; VariantName = "[No Variations]"
Add component (AddParameter): Name = "封装库来自淘宝卖家 ID：黄晶宝石"; Value = "其他店铺购入均为盗版假冒封装库"; VariantName = "[No Variations]"
Add component (AddParameter): Name = "联系卖家，免费查找封装"; Value = "唯一出售店铺网址https://shop463601444.taobao.com"; VariantName = "[No Variations]"
Added Component: Designator=JP_IIC(XH2.54-WI-2P)
Add component (AddParameter): Name = "BOM名称"; Value = "2P接插件"; VariantName = "[No Variations]"
Add component (AddParameter): Name = "封装库来自淘宝卖家 ID：黄晶宝石"; Value = "其他店铺购入均为盗版假冒封装库"; VariantName = "[No Variations]"
Add component (AddParameter): Name = "联系卖家，免费查找封装"; Value = "唯一出售店铺网址https://shop463601444.taobao.com"; VariantName = "[No Variations]"
Added Component: Designator=R23(R0402_L)
Add component (AddParameter): Name = "BOM名称"; Value = "贴片电阻"; VariantName = "[No Variations]"
Add component (AddParameter): Name = "封装库来自淘宝卖家ID：黄晶宝石"; Value = "其他店铺购入均为盗版假冒封装库，请立即申请退款"; VariantName = "[No Variations]"
Add component (AddParameter): Name = "联系卖家，免费查找封装"; Value = "唯一出售店铺网址https://shop463601444.taobao.com"; VariantName = "[No Variations]"
Added Component: Designator=TP_GND(TEST 1)
Add component (AddParameter): Name = "BOM名称"; Value = "测试点"; VariantName = "[No Variations]"
Add component (AddParameter): Name = "联系卖家，免费查找封装"; Value = "唯一出售店铺网址https://shop463601444.taobao.com"; VariantName = "[No Variations]"
Added Component: Designator=TP_USB_5V(TEST 1)
Add component (AddParameter): Name = "BOM名称"; Value = "测试点"; VariantName = "[No Variations]"
Add component (AddParameter): Name = "联系卖家，免费查找封装"; Value = "唯一出售店铺网址https://shop463601444.taobao.com"; VariantName = "[No Variations]"
Added Component: Designator=TP_VCC3V3(TEST 1)
Add component (AddParameter): Name = "BOM名称"; Value = "测试点"; VariantName = "[No Variations]"
Add component (AddParameter): Name = "联系卖家，免费查找封装"; Value = "唯一出售店铺网址https://shop463601444.taobao.com"; VariantName = "[No Variations]"
Added Component: Designator=TP_VCC5V(TEST 1)
Add component (AddParameter): Name = "BOM名称"; Value = "测试点"; VariantName = "[No Variations]"
Add component (AddParameter): Name = "联系卖家，免费查找封装"; Value = "唯一出售店铺网址https://shop463601444.taobao.com"; VariantName = "[No Variations]"
Added Component: Designator=TP_VCC12V(TEST 1)
Add component (AddParameter): Name = "BOM名称"; Value = "测试点"; VariantName = "[No Variations]"
Add component (AddParameter): Name = "联系卖家，免费查找封装"; Value = "唯一出售店铺网址https://shop463601444.taobao.com"; VariantName = "[No Variations]"
Added Pin To Net: NetName=MPU6050_SDA Pin=DE1-1
Added Pin To Net: NetName=MPU6050_SCL Pin=DE2-1
Added Pin To Net: NetName=MPU6050_INT Pin=DE3-1
Added Pin To Net: NetName=PA11 Pin=DE_CAN_Rx-2
Added Pin To Net: NetName=PA12 Pin=DE_CAN_Tx-2
Added Pin To Net: NetName=VIN_ADC Pin=DE_VIN_ADC-1
Added Pin To Net: NetName=PB12 Pin=JP_EX-6
Added Pin To Net: NetName=PB13 Pin=JP_EX-8
Added Pin To Net: NetName=LED_BLUE Pin=JP_EX-10
Added Pin To Net: NetName=LED_GREEN Pin=JP_EX-15
Added Pin To Net: NetName=PB10 Pin=JP_EX-17
Added Pin To Net: NetName=PB11 Pin=JP_EX-18
Added Pin To Net: NetName=PC10 Pin=JP_EX-19
Added Pin To Net: NetName=PC11 Pin=JP_EX-20
Added Pin To Net: NetName=GND Pin=TP_GND-1
Added Pin To Net: NetName=USB_5V Pin=TP_USB_5V-1
Added Pin To Net: NetName=VCC3V3 Pin=TP_VCC3V3-1
Added Pin To Net: NetName=VCC5V Pin=TP_VCC5V-1
Added Pin To Net: NetName=VCC12V Pin=TP_VCC12V-1
Added Pin To Net: NetName=CAN_H Pin=JP_CAN-1
Added Pin To Net: NetName=CAN_H Pin=R23-1
Added Net: Name=CAN_H
Added Pin To Net: NetName=CAN_L Pin=JP_CAN-2
Added Pin To Net: NetName=CAN_L Pin=R23-2
Added Net: Name=CAN_L
Added Pin To Net: NetName=CAN_Rx Pin=DE_CAN_Rx-1
Added Net: Name=CAN_Rx
Added Pin To Net: NetName=CAN_Tx Pin=DE_CAN_Tx-1
Added Net: Name=CAN_Tx
Added Pin To Net: NetName=PB0 Pin=DE_VIN_ADC-2
Added Pin To Net: NetName=PB0 Pin=JP_EX-2
Added Pin To Net: NetName=PB0 Pin=U2-26
Added Net: Name=PB0
Added Pin To Net: NetName=PB1 Pin=DE3-2
Added Pin To Net: NetName=PB1 Pin=JP_EX-4
Added Pin To Net: NetName=PB1 Pin=U2-27
Added Net: Name=PB1
Added Pin To Net: NetName=SCL Pin=DE2-2
Added Pin To Net: NetName=SCL Pin=JP_IIC-1
Added Pin To Net: NetName=SCL Pin=U2-61
Added Net: Name=SCL
Added Pin To Net: NetName=SDA Pin=DE1-2
Added Pin To Net: NetName=SDA Pin=JP_IIC-2
Added Pin To Net: NetName=SDA Pin=U2-62
Added Net: Name=SDA
Added Member To Class: ClassName=ROS-Robot-Controller Member=Component DE1 DEBUG PAD
Added Member To Class: ClassName=ROS-Robot-Controller Member=Component DE2 DEBUG PAD
Added Member To Class: ClassName=ROS-Robot-Controller Member=Component DE3 DEBUG PAD
Added Member To Class: ClassName=ROS-Robot-Controller Member=Component DE_CAN_Rx DEBUG PAD
Added Member To Class: ClassName=ROS-Robot-Controller Member=Component DE_CAN_Tx DEBUG PAD
Added Member To Class: ClassName=ROS-Robot-Controller Member=Component DE_VIN_ADC DEBUG PAD
Added Member To Class: ClassName=ROS-Robot-Controller Member=Component JP_CAN HDR-1X2
Added Member To Class: ClassName=ROS-Robot-Controller Member=Component JP_IIC HDR-1X2
Added Member To Class: ClassName=ROS-Robot-Controller Member=Component K_RESET TACT 4P
Added Member To Class: ClassName=ROS-Robot-Controller Member=Component R23 120R
Added Member To Class: ClassName=ROS-Robot-Controller Member=Component TP_GND TEST
Added Member To Class: ClassName=ROS-Robot-Controller Member=Component TP_USB_5V TEST
Added Member To Class: ClassName=ROS-Robot-Controller Member=Component TP_VCC3V3 TEST
Added Member To Class: ClassName=ROS-Robot-Controller Member=Component TP_VCC5V TEST
Added Member To Class: ClassName=ROS-Robot-Controller Member=Component TP_VCC12V TEST
