Performing C SOURCE FILE Test CMAKE_HAVE_LIBC_PTHREAD failed with the following output:
Change Dir: /home/fzq614/My_ROS_Robot/ROS-WorkSpace/ROS2-Robot-WS/src/build/robot/CMakeFiles/CMakeTmp

Run Build Command(s):/usr/bin/make cmTC_21ae8/fast && /usr/bin/make -f CMakeFiles/cmTC_21ae8.dir/build.make CMakeFiles/cmTC_21ae8.dir/build
make[1]: Entering directory '/home/fzq614/My_ROS_Robot/ROS-WorkSpace/ROS2-Robot-WS/src/build/robot/CMakeFiles/CMakeTmp'
Building C object CMakeFiles/cmTC_21ae8.dir/src.c.o
/usr/bin/cc   -DCMAKE_HAVE_LIBC_PTHREAD   -o CMakeFiles/cmTC_21ae8.dir/src.c.o   -c /home/fzq614/My_ROS_Robot/ROS-WorkSpace/ROS2-Robot-WS/src/build/robot/CMakeFiles/CMakeTmp/src.c
Linking C executable cmTC_21ae8
/usr/bin/cmake -E cmake_link_script CMakeFiles/cmTC_21ae8.dir/link.txt --verbose=1
/usr/bin/cc  -DCMAKE_HAVE_LIBC_PTHREAD    CMakeFiles/cmTC_21ae8.dir/src.c.o  -o cmTC_21ae8 
/usr/bin/ld: CMakeFiles/cmTC_21ae8.dir/src.c.o: in function `main':
src.c:(.text+0x46): undefined reference to `pthread_create'
/usr/bin/ld: src.c:(.text+0x52): undefined reference to `pthread_detach'
/usr/bin/ld: src.c:(.text+0x63): undefined reference to `pthread_join'
collect2: error: ld returned 1 exit status
make[1]: *** [CMakeFiles/cmTC_21ae8.dir/build.make:87: cmTC_21ae8] Error 1
make[1]: Leaving directory '/home/fzq614/My_ROS_Robot/ROS-WorkSpace/ROS2-Robot-WS/src/build/robot/CMakeFiles/CMakeTmp'
make: *** [Makefile:121: cmTC_21ae8/fast] Error 2


Source file was:
#include <pthread.h>

void* test_func(void* data)
{
  return data;
}

int main(void)
{
  pthread_t thread;
  pthread_create(&thread, NULL, test_func, NULL);
  pthread_detach(thread);
  pthread_join(thread, NULL);
  pthread_atfork(NULL, NULL, NULL);
  pthread_exit(NULL);

  return 0;
}

Determining if the function pthread_create exists in the pthreads failed with the following output:
Change Dir: /home/fzq614/My_ROS_Robot/ROS-WorkSpace/ROS2-Robot-WS/src/build/robot/CMakeFiles/CMakeTmp

Run Build Command(s):/usr/bin/make cmTC_75484/fast && /usr/bin/make -f CMakeFiles/cmTC_75484.dir/build.make CMakeFiles/cmTC_75484.dir/build
make[1]: Entering directory '/home/fzq614/My_ROS_Robot/ROS-WorkSpace/ROS2-Robot-WS/src/build/robot/CMakeFiles/CMakeTmp'
Building C object CMakeFiles/cmTC_75484.dir/CheckFunctionExists.c.o
/usr/bin/cc   -DCHECK_FUNCTION_EXISTS=pthread_create   -o CMakeFiles/cmTC_75484.dir/CheckFunctionExists.c.o   -c /usr/share/cmake-3.16/Modules/CheckFunctionExists.c
Linking C executable cmTC_75484
/usr/bin/cmake -E cmake_link_script CMakeFiles/cmTC_75484.dir/link.txt --verbose=1
/usr/bin/cc  -DCHECK_FUNCTION_EXISTS=pthread_create    CMakeFiles/cmTC_75484.dir/CheckFunctionExists.c.o  -o cmTC_75484  -lpthreads 
/usr/bin/ld: cannot find -lpthreads
collect2: error: ld returned 1 exit status
make[1]: *** [CMakeFiles/cmTC_75484.dir/build.make:87: cmTC_75484] Error 1
make[1]: Leaving directory '/home/fzq614/My_ROS_Robot/ROS-WorkSpace/ROS2-Robot-WS/src/build/robot/CMakeFiles/CMakeTmp'
make: *** [Makefile:121: cmTC_75484/fast] Error 2



