[0.116s] Invoking command in '/home/fzq614/My_ROS_Robot/ROS-WorkSpace/ROS2-Robot-WS/build/astra_camera': CMAKE_PREFIX_PATH=${CMAKE_PREFIX_PATH}:/opt/ros/galactic /usr/bin/cmake --build /home/fzq614/My_ROS_Robot/ROS-WorkSpace/ROS2-Robot-WS/build/astra_camera -- -j4 -l4
[0.429s] [ 52%] Built target astra_wrapper
[0.433s] [ 68%] Built target astra_driver_lib
[0.580s] [ 78%] Built target astra_test_wrapper
[0.612s] [ 89%] Built target astra_list_devices
[0.755s] [100%] Built target astra_camera_node
[0.820s] Invoked command in '/home/fzq614/My_ROS_Robot/ROS-WorkSpace/ROS2-Robot-WS/build/astra_camera' returned '0': CMAKE_PREFIX_PATH=${CMAKE_PREFIX_PATH}:/opt/ros/galactic /usr/bin/cmake --build /home/fzq614/My_ROS_Robot/ROS-WorkSpace/ROS2-Robot-WS/build/astra_camera -- -j4 -l4
[1.255s] Invoking command in '/home/fzq614/My_ROS_Robot/ROS-WorkSpace/ROS2-Robot-WS/build/astra_camera': CMAKE_PREFIX_PATH=${CMAKE_PREFIX_PATH}:/opt/ros/galactic /usr/bin/cmake --install /home/fzq614/My_ROS_Robot/ROS-WorkSpace/ROS2-Robot-WS/build/astra_camera
[1.286s] -- Install configuration: ""
[1.287s] -- Execute custom install script
[1.288s] -- Up-to-date symlink: /home/fzq614/My_ROS_Robot/ROS-WorkSpace/ROS2-Robot-WS/install/lib/astra_camera/astra_camera_node
[1.288s] -- Up-to-date symlink: /home/fzq614/My_ROS_Robot/ROS-WorkSpace/ROS2-Robot-WS/install/lib/astra_camera/astra_list_devices
[1.288s] -- Up-to-date symlink: /home/fzq614/My_ROS_Robot/ROS-WorkSpace/ROS2-Robot-WS/install/lib/astra_camera/astra_test_wrapper
[1.289s] -- Up-to-date symlink: /home/fzq614/My_ROS_Robot/ROS-WorkSpace/ROS2-Robot-WS/install/lib/astra_camera/libOpenNI2.so
[1.289s] -- Up-to-date symlink: /home/fzq614/My_ROS_Robot/ROS-WorkSpace/ROS2-Robot-WS/install/lib/astra_camera/OpenNI2
[1.290s] -- Up-to-date symlink: /home/fzq614/My_ROS_Robot/ROS-WorkSpace/ROS2-Robot-WS/install/lib/libastra_wrapper.a
[1.291s] -- Up-to-date symlink: /home/fzq614/My_ROS_Robot/ROS-WorkSpace/ROS2-Robot-WS/install/lib/libastra_driver_lib.a
[1.296s] -- Up-to-date symlink: /home/fzq614/My_ROS_Robot/ROS-WorkSpace/ROS2-Robot-WS/install/share/astra_camera/launch/astra_launch.py
[1.298s] -- Up-to-date symlink: /home/fzq614/My_ROS_Robot/ROS-WorkSpace/ROS2-Robot-WS/install/share/astra_camera/config/astra.yaml
[1.299s] -- Up-to-date symlink: /home/fzq614/My_ROS_Robot/ROS-WorkSpace/ROS2-Robot-WS/install/share/astra_camera/environment/library_path.sh
[1.300s] -- Up-to-date symlink: /home/fzq614/My_ROS_Robot/ROS-WorkSpace/ROS2-Robot-WS/install/share/astra_camera/environment/library_path.dsv
[1.301s] -- Up-to-date symlink: /home/fzq614/My_ROS_Robot/ROS-WorkSpace/ROS2-Robot-WS/install/share/ament_index/resource_index/package_run_dependencies/astra_camera
[1.303s] -- Up-to-date symlink: /home/fzq614/My_ROS_Robot/ROS-WorkSpace/ROS2-Robot-WS/install/share/ament_index/resource_index/parent_prefix_path/astra_camera
[1.303s] -- Up-to-date symlink: /home/fzq614/My_ROS_Robot/ROS-WorkSpace/ROS2-Robot-WS/install/share/astra_camera/environment/ament_prefix_path.sh
[1.304s] -- Up-to-date symlink: /home/fzq614/My_ROS_Robot/ROS-WorkSpace/ROS2-Robot-WS/install/share/astra_camera/environment/ament_prefix_path.dsv
[1.305s] -- Up-to-date symlink: /home/fzq614/My_ROS_Robot/ROS-WorkSpace/ROS2-Robot-WS/install/share/astra_camera/environment/path.sh
[1.307s] -- Up-to-date symlink: /home/fzq614/My_ROS_Robot/ROS-WorkSpace/ROS2-Robot-WS/install/share/astra_camera/environment/path.dsv
[1.309s] -- Up-to-date symlink: /home/fzq614/My_ROS_Robot/ROS-WorkSpace/ROS2-Robot-WS/install/share/astra_camera/local_setup.bash
[1.310s] -- Up-to-date symlink: /home/fzq614/My_ROS_Robot/ROS-WorkSpace/ROS2-Robot-WS/install/share/astra_camera/local_setup.sh
[1.312s] -- Up-to-date symlink: /home/fzq614/My_ROS_Robot/ROS-WorkSpace/ROS2-Robot-WS/install/share/astra_camera/local_setup.zsh
[1.313s] -- Up-to-date symlink: /home/fzq614/My_ROS_Robot/ROS-WorkSpace/ROS2-Robot-WS/install/share/astra_camera/local_setup.dsv
[1.314s] -- Symlinking: /home/fzq614/My_ROS_Robot/ROS-WorkSpace/ROS2-Robot-WS/install/share/astra_camera/package.dsv
[1.371s] -- Up-to-date symlink: /home/fzq614/My_ROS_Robot/ROS-WorkSpace/ROS2-Robot-WS/install/share/ament_index/resource_index/packages/astra_camera
[1.373s] -- Up-to-date symlink: /home/fzq614/My_ROS_Robot/ROS-WorkSpace/ROS2-Robot-WS/install/share/astra_camera/cmake/ament_cmake_export_include_directories-extras.cmake
[1.374s] -- Up-to-date symlink: /home/fzq614/My_ROS_Robot/ROS-WorkSpace/ROS2-Robot-WS/install/share/astra_camera/cmake/ament_cmake_export_libraries-extras.cmake
[1.376s] -- Up-to-date symlink: /home/fzq614/My_ROS_Robot/ROS-WorkSpace/ROS2-Robot-WS/install/share/astra_camera/cmake/astra_cameraConfig.cmake
[1.377s] -- Up-to-date symlink: /home/fzq614/My_ROS_Robot/ROS-WorkSpace/ROS2-Robot-WS/install/share/astra_camera/cmake/astra_cameraConfig-version.cmake
[1.379s] -- Up-to-date symlink: /home/fzq614/My_ROS_Robot/ROS-WorkSpace/ROS2-Robot-WS/install/share/astra_camera/package.xml
[1.394s] Invoked command in '/home/fzq614/My_ROS_Robot/ROS-WorkSpace/ROS2-Robot-WS/build/astra_camera' returned '0': CMAKE_PREFIX_PATH=${CMAKE_PREFIX_PATH}:/opt/ros/galactic /usr/bin/cmake --install /home/fzq614/My_ROS_Robot/ROS-WorkSpace/ROS2-Robot-WS/build/astra_camera
