[0.034s] Invoking command in '/home/fzq614/My_ROS_Robot/ROS-WorkSpace/ROS2-Robot-WS/build/robot_sim_2': CMAKE_PREFIX_PATH=${CMAKE_PREFIX_PATH}:/opt/ros/galactic /usr/bin/cmake --build /home/fzq614/My_ROS_Robot/ROS-WorkSpace/ROS2-Robot-WS/build/robot_sim_2 -- -j4 -l4
[0.101s] [100%] Built target robot_sim_2
[0.113s] Invoked command in '/home/fzq614/My_ROS_Robot/ROS-WorkSpace/ROS2-Robot-WS/build/robot_sim_2' returned '0': CMAKE_PREFIX_PATH=${CMAKE_PREFIX_PATH}:/opt/ros/galactic /usr/bin/cmake --build /home/fzq614/My_ROS_Robot/ROS-WorkSpace/ROS2-Robot-WS/build/robot_sim_2 -- -j4 -l4
[0.146s] Invoking command in '/home/fzq614/My_ROS_Robot/ROS-WorkSpace/ROS2-Robot-WS/build/robot_sim_2': CMAKE_PREFIX_PATH=${CMAKE_PREFIX_PATH}:/opt/ros/galactic /usr/bin/cmake --install /home/fzq614/My_ROS_Robot/ROS-WorkSpace/ROS2-Robot-WS/build/robot_sim_2
[0.157s] -- Install configuration: ""
[0.157s] -- Execute custom install script
[0.158s] -- Up-to-date symlink: /home/fzq614/My_ROS_Robot/ROS-WorkSpace/ROS2-Robot-WS/install/lib/robot_sim_2/robot_sim_2
[0.158s] -- Up-to-date symlink: /home/fzq614/My_ROS_Robot/ROS-WorkSpace/ROS2-Robot-WS/install/share/robot_sim_2/launch/robot_sim_2.launch.py
[0.158s] -- Up-to-date symlink: /home/fzq614/My_ROS_Robot/ROS-WorkSpace/ROS2-Robot-WS/install/share/robot_sim_2/launch/rviz2.launch.py
[0.158s] -- Up-to-date symlink: /home/fzq614/My_ROS_Robot/ROS-WorkSpace/ROS2-Robot-WS/install/share/robot_sim_2/param/params.yaml
[0.159s] -- Up-to-date symlink: /home/fzq614/My_ROS_Robot/ROS-WorkSpace/ROS2-Robot-WS/install/share/robot_sim_2/rviz/robot.rviz
[0.159s] -- Up-to-date symlink: /home/fzq614/My_ROS_Robot/ROS-WorkSpace/ROS2-Robot-WS/install/share/robot_sim_2/urdf/robot.urdf
[0.159s] -- Up-to-date symlink: /home/fzq614/My_ROS_Robot/ROS-WorkSpace/ROS2-Robot-WS/install/share/robot_sim_2/meshes/bases/burger_base.stl
[0.159s] -- Up-to-date symlink: /home/fzq614/My_ROS_Robot/ROS-WorkSpace/ROS2-Robot-WS/install/share/robot_sim_2/meshes/bases/waffle_base.stl
[0.159s] -- Up-to-date symlink: /home/fzq614/My_ROS_Robot/ROS-WorkSpace/ROS2-Robot-WS/install/share/robot_sim_2/meshes/bases/waffle_pi_base.stl
[0.159s] -- Up-to-date symlink: /home/fzq614/My_ROS_Robot/ROS-WorkSpace/ROS2-Robot-WS/install/share/robot_sim_2/meshes/sensors/astra.dae
[0.159s] -- Up-to-date symlink: /home/fzq614/My_ROS_Robot/ROS-WorkSpace/ROS2-Robot-WS/install/share/robot_sim_2/meshes/sensors/astra.jpg
[0.159s] -- Up-to-date symlink: /home/fzq614/My_ROS_Robot/ROS-WorkSpace/ROS2-Robot-WS/install/share/robot_sim_2/meshes/sensors/lds.stl
[0.159s] -- Up-to-date symlink: /home/fzq614/My_ROS_Robot/ROS-WorkSpace/ROS2-Robot-WS/install/share/robot_sim_2/meshes/sensors/r200.dae
[0.159s] -- Up-to-date symlink: /home/fzq614/My_ROS_Robot/ROS-WorkSpace/ROS2-Robot-WS/install/share/robot_sim_2/meshes/sensors/r200.jpg
[0.159s] -- Up-to-date symlink: /home/fzq614/My_ROS_Robot/ROS-WorkSpace/ROS2-Robot-WS/install/share/robot_sim_2/meshes/wheels/left_tire.stl
[0.159s] -- Up-to-date symlink: /home/fzq614/My_ROS_Robot/ROS-WorkSpace/ROS2-Robot-WS/install/share/robot_sim_2/meshes/wheels/right_tire.stl
[0.159s] -- Up-to-date symlink: /home/fzq614/My_ROS_Robot/ROS-WorkSpace/ROS2-Robot-WS/install/share/ament_index/resource_index/package_run_dependencies/robot_sim_2
[0.159s] -- Up-to-date symlink: /home/fzq614/My_ROS_Robot/ROS-WorkSpace/ROS2-Robot-WS/install/share/ament_index/resource_index/parent_prefix_path/robot_sim_2
[0.159s] -- Up-to-date symlink: /home/fzq614/My_ROS_Robot/ROS-WorkSpace/ROS2-Robot-WS/install/share/robot_sim_2/environment/ament_prefix_path.sh
[0.159s] -- Up-to-date symlink: /home/fzq614/My_ROS_Robot/ROS-WorkSpace/ROS2-Robot-WS/install/share/robot_sim_2/environment/ament_prefix_path.dsv
[0.159s] -- Up-to-date symlink: /home/fzq614/My_ROS_Robot/ROS-WorkSpace/ROS2-Robot-WS/install/share/robot_sim_2/environment/path.sh
[0.159s] -- Up-to-date symlink: /home/fzq614/My_ROS_Robot/ROS-WorkSpace/ROS2-Robot-WS/install/share/robot_sim_2/environment/path.dsv
[0.159s] -- Up-to-date symlink: /home/fzq614/My_ROS_Robot/ROS-WorkSpace/ROS2-Robot-WS/install/share/robot_sim_2/local_setup.bash
[0.160s] -- Up-to-date symlink: /home/fzq614/My_ROS_Robot/ROS-WorkSpace/ROS2-Robot-WS/install/share/robot_sim_2/local_setup.sh
[0.160s] -- Up-to-date symlink: /home/fzq614/My_ROS_Robot/ROS-WorkSpace/ROS2-Robot-WS/install/share/robot_sim_2/local_setup.zsh
[0.160s] -- Up-to-date symlink: /home/fzq614/My_ROS_Robot/ROS-WorkSpace/ROS2-Robot-WS/install/share/robot_sim_2/local_setup.dsv
[0.160s] -- Symlinking: /home/fzq614/My_ROS_Robot/ROS-WorkSpace/ROS2-Robot-WS/install/share/robot_sim_2/package.dsv
[0.166s] -- Up-to-date symlink: /home/fzq614/My_ROS_Robot/ROS-WorkSpace/ROS2-Robot-WS/install/share/ament_index/resource_index/packages/robot_sim_2
[0.166s] -- Up-to-date symlink: /home/fzq614/My_ROS_Robot/ROS-WorkSpace/ROS2-Robot-WS/install/share/robot_sim_2/cmake/ament_cmake_export_include_directories-extras.cmake
[0.166s] -- Up-to-date symlink: /home/fzq614/My_ROS_Robot/ROS-WorkSpace/ROS2-Robot-WS/install/share/robot_sim_2/cmake/ament_cmake_export_dependencies-extras.cmake
[0.166s] -- Up-to-date symlink: /home/fzq614/My_ROS_Robot/ROS-WorkSpace/ROS2-Robot-WS/install/share/robot_sim_2/cmake/robot_sim_2Config.cmake
[0.166s] -- Up-to-date symlink: /home/fzq614/My_ROS_Robot/ROS-WorkSpace/ROS2-Robot-WS/install/share/robot_sim_2/cmake/robot_sim_2Config-version.cmake
[0.166s] -- Up-to-date symlink: /home/fzq614/My_ROS_Robot/ROS-WorkSpace/ROS2-Robot-WS/install/share/robot_sim_2/package.xml
[0.171s] Invoked command in '/home/fzq614/My_ROS_Robot/ROS-WorkSpace/ROS2-Robot-WS/build/robot_sim_2' returned '0': CMAKE_PREFIX_PATH=${CMAKE_PREFIX_PATH}:/opt/ros/galactic /usr/bin/cmake --install /home/fzq614/My_ROS_Robot/ROS-WorkSpace/ROS2-Robot-WS/build/robot_sim_2
