[0.017s] Invoking command in '/home/fzq614/My_ROS_Robot/ROS-WorkSpace/ROS2-Robot-WS/build/rplidar_ros2': CMAKE_PREFIX_PATH=${CMAKE_PREFIX_PATH}:/opt/ros/galactic /usr/bin/cmake /home/fzq614/My_ROS_Robot/ROS-WorkSpace/ROS2-Robot-WS/src/third_pkg/rplidar_ros2 -DAMENT_CMAKE_SYMLINK_INSTALL=1 -DCMAKE_INSTALL_PREFIX=/home/fzq614/My_ROS_Robot/ROS-WorkSpace/ROS2-Robot-WS/install
[0.083s] -- The C compiler identification is GNU 8.4.0
[0.134s] -- The CXX compiler identification is GNU 8.4.0
[0.140s] -- Check for working C compiler: /usr/bin/cc
[0.205s] -- Check for working C compiler: /usr/bin/cc -- works
[0.206s] -- Detecting C compiler ABI info
[0.283s] -- Detecting C compiler ABI info - done
[0.296s] -- Detecting C compile features
[0.296s] -- Detecting C compile features - done
[0.296s] -- Check for working CXX compiler: /usr/bin/c++
[0.382s] -- Check for working CXX compiler: /usr/bin/c++ -- works
[0.384s] -- Detecting CXX compiler ABI info
[0.465s] -- Detecting CXX compiler ABI info - done
[0.476s] -- Detecting CXX compile features
[0.477s] -- Detecting CXX compile features - done
[0.484s] -- Found ament_cmake: 1.1.4 (/opt/ros/galactic/share/ament_cmake/cmake)
[0.502s] -- Found PythonInterp: /usr/bin/python3 (found suitable version "3.8.10", minimum required is "3") 
[0.502s] -- Using PYTHON_EXECUTABLE: /usr/bin/python3
[0.551s] -- Override CMake install command with custom implementation using symlinks instead of copying resources
[0.570s] -- Found rclcpp: 9.2.0 (/opt/ros/galactic/share/rclcpp/cmake)
[0.607s] -- Using all available rosidl_typesupport_c: rosidl_typesupport_fastrtps_c;rosidl_typesupport_introspection_c
[0.615s] -- Found rosidl_adapter: 2.2.1 (/opt/ros/galactic/share/rosidl_adapter/cmake)
[0.719s] -- Found OpenSSL: /usr/lib/x86_64-linux-gnu/libcrypto.so (found version "1.1.1f")  
[0.738s] -- Found FastRTPS: /opt/ros/galactic/include  
[0.800s] -- Using all available rosidl_typesupport_cpp: rosidl_typesupport_fastrtps_cpp;rosidl_typesupport_introspection_cpp
[0.846s] -- Found rmw_implementation_cmake: 3.3.1 (/opt/ros/galactic/share/rmw_implementation_cmake/cmake)
[0.848s] -- Found rmw_cyclonedds_cpp: 0.22.4 (/opt/ros/galactic/share/rmw_cyclonedds_cpp/cmake)
[0.862s] -- Using RMW implementation 'rmw_cyclonedds_cpp' as default
[0.863s] -- Looking for pthread.h
[0.943s] -- Looking for pthread.h - found
[0.943s] -- Performing Test CMAKE_HAVE_LIBC_PTHREAD
[1.026s] -- Performing Test CMAKE_HAVE_LIBC_PTHREAD - Failed
[1.026s] -- Looking for pthread_create in pthreads
[1.109s] -- Looking for pthread_create in pthreads - not found
[1.109s] -- Looking for pthread_create in pthread
[1.186s] -- Looking for pthread_create in pthread - found
[1.187s] -- Found Threads: TRUE  
[1.306s] -- Found sensor_msgs: 2.2.3 (/opt/ros/galactic/share/sensor_msgs/cmake)
[1.395s] -- Found std_srvs: 2.2.3 (/opt/ros/galactic/share/std_srvs/cmake)
[1.409s] -- Found ament_lint_auto: 0.10.6 (/opt/ros/galactic/share/ament_lint_auto/cmake)
[1.473s] -- Added test 'copyright' to check source files copyright and LICENSE
[1.476s] -- Added test 'cppcheck' to perform static code analysis on C / C++ code
[1.476s] -- Configured cppcheck include dirs: $<BUILD_INTERFACE:/home/fzq614/My_ROS_Robot/ROS-WorkSpace/ROS2-Robot-WS/src/third_pkg/rplidar_ros2/include>;$<BUILD_INTERFACE:/home/fzq614/My_ROS_Robot/ROS-WorkSpace/ROS2-Robot-WS/src/third_pkg/rplidar_ros2/sdk/include>;$<BUILD_INTERFACE:/home/fzq614/My_ROS_Robot/ROS-WorkSpace/ROS2-Robot-WS/src/third_pkg/rplidar_ros2/sdk/src>
[1.476s] -- Configured cppcheck exclude dirs and/or files: 
[1.478s] -- Added test 'cpplint' to check C / C++ code against the Google style
[1.478s] -- Configured cpplint exclude dirs and/or files: 
[1.479s] -- Added test 'flake8' to check Python code syntax and style conventions
[1.479s] -- Added test 'lint_cmake' to check CMake code style
[1.480s] -- Added test 'pep257' to check Python code against some of the style conventions in PEP 257
[1.481s] -- Added test 'uncrustify' to check C / C++ code style
[1.481s] -- Configured uncrustify additional arguments: 
[1.482s] -- Added test 'xmllint' to check XML markup files
[1.485s] -- Configuring done
[1.492s] -- Generating done
[1.493s] -- Build files have been written to: /home/fzq614/My_ROS_Robot/ROS-WorkSpace/ROS2-Robot-WS/build/rplidar_ros2
[1.500s] Invoked command in '/home/fzq614/My_ROS_Robot/ROS-WorkSpace/ROS2-Robot-WS/build/rplidar_ros2' returned '0': CMAKE_PREFIX_PATH=${CMAKE_PREFIX_PATH}:/opt/ros/galactic /usr/bin/cmake /home/fzq614/My_ROS_Robot/ROS-WorkSpace/ROS2-Robot-WS/src/third_pkg/rplidar_ros2 -DAMENT_CMAKE_SYMLINK_INSTALL=1 -DCMAKE_INSTALL_PREFIX=/home/fzq614/My_ROS_Robot/ROS-WorkSpace/ROS2-Robot-WS/install
[1.503s] Invoking command in '/home/fzq614/My_ROS_Robot/ROS-WorkSpace/ROS2-Robot-WS/build/rplidar_ros2': CMAKE_PREFIX_PATH=${CMAKE_PREFIX_PATH}:/opt/ros/galactic /usr/bin/cmake --build /home/fzq614/My_ROS_Robot/ROS-WorkSpace/ROS2-Robot-WS/build/rplidar_ros2 -- -j4 -l4
[1.556s] [35m[1mScanning dependencies of target rplidarNode[0m
[1.605s] [ 14%] [32mBuilding CXX object CMakeFiles/rplidarNode.dir/src/node.cpp.o[0m
[1.605s] [ 28%] [32mBuilding CXX object CMakeFiles/rplidarNode.dir/sdk/src/arch/linux/net_serial.cpp.o[0m
[1.611s] [ 42%] [32mBuilding CXX object CMakeFiles/rplidarNode.dir/sdk/src/arch/linux/net_socket.cpp.o[0m
[1.613s] [ 57%] [32mBuilding CXX object CMakeFiles/rplidarNode.dir/sdk/src/arch/linux/timer.cpp.o[0m
[1.951s] [ 71%] [32mBuilding CXX object CMakeFiles/rplidarNode.dir/sdk/src/hal/thread.cpp.o[0m
[2.016s] [ 85%] [32mBuilding CXX object CMakeFiles/rplidarNode.dir/sdk/src/rplidar_driver.cpp.o[0m
[4.706s] [100%] [32m[1mLinking CXX executable rplidarNode[0m
[4.889s] [100%] Built target rplidarNode
[4.901s] Invoked command in '/home/fzq614/My_ROS_Robot/ROS-WorkSpace/ROS2-Robot-WS/build/rplidar_ros2' returned '0': CMAKE_PREFIX_PATH=${CMAKE_PREFIX_PATH}:/opt/ros/galactic /usr/bin/cmake --build /home/fzq614/My_ROS_Robot/ROS-WorkSpace/ROS2-Robot-WS/build/rplidar_ros2 -- -j4 -l4
[4.954s] Invoking command in '/home/fzq614/My_ROS_Robot/ROS-WorkSpace/ROS2-Robot-WS/build/rplidar_ros2': CMAKE_PREFIX_PATH=${CMAKE_PREFIX_PATH}:/opt/ros/galactic /usr/bin/cmake --install /home/fzq614/My_ROS_Robot/ROS-WorkSpace/ROS2-Robot-WS/build/rplidar_ros2
[4.962s] -- Install configuration: ""
[4.962s] -- Execute custom install script
[4.963s] -- Symlinking: /home/fzq614/My_ROS_Robot/ROS-WorkSpace/ROS2-Robot-WS/install/lib/rplidar_ros2/rplidarNode
[4.971s] -- Symlinking: /home/fzq614/My_ROS_Robot/ROS-WorkSpace/ROS2-Robot-WS/install/share/rplidar_ros2//launch/rplidar.launch
[4.980s] -- Symlinking: /home/fzq614/My_ROS_Robot/ROS-WorkSpace/ROS2-Robot-WS/install/share/rplidar_ros2//launch/rplidar.launch.py
[4.987s] -- Symlinking: /home/fzq614/My_ROS_Robot/ROS-WorkSpace/ROS2-Robot-WS/install/share/rplidar_ros2//launch/view_rplidar.launch
[4.996s] -- Symlinking: /home/fzq614/My_ROS_Robot/ROS-WorkSpace/ROS2-Robot-WS/install/share/rplidar_ros2//launch/view_rplidar.launch.py
[5.003s] -- Symlinking: /home/fzq614/My_ROS_Robot/ROS-WorkSpace/ROS2-Robot-WS/install/share/rplidar_ros2//rviz/rplidar.rviz
[5.011s] -- Symlinking: /home/fzq614/My_ROS_Robot/ROS-WorkSpace/ROS2-Robot-WS/install/share/ament_index/resource_index/package_run_dependencies/rplidar_ros2
[5.019s] -- Symlinking: /home/fzq614/My_ROS_Robot/ROS-WorkSpace/ROS2-Robot-WS/install/share/ament_index/resource_index/parent_prefix_path/rplidar_ros2
[5.027s] -- Symlinking: /home/fzq614/My_ROS_Robot/ROS-WorkSpace/ROS2-Robot-WS/install/share/rplidar_ros2/environment/ament_prefix_path.sh
[5.035s] -- Symlinking: /home/fzq614/My_ROS_Robot/ROS-WorkSpace/ROS2-Robot-WS/install/share/rplidar_ros2/environment/ament_prefix_path.dsv
[5.043s] -- Symlinking: /home/fzq614/My_ROS_Robot/ROS-WorkSpace/ROS2-Robot-WS/install/share/rplidar_ros2/environment/path.sh
[5.052s] -- Symlinking: /home/fzq614/My_ROS_Robot/ROS-WorkSpace/ROS2-Robot-WS/install/share/rplidar_ros2/environment/path.dsv
[5.059s] -- Symlinking: /home/fzq614/My_ROS_Robot/ROS-WorkSpace/ROS2-Robot-WS/install/share/rplidar_ros2/local_setup.bash
[5.067s] -- Symlinking: /home/fzq614/My_ROS_Robot/ROS-WorkSpace/ROS2-Robot-WS/install/share/rplidar_ros2/local_setup.sh
[5.074s] -- Symlinking: /home/fzq614/My_ROS_Robot/ROS-WorkSpace/ROS2-Robot-WS/install/share/rplidar_ros2/local_setup.zsh
[5.080s] -- Symlinking: /home/fzq614/My_ROS_Robot/ROS-WorkSpace/ROS2-Robot-WS/install/share/rplidar_ros2/local_setup.dsv
[5.087s] -- Symlinking: /home/fzq614/My_ROS_Robot/ROS-WorkSpace/ROS2-Robot-WS/install/share/rplidar_ros2/package.dsv
[5.094s] -- Symlinking: /home/fzq614/My_ROS_Robot/ROS-WorkSpace/ROS2-Robot-WS/install/share/ament_index/resource_index/packages/rplidar_ros2
[5.101s] -- Symlinking: /home/fzq614/My_ROS_Robot/ROS-WorkSpace/ROS2-Robot-WS/install/share/rplidar_ros2/cmake/rplidar_ros2Config.cmake
[5.108s] -- Symlinking: /home/fzq614/My_ROS_Robot/ROS-WorkSpace/ROS2-Robot-WS/install/share/rplidar_ros2/cmake/rplidar_ros2Config-version.cmake
[5.114s] -- Symlinking: /home/fzq614/My_ROS_Robot/ROS-WorkSpace/ROS2-Robot-WS/install/share/rplidar_ros2/package.xml
[5.124s] Invoked command in '/home/fzq614/My_ROS_Robot/ROS-WorkSpace/ROS2-Robot-WS/build/rplidar_ros2' returned '0': CMAKE_PREFIX_PATH=${CMAKE_PREFIX_PATH}:/opt/ros/galactic /usr/bin/cmake --install /home/fzq614/My_ROS_Robot/ROS-WorkSpace/ROS2-Robot-WS/build/rplidar_ros2
