Removed Pin From Net: NetName=VCC5V Pin=JP1-6
Removed Pin From Net: NetName=VCC5V Pin=JP1-7
Removed Pin From Net: NetName=VCC5V Pin=JP1-8
Removed Pin From Net: NetName=VCC3V3 Pin=JP2-6
Removed Pin From Net: NetName=VCC3V3 Pin=JP2-7
Removed Pin From Net: NetName=VCC3V3 Pin=JP2-8
Removed Pin From Net: NetName=GND Pin=JP3-6
Removed Pin From Net: NetName=GND Pin=JP3-7
Removed Pin From Net: NetName=GND Pin=JP3-8
Change Component Footprint: Designator=JP1 Old Footprint=HDR2.54-LI-8P New Footprint=HDR2.54-LI-5P
Change Component Footprint: Designator=JP2 Old Footprint=HDR2.54-LI-8P New Footprint=HDR2.54-LI-5P
Change Component Footprint: Designator=JP3 Old Footprint=HDR2.54-LI-8P New Footprint=HDR2.54-LI-5P
Change Component Comment : Designator=JP1 Old Comment=HDR-1X8 New Comment=HDR-1X5
Change Component Comment : Designator=JP2 Old Comment=HDR-1X8 New Comment=HDR-1X5
Change Component Comment : Designator=JP3 Old Comment=HDR-1X8 New Comment=HDR-1X5
Change component parameters: Designator = "JP1" ("JP1"); Footprint = "HDR2.54-LI-8P"; UniqueID = "\MXUUSJRB" ("\MXUUSJRB")
Change component parameters (AddParameter): Name = "BOM名称"; Value = "5P接插件"; VariantName = "[No Variations]"
Change component parameters (AddParameter): Name = "封装库来自淘宝卖家 ID：黄晶宝石"; Value = "其他店铺购入均为盗版假冒封装库"; VariantName = "[No Variations]"
Change component parameters (AddParameter): Name = "联系卖家，免费查找封装"; Value = "唯一出售店铺网址https://shop463601444.taobao.com"; VariantName = "[No Variations]"
Change component parameters: Designator = "JP2" ("JP2"); Footprint = "HDR2.54-LI-8P"; UniqueID = "\KBRHMXWV" ("\KBRHMXWV")
Change component parameters (AddParameter): Name = "BOM名称"; Value = "5P接插件"; VariantName = "[No Variations]"
Change component parameters (AddParameter): Name = "封装库来自淘宝卖家 ID：黄晶宝石"; Value = "其他店铺购入均为盗版假冒封装库"; VariantName = "[No Variations]"
Change component parameters (AddParameter): Name = "联系卖家，免费查找封装"; Value = "唯一出售店铺网址https://shop463601444.taobao.com"; VariantName = "[No Variations]"
Change component parameters: Designator = "JP3" ("JP3"); Footprint = "HDR2.54-LI-8P"; UniqueID = "\IIMUHSAW" ("\IIMUHSAW")
Change component parameters (AddParameter): Name = "BOM名称"; Value = "5P接插件"; VariantName = "[No Variations]"
Change component parameters (AddParameter): Name = "封装库来自淘宝卖家 ID：黄晶宝石"; Value = "其他店铺购入均为盗版假冒封装库"; VariantName = "[No Variations]"
Change component parameters (AddParameter): Name = "联系卖家，免费查找封装"; Value = "唯一出售店铺网址https://shop463601444.taobao.com"; VariantName = "[No Variations]"
