-- The C compiler identification is GNU 8.4.0
-- The CXX compiler identification is GNU 8.4.0
-- Check for working C compiler: /usr/bin/cc
-- Check for working C compiler: /usr/bin/cc -- works
-- Detecting C compiler ABI info
-- Detecting C compiler ABI info - done
-- Detecting C compile features
-- Detecting C compile features - done
-- Check for working CXX compiler: /usr/bin/c++
-- Check for working CXX compiler: /usr/bin/c++ -- works
-- Detecting CXX compiler ABI info
-- Detecting CXX compiler ABI info - done
-- Detecting CXX compile features
-- Detecting CXX compile features - done
-- Found ament_cmake: 1.1.4 (/opt/ros/galactic/share/ament_cmake/cmake)
-- Found PythonInterp: /usr/bin/python3 (found suitable version "3.8.10", minimum required is "3") 
-- Using PYTHON_EXECUTABLE: /usr/bin/python3
-- Override CMake install command with custom implementation using symlinks instead of copying resources
-- Found rclcpp: 9.2.0 (/opt/ros/galactic/share/rclcpp/cmake)
-- Using all available rosidl_typesupport_c: rosidl_typesupport_fastrtps_c;rosidl_typesupport_introspection_c
-- Found rosidl_adapter: 2.2.1 (/opt/ros/galactic/share/rosidl_adapter/cmake)
-- Found OpenSSL: /usr/lib/x86_64-linux-gnu/libcrypto.so (found version "1.1.1f")  
-- Found FastRTPS: /opt/ros/galactic/include  
-- Using all available rosidl_typesupport_cpp: rosidl_typesupport_fastrtps_cpp;rosidl_typesupport_introspection_cpp
-- Found rmw_implementation_cmake: 3.3.1 (/opt/ros/galactic/share/rmw_implementation_cmake/cmake)
-- Found rmw_cyclonedds_cpp: 0.22.4 (/opt/ros/galactic/share/rmw_cyclonedds_cpp/cmake)
-- Using RMW implementation 'rmw_cyclonedds_cpp' as default
-- Looking for pthread.h
-- Looking for pthread.h - found
-- Performing Test CMAKE_HAVE_LIBC_PTHREAD
-- Performing Test CMAKE_HAVE_LIBC_PTHREAD - Failed
-- Looking for pthread_create in pthreads
-- Looking for pthread_create in pthreads - not found
-- Looking for pthread_create in pthread
-- Looking for pthread_create in pthread - found
-- Found Threads: TRUE  
-- Found sensor_msgs: 2.2.3 (/opt/ros/galactic/share/sensor_msgs/cmake)
-- Found Boost: /usr/lib/x86_64-linux-gnu/cmake/Boost-1.71.0/BoostConfig.cmake (found version "1.71.0") found components: system thread 
-- Configuring done
-- Generating done
-- Build files have been written to: /home/fzq614/My_ROS_Robot/ROS-WorkSpace/ROS2-Robot-WS/build/astra_camera
[35m[1mScanning dependencies of target astra_openni2[0m
[  4%] [34m[1mCreating directories for 'astra_openni2'[0m
[  9%] [34m[1mPerforming download step (git clone) for 'astra_openni2'[0m
Branch 'orbbec_ros' set up to track remote branch 'orbbec_ros' from 'origin'.
[ 14%] [34m[1mPerforming patch step for 'astra_openni2'[0m
[ 19%] [34m[1mPerforming update step for 'astra_openni2'[0m
patching file Source/Drivers/orbbec/Formats/XnFormatsMirror.cpp
patching file Source/Drivers/orbbec/Sensor/XnFrameStreamProcessor.cpp
patching file Source/Drivers/orbbec/Sensor/XnSensorFirmwareParams.cpp
