[35m[1mScanning dependencies of target robot[0m
[ 50%] [32mBuilding CXX object CMakeFiles/robot.dir/src/robot.cpp.o[0m
[100%] [32m[1mLinking CXX executable robot[0m
[100%] Built target robot
-- Install configuration: ""
-- Execute custom install script
-- Up-to-date symlink: /home/fzq614/My_ROS_Robot/ROS-WorkSpace/ROS2-Robot-WS/src/install/lib/robot/robot
-- Up-to-date symlink: /home/fzq614/My_ROS_Robot/ROS-WorkSpace/ROS2-Robot-WS/src/install/share/ament_index/resource_index/package_run_dependencies/robot
-- Up-to-date symlink: /home/fzq614/My_ROS_Robot/ROS-WorkSpace/ROS2-Robot-WS/src/install/share/ament_index/resource_index/parent_prefix_path/robot
-- Up-to-date symlink: /home/fzq614/My_ROS_Robot/ROS-WorkSpace/ROS2-Robot-WS/src/install/share/robot/environment/ament_prefix_path.sh
-- Up-to-date symlink: /home/fzq614/My_ROS_Robot/ROS-WorkSpace/ROS2-Robot-WS/src/install/share/robot/environment/ament_prefix_path.dsv
-- Up-to-date symlink: /home/fzq614/My_ROS_Robot/ROS-WorkSpace/ROS2-Robot-WS/src/install/share/robot/environment/path.sh
-- Up-to-date symlink: /home/fzq614/My_ROS_Robot/ROS-WorkSpace/ROS2-Robot-WS/src/install/share/robot/environment/path.dsv
-- Up-to-date symlink: /home/fzq614/My_ROS_Robot/ROS-WorkSpace/ROS2-Robot-WS/src/install/share/robot/local_setup.bash
-- Up-to-date symlink: /home/fzq614/My_ROS_Robot/ROS-WorkSpace/ROS2-Robot-WS/src/install/share/robot/local_setup.sh
-- Up-to-date symlink: /home/fzq614/My_ROS_Robot/ROS-WorkSpace/ROS2-Robot-WS/src/install/share/robot/local_setup.zsh
-- Up-to-date symlink: /home/fzq614/My_ROS_Robot/ROS-WorkSpace/ROS2-Robot-WS/src/install/share/robot/local_setup.dsv
-- Symlinking: /home/fzq614/My_ROS_Robot/ROS-WorkSpace/ROS2-Robot-WS/src/install/share/robot/package.dsv
-- Up-to-date symlink: /home/fzq614/My_ROS_Robot/ROS-WorkSpace/ROS2-Robot-WS/src/install/share/ament_index/resource_index/packages/robot
-- Up-to-date symlink: /home/fzq614/My_ROS_Robot/ROS-WorkSpace/ROS2-Robot-WS/src/install/share/robot/cmake/robotConfig.cmake
-- Up-to-date symlink: /home/fzq614/My_ROS_Robot/ROS-WorkSpace/ROS2-Robot-WS/src/install/share/robot/cmake/robotConfig-version.cmake
-- Up-to-date symlink: /home/fzq614/My_ROS_Robot/ROS-WorkSpace/ROS2-Robot-WS/src/install/share/robot/package.xml
-- Up-to-date: /home/fzq614/My_ROS_Robot/ROS-WorkSpace/ROS2-Robot-WS/src/install/share/robot/launch
-- Up-to-date: /home/fzq614/My_ROS_Robot/ROS-WorkSpace/ROS2-Robot-WS/src/install/share/robot/launch/robot.launch.py
-- Up-to-date: /home/fzq614/My_ROS_Robot/ROS-WorkSpace/ROS2-Robot-WS/src/install/share/robot/config
-- Up-to-date: /home/fzq614/My_ROS_Robot/ROS-WorkSpace/ROS2-Robot-WS/src/install/share/robot/config/params.yaml
