[0.014s] Invoking command in '/home/fzq614/My_ROS_Robot/ROS-WorkSpace/ROS2-Robot-WS/src/build/robot': CMAKE_PREFIX_PATH=${CMAKE_PREFIX_PATH}:/opt/ros/galactic /usr/bin/cmake --build /home/fzq614/My_ROS_Robot/ROS-WorkSpace/ROS2-Robot-WS/src/build/robot -- -j4 -l4
[0.055s] [35m[1mScanning dependencies of target robot[0m
[0.085s] [ 50%] [32mBuilding CXX object CMakeFiles/robot.dir/src/robot.cpp.o[0m
[6.823s] [100%] [32m[1mLinking CXX executable robot[0m
[7.153s] [100%] Built target robot
[7.165s] Invoked command in '/home/fzq614/My_ROS_Robot/ROS-WorkSpace/ROS2-Robot-WS/src/build/robot' returned '0': CMAKE_PREFIX_PATH=${CMAKE_PREFIX_PATH}:/opt/ros/galactic /usr/bin/cmake --build /home/fzq614/My_ROS_Robot/ROS-WorkSpace/ROS2-Robot-WS/src/build/robot -- -j4 -l4
[7.201s] Invoking command in '/home/fzq614/My_ROS_Robot/ROS-WorkSpace/ROS2-Robot-WS/src/build/robot': CMAKE_PREFIX_PATH=${CMAKE_PREFIX_PATH}:/opt/ros/galactic /usr/bin/cmake --install /home/fzq614/My_ROS_Robot/ROS-WorkSpace/ROS2-Robot-WS/src/build/robot
[7.206s] -- Install configuration: ""
[7.207s] -- Execute custom install script
[7.207s] -- Up-to-date symlink: /home/fzq614/My_ROS_Robot/ROS-WorkSpace/ROS2-Robot-WS/src/install/lib/robot/robot
[7.207s] -- Up-to-date symlink: /home/fzq614/My_ROS_Robot/ROS-WorkSpace/ROS2-Robot-WS/src/install/share/ament_index/resource_index/package_run_dependencies/robot
[7.208s] -- Up-to-date symlink: /home/fzq614/My_ROS_Robot/ROS-WorkSpace/ROS2-Robot-WS/src/install/share/ament_index/resource_index/parent_prefix_path/robot
[7.208s] -- Up-to-date symlink: /home/fzq614/My_ROS_Robot/ROS-WorkSpace/ROS2-Robot-WS/src/install/share/robot/environment/ament_prefix_path.sh
[7.208s] -- Up-to-date symlink: /home/fzq614/My_ROS_Robot/ROS-WorkSpace/ROS2-Robot-WS/src/install/share/robot/environment/ament_prefix_path.dsv
[7.208s] -- Up-to-date symlink: /home/fzq614/My_ROS_Robot/ROS-WorkSpace/ROS2-Robot-WS/src/install/share/robot/environment/path.sh
[7.209s] -- Up-to-date symlink: /home/fzq614/My_ROS_Robot/ROS-WorkSpace/ROS2-Robot-WS/src/install/share/robot/environment/path.dsv
[7.209s] -- Up-to-date symlink: /home/fzq614/My_ROS_Robot/ROS-WorkSpace/ROS2-Robot-WS/src/install/share/robot/local_setup.bash
[7.209s] -- Up-to-date symlink: /home/fzq614/My_ROS_Robot/ROS-WorkSpace/ROS2-Robot-WS/src/install/share/robot/local_setup.sh
[7.209s] -- Up-to-date symlink: /home/fzq614/My_ROS_Robot/ROS-WorkSpace/ROS2-Robot-WS/src/install/share/robot/local_setup.zsh
[7.209s] -- Up-to-date symlink: /home/fzq614/My_ROS_Robot/ROS-WorkSpace/ROS2-Robot-WS/src/install/share/robot/local_setup.dsv
[7.209s] -- Symlinking: /home/fzq614/My_ROS_Robot/ROS-WorkSpace/ROS2-Robot-WS/src/install/share/robot/package.dsv
[7.217s] -- Up-to-date symlink: /home/fzq614/My_ROS_Robot/ROS-WorkSpace/ROS2-Robot-WS/src/install/share/ament_index/resource_index/packages/robot
[7.217s] -- Up-to-date symlink: /home/fzq614/My_ROS_Robot/ROS-WorkSpace/ROS2-Robot-WS/src/install/share/robot/cmake/robotConfig.cmake
[7.217s] -- Up-to-date symlink: /home/fzq614/My_ROS_Robot/ROS-WorkSpace/ROS2-Robot-WS/src/install/share/robot/cmake/robotConfig-version.cmake
[7.217s] -- Up-to-date symlink: /home/fzq614/My_ROS_Robot/ROS-WorkSpace/ROS2-Robot-WS/src/install/share/robot/package.xml
[7.217s] -- Up-to-date: /home/fzq614/My_ROS_Robot/ROS-WorkSpace/ROS2-Robot-WS/src/install/share/robot/launch
[7.218s] -- Up-to-date: /home/fzq614/My_ROS_Robot/ROS-WorkSpace/ROS2-Robot-WS/src/install/share/robot/launch/robot.launch.py
[7.218s] -- Up-to-date: /home/fzq614/My_ROS_Robot/ROS-WorkSpace/ROS2-Robot-WS/src/install/share/robot/config
[7.218s] -- Up-to-date: /home/fzq614/My_ROS_Robot/ROS-WorkSpace/ROS2-Robot-WS/src/install/share/robot/config/params.yaml
[7.219s] Invoked command in '/home/fzq614/My_ROS_Robot/ROS-WorkSpace/ROS2-Robot-WS/src/build/robot' returned '0': CMAKE_PREFIX_PATH=${CMAKE_PREFIX_PATH}:/opt/ros/galactic /usr/bin/cmake --install /home/fzq614/My_ROS_Robot/ROS-WorkSpace/ROS2-Robot-WS/src/build/robot
