[0.023s] Invoking command in '/home/fzq614/My_ROS_Robot/ROS-WorkSpace/ROS2-Robot-WS/build/astra_camera': CMAKE_PREFIX_PATH=${CMAKE_PREFIX_PATH}:/opt/ros/galactic /usr/bin/cmake --build /home/fzq614/My_ROS_Robot/ROS-WorkSpace/ROS2-Robot-WS/build/astra_camera -- -j4 -l4
[0.093s] [  4%] [34m[1mPerforming update step for 'astra_openni2'[0m
[0.910s] Current branch orbbec_ros is up to date.
[1.065s] [  9%] [34m[1mPerforming configure step for 'astra_openni2'[0m
[1.068s] no need to configure
[1.089s] [ 14%] [34m[1mPerforming build step for 'astra_openni2'[0m
[1.093s] make[3]: warning: jobserver unavailable: using -j1.  Add '+' to parent make rule.
[1.097s] ThirdParty/PSCommon/BuildSystem/CommonDefs.mak:40: HOST_PLATFORM is x64
[1.105s] ../../BuildSystem/CommonDefs.mak:40: HOST_PLATFORM is x64
[1.175s] ../../ThirdParty/PSCommon/BuildSystem/CommonDefs.mak:40: HOST_PLATFORM is x64
[1.196s] ../../ThirdParty/PSCommon/BuildSystem/CommonDefs.mak:40: HOST_PLATFORM is x64
[1.209s] ../../../ThirdParty/PSCommon/BuildSystem/CommonDefs.mak:40: HOST_PLATFORM is x64
[1.694s] In file included from [01m[K../../../ThirdParty/PSCommon/XnLib/Include/XnHash.h:26[m[K,
[1.694s]                  from [01m[K../../../ThirdParty/PSCommon/XnLib/Include/XnStringsHash.h:27[m[K,
[1.694s]                  from [01m[KSensor/XnDeviceSensorIO.h:34[m[K,
[1.694s]                  from [01m[KSensor/XnDeviceSensor.h:30[m[K,
[1.694s]                  from [01m[KSensor/XnFirmwareCommands.h:27[m[K,
[1.694s]                  from [01m[KSensor/XnSensorFirmware.h:28[m[K,
[1.694s]                  from [01m[KSensor/XnSensorStreamHelper.h:28[m[K,
[1.694s]                  from [01m[KSensor/XnSensorStreamHelper.cpp:24[m[K:
[1.694s] [01m[K../../../ThirdParty/PSCommon/XnLib/Include/XnPair.h:[m[K In member function ‘[01m[KXnStatus XnSensorStreamHelper::MapFirmwareProperty(XnActualIntProperty&, XnActualIntProperty&, XnBool, XnSensorStreamHelper::ConvertCallback)[m[K’:
[1.694s] [01m[K../../../ThirdParty/PSCommon/XnLib/Include/XnPair.h:32:67:[m[K [01;31m[Kerror: [m[K‘[01m[K*((void*)& cookie +36)[m[K’ may be used uninitialized in this function [[01;31m[K-Werror=maybe-uninitialized[m[K]
[1.694s]   Pair(const Pair& other) : first(other.first), second(other.second[01;31m[K)[m[K {}
[1.694s]                                                                    [01;31m[K^[m[K
[1.695s] [01m[KSensor/XnSensorStreamHelper.cpp:179:29:[m[K [01;36m[Knote: [m[K‘[01m[K*((void*)& cookie +36)[m[K’ was declared here
[1.695s]   XnSensorStreamHelperCookie [01;36m[Kcookie[m[K(&Property, &FirmwareProperty, bAllowChangeWhileOpen, pStreamToFirmwareFunc);
[1.695s]                              [01;36m[K^~~~~~[m[K
[1.695s] In file included from [01m[K../../../ThirdParty/PSCommon/XnLib/Include/XnHash.h:26[m[K,
[1.695s]                  from [01m[K../../../ThirdParty/PSCommon/XnLib/Include/XnStringsHash.h:27[m[K,
[1.695s]                  from [01m[KSensor/XnDeviceSensorIO.h:34[m[K,
[1.695s]                  from [01m[KSensor/XnDeviceSensor.h:30[m[K,
[1.695s]                  from [01m[KSensor/XnFirmwareCommands.h:27[m[K,
[1.695s]                  from [01m[KSensor/XnSensorFirmware.h:28[m[K,
[1.695s]                  from [01m[KSensor/XnSensorStreamHelper.h:28[m[K,
[1.695s]                  from [01m[KSensor/XnSensorStreamHelper.cpp:24[m[K:
[1.695s] [01m[K../../../ThirdParty/PSCommon/XnLib/Include/XnPair.h:32:67:[m[K [01;31m[Kerror: [m[K‘[01m[K*((void*)& cookie +40)[m[K’ may be used uninitialized in this function [[01;31m[K-Werror=maybe-uninitialized[m[K]
[1.695s]   Pair(const Pair& other) : first(other.first), second(other.second[01;31m[K)[m[K {}
[1.695s]                                                                    [01;31m[K^[m[K
[1.695s] [01m[KSensor/XnSensorStreamHelper.cpp:179:29:[m[K [01;36m[Knote: [m[K‘[01m[K*((void*)& cookie +40)[m[K’ was declared here
[1.695s]   XnSensorStreamHelperCookie [01;36m[Kcookie[m[K(&Property, &FirmwareProperty, bAllowChangeWhileOpen, pStreamToFirmwareFunc);
[1.696s]                              [01;36m[K^~~~~~[m[K
[1.757s] cc1plus: all warnings being treated as errors
[1.759s] make[4]: *** [../../../ThirdParty/PSCommon/BuildSystem/CommonCppMakefile:141: ../../../Bin/Intermediate/x64-Release/liborbbec.so/XnSensorStreamHelper.o] Error 1
[1.760s] make[3]: *** [Makefile:131: Source/Drivers/orbbec] Error 2
[1.761s] make[2]: *** [CMakeFiles/astra_openni2.dir/build.make:112: astra_openni2/src/astra_openni2-stamp/astra_openni2-build] Error 2
[1.761s] make[1]: *** [CMakeFiles/Makefile2:168: CMakeFiles/astra_openni2.dir/all] Error 2
[1.762s] make: *** [Makefile:141: all] Error 2
[1.765s] Invoked command in '/home/fzq614/My_ROS_Robot/ROS-WorkSpace/ROS2-Robot-WS/build/astra_camera' returned '2': CMAKE_PREFIX_PATH=${CMAKE_PREFIX_PATH}:/opt/ros/galactic /usr/bin/cmake --build /home/fzq614/My_ROS_Robot/ROS-WorkSpace/ROS2-Robot-WS/build/astra_camera -- -j4 -l4
