[0.095s] DEBUG:colcon:Command line arguments: ['/usr/bin/colcon', 'build', '--symlink-install', '--merge-install']
[0.096s] DEBUG:colcon:Parsed command line arguments: Namespace(allow_overriding=[], ament_cmake_args=None, base_paths=['.'], build_base='build', catkin_cmake_args=None, catkin_skip_building_tests=False, cmake_args=None, cmake_clean_cache=False, cmake_clean_first=False, cmake_force_configure=False, cmake_target=None, cmake_target_skip_unavailable=False, continue_on_error=False, event_handlers=None, executor='parallel', ignore_user_meta=False, install_base='install', log_base=None, log_level=None, main=<bound method BuildVerb.main of <colcon_core.verb.build.BuildVerb object at 0x7f4ab0282bb0>>, merge_install=True, metas=['./colcon.meta'], packages_above=None, packages_above_and_dependencies=None, packages_above_depth=None, packages_end=None, packages_ignore=None, packages_ignore_regex=None, packages_select=None, packages_select_build_failed=False, packages_select_by_dep=None, packages_select_regex=None, packages_select_test_failures=False, packages_skip=None, packages_skip_build_finished=False, packages_skip_by_dep=None, packages_skip_regex=None, packages_skip_test_passed=False, packages_skip_up_to=None, packages_start=None, packages_up_to=None, packages_up_to_regex=None, parallel_workers=4, paths=None, symlink_install=True, test_result_base=None, verb_extension=<colcon_core.verb.build.BuildVerb object at 0x7f4ab0282bb0>, verb_name='build', verb_parser=<colcon_defaults.argument_parser.defaults.DefaultArgumentsDecorator object at 0x7f4ab028d160>)
[0.099s] Level 1:colcon.colcon_core.package_discovery:discover_packages(colcon_meta) check parameters
[0.099s] Level 1:colcon.colcon_core.package_discovery:discover_packages(recursive) check parameters
[0.099s] Level 1:colcon.colcon_core.package_discovery:discover_packages(ignore) check parameters
[0.099s] Level 1:colcon.colcon_core.package_discovery:discover_packages(path) check parameters
[0.099s] Level 1:colcon.colcon_core.package_discovery:discover_packages(colcon_meta) discover
[0.099s] Level 1:colcon.colcon_core.package_discovery:discover_packages(recursive) discover
[0.099s] INFO:colcon.colcon_core.package_discovery:Crawling recursively for packages in '/home/fzq614/My_ROS_Robot/ROS-WorkSpace/ROS2-Robot-WS'
[0.099s] Level 1:colcon.colcon_core.package_identification:_identify(.) by extensions ['ignore', 'ignore_ament_install']
[0.099s] Level 1:colcon.colcon_core.package_identification:_identify(.) by extension 'ignore'
[0.099s] Level 1:colcon.colcon_core.package_identification:_identify(.) by extension 'ignore_ament_install'
[0.099s] Level 1:colcon.colcon_core.package_identification:_identify(.) by extensions ['colcon_pkg']
[0.099s] Level 1:colcon.colcon_core.package_identification:_identify(.) by extension 'colcon_pkg'
[0.099s] Level 1:colcon.colcon_core.package_identification:_identify(.) by extensions ['colcon_meta']
[0.099s] Level 1:colcon.colcon_core.package_identification:_identify(.) by extension 'colcon_meta'
[0.099s] Level 1:colcon.colcon_core.package_identification:_identify(.) by extensions ['ros']
[0.099s] Level 1:colcon.colcon_core.package_identification:_identify(.) by extension 'ros'
[0.107s] Level 1:colcon.colcon_core.package_identification:_identify(.) by extensions ['cmake', 'python']
[0.107s] Level 1:colcon.colcon_core.package_identification:_identify(.) by extension 'cmake'
[0.107s] Level 1:colcon.colcon_core.package_identification:_identify(.) by extension 'python'
[0.108s] Level 1:colcon.colcon_core.package_identification:_identify(.) by extensions ['python_setup_py']
[0.108s] Level 1:colcon.colcon_core.package_identification:_identify(.) by extension 'python_setup_py'
[0.108s] Level 1:colcon.colcon_core.package_identification:_identify(build) by extensions ['ignore', 'ignore_ament_install']
[0.108s] Level 1:colcon.colcon_core.package_identification:_identify(build) by extension 'ignore'
[0.108s] Level 1:colcon.colcon_core.package_identification:_identify(build) ignored
[0.108s] Level 1:colcon.colcon_core.package_identification:_identify(install) by extensions ['ignore', 'ignore_ament_install']
[0.108s] Level 1:colcon.colcon_core.package_identification:_identify(install) by extension 'ignore'
[0.108s] Level 1:colcon.colcon_core.package_identification:_identify(install) ignored
[0.108s] Level 1:colcon.colcon_core.package_identification:_identify(log) by extensions ['ignore', 'ignore_ament_install']
[0.108s] Level 1:colcon.colcon_core.package_identification:_identify(log) by extension 'ignore'
[0.108s] Level 1:colcon.colcon_core.package_identification:_identify(log) ignored
[0.108s] Level 1:colcon.colcon_core.package_identification:_identify(src) by extensions ['ignore', 'ignore_ament_install']
[0.108s] Level 1:colcon.colcon_core.package_identification:_identify(src) by extension 'ignore'
[0.108s] Level 1:colcon.colcon_core.package_identification:_identify(src) by extension 'ignore_ament_install'
[0.108s] Level 1:colcon.colcon_core.package_identification:_identify(src) by extensions ['colcon_pkg']
[0.108s] Level 1:colcon.colcon_core.package_identification:_identify(src) by extension 'colcon_pkg'
[0.108s] Level 1:colcon.colcon_core.package_identification:_identify(src) by extensions ['colcon_meta']
[0.108s] Level 1:colcon.colcon_core.package_identification:_identify(src) by extension 'colcon_meta'
[0.108s] Level 1:colcon.colcon_core.package_identification:_identify(src) by extensions ['ros']
[0.108s] Level 1:colcon.colcon_core.package_identification:_identify(src) by extension 'ros'
[0.109s] Level 1:colcon.colcon_core.package_identification:_identify(src) by extensions ['cmake', 'python']
[0.109s] Level 1:colcon.colcon_core.package_identification:_identify(src) by extension 'cmake'
[0.109s] Level 1:colcon.colcon_core.package_identification:_identify(src) by extension 'python'
[0.109s] Level 1:colcon.colcon_core.package_identification:_identify(src) by extensions ['python_setup_py']
[0.109s] Level 1:colcon.colcon_core.package_identification:_identify(src) by extension 'python_setup_py'
[0.109s] Level 1:colcon.colcon_core.package_identification:_identify(src/robot) by extensions ['ignore', 'ignore_ament_install']
[0.109s] Level 1:colcon.colcon_core.package_identification:_identify(src/robot) by extension 'ignore'
[0.109s] Level 1:colcon.colcon_core.package_identification:_identify(src/robot) by extension 'ignore_ament_install'
[0.109s] Level 1:colcon.colcon_core.package_identification:_identify(src/robot) by extensions ['colcon_pkg']
[0.109s] Level 1:colcon.colcon_core.package_identification:_identify(src/robot) by extension 'colcon_pkg'
[0.109s] Level 1:colcon.colcon_core.package_identification:_identify(src/robot) by extensions ['colcon_meta']
[0.109s] Level 1:colcon.colcon_core.package_identification:_identify(src/robot) by extension 'colcon_meta'
[0.109s] Level 1:colcon.colcon_core.package_identification:_identify(src/robot) by extensions ['ros']
[0.109s] Level 1:colcon.colcon_core.package_identification:_identify(src/robot) by extension 'ros'
[0.111s] DEBUG:colcon.colcon_core.package_identification:Package 'src/robot' with type 'ros.ament_cmake' and name 'robot'
[0.111s] Level 1:colcon.colcon_core.package_identification:_identify(src/robot_sim) by extensions ['ignore', 'ignore_ament_install']
[0.111s] Level 1:colcon.colcon_core.package_identification:_identify(src/robot_sim) by extension 'ignore'
[0.111s] Level 1:colcon.colcon_core.package_identification:_identify(src/robot_sim) by extension 'ignore_ament_install'
[0.111s] Level 1:colcon.colcon_core.package_identification:_identify(src/robot_sim) by extensions ['colcon_pkg']
[0.111s] Level 1:colcon.colcon_core.package_identification:_identify(src/robot_sim) by extension 'colcon_pkg'
[0.111s] Level 1:colcon.colcon_core.package_identification:_identify(src/robot_sim) by extensions ['colcon_meta']
[0.111s] Level 1:colcon.colcon_core.package_identification:_identify(src/robot_sim) by extension 'colcon_meta'
[0.111s] Level 1:colcon.colcon_core.package_identification:_identify(src/robot_sim) by extensions ['ros']
[0.111s] Level 1:colcon.colcon_core.package_identification:_identify(src/robot_sim) by extension 'ros'
[0.112s] DEBUG:colcon.colcon_core.package_identification:Package 'src/robot_sim' with type 'ros.ament_cmake' and name 'robot_sim'
[0.112s] Level 1:colcon.colcon_core.package_identification:_identify(src/robot_sim_2) by extensions ['ignore', 'ignore_ament_install']
[0.112s] Level 1:colcon.colcon_core.package_identification:_identify(src/robot_sim_2) by extension 'ignore'
[0.112s] Level 1:colcon.colcon_core.package_identification:_identify(src/robot_sim_2) by extension 'ignore_ament_install'
[0.112s] Level 1:colcon.colcon_core.package_identification:_identify(src/robot_sim_2) by extensions ['colcon_pkg']
[0.112s] Level 1:colcon.colcon_core.package_identification:_identify(src/robot_sim_2) by extension 'colcon_pkg'
[0.112s] Level 1:colcon.colcon_core.package_identification:_identify(src/robot_sim_2) by extensions ['colcon_meta']
[0.112s] Level 1:colcon.colcon_core.package_identification:_identify(src/robot_sim_2) by extension 'colcon_meta'
[0.112s] Level 1:colcon.colcon_core.package_identification:_identify(src/robot_sim_2) by extensions ['ros']
[0.112s] Level 1:colcon.colcon_core.package_identification:_identify(src/robot_sim_2) by extension 'ros'
[0.113s] DEBUG:colcon.colcon_core.package_identification:Package 'src/robot_sim_2' with type 'ros.ament_cmake' and name 'robot_sim_2'
[0.113s] Level 1:colcon.colcon_core.package_identification:_identify(src/third_pkg) by extensions ['ignore', 'ignore_ament_install']
[0.113s] Level 1:colcon.colcon_core.package_identification:_identify(src/third_pkg) by extension 'ignore'
[0.113s] Level 1:colcon.colcon_core.package_identification:_identify(src/third_pkg) by extension 'ignore_ament_install'
[0.113s] Level 1:colcon.colcon_core.package_identification:_identify(src/third_pkg) by extensions ['colcon_pkg']
[0.113s] Level 1:colcon.colcon_core.package_identification:_identify(src/third_pkg) by extension 'colcon_pkg'
[0.113s] Level 1:colcon.colcon_core.package_identification:_identify(src/third_pkg) by extensions ['colcon_meta']
[0.113s] Level 1:colcon.colcon_core.package_identification:_identify(src/third_pkg) by extension 'colcon_meta'
[0.113s] Level 1:colcon.colcon_core.package_identification:_identify(src/third_pkg) by extensions ['ros']
[0.113s] Level 1:colcon.colcon_core.package_identification:_identify(src/third_pkg) by extension 'ros'
[0.113s] Level 1:colcon.colcon_core.package_identification:_identify(src/third_pkg) by extensions ['cmake', 'python']
[0.113s] Level 1:colcon.colcon_core.package_identification:_identify(src/third_pkg) by extension 'cmake'
[0.113s] Level 1:colcon.colcon_core.package_identification:_identify(src/third_pkg) by extension 'python'
[0.113s] Level 1:colcon.colcon_core.package_identification:_identify(src/third_pkg) by extensions ['python_setup_py']
[0.113s] Level 1:colcon.colcon_core.package_identification:_identify(src/third_pkg) by extension 'python_setup_py'
[0.114s] Level 1:colcon.colcon_core.package_identification:_identify(src/third_pkg/Serial_Linux) by extensions ['ignore', 'ignore_ament_install']
[0.114s] Level 1:colcon.colcon_core.package_identification:_identify(src/third_pkg/Serial_Linux) by extension 'ignore'
[0.114s] Level 1:colcon.colcon_core.package_identification:_identify(src/third_pkg/Serial_Linux) by extension 'ignore_ament_install'
[0.114s] Level 1:colcon.colcon_core.package_identification:_identify(src/third_pkg/Serial_Linux) by extensions ['colcon_pkg']
[0.114s] Level 1:colcon.colcon_core.package_identification:_identify(src/third_pkg/Serial_Linux) by extension 'colcon_pkg'
[0.114s] Level 1:colcon.colcon_core.package_identification:_identify(src/third_pkg/Serial_Linux) by extensions ['colcon_meta']
[0.114s] Level 1:colcon.colcon_core.package_identification:_identify(src/third_pkg/Serial_Linux) by extension 'colcon_meta'
[0.114s] Level 1:colcon.colcon_core.package_identification:_identify(src/third_pkg/Serial_Linux) by extensions ['ros']
[0.114s] Level 1:colcon.colcon_core.package_identification:_identify(src/third_pkg/Serial_Linux) by extension 'ros'
[0.114s] DEBUG:colcon.colcon_core.package_identification:Package 'src/third_pkg/Serial_Linux' with type 'ros.ament_cmake' and name 'serial_test'
[0.114s] Level 1:colcon.colcon_core.package_identification:_identify(src/third_pkg/ros_astra_camera) by extensions ['ignore', 'ignore_ament_install']
[0.114s] Level 1:colcon.colcon_core.package_identification:_identify(src/third_pkg/ros_astra_camera) by extension 'ignore'
[0.114s] Level 1:colcon.colcon_core.package_identification:_identify(src/third_pkg/ros_astra_camera) by extension 'ignore_ament_install'
[0.114s] Level 1:colcon.colcon_core.package_identification:_identify(src/third_pkg/ros_astra_camera) by extensions ['colcon_pkg']
[0.114s] Level 1:colcon.colcon_core.package_identification:_identify(src/third_pkg/ros_astra_camera) by extension 'colcon_pkg'
[0.114s] Level 1:colcon.colcon_core.package_identification:_identify(src/third_pkg/ros_astra_camera) by extensions ['colcon_meta']
[0.114s] Level 1:colcon.colcon_core.package_identification:_identify(src/third_pkg/ros_astra_camera) by extension 'colcon_meta'
[0.114s] Level 1:colcon.colcon_core.package_identification:_identify(src/third_pkg/ros_astra_camera) by extensions ['ros']
[0.115s] Level 1:colcon.colcon_core.package_identification:_identify(src/third_pkg/ros_astra_camera) by extension 'ros'
[0.115s] DEBUG:colcon.colcon_core.package_identification:Package 'src/third_pkg/ros_astra_camera' with type 'ros.ament_cmake' and name 'astra_camera'
[0.115s] Level 1:colcon.colcon_core.package_identification:_identify(src/third_pkg/rplidar_ros2) by extensions ['ignore', 'ignore_ament_install']
[0.115s] Level 1:colcon.colcon_core.package_identification:_identify(src/third_pkg/rplidar_ros2) by extension 'ignore'
[0.115s] Level 1:colcon.colcon_core.package_identification:_identify(src/third_pkg/rplidar_ros2) by extension 'ignore_ament_install'
[0.115s] Level 1:colcon.colcon_core.package_identification:_identify(src/third_pkg/rplidar_ros2) by extensions ['colcon_pkg']
[0.115s] Level 1:colcon.colcon_core.package_identification:_identify(src/third_pkg/rplidar_ros2) by extension 'colcon_pkg'
[0.115s] Level 1:colcon.colcon_core.package_identification:_identify(src/third_pkg/rplidar_ros2) by extensions ['colcon_meta']
[0.115s] Level 1:colcon.colcon_core.package_identification:_identify(src/third_pkg/rplidar_ros2) by extension 'colcon_meta'
[0.116s] Level 1:colcon.colcon_core.package_identification:_identify(src/third_pkg/rplidar_ros2) by extensions ['ros']
[0.116s] Level 1:colcon.colcon_core.package_identification:_identify(src/third_pkg/rplidar_ros2) by extension 'ros'
[0.116s] DEBUG:colcon.colcon_core.package_identification:Package 'src/third_pkg/rplidar_ros2' with type 'ros.ament_cmake' and name 'rplidar_ros2'
[0.116s] Level 1:colcon.colcon_core.package_identification:_identify(src/third_pkg/teleop_twist_keyboard) by extensions ['ignore', 'ignore_ament_install']
[0.116s] Level 1:colcon.colcon_core.package_identification:_identify(src/third_pkg/teleop_twist_keyboard) by extension 'ignore'
[0.116s] Level 1:colcon.colcon_core.package_identification:_identify(src/third_pkg/teleop_twist_keyboard) by extension 'ignore_ament_install'
[0.116s] Level 1:colcon.colcon_core.package_identification:_identify(src/third_pkg/teleop_twist_keyboard) by extensions ['colcon_pkg']
[0.116s] Level 1:colcon.colcon_core.package_identification:_identify(src/third_pkg/teleop_twist_keyboard) by extension 'colcon_pkg'
[0.116s] Level 1:colcon.colcon_core.package_identification:_identify(src/third_pkg/teleop_twist_keyboard) by extensions ['colcon_meta']
[0.116s] Level 1:colcon.colcon_core.package_identification:_identify(src/third_pkg/teleop_twist_keyboard) by extension 'colcon_meta'
[0.116s] Level 1:colcon.colcon_core.package_identification:_identify(src/third_pkg/teleop_twist_keyboard) by extensions ['ros']
[0.116s] Level 1:colcon.colcon_core.package_identification:_identify(src/third_pkg/teleop_twist_keyboard) by extension 'ros'
[0.117s] DEBUG:colcon.colcon_core.package_identification:Package 'src/third_pkg/teleop_twist_keyboard' with type 'ros.ament_python' and name 'teleop_twist_keyboard'
[0.117s] Level 1:colcon.colcon_core.package_discovery:discover_packages(recursive) using defaults
[0.117s] Level 1:colcon.colcon_core.package_discovery:discover_packages(ignore) discover
[0.117s] Level 1:colcon.colcon_core.package_discovery:discover_packages(ignore) using defaults
[0.117s] Level 1:colcon.colcon_core.package_discovery:discover_packages(path) discover
[0.117s] Level 1:colcon.colcon_core.package_discovery:discover_packages(path) using defaults
[0.130s] Level 5:colcon.colcon_core.verb:set package 'astra_camera' build argument 'cmake_args' from command line to 'None'
[0.130s] Level 5:colcon.colcon_core.verb:set package 'astra_camera' build argument 'cmake_target' from command line to 'None'
[0.130s] Level 5:colcon.colcon_core.verb:set package 'astra_camera' build argument 'cmake_target_skip_unavailable' from command line to 'False'
[0.130s] Level 5:colcon.colcon_core.verb:set package 'astra_camera' build argument 'cmake_clean_cache' from command line to 'False'
[0.130s] Level 5:colcon.colcon_core.verb:set package 'astra_camera' build argument 'cmake_clean_first' from command line to 'False'
[0.130s] Level 5:colcon.colcon_core.verb:set package 'astra_camera' build argument 'cmake_force_configure' from command line to 'False'
[0.130s] Level 5:colcon.colcon_core.verb:set package 'astra_camera' build argument 'ament_cmake_args' from command line to 'None'
[0.130s] Level 5:colcon.colcon_core.verb:set package 'astra_camera' build argument 'catkin_cmake_args' from command line to 'None'
[0.130s] Level 5:colcon.colcon_core.verb:set package 'astra_camera' build argument 'catkin_skip_building_tests' from command line to 'False'
[0.130s] DEBUG:colcon.colcon_core.verb:Building package 'astra_camera' with the following arguments: {'ament_cmake_args': None, 'build_base': '/home/fzq614/My_ROS_Robot/ROS-WorkSpace/ROS2-Robot-WS/build/astra_camera', 'catkin_cmake_args': None, 'catkin_skip_building_tests': False, 'cmake_args': None, 'cmake_clean_cache': False, 'cmake_clean_first': False, 'cmake_force_configure': False, 'cmake_target': None, 'cmake_target_skip_unavailable': False, 'install_base': '/home/fzq614/My_ROS_Robot/ROS-WorkSpace/ROS2-Robot-WS/install', 'merge_install': True, 'path': '/home/fzq614/My_ROS_Robot/ROS-WorkSpace/ROS2-Robot-WS/src/third_pkg/ros_astra_camera', 'symlink_install': True, 'test_result_base': None}
[0.130s] Level 5:colcon.colcon_core.verb:set package 'robot' build argument 'cmake_args' from command line to 'None'
[0.130s] Level 5:colcon.colcon_core.verb:set package 'robot' build argument 'cmake_target' from command line to 'None'
[0.130s] Level 5:colcon.colcon_core.verb:set package 'robot' build argument 'cmake_target_skip_unavailable' from command line to 'False'
[0.130s] Level 5:colcon.colcon_core.verb:set package 'robot' build argument 'cmake_clean_cache' from command line to 'False'
[0.130s] Level 5:colcon.colcon_core.verb:set package 'robot' build argument 'cmake_clean_first' from command line to 'False'
[0.130s] Level 5:colcon.colcon_core.verb:set package 'robot' build argument 'cmake_force_configure' from command line to 'False'
[0.130s] Level 5:colcon.colcon_core.verb:set package 'robot' build argument 'ament_cmake_args' from command line to 'None'
[0.131s] Level 5:colcon.colcon_core.verb:set package 'robot' build argument 'catkin_cmake_args' from command line to 'None'
[0.131s] Level 5:colcon.colcon_core.verb:set package 'robot' build argument 'catkin_skip_building_tests' from command line to 'False'
[0.131s] DEBUG:colcon.colcon_core.verb:Building package 'robot' with the following arguments: {'ament_cmake_args': None, 'build_base': '/home/fzq614/My_ROS_Robot/ROS-WorkSpace/ROS2-Robot-WS/build/robot', 'catkin_cmake_args': None, 'catkin_skip_building_tests': False, 'cmake_args': None, 'cmake_clean_cache': False, 'cmake_clean_first': False, 'cmake_force_configure': False, 'cmake_target': None, 'cmake_target_skip_unavailable': False, 'install_base': '/home/fzq614/My_ROS_Robot/ROS-WorkSpace/ROS2-Robot-WS/install', 'merge_install': True, 'path': '/home/fzq614/My_ROS_Robot/ROS-WorkSpace/ROS2-Robot-WS/src/robot', 'symlink_install': True, 'test_result_base': None}
[0.131s] Level 5:colcon.colcon_core.verb:set package 'robot_sim' build argument 'cmake_args' from command line to 'None'
[0.131s] Level 5:colcon.colcon_core.verb:set package 'robot_sim' build argument 'cmake_target' from command line to 'None'
[0.131s] Level 5:colcon.colcon_core.verb:set package 'robot_sim' build argument 'cmake_target_skip_unavailable' from command line to 'False'
[0.131s] Level 5:colcon.colcon_core.verb:set package 'robot_sim' build argument 'cmake_clean_cache' from command line to 'False'
[0.131s] Level 5:colcon.colcon_core.verb:set package 'robot_sim' build argument 'cmake_clean_first' from command line to 'False'
[0.131s] Level 5:colcon.colcon_core.verb:set package 'robot_sim' build argument 'cmake_force_configure' from command line to 'False'
[0.131s] Level 5:colcon.colcon_core.verb:set package 'robot_sim' build argument 'ament_cmake_args' from command line to 'None'
[0.131s] Level 5:colcon.colcon_core.verb:set package 'robot_sim' build argument 'catkin_cmake_args' from command line to 'None'
[0.131s] Level 5:colcon.colcon_core.verb:set package 'robot_sim' build argument 'catkin_skip_building_tests' from command line to 'False'
[0.131s] DEBUG:colcon.colcon_core.verb:Building package 'robot_sim' with the following arguments: {'ament_cmake_args': None, 'build_base': '/home/fzq614/My_ROS_Robot/ROS-WorkSpace/ROS2-Robot-WS/build/robot_sim', 'catkin_cmake_args': None, 'catkin_skip_building_tests': False, 'cmake_args': None, 'cmake_clean_cache': False, 'cmake_clean_first': False, 'cmake_force_configure': False, 'cmake_target': None, 'cmake_target_skip_unavailable': False, 'install_base': '/home/fzq614/My_ROS_Robot/ROS-WorkSpace/ROS2-Robot-WS/install', 'merge_install': True, 'path': '/home/fzq614/My_ROS_Robot/ROS-WorkSpace/ROS2-Robot-WS/src/robot_sim', 'symlink_install': True, 'test_result_base': None}
[0.132s] Level 5:colcon.colcon_core.verb:set package 'robot_sim_2' build argument 'cmake_args' from command line to 'None'
[0.132s] Level 5:colcon.colcon_core.verb:set package 'robot_sim_2' build argument 'cmake_target' from command line to 'None'
[0.132s] Level 5:colcon.colcon_core.verb:set package 'robot_sim_2' build argument 'cmake_target_skip_unavailable' from command line to 'False'
[0.132s] Level 5:colcon.colcon_core.verb:set package 'robot_sim_2' build argument 'cmake_clean_cache' from command line to 'False'
[0.132s] Level 5:colcon.colcon_core.verb:set package 'robot_sim_2' build argument 'cmake_clean_first' from command line to 'False'
[0.132s] Level 5:colcon.colcon_core.verb:set package 'robot_sim_2' build argument 'cmake_force_configure' from command line to 'False'
[0.132s] Level 5:colcon.colcon_core.verb:set package 'robot_sim_2' build argument 'ament_cmake_args' from command line to 'None'
[0.132s] Level 5:colcon.colcon_core.verb:set package 'robot_sim_2' build argument 'catkin_cmake_args' from command line to 'None'
[0.132s] Level 5:colcon.colcon_core.verb:set package 'robot_sim_2' build argument 'catkin_skip_building_tests' from command line to 'False'
[0.132s] DEBUG:colcon.colcon_core.verb:Building package 'robot_sim_2' with the following arguments: {'ament_cmake_args': None, 'build_base': '/home/fzq614/My_ROS_Robot/ROS-WorkSpace/ROS2-Robot-WS/build/robot_sim_2', 'catkin_cmake_args': None, 'catkin_skip_building_tests': False, 'cmake_args': None, 'cmake_clean_cache': False, 'cmake_clean_first': False, 'cmake_force_configure': False, 'cmake_target': None, 'cmake_target_skip_unavailable': False, 'install_base': '/home/fzq614/My_ROS_Robot/ROS-WorkSpace/ROS2-Robot-WS/install', 'merge_install': True, 'path': '/home/fzq614/My_ROS_Robot/ROS-WorkSpace/ROS2-Robot-WS/src/robot_sim_2', 'symlink_install': True, 'test_result_base': None}
[0.132s] Level 5:colcon.colcon_core.verb:set package 'rplidar_ros2' build argument 'cmake_args' from command line to 'None'
[0.132s] Level 5:colcon.colcon_core.verb:set package 'rplidar_ros2' build argument 'cmake_target' from command line to 'None'
[0.132s] Level 5:colcon.colcon_core.verb:set package 'rplidar_ros2' build argument 'cmake_target_skip_unavailable' from command line to 'False'
[0.132s] Level 5:colcon.colcon_core.verb:set package 'rplidar_ros2' build argument 'cmake_clean_cache' from command line to 'False'
[0.132s] Level 5:colcon.colcon_core.verb:set package 'rplidar_ros2' build argument 'cmake_clean_first' from command line to 'False'
[0.132s] Level 5:colcon.colcon_core.verb:set package 'rplidar_ros2' build argument 'cmake_force_configure' from command line to 'False'
[0.132s] Level 5:colcon.colcon_core.verb:set package 'rplidar_ros2' build argument 'ament_cmake_args' from command line to 'None'
[0.132s] Level 5:colcon.colcon_core.verb:set package 'rplidar_ros2' build argument 'catkin_cmake_args' from command line to 'None'
[0.132s] Level 5:colcon.colcon_core.verb:set package 'rplidar_ros2' build argument 'catkin_skip_building_tests' from command line to 'False'
[0.132s] DEBUG:colcon.colcon_core.verb:Building package 'rplidar_ros2' with the following arguments: {'ament_cmake_args': None, 'build_base': '/home/fzq614/My_ROS_Robot/ROS-WorkSpace/ROS2-Robot-WS/build/rplidar_ros2', 'catkin_cmake_args': None, 'catkin_skip_building_tests': False, 'cmake_args': None, 'cmake_clean_cache': False, 'cmake_clean_first': False, 'cmake_force_configure': False, 'cmake_target': None, 'cmake_target_skip_unavailable': False, 'install_base': '/home/fzq614/My_ROS_Robot/ROS-WorkSpace/ROS2-Robot-WS/install', 'merge_install': True, 'path': '/home/fzq614/My_ROS_Robot/ROS-WorkSpace/ROS2-Robot-WS/src/third_pkg/rplidar_ros2', 'symlink_install': True, 'test_result_base': None}
[0.133s] Level 5:colcon.colcon_core.verb:set package 'serial_test' build argument 'cmake_args' from command line to 'None'
[0.133s] Level 5:colcon.colcon_core.verb:set package 'serial_test' build argument 'cmake_target' from command line to 'None'
[0.133s] Level 5:colcon.colcon_core.verb:set package 'serial_test' build argument 'cmake_target_skip_unavailable' from command line to 'False'
[0.133s] Level 5:colcon.colcon_core.verb:set package 'serial_test' build argument 'cmake_clean_cache' from command line to 'False'
[0.133s] Level 5:colcon.colcon_core.verb:set package 'serial_test' build argument 'cmake_clean_first' from command line to 'False'
[0.133s] Level 5:colcon.colcon_core.verb:set package 'serial_test' build argument 'cmake_force_configure' from command line to 'False'
[0.133s] Level 5:colcon.colcon_core.verb:set package 'serial_test' build argument 'ament_cmake_args' from command line to 'None'
[0.133s] Level 5:colcon.colcon_core.verb:set package 'serial_test' build argument 'catkin_cmake_args' from command line to 'None'
[0.133s] Level 5:colcon.colcon_core.verb:set package 'serial_test' build argument 'catkin_skip_building_tests' from command line to 'False'
[0.133s] DEBUG:colcon.colcon_core.verb:Building package 'serial_test' with the following arguments: {'ament_cmake_args': None, 'build_base': '/home/fzq614/My_ROS_Robot/ROS-WorkSpace/ROS2-Robot-WS/build/serial_test', 'catkin_cmake_args': None, 'catkin_skip_building_tests': False, 'cmake_args': None, 'cmake_clean_cache': False, 'cmake_clean_first': False, 'cmake_force_configure': False, 'cmake_target': None, 'cmake_target_skip_unavailable': False, 'install_base': '/home/fzq614/My_ROS_Robot/ROS-WorkSpace/ROS2-Robot-WS/install', 'merge_install': True, 'path': '/home/fzq614/My_ROS_Robot/ROS-WorkSpace/ROS2-Robot-WS/src/third_pkg/Serial_Linux', 'symlink_install': True, 'test_result_base': None}
[0.133s] Level 5:colcon.colcon_core.verb:set package 'teleop_twist_keyboard' build argument 'cmake_args' from command line to 'None'
[0.133s] Level 5:colcon.colcon_core.verb:set package 'teleop_twist_keyboard' build argument 'cmake_target' from command line to 'None'
[0.133s] Level 5:colcon.colcon_core.verb:set package 'teleop_twist_keyboard' build argument 'cmake_target_skip_unavailable' from command line to 'False'
[0.133s] Level 5:colcon.colcon_core.verb:set package 'teleop_twist_keyboard' build argument 'cmake_clean_cache' from command line to 'False'
[0.133s] Level 5:colcon.colcon_core.verb:set package 'teleop_twist_keyboard' build argument 'cmake_clean_first' from command line to 'False'
[0.133s] Level 5:colcon.colcon_core.verb:set package 'teleop_twist_keyboard' build argument 'cmake_force_configure' from command line to 'False'
[0.133s] Level 5:colcon.colcon_core.verb:set package 'teleop_twist_keyboard' build argument 'ament_cmake_args' from command line to 'None'
[0.133s] Level 5:colcon.colcon_core.verb:set package 'teleop_twist_keyboard' build argument 'catkin_cmake_args' from command line to 'None'
[0.133s] Level 5:colcon.colcon_core.verb:set package 'teleop_twist_keyboard' build argument 'catkin_skip_building_tests' from command line to 'False'
[0.133s] DEBUG:colcon.colcon_core.verb:Building package 'teleop_twist_keyboard' with the following arguments: {'ament_cmake_args': None, 'build_base': '/home/fzq614/My_ROS_Robot/ROS-WorkSpace/ROS2-Robot-WS/build/teleop_twist_keyboard', 'catkin_cmake_args': None, 'catkin_skip_building_tests': False, 'cmake_args': None, 'cmake_clean_cache': False, 'cmake_clean_first': False, 'cmake_force_configure': False, 'cmake_target': None, 'cmake_target_skip_unavailable': False, 'install_base': '/home/fzq614/My_ROS_Robot/ROS-WorkSpace/ROS2-Robot-WS/install', 'merge_install': True, 'path': '/home/fzq614/My_ROS_Robot/ROS-WorkSpace/ROS2-Robot-WS/src/third_pkg/teleop_twist_keyboard', 'symlink_install': True, 'test_result_base': None}
[0.136s] WARNING:colcon.colcon_core.verb:Some selected packages are already built in one or more underlay workspaces:
	'astra_camera' is in: /home/fzq614/My_ROS_Robot/ROS-WorkSpace/ROS2-Robot-WS/install
	'robot' is in: /home/fzq614/My_ROS_Robot/ROS-WorkSpace/ROS2-Robot-WS/install
	'robot_sim' is in: /home/fzq614/My_ROS_Robot/ROS-WorkSpace/ROS2-Robot-WS/install
	'robot_sim_2' is in: /home/fzq614/My_ROS_Robot/ROS-WorkSpace/ROS2-Robot-WS/install
	'rplidar_ros2' is in: /home/fzq614/My_ROS_Robot/ROS-WorkSpace/ROS2-Robot-WS/install
	'serial_test' is in: /home/fzq614/My_ROS_Robot/ROS-WorkSpace/ROS2-Robot-WS/install
	'teleop_twist_keyboard' is in: /home/fzq614/My_ROS_Robot/ROS-WorkSpace/ROS2-Robot-WS/install, /opt/ros/galactic
If a package in a merged underlay workspace is overridden and it installs headers, then all packages in the overlay must sort their include directories by workspace order. Failure to do so may result in build failures or undefined behavior at run time.
If the overridden package is used by another package in any underlay, then the overriding package in the overlay must be API and ABI compatible or undefined behavior at run time may occur.

If you understand the risks and want to override a package anyways, add the following to the command line:
	--allow-overriding astra_camera robot robot_sim robot_sim_2 rplidar_ros2 serial_test teleop_twist_keyboard

This may be promoted to an error in a future release of colcon-core.
[0.136s] INFO:colcon.colcon_core.executor:Executing jobs using 'parallel' executor
[0.138s] DEBUG:colcon.colcon_parallel_executor.executor.parallel:run_until_complete
[0.138s] INFO:colcon.colcon_ros.task.ament_cmake.build:Building ROS package in '/home/fzq614/My_ROS_Robot/ROS-WorkSpace/ROS2-Robot-WS/src/third_pkg/ros_astra_camera' with build type 'ament_cmake'
[0.138s] INFO:colcon.colcon_cmake.task.cmake.build:Building CMake package in '/home/fzq614/My_ROS_Robot/ROS-WorkSpace/ROS2-Robot-WS/src/third_pkg/ros_astra_camera'
[0.141s] INFO:colcon.colcon_core.plugin_system:Skipping extension 'colcon_core.shell.bat': Not used on non-Windows systems
[0.141s] INFO:colcon.colcon_core.shell:Skip shell extension 'powershell' for command environment: Not usable outside of PowerShell
[0.141s] DEBUG:colcon.colcon_core.shell:Skip shell extension 'dsv' for command environment
[0.145s] INFO:colcon.colcon_ros.task.ament_cmake.build:Building ROS package in '/home/fzq614/My_ROS_Robot/ROS-WorkSpace/ROS2-Robot-WS/src/robot' with build type 'ament_cmake'
[0.145s] INFO:colcon.colcon_cmake.task.cmake.build:Building CMake package in '/home/fzq614/My_ROS_Robot/ROS-WorkSpace/ROS2-Robot-WS/src/robot'
[0.146s] INFO:colcon.colcon_core.shell:Skip shell extension 'powershell' for command environment: Not usable outside of PowerShell
[0.146s] DEBUG:colcon.colcon_core.shell:Skip shell extension 'dsv' for command environment
[0.150s] INFO:colcon.colcon_ros.task.ament_cmake.build:Building ROS package in '/home/fzq614/My_ROS_Robot/ROS-WorkSpace/ROS2-Robot-WS/src/robot_sim' with build type 'ament_cmake'
[0.150s] INFO:colcon.colcon_cmake.task.cmake.build:Building CMake package in '/home/fzq614/My_ROS_Robot/ROS-WorkSpace/ROS2-Robot-WS/src/robot_sim'
[0.151s] INFO:colcon.colcon_core.shell:Skip shell extension 'powershell' for command environment: Not usable outside of PowerShell
[0.151s] DEBUG:colcon.colcon_core.shell:Skip shell extension 'dsv' for command environment
[0.155s] INFO:colcon.colcon_ros.task.ament_cmake.build:Building ROS package in '/home/fzq614/My_ROS_Robot/ROS-WorkSpace/ROS2-Robot-WS/src/robot_sim_2' with build type 'ament_cmake'
[0.155s] INFO:colcon.colcon_cmake.task.cmake.build:Building CMake package in '/home/fzq614/My_ROS_Robot/ROS-WorkSpace/ROS2-Robot-WS/src/robot_sim_2'
[0.156s] INFO:colcon.colcon_core.shell:Skip shell extension 'powershell' for command environment: Not usable outside of PowerShell
[0.156s] DEBUG:colcon.colcon_core.shell:Skip shell extension 'dsv' for command environment
[0.166s] DEBUG:colcon.colcon_core.event_handler.log_command:Invoking command in '/home/fzq614/My_ROS_Robot/ROS-WorkSpace/ROS2-Robot-WS/build/astra_camera': CMAKE_PREFIX_PATH=${CMAKE_PREFIX_PATH}:/opt/ros/galactic /usr/bin/cmake --build /home/fzq614/My_ROS_Robot/ROS-WorkSpace/ROS2-Robot-WS/build/astra_camera -- -j4 -l4
[0.169s] DEBUG:colcon.colcon_core.event_handler.log_command:Invoking command in '/home/fzq614/My_ROS_Robot/ROS-WorkSpace/ROS2-Robot-WS/build/robot': CMAKE_PREFIX_PATH=${CMAKE_PREFIX_PATH}:/opt/ros/galactic /usr/bin/cmake --build /home/fzq614/My_ROS_Robot/ROS-WorkSpace/ROS2-Robot-WS/build/robot -- -j4 -l4
[0.174s] DEBUG:colcon.colcon_core.event_handler.log_command:Invoking command in '/home/fzq614/My_ROS_Robot/ROS-WorkSpace/ROS2-Robot-WS/build/robot_sim': CMAKE_PREFIX_PATH=${CMAKE_PREFIX_PATH}:/opt/ros/galactic /usr/bin/cmake --build /home/fzq614/My_ROS_Robot/ROS-WorkSpace/ROS2-Robot-WS/build/robot_sim -- -j4 -l4
[0.188s] DEBUG:colcon.colcon_core.event_handler.log_command:Invoking command in '/home/fzq614/My_ROS_Robot/ROS-WorkSpace/ROS2-Robot-WS/build/robot_sim_2': CMAKE_PREFIX_PATH=${CMAKE_PREFIX_PATH}:/opt/ros/galactic /usr/bin/cmake --build /home/fzq614/My_ROS_Robot/ROS-WorkSpace/ROS2-Robot-WS/build/robot_sim_2 -- -j4 -l4
[0.235s] DEBUG:colcon.colcon_core.event_handler.log_command:Invoked command in '/home/fzq614/My_ROS_Robot/ROS-WorkSpace/ROS2-Robot-WS/build/robot' returned '0': CMAKE_PREFIX_PATH=${CMAKE_PREFIX_PATH}:/opt/ros/galactic /usr/bin/cmake --build /home/fzq614/My_ROS_Robot/ROS-WorkSpace/ROS2-Robot-WS/build/robot -- -j4 -l4
[0.245s] DEBUG:colcon.colcon_core.event_handler.log_command:Invoked command in '/home/fzq614/My_ROS_Robot/ROS-WorkSpace/ROS2-Robot-WS/build/robot_sim' returned '0': CMAKE_PREFIX_PATH=${CMAKE_PREFIX_PATH}:/opt/ros/galactic /usr/bin/cmake --build /home/fzq614/My_ROS_Robot/ROS-WorkSpace/ROS2-Robot-WS/build/robot_sim -- -j4 -l4
[0.273s] DEBUG:colcon.colcon_core.event_handler.log_command:Invoked command in '/home/fzq614/My_ROS_Robot/ROS-WorkSpace/ROS2-Robot-WS/build/robot_sim_2' returned '0': CMAKE_PREFIX_PATH=${CMAKE_PREFIX_PATH}:/opt/ros/galactic /usr/bin/cmake --build /home/fzq614/My_ROS_Robot/ROS-WorkSpace/ROS2-Robot-WS/build/robot_sim_2 -- -j4 -l4
[0.293s] DEBUG:colcon.colcon_core.event_handler.log_command:Invoking command in '/home/fzq614/My_ROS_Robot/ROS-WorkSpace/ROS2-Robot-WS/build/robot': CMAKE_PREFIX_PATH=${CMAKE_PREFIX_PATH}:/opt/ros/galactic /usr/bin/cmake --install /home/fzq614/My_ROS_Robot/ROS-WorkSpace/ROS2-Robot-WS/build/robot
[0.297s] DEBUG:colcon.colcon_core.event_handler.log_command:Invoking command in '/home/fzq614/My_ROS_Robot/ROS-WorkSpace/ROS2-Robot-WS/build/robot_sim': CMAKE_PREFIX_PATH=${CMAKE_PREFIX_PATH}:/opt/ros/galactic /usr/bin/cmake --install /home/fzq614/My_ROS_Robot/ROS-WorkSpace/ROS2-Robot-WS/build/robot_sim
[0.300s] DEBUG:colcon.colcon_core.event_handler.log_command:Invoked command in '/home/fzq614/My_ROS_Robot/ROS-WorkSpace/ROS2-Robot-WS/build/astra_camera' returned '0': CMAKE_PREFIX_PATH=${CMAKE_PREFIX_PATH}:/opt/ros/galactic /usr/bin/cmake --build /home/fzq614/My_ROS_Robot/ROS-WorkSpace/ROS2-Robot-WS/build/astra_camera -- -j4 -l4
[0.304s] DEBUG:colcon.colcon_core.event_handler.log_command:Invoking command in '/home/fzq614/My_ROS_Robot/ROS-WorkSpace/ROS2-Robot-WS/build/robot_sim_2': CMAKE_PREFIX_PATH=${CMAKE_PREFIX_PATH}:/opt/ros/galactic /usr/bin/cmake --install /home/fzq614/My_ROS_Robot/ROS-WorkSpace/ROS2-Robot-WS/build/robot_sim_2
[0.320s] Level 1:colcon.colcon_core.environment:create_environment_scripts_only(robot)
[0.323s] Level 1:colcon.colcon_core.environment:checking '/home/fzq614/My_ROS_Robot/ROS-WorkSpace/ROS2-Robot-WS/install' for CMake module files
[0.323s] Level 1:colcon.colcon_core.environment:checking '/home/fzq614/My_ROS_Robot/ROS-WorkSpace/ROS2-Robot-WS/install' for CMake config files
[0.324s] Level 1:colcon.colcon_core.shell:create_environment_hook('robot', 'cmake_prefix_path')
[0.324s] INFO:colcon.colcon_core.shell:Creating environment hook '/home/fzq614/My_ROS_Robot/ROS-WorkSpace/ROS2-Robot-WS/install/share/robot/hook/cmake_prefix_path.ps1'
[0.326s] DEBUG:colcon.colcon_core.event_handler.log_command:Invoked command in '/home/fzq614/My_ROS_Robot/ROS-WorkSpace/ROS2-Robot-WS/build/robot' returned '0': CMAKE_PREFIX_PATH=${CMAKE_PREFIX_PATH}:/opt/ros/galactic /usr/bin/cmake --install /home/fzq614/My_ROS_Robot/ROS-WorkSpace/ROS2-Robot-WS/build/robot
[0.326s] INFO:colcon.colcon_core.shell:Creating environment descriptor '/home/fzq614/My_ROS_Robot/ROS-WorkSpace/ROS2-Robot-WS/install/share/robot/hook/cmake_prefix_path.dsv'
[0.327s] INFO:colcon.colcon_core.shell:Creating environment hook '/home/fzq614/My_ROS_Robot/ROS-WorkSpace/ROS2-Robot-WS/install/share/robot/hook/cmake_prefix_path.sh'
[0.328s] Level 1:colcon.colcon_core.environment:checking '/home/fzq614/My_ROS_Robot/ROS-WorkSpace/ROS2-Robot-WS/install/lib'
[0.328s] Level 1:colcon.colcon_core.environment:checking '/home/fzq614/My_ROS_Robot/ROS-WorkSpace/ROS2-Robot-WS/install/bin'
[0.328s] Level 1:colcon.colcon_core.environment:checking '/home/fzq614/My_ROS_Robot/ROS-WorkSpace/ROS2-Robot-WS/install/lib/pkgconfig/robot.pc'
[0.328s] Level 1:colcon.colcon_core.environment:checking '/home/fzq614/My_ROS_Robot/ROS-WorkSpace/ROS2-Robot-WS/install/lib/python3.8/site-packages'
[0.328s] Level 1:colcon.colcon_core.shell:create_environment_hook('robot', 'pythonpath')
[0.328s] INFO:colcon.colcon_core.shell:Creating environment hook '/home/fzq614/My_ROS_Robot/ROS-WorkSpace/ROS2-Robot-WS/install/share/robot/hook/pythonpath.ps1'
[0.329s] INFO:colcon.colcon_core.shell:Creating environment descriptor '/home/fzq614/My_ROS_Robot/ROS-WorkSpace/ROS2-Robot-WS/install/share/robot/hook/pythonpath.dsv'
[0.329s] INFO:colcon.colcon_core.shell:Creating environment hook '/home/fzq614/My_ROS_Robot/ROS-WorkSpace/ROS2-Robot-WS/install/share/robot/hook/pythonpath.sh'
[0.330s] INFO:colcon.colcon_core.shell:Creating package script '/home/fzq614/My_ROS_Robot/ROS-WorkSpace/ROS2-Robot-WS/install/share/robot/package.ps1'
[0.330s] INFO:colcon.colcon_core.shell:Creating package descriptor '/home/fzq614/My_ROS_Robot/ROS-WorkSpace/ROS2-Robot-WS/install/share/robot/package.dsv'
[0.331s] INFO:colcon.colcon_core.shell:Creating package script '/home/fzq614/My_ROS_Robot/ROS-WorkSpace/ROS2-Robot-WS/install/share/robot/package.sh'
[0.331s] INFO:colcon.colcon_core.shell:Creating package script '/home/fzq614/My_ROS_Robot/ROS-WorkSpace/ROS2-Robot-WS/install/share/robot/package.bash'
[0.332s] INFO:colcon.colcon_core.shell:Creating package script '/home/fzq614/My_ROS_Robot/ROS-WorkSpace/ROS2-Robot-WS/install/share/robot/package.zsh'
[0.332s] Level 1:colcon.colcon_core.environment:create_file_with_runtime_dependencies(/home/fzq614/My_ROS_Robot/ROS-WorkSpace/ROS2-Robot-WS/install/share/colcon-core/packages/robot)
[0.336s] Level 1:colcon.colcon_core.environment:create_environment_scripts_only(robot_sim)
[0.337s] DEBUG:colcon.colcon_core.event_handler.log_command:Invoked command in '/home/fzq614/My_ROS_Robot/ROS-WorkSpace/ROS2-Robot-WS/build/robot_sim' returned '0': CMAKE_PREFIX_PATH=${CMAKE_PREFIX_PATH}:/opt/ros/galactic /usr/bin/cmake --install /home/fzq614/My_ROS_Robot/ROS-WorkSpace/ROS2-Robot-WS/build/robot_sim
[0.337s] Level 1:colcon.colcon_core.environment:checking '/home/fzq614/My_ROS_Robot/ROS-WorkSpace/ROS2-Robot-WS/install' for CMake module files
[0.338s] Level 1:colcon.colcon_core.environment:checking '/home/fzq614/My_ROS_Robot/ROS-WorkSpace/ROS2-Robot-WS/install' for CMake config files
[0.338s] Level 1:colcon.colcon_core.shell:create_environment_hook('robot_sim', 'cmake_prefix_path')
[0.338s] INFO:colcon.colcon_core.shell:Creating environment hook '/home/fzq614/My_ROS_Robot/ROS-WorkSpace/ROS2-Robot-WS/install/share/robot_sim/hook/cmake_prefix_path.ps1'
[0.339s] INFO:colcon.colcon_core.shell:Creating environment descriptor '/home/fzq614/My_ROS_Robot/ROS-WorkSpace/ROS2-Robot-WS/install/share/robot_sim/hook/cmake_prefix_path.dsv'
[0.339s] INFO:colcon.colcon_core.shell:Creating environment hook '/home/fzq614/My_ROS_Robot/ROS-WorkSpace/ROS2-Robot-WS/install/share/robot_sim/hook/cmake_prefix_path.sh'
[0.340s] Level 1:colcon.colcon_core.environment:checking '/home/fzq614/My_ROS_Robot/ROS-WorkSpace/ROS2-Robot-WS/install/lib'
[0.340s] Level 1:colcon.colcon_core.environment:checking '/home/fzq614/My_ROS_Robot/ROS-WorkSpace/ROS2-Robot-WS/install/bin'
[0.340s] Level 1:colcon.colcon_core.environment:checking '/home/fzq614/My_ROS_Robot/ROS-WorkSpace/ROS2-Robot-WS/install/lib/pkgconfig/robot_sim.pc'
[0.340s] Level 1:colcon.colcon_core.environment:checking '/home/fzq614/My_ROS_Robot/ROS-WorkSpace/ROS2-Robot-WS/install/lib/python3.8/site-packages'
[0.340s] Level 1:colcon.colcon_core.shell:create_environment_hook('robot_sim', 'pythonpath')
[0.340s] INFO:colcon.colcon_core.shell:Creating environment hook '/home/fzq614/My_ROS_Robot/ROS-WorkSpace/ROS2-Robot-WS/install/share/robot_sim/hook/pythonpath.ps1'
[0.341s] INFO:colcon.colcon_core.shell:Creating environment descriptor '/home/fzq614/My_ROS_Robot/ROS-WorkSpace/ROS2-Robot-WS/install/share/robot_sim/hook/pythonpath.dsv'
[0.341s] INFO:colcon.colcon_core.shell:Creating environment hook '/home/fzq614/My_ROS_Robot/ROS-WorkSpace/ROS2-Robot-WS/install/share/robot_sim/hook/pythonpath.sh'
[0.342s] INFO:colcon.colcon_core.shell:Creating package script '/home/fzq614/My_ROS_Robot/ROS-WorkSpace/ROS2-Robot-WS/install/share/robot_sim/package.ps1'
[0.342s] INFO:colcon.colcon_core.shell:Creating package descriptor '/home/fzq614/My_ROS_Robot/ROS-WorkSpace/ROS2-Robot-WS/install/share/robot_sim/package.dsv'
[0.343s] INFO:colcon.colcon_core.shell:Creating package script '/home/fzq614/My_ROS_Robot/ROS-WorkSpace/ROS2-Robot-WS/install/share/robot_sim/package.sh'
[0.343s] INFO:colcon.colcon_core.shell:Creating package script '/home/fzq614/My_ROS_Robot/ROS-WorkSpace/ROS2-Robot-WS/install/share/robot_sim/package.bash'
[0.343s] INFO:colcon.colcon_core.shell:Creating package script '/home/fzq614/My_ROS_Robot/ROS-WorkSpace/ROS2-Robot-WS/install/share/robot_sim/package.zsh'
[0.344s] Level 1:colcon.colcon_core.environment:create_file_with_runtime_dependencies(/home/fzq614/My_ROS_Robot/ROS-WorkSpace/ROS2-Robot-WS/install/share/colcon-core/packages/robot_sim)
[0.346s] Level 1:colcon.colcon_core.environment:create_environment_scripts_only(robot_sim_2)
[0.347s] Level 1:colcon.colcon_core.environment:checking '/home/fzq614/My_ROS_Robot/ROS-WorkSpace/ROS2-Robot-WS/install' for CMake module files
[0.347s] DEBUG:colcon.colcon_core.event_handler.log_command:Invoked command in '/home/fzq614/My_ROS_Robot/ROS-WorkSpace/ROS2-Robot-WS/build/robot_sim_2' returned '0': CMAKE_PREFIX_PATH=${CMAKE_PREFIX_PATH}:/opt/ros/galactic /usr/bin/cmake --install /home/fzq614/My_ROS_Robot/ROS-WorkSpace/ROS2-Robot-WS/build/robot_sim_2
[0.348s] Level 1:colcon.colcon_core.environment:checking '/home/fzq614/My_ROS_Robot/ROS-WorkSpace/ROS2-Robot-WS/install' for CMake config files
[0.348s] Level 1:colcon.colcon_core.shell:create_environment_hook('robot_sim_2', 'cmake_prefix_path')
[0.348s] INFO:colcon.colcon_core.shell:Creating environment hook '/home/fzq614/My_ROS_Robot/ROS-WorkSpace/ROS2-Robot-WS/install/share/robot_sim_2/hook/cmake_prefix_path.ps1'
[0.349s] INFO:colcon.colcon_core.shell:Creating environment descriptor '/home/fzq614/My_ROS_Robot/ROS-WorkSpace/ROS2-Robot-WS/install/share/robot_sim_2/hook/cmake_prefix_path.dsv'
[0.349s] INFO:colcon.colcon_core.shell:Creating environment hook '/home/fzq614/My_ROS_Robot/ROS-WorkSpace/ROS2-Robot-WS/install/share/robot_sim_2/hook/cmake_prefix_path.sh'
[0.350s] Level 1:colcon.colcon_core.environment:checking '/home/fzq614/My_ROS_Robot/ROS-WorkSpace/ROS2-Robot-WS/install/lib'
[0.350s] Level 1:colcon.colcon_core.environment:checking '/home/fzq614/My_ROS_Robot/ROS-WorkSpace/ROS2-Robot-WS/install/bin'
[0.350s] Level 1:colcon.colcon_core.environment:checking '/home/fzq614/My_ROS_Robot/ROS-WorkSpace/ROS2-Robot-WS/install/lib/pkgconfig/robot_sim_2.pc'
[0.350s] Level 1:colcon.colcon_core.environment:checking '/home/fzq614/My_ROS_Robot/ROS-WorkSpace/ROS2-Robot-WS/install/lib/python3.8/site-packages'
[0.350s] Level 1:colcon.colcon_core.shell:create_environment_hook('robot_sim_2', 'pythonpath')
[0.350s] INFO:colcon.colcon_core.shell:Creating environment hook '/home/fzq614/My_ROS_Robot/ROS-WorkSpace/ROS2-Robot-WS/install/share/robot_sim_2/hook/pythonpath.ps1'
[0.351s] INFO:colcon.colcon_core.shell:Creating environment descriptor '/home/fzq614/My_ROS_Robot/ROS-WorkSpace/ROS2-Robot-WS/install/share/robot_sim_2/hook/pythonpath.dsv'
[0.351s] INFO:colcon.colcon_core.shell:Creating environment hook '/home/fzq614/My_ROS_Robot/ROS-WorkSpace/ROS2-Robot-WS/install/share/robot_sim_2/hook/pythonpath.sh'
[0.352s] INFO:colcon.colcon_core.shell:Creating package script '/home/fzq614/My_ROS_Robot/ROS-WorkSpace/ROS2-Robot-WS/install/share/robot_sim_2/package.ps1'
[0.352s] INFO:colcon.colcon_core.shell:Creating package descriptor '/home/fzq614/My_ROS_Robot/ROS-WorkSpace/ROS2-Robot-WS/install/share/robot_sim_2/package.dsv'
[0.352s] INFO:colcon.colcon_core.shell:Creating package script '/home/fzq614/My_ROS_Robot/ROS-WorkSpace/ROS2-Robot-WS/install/share/robot_sim_2/package.sh'
[0.353s] INFO:colcon.colcon_core.shell:Creating package script '/home/fzq614/My_ROS_Robot/ROS-WorkSpace/ROS2-Robot-WS/install/share/robot_sim_2/package.bash'
[0.353s] INFO:colcon.colcon_core.shell:Creating package script '/home/fzq614/My_ROS_Robot/ROS-WorkSpace/ROS2-Robot-WS/install/share/robot_sim_2/package.zsh'
[0.353s] Level 1:colcon.colcon_core.environment:create_file_with_runtime_dependencies(/home/fzq614/My_ROS_Robot/ROS-WorkSpace/ROS2-Robot-WS/install/share/colcon-core/packages/robot_sim_2)
[0.362s] Level 1:colcon.colcon_core.environment:create_environment_scripts_only(robot)
[0.362s] Level 1:colcon.colcon_core.environment:checking '/home/fzq614/My_ROS_Robot/ROS-WorkSpace/ROS2-Robot-WS/install' for CMake module files
[0.363s] Level 1:colcon.colcon_core.environment:checking '/home/fzq614/My_ROS_Robot/ROS-WorkSpace/ROS2-Robot-WS/install' for CMake config files
[0.363s] Level 1:colcon.colcon_core.shell:create_environment_hook('robot', 'cmake_prefix_path')
[0.363s] INFO:colcon.colcon_core.shell:Creating environment hook '/home/fzq614/My_ROS_Robot/ROS-WorkSpace/ROS2-Robot-WS/install/share/robot/hook/cmake_prefix_path.ps1'
[0.364s] INFO:colcon.colcon_core.shell:Creating environment descriptor '/home/fzq614/My_ROS_Robot/ROS-WorkSpace/ROS2-Robot-WS/install/share/robot/hook/cmake_prefix_path.dsv'
[0.364s] INFO:colcon.colcon_core.shell:Creating environment hook '/home/fzq614/My_ROS_Robot/ROS-WorkSpace/ROS2-Robot-WS/install/share/robot/hook/cmake_prefix_path.sh'
[0.365s] Level 1:colcon.colcon_core.environment:checking '/home/fzq614/My_ROS_Robot/ROS-WorkSpace/ROS2-Robot-WS/install/lib'
[0.365s] Level 1:colcon.colcon_core.environment:checking '/home/fzq614/My_ROS_Robot/ROS-WorkSpace/ROS2-Robot-WS/install/bin'
[0.365s] Level 1:colcon.colcon_core.environment:checking '/home/fzq614/My_ROS_Robot/ROS-WorkSpace/ROS2-Robot-WS/install/lib/pkgconfig/robot.pc'
[0.365s] Level 1:colcon.colcon_core.environment:checking '/home/fzq614/My_ROS_Robot/ROS-WorkSpace/ROS2-Robot-WS/install/lib/python3.8/site-packages'
[0.365s] Level 1:colcon.colcon_core.shell:create_environment_hook('robot', 'pythonpath')
[0.365s] INFO:colcon.colcon_core.shell:Creating environment hook '/home/fzq614/My_ROS_Robot/ROS-WorkSpace/ROS2-Robot-WS/install/share/robot/hook/pythonpath.ps1'
[0.366s] INFO:colcon.colcon_core.shell:Creating environment descriptor '/home/fzq614/My_ROS_Robot/ROS-WorkSpace/ROS2-Robot-WS/install/share/robot/hook/pythonpath.dsv'
[0.366s] INFO:colcon.colcon_core.shell:Creating environment hook '/home/fzq614/My_ROS_Robot/ROS-WorkSpace/ROS2-Robot-WS/install/share/robot/hook/pythonpath.sh'
[0.367s] INFO:colcon.colcon_core.shell:Creating package script '/home/fzq614/My_ROS_Robot/ROS-WorkSpace/ROS2-Robot-WS/install/share/robot/package.ps1'
[0.368s] INFO:colcon.colcon_core.shell:Creating package descriptor '/home/fzq614/My_ROS_Robot/ROS-WorkSpace/ROS2-Robot-WS/install/share/robot/package.dsv'
[0.368s] INFO:colcon.colcon_core.shell:Creating package script '/home/fzq614/My_ROS_Robot/ROS-WorkSpace/ROS2-Robot-WS/install/share/robot/package.sh'
[0.369s] INFO:colcon.colcon_core.shell:Creating package script '/home/fzq614/My_ROS_Robot/ROS-WorkSpace/ROS2-Robot-WS/install/share/robot/package.bash'
[0.369s] INFO:colcon.colcon_core.shell:Creating package script '/home/fzq614/My_ROS_Robot/ROS-WorkSpace/ROS2-Robot-WS/install/share/robot/package.zsh'
[0.369s] Level 1:colcon.colcon_core.environment:create_file_with_runtime_dependencies(/home/fzq614/My_ROS_Robot/ROS-WorkSpace/ROS2-Robot-WS/install/share/colcon-core/packages/robot)
[0.370s] INFO:colcon.colcon_ros.task.ament_cmake.build:Building ROS package in '/home/fzq614/My_ROS_Robot/ROS-WorkSpace/ROS2-Robot-WS/src/third_pkg/rplidar_ros2' with build type 'ament_cmake'
[0.370s] INFO:colcon.colcon_cmake.task.cmake.build:Building CMake package in '/home/fzq614/My_ROS_Robot/ROS-WorkSpace/ROS2-Robot-WS/src/third_pkg/rplidar_ros2'
[0.370s] INFO:colcon.colcon_core.shell:Skip shell extension 'powershell' for command environment: Not usable outside of PowerShell
[0.370s] DEBUG:colcon.colcon_core.shell:Skip shell extension 'dsv' for command environment
[0.385s] Level 1:colcon.colcon_core.environment:create_environment_scripts_only(robot_sim)
[0.386s] Level 1:colcon.colcon_core.environment:checking '/home/fzq614/My_ROS_Robot/ROS-WorkSpace/ROS2-Robot-WS/install' for CMake module files
[0.387s] DEBUG:colcon.colcon_core.event_handler.log_command:Invoking command in '/home/fzq614/My_ROS_Robot/ROS-WorkSpace/ROS2-Robot-WS/build/rplidar_ros2': CMAKE_PREFIX_PATH=${CMAKE_PREFIX_PATH}:/opt/ros/galactic /usr/bin/cmake --build /home/fzq614/My_ROS_Robot/ROS-WorkSpace/ROS2-Robot-WS/build/rplidar_ros2 -- -j4 -l4
[0.387s] Level 1:colcon.colcon_core.environment:checking '/home/fzq614/My_ROS_Robot/ROS-WorkSpace/ROS2-Robot-WS/install' for CMake config files
[0.387s] Level 1:colcon.colcon_core.shell:create_environment_hook('robot_sim', 'cmake_prefix_path')
[0.387s] INFO:colcon.colcon_core.shell:Creating environment hook '/home/fzq614/My_ROS_Robot/ROS-WorkSpace/ROS2-Robot-WS/install/share/robot_sim/hook/cmake_prefix_path.ps1'
[0.388s] INFO:colcon.colcon_core.shell:Creating environment descriptor '/home/fzq614/My_ROS_Robot/ROS-WorkSpace/ROS2-Robot-WS/install/share/robot_sim/hook/cmake_prefix_path.dsv'
[0.388s] INFO:colcon.colcon_core.shell:Creating environment hook '/home/fzq614/My_ROS_Robot/ROS-WorkSpace/ROS2-Robot-WS/install/share/robot_sim/hook/cmake_prefix_path.sh'
[0.389s] Level 1:colcon.colcon_core.environment:checking '/home/fzq614/My_ROS_Robot/ROS-WorkSpace/ROS2-Robot-WS/install/lib'
[0.389s] Level 1:colcon.colcon_core.environment:checking '/home/fzq614/My_ROS_Robot/ROS-WorkSpace/ROS2-Robot-WS/install/bin'
[0.389s] Level 1:colcon.colcon_core.environment:checking '/home/fzq614/My_ROS_Robot/ROS-WorkSpace/ROS2-Robot-WS/install/lib/pkgconfig/robot_sim.pc'
[0.389s] Level 1:colcon.colcon_core.environment:checking '/home/fzq614/My_ROS_Robot/ROS-WorkSpace/ROS2-Robot-WS/install/lib/python3.8/site-packages'
[0.389s] Level 1:colcon.colcon_core.shell:create_environment_hook('robot_sim', 'pythonpath')
[0.390s] INFO:colcon.colcon_core.shell:Creating environment hook '/home/fzq614/My_ROS_Robot/ROS-WorkSpace/ROS2-Robot-WS/install/share/robot_sim/hook/pythonpath.ps1'
[0.390s] INFO:colcon.colcon_core.shell:Creating environment descriptor '/home/fzq614/My_ROS_Robot/ROS-WorkSpace/ROS2-Robot-WS/install/share/robot_sim/hook/pythonpath.dsv'
[0.390s] INFO:colcon.colcon_core.shell:Creating environment hook '/home/fzq614/My_ROS_Robot/ROS-WorkSpace/ROS2-Robot-WS/install/share/robot_sim/hook/pythonpath.sh'
[0.391s] INFO:colcon.colcon_core.shell:Creating package script '/home/fzq614/My_ROS_Robot/ROS-WorkSpace/ROS2-Robot-WS/install/share/robot_sim/package.ps1'
[0.392s] INFO:colcon.colcon_core.shell:Creating package descriptor '/home/fzq614/My_ROS_Robot/ROS-WorkSpace/ROS2-Robot-WS/install/share/robot_sim/package.dsv'
[0.392s] INFO:colcon.colcon_core.shell:Creating package script '/home/fzq614/My_ROS_Robot/ROS-WorkSpace/ROS2-Robot-WS/install/share/robot_sim/package.sh'
[0.393s] INFO:colcon.colcon_core.shell:Creating package script '/home/fzq614/My_ROS_Robot/ROS-WorkSpace/ROS2-Robot-WS/install/share/robot_sim/package.bash'
[0.393s] INFO:colcon.colcon_core.shell:Creating package script '/home/fzq614/My_ROS_Robot/ROS-WorkSpace/ROS2-Robot-WS/install/share/robot_sim/package.zsh'
[0.393s] Level 1:colcon.colcon_core.environment:create_file_with_runtime_dependencies(/home/fzq614/My_ROS_Robot/ROS-WorkSpace/ROS2-Robot-WS/install/share/colcon-core/packages/robot_sim)
[0.395s] INFO:colcon.colcon_ros.task.ament_cmake.build:Building ROS package in '/home/fzq614/My_ROS_Robot/ROS-WorkSpace/ROS2-Robot-WS/src/third_pkg/Serial_Linux' with build type 'ament_cmake'
[0.395s] INFO:colcon.colcon_cmake.task.cmake.build:Building CMake package in '/home/fzq614/My_ROS_Robot/ROS-WorkSpace/ROS2-Robot-WS/src/third_pkg/Serial_Linux'
[0.395s] INFO:colcon.colcon_core.shell:Skip shell extension 'powershell' for command environment: Not usable outside of PowerShell
[0.395s] DEBUG:colcon.colcon_core.shell:Skip shell extension 'dsv' for command environment
[0.402s] DEBUG:colcon.colcon_core.event_handler.log_command:Invoking command in '/home/fzq614/My_ROS_Robot/ROS-WorkSpace/ROS2-Robot-WS/build/astra_camera': CMAKE_PREFIX_PATH=${CMAKE_PREFIX_PATH}:/opt/ros/galactic /usr/bin/cmake --install /home/fzq614/My_ROS_Robot/ROS-WorkSpace/ROS2-Robot-WS/build/astra_camera
[0.405s] Level 1:colcon.colcon_core.environment:create_environment_scripts_only(robot_sim_2)
[0.405s] Level 1:colcon.colcon_core.environment:checking '/home/fzq614/My_ROS_Robot/ROS-WorkSpace/ROS2-Robot-WS/install' for CMake module files
[0.406s] Level 1:colcon.colcon_core.environment:checking '/home/fzq614/My_ROS_Robot/ROS-WorkSpace/ROS2-Robot-WS/install' for CMake config files
[0.406s] Level 1:colcon.colcon_core.shell:create_environment_hook('robot_sim_2', 'cmake_prefix_path')
[0.406s] INFO:colcon.colcon_core.shell:Creating environment hook '/home/fzq614/My_ROS_Robot/ROS-WorkSpace/ROS2-Robot-WS/install/share/robot_sim_2/hook/cmake_prefix_path.ps1'
[0.407s] INFO:colcon.colcon_core.shell:Creating environment descriptor '/home/fzq614/My_ROS_Robot/ROS-WorkSpace/ROS2-Robot-WS/install/share/robot_sim_2/hook/cmake_prefix_path.dsv'
[0.407s] INFO:colcon.colcon_core.shell:Creating environment hook '/home/fzq614/My_ROS_Robot/ROS-WorkSpace/ROS2-Robot-WS/install/share/robot_sim_2/hook/cmake_prefix_path.sh'
[0.409s] Level 1:colcon.colcon_core.environment:checking '/home/fzq614/My_ROS_Robot/ROS-WorkSpace/ROS2-Robot-WS/install/lib'
[0.409s] Level 1:colcon.colcon_core.environment:checking '/home/fzq614/My_ROS_Robot/ROS-WorkSpace/ROS2-Robot-WS/install/bin'
[0.409s] Level 1:colcon.colcon_core.environment:checking '/home/fzq614/My_ROS_Robot/ROS-WorkSpace/ROS2-Robot-WS/install/lib/pkgconfig/robot_sim_2.pc'
[0.409s] Level 1:colcon.colcon_core.environment:checking '/home/fzq614/My_ROS_Robot/ROS-WorkSpace/ROS2-Robot-WS/install/lib/python3.8/site-packages'
[0.409s] Level 1:colcon.colcon_core.shell:create_environment_hook('robot_sim_2', 'pythonpath')
[0.409s] INFO:colcon.colcon_core.shell:Creating environment hook '/home/fzq614/My_ROS_Robot/ROS-WorkSpace/ROS2-Robot-WS/install/share/robot_sim_2/hook/pythonpath.ps1'
[0.409s] INFO:colcon.colcon_core.shell:Creating environment descriptor '/home/fzq614/My_ROS_Robot/ROS-WorkSpace/ROS2-Robot-WS/install/share/robot_sim_2/hook/pythonpath.dsv'
[0.410s] INFO:colcon.colcon_core.shell:Creating environment hook '/home/fzq614/My_ROS_Robot/ROS-WorkSpace/ROS2-Robot-WS/install/share/robot_sim_2/hook/pythonpath.sh'
[0.410s] INFO:colcon.colcon_core.shell:Creating package script '/home/fzq614/My_ROS_Robot/ROS-WorkSpace/ROS2-Robot-WS/install/share/robot_sim_2/package.ps1'
[0.411s] INFO:colcon.colcon_core.shell:Creating package descriptor '/home/fzq614/My_ROS_Robot/ROS-WorkSpace/ROS2-Robot-WS/install/share/robot_sim_2/package.dsv'
[0.411s] INFO:colcon.colcon_core.shell:Creating package script '/home/fzq614/My_ROS_Robot/ROS-WorkSpace/ROS2-Robot-WS/install/share/robot_sim_2/package.sh'
[0.412s] INFO:colcon.colcon_core.shell:Creating package script '/home/fzq614/My_ROS_Robot/ROS-WorkSpace/ROS2-Robot-WS/install/share/robot_sim_2/package.bash'
[0.412s] INFO:colcon.colcon_core.shell:Creating package script '/home/fzq614/My_ROS_Robot/ROS-WorkSpace/ROS2-Robot-WS/install/share/robot_sim_2/package.zsh'
[0.413s] Level 1:colcon.colcon_core.environment:create_file_with_runtime_dependencies(/home/fzq614/My_ROS_Robot/ROS-WorkSpace/ROS2-Robot-WS/install/share/colcon-core/packages/robot_sim_2)
[0.414s] INFO:colcon.colcon_ros.task.ament_python.build:Building ROS package in '/home/fzq614/My_ROS_Robot/ROS-WorkSpace/ROS2-Robot-WS/src/third_pkg/teleop_twist_keyboard' with build type 'ament_python'
[0.414s] Level 1:colcon.colcon_core.shell:create_environment_hook('teleop_twist_keyboard', 'ament_prefix_path')
[0.414s] INFO:colcon.colcon_core.shell:Creating environment hook '/home/fzq614/My_ROS_Robot/ROS-WorkSpace/ROS2-Robot-WS/install/share/teleop_twist_keyboard/hook/ament_prefix_path.ps1'
[0.415s] INFO:colcon.colcon_core.shell:Creating environment descriptor '/home/fzq614/My_ROS_Robot/ROS-WorkSpace/ROS2-Robot-WS/install/share/teleop_twist_keyboard/hook/ament_prefix_path.dsv'
[0.416s] INFO:colcon.colcon_core.shell:Creating environment hook '/home/fzq614/My_ROS_Robot/ROS-WorkSpace/ROS2-Robot-WS/install/share/teleop_twist_keyboard/hook/ament_prefix_path.sh'
[0.417s] INFO:colcon.colcon_core.shell:Skip shell extension 'powershell' for command environment: Not usable outside of PowerShell
[0.417s] DEBUG:colcon.colcon_core.shell:Skip shell extension 'dsv' for command environment
[0.431s] DEBUG:colcon.colcon_core.event_handler.log_command:Invoking command in '/home/fzq614/My_ROS_Robot/ROS-WorkSpace/ROS2-Robot-WS/build/serial_test': CMAKE_PREFIX_PATH=${CMAKE_PREFIX_PATH}:/opt/ros/galactic /usr/bin/cmake --build /home/fzq614/My_ROS_Robot/ROS-WorkSpace/ROS2-Robot-WS/build/serial_test -- -j4 -l4
[0.447s] Level 1:colcon.colcon_core.environment:create_environment_scripts_only(astra_camera)
[0.447s] Level 1:colcon.colcon_core.environment:checking '/home/fzq614/My_ROS_Robot/ROS-WorkSpace/ROS2-Robot-WS/install' for CMake module files
[0.448s] DEBUG:colcon.colcon_core.event_handler.log_command:Invoked command in '/home/fzq614/My_ROS_Robot/ROS-WorkSpace/ROS2-Robot-WS/build/astra_camera' returned '0': CMAKE_PREFIX_PATH=${CMAKE_PREFIX_PATH}:/opt/ros/galactic /usr/bin/cmake --install /home/fzq614/My_ROS_Robot/ROS-WorkSpace/ROS2-Robot-WS/build/astra_camera
[0.448s] Level 1:colcon.colcon_core.environment:checking '/home/fzq614/My_ROS_Robot/ROS-WorkSpace/ROS2-Robot-WS/install' for CMake config files
[0.448s] Level 1:colcon.colcon_core.shell:create_environment_hook('astra_camera', 'cmake_prefix_path')
[0.449s] INFO:colcon.colcon_core.shell:Creating environment hook '/home/fzq614/My_ROS_Robot/ROS-WorkSpace/ROS2-Robot-WS/install/share/astra_camera/hook/cmake_prefix_path.ps1'
[0.449s] INFO:colcon.colcon_core.shell:Creating environment descriptor '/home/fzq614/My_ROS_Robot/ROS-WorkSpace/ROS2-Robot-WS/install/share/astra_camera/hook/cmake_prefix_path.dsv'
[0.450s] INFO:colcon.colcon_core.shell:Creating environment hook '/home/fzq614/My_ROS_Robot/ROS-WorkSpace/ROS2-Robot-WS/install/share/astra_camera/hook/cmake_prefix_path.sh'
[0.450s] Level 1:colcon.colcon_core.environment:checking '/home/fzq614/My_ROS_Robot/ROS-WorkSpace/ROS2-Robot-WS/install/lib'
[0.450s] Level 1:colcon.colcon_core.environment:checking '/home/fzq614/My_ROS_Robot/ROS-WorkSpace/ROS2-Robot-WS/install/bin'
[0.450s] Level 1:colcon.colcon_core.environment:checking '/home/fzq614/My_ROS_Robot/ROS-WorkSpace/ROS2-Robot-WS/install/lib/pkgconfig/astra_camera.pc'
[0.450s] Level 1:colcon.colcon_core.environment:checking '/home/fzq614/My_ROS_Robot/ROS-WorkSpace/ROS2-Robot-WS/install/lib/python3.8/site-packages'
[0.450s] Level 1:colcon.colcon_core.shell:create_environment_hook('astra_camera', 'pythonpath')
[0.451s] INFO:colcon.colcon_core.shell:Creating environment hook '/home/fzq614/My_ROS_Robot/ROS-WorkSpace/ROS2-Robot-WS/install/share/astra_camera/hook/pythonpath.ps1'
[0.451s] INFO:colcon.colcon_core.shell:Creating environment descriptor '/home/fzq614/My_ROS_Robot/ROS-WorkSpace/ROS2-Robot-WS/install/share/astra_camera/hook/pythonpath.dsv'
[0.451s] INFO:colcon.colcon_core.shell:Creating environment hook '/home/fzq614/My_ROS_Robot/ROS-WorkSpace/ROS2-Robot-WS/install/share/astra_camera/hook/pythonpath.sh'
[0.452s] INFO:colcon.colcon_core.shell:Creating package script '/home/fzq614/My_ROS_Robot/ROS-WorkSpace/ROS2-Robot-WS/install/share/astra_camera/package.ps1'
[0.453s] INFO:colcon.colcon_core.shell:Creating package descriptor '/home/fzq614/My_ROS_Robot/ROS-WorkSpace/ROS2-Robot-WS/install/share/astra_camera/package.dsv'
[0.453s] INFO:colcon.colcon_core.shell:Creating package script '/home/fzq614/My_ROS_Robot/ROS-WorkSpace/ROS2-Robot-WS/install/share/astra_camera/package.sh'
[0.453s] INFO:colcon.colcon_core.shell:Creating package script '/home/fzq614/My_ROS_Robot/ROS-WorkSpace/ROS2-Robot-WS/install/share/astra_camera/package.bash'
[0.454s] INFO:colcon.colcon_core.shell:Creating package script '/home/fzq614/My_ROS_Robot/ROS-WorkSpace/ROS2-Robot-WS/install/share/astra_camera/package.zsh'
[0.454s] Level 1:colcon.colcon_core.environment:create_file_with_runtime_dependencies(/home/fzq614/My_ROS_Robot/ROS-WorkSpace/ROS2-Robot-WS/install/share/colcon-core/packages/astra_camera)
[0.618s] INFO:colcon.colcon_core.task.python.build:Building Python package in '/home/fzq614/My_ROS_Robot/ROS-WorkSpace/ROS2-Robot-WS/src/third_pkg/teleop_twist_keyboard'
[0.619s] INFO:colcon.colcon_core.shell:Skip shell extension 'powershell' for command environment: Not usable outside of PowerShell
[0.619s] DEBUG:colcon.colcon_core.shell:Skip shell extension 'dsv' for command environment
[0.625s] DEBUG:colcon.colcon_core.event_handler.log_command:Invoked command in '/home/fzq614/My_ROS_Robot/ROS-WorkSpace/ROS2-Robot-WS/build/rplidar_ros2' returned '0': CMAKE_PREFIX_PATH=${CMAKE_PREFIX_PATH}:/opt/ros/galactic /usr/bin/cmake --build /home/fzq614/My_ROS_Robot/ROS-WorkSpace/ROS2-Robot-WS/build/rplidar_ros2 -- -j4 -l4
[0.628s] Level 1:colcon.colcon_core.environment:create_environment_scripts_only(astra_camera)
[0.629s] Level 1:colcon.colcon_core.environment:checking '/home/fzq614/My_ROS_Robot/ROS-WorkSpace/ROS2-Robot-WS/install' for CMake module files
[0.629s] Level 1:colcon.colcon_core.environment:checking '/home/fzq614/My_ROS_Robot/ROS-WorkSpace/ROS2-Robot-WS/install' for CMake config files
[0.629s] Level 1:colcon.colcon_core.shell:create_environment_hook('astra_camera', 'cmake_prefix_path')
[0.630s] INFO:colcon.colcon_core.shell:Creating environment hook '/home/fzq614/My_ROS_Robot/ROS-WorkSpace/ROS2-Robot-WS/install/share/astra_camera/hook/cmake_prefix_path.ps1'
[0.630s] INFO:colcon.colcon_core.shell:Creating environment descriptor '/home/fzq614/My_ROS_Robot/ROS-WorkSpace/ROS2-Robot-WS/install/share/astra_camera/hook/cmake_prefix_path.dsv'
[0.631s] INFO:colcon.colcon_core.shell:Creating environment hook '/home/fzq614/My_ROS_Robot/ROS-WorkSpace/ROS2-Robot-WS/install/share/astra_camera/hook/cmake_prefix_path.sh'
[0.631s] Level 1:colcon.colcon_core.environment:checking '/home/fzq614/My_ROS_Robot/ROS-WorkSpace/ROS2-Robot-WS/install/lib'
[0.631s] Level 1:colcon.colcon_core.environment:checking '/home/fzq614/My_ROS_Robot/ROS-WorkSpace/ROS2-Robot-WS/install/bin'
[0.631s] Level 1:colcon.colcon_core.environment:checking '/home/fzq614/My_ROS_Robot/ROS-WorkSpace/ROS2-Robot-WS/install/lib/pkgconfig/astra_camera.pc'
[0.631s] Level 1:colcon.colcon_core.environment:checking '/home/fzq614/My_ROS_Robot/ROS-WorkSpace/ROS2-Robot-WS/install/lib/python3.8/site-packages'
[0.631s] Level 1:colcon.colcon_core.shell:create_environment_hook('astra_camera', 'pythonpath')
[0.632s] INFO:colcon.colcon_core.shell:Creating environment hook '/home/fzq614/My_ROS_Robot/ROS-WorkSpace/ROS2-Robot-WS/install/share/astra_camera/hook/pythonpath.ps1'
[0.632s] INFO:colcon.colcon_core.shell:Creating environment descriptor '/home/fzq614/My_ROS_Robot/ROS-WorkSpace/ROS2-Robot-WS/install/share/astra_camera/hook/pythonpath.dsv'
[0.632s] INFO:colcon.colcon_core.shell:Creating environment hook '/home/fzq614/My_ROS_Robot/ROS-WorkSpace/ROS2-Robot-WS/install/share/astra_camera/hook/pythonpath.sh'
[0.633s] INFO:colcon.colcon_core.shell:Creating package script '/home/fzq614/My_ROS_Robot/ROS-WorkSpace/ROS2-Robot-WS/install/share/astra_camera/package.ps1'
[0.633s] INFO:colcon.colcon_core.shell:Creating package descriptor '/home/fzq614/My_ROS_Robot/ROS-WorkSpace/ROS2-Robot-WS/install/share/astra_camera/package.dsv'
[0.633s] INFO:colcon.colcon_core.shell:Creating package script '/home/fzq614/My_ROS_Robot/ROS-WorkSpace/ROS2-Robot-WS/install/share/astra_camera/package.sh'
[0.634s] INFO:colcon.colcon_core.shell:Creating package script '/home/fzq614/My_ROS_Robot/ROS-WorkSpace/ROS2-Robot-WS/install/share/astra_camera/package.bash'
[0.634s] INFO:colcon.colcon_core.shell:Creating package script '/home/fzq614/My_ROS_Robot/ROS-WorkSpace/ROS2-Robot-WS/install/share/astra_camera/package.zsh'
[0.635s] Level 1:colcon.colcon_core.environment:create_file_with_runtime_dependencies(/home/fzq614/My_ROS_Robot/ROS-WorkSpace/ROS2-Robot-WS/install/share/colcon-core/packages/astra_camera)
[0.680s] DEBUG:colcon.colcon_core.event_handler.log_command:Invoking command in '/home/fzq614/My_ROS_Robot/ROS-WorkSpace/ROS2-Robot-WS/build/rplidar_ros2': CMAKE_PREFIX_PATH=${CMAKE_PREFIX_PATH}:/opt/ros/galactic /usr/bin/cmake --install /home/fzq614/My_ROS_Robot/ROS-WorkSpace/ROS2-Robot-WS/build/rplidar_ros2
[0.702s] Level 1:colcon.colcon_core.environment:create_environment_scripts_only(rplidar_ros2)
[0.702s] Level 1:colcon.colcon_core.environment:checking '/home/fzq614/My_ROS_Robot/ROS-WorkSpace/ROS2-Robot-WS/install' for CMake module files
[0.703s] DEBUG:colcon.colcon_core.event_handler.log_command:Invoked command in '/home/fzq614/My_ROS_Robot/ROS-WorkSpace/ROS2-Robot-WS/build/rplidar_ros2' returned '0': CMAKE_PREFIX_PATH=${CMAKE_PREFIX_PATH}:/opt/ros/galactic /usr/bin/cmake --install /home/fzq614/My_ROS_Robot/ROS-WorkSpace/ROS2-Robot-WS/build/rplidar_ros2
[0.703s] Level 1:colcon.colcon_core.environment:checking '/home/fzq614/My_ROS_Robot/ROS-WorkSpace/ROS2-Robot-WS/install' for CMake config files
[0.704s] Level 1:colcon.colcon_core.shell:create_environment_hook('rplidar_ros2', 'cmake_prefix_path')
[0.704s] INFO:colcon.colcon_core.shell:Creating environment hook '/home/fzq614/My_ROS_Robot/ROS-WorkSpace/ROS2-Robot-WS/install/share/rplidar_ros2/hook/cmake_prefix_path.ps1'
[0.705s] INFO:colcon.colcon_core.shell:Creating environment descriptor '/home/fzq614/My_ROS_Robot/ROS-WorkSpace/ROS2-Robot-WS/install/share/rplidar_ros2/hook/cmake_prefix_path.dsv'
[0.705s] INFO:colcon.colcon_core.shell:Creating environment hook '/home/fzq614/My_ROS_Robot/ROS-WorkSpace/ROS2-Robot-WS/install/share/rplidar_ros2/hook/cmake_prefix_path.sh'
[0.706s] Level 1:colcon.colcon_core.environment:checking '/home/fzq614/My_ROS_Robot/ROS-WorkSpace/ROS2-Robot-WS/install/lib'
[0.706s] Level 1:colcon.colcon_core.environment:checking '/home/fzq614/My_ROS_Robot/ROS-WorkSpace/ROS2-Robot-WS/install/bin'
[0.706s] Level 1:colcon.colcon_core.environment:checking '/home/fzq614/My_ROS_Robot/ROS-WorkSpace/ROS2-Robot-WS/install/lib/pkgconfig/rplidar_ros2.pc'
[0.706s] Level 1:colcon.colcon_core.environment:checking '/home/fzq614/My_ROS_Robot/ROS-WorkSpace/ROS2-Robot-WS/install/lib/python3.8/site-packages'
[0.706s] Level 1:colcon.colcon_core.shell:create_environment_hook('rplidar_ros2', 'pythonpath')
[0.706s] INFO:colcon.colcon_core.shell:Creating environment hook '/home/fzq614/My_ROS_Robot/ROS-WorkSpace/ROS2-Robot-WS/install/share/rplidar_ros2/hook/pythonpath.ps1'
[0.707s] INFO:colcon.colcon_core.shell:Creating environment descriptor '/home/fzq614/My_ROS_Robot/ROS-WorkSpace/ROS2-Robot-WS/install/share/rplidar_ros2/hook/pythonpath.dsv'
[0.707s] INFO:colcon.colcon_core.shell:Creating environment hook '/home/fzq614/My_ROS_Robot/ROS-WorkSpace/ROS2-Robot-WS/install/share/rplidar_ros2/hook/pythonpath.sh'
[0.708s] INFO:colcon.colcon_core.shell:Creating package script '/home/fzq614/My_ROS_Robot/ROS-WorkSpace/ROS2-Robot-WS/install/share/rplidar_ros2/package.ps1'
[0.708s] INFO:colcon.colcon_core.shell:Creating package descriptor '/home/fzq614/My_ROS_Robot/ROS-WorkSpace/ROS2-Robot-WS/install/share/rplidar_ros2/package.dsv'
[0.709s] INFO:colcon.colcon_core.shell:Creating package script '/home/fzq614/My_ROS_Robot/ROS-WorkSpace/ROS2-Robot-WS/install/share/rplidar_ros2/package.sh'
[0.709s] INFO:colcon.colcon_core.shell:Creating package script '/home/fzq614/My_ROS_Robot/ROS-WorkSpace/ROS2-Robot-WS/install/share/rplidar_ros2/package.bash'
[0.709s] INFO:colcon.colcon_core.shell:Creating package script '/home/fzq614/My_ROS_Robot/ROS-WorkSpace/ROS2-Robot-WS/install/share/rplidar_ros2/package.zsh'
[0.710s] Level 1:colcon.colcon_core.environment:create_file_with_runtime_dependencies(/home/fzq614/My_ROS_Robot/ROS-WorkSpace/ROS2-Robot-WS/install/share/colcon-core/packages/rplidar_ros2)
[0.754s] Level 1:colcon.colcon_core.environment:create_environment_scripts_only(rplidar_ros2)
[0.754s] Level 1:colcon.colcon_core.environment:checking '/home/fzq614/My_ROS_Robot/ROS-WorkSpace/ROS2-Robot-WS/install' for CMake module files
[0.755s] Level 1:colcon.colcon_core.environment:checking '/home/fzq614/My_ROS_Robot/ROS-WorkSpace/ROS2-Robot-WS/install' for CMake config files
[0.755s] Level 1:colcon.colcon_core.shell:create_environment_hook('rplidar_ros2', 'cmake_prefix_path')
[0.755s] INFO:colcon.colcon_core.shell:Creating environment hook '/home/fzq614/My_ROS_Robot/ROS-WorkSpace/ROS2-Robot-WS/install/share/rplidar_ros2/hook/cmake_prefix_path.ps1'
[0.756s] INFO:colcon.colcon_core.shell:Creating environment descriptor '/home/fzq614/My_ROS_Robot/ROS-WorkSpace/ROS2-Robot-WS/install/share/rplidar_ros2/hook/cmake_prefix_path.dsv'
[0.756s] INFO:colcon.colcon_core.shell:Creating environment hook '/home/fzq614/My_ROS_Robot/ROS-WorkSpace/ROS2-Robot-WS/install/share/rplidar_ros2/hook/cmake_prefix_path.sh'
[0.757s] Level 1:colcon.colcon_core.environment:checking '/home/fzq614/My_ROS_Robot/ROS-WorkSpace/ROS2-Robot-WS/install/lib'
[0.757s] Level 1:colcon.colcon_core.environment:checking '/home/fzq614/My_ROS_Robot/ROS-WorkSpace/ROS2-Robot-WS/install/bin'
[0.757s] Level 1:colcon.colcon_core.environment:checking '/home/fzq614/My_ROS_Robot/ROS-WorkSpace/ROS2-Robot-WS/install/lib/pkgconfig/rplidar_ros2.pc'
[0.757s] Level 1:colcon.colcon_core.environment:checking '/home/fzq614/My_ROS_Robot/ROS-WorkSpace/ROS2-Robot-WS/install/lib/python3.8/site-packages'
[0.757s] Level 1:colcon.colcon_core.shell:create_environment_hook('rplidar_ros2', 'pythonpath')
[0.757s] INFO:colcon.colcon_core.shell:Creating environment hook '/home/fzq614/My_ROS_Robot/ROS-WorkSpace/ROS2-Robot-WS/install/share/rplidar_ros2/hook/pythonpath.ps1'
[0.757s] INFO:colcon.colcon_core.shell:Creating environment descriptor '/home/fzq614/My_ROS_Robot/ROS-WorkSpace/ROS2-Robot-WS/install/share/rplidar_ros2/hook/pythonpath.dsv'
[0.758s] INFO:colcon.colcon_core.shell:Creating environment hook '/home/fzq614/My_ROS_Robot/ROS-WorkSpace/ROS2-Robot-WS/install/share/rplidar_ros2/hook/pythonpath.sh'
[0.758s] INFO:colcon.colcon_core.shell:Creating package script '/home/fzq614/My_ROS_Robot/ROS-WorkSpace/ROS2-Robot-WS/install/share/rplidar_ros2/package.ps1'
[0.759s] INFO:colcon.colcon_core.shell:Creating package descriptor '/home/fzq614/My_ROS_Robot/ROS-WorkSpace/ROS2-Robot-WS/install/share/rplidar_ros2/package.dsv'
[0.759s] INFO:colcon.colcon_core.shell:Creating package script '/home/fzq614/My_ROS_Robot/ROS-WorkSpace/ROS2-Robot-WS/install/share/rplidar_ros2/package.sh'
[0.759s] INFO:colcon.colcon_core.shell:Creating package script '/home/fzq614/My_ROS_Robot/ROS-WorkSpace/ROS2-Robot-WS/install/share/rplidar_ros2/package.bash'
[0.760s] INFO:colcon.colcon_core.shell:Creating package script '/home/fzq614/My_ROS_Robot/ROS-WorkSpace/ROS2-Robot-WS/install/share/rplidar_ros2/package.zsh'
[0.760s] Level 1:colcon.colcon_core.environment:create_file_with_runtime_dependencies(/home/fzq614/My_ROS_Robot/ROS-WorkSpace/ROS2-Robot-WS/install/share/colcon-core/packages/rplidar_ros2)
[0.987s] DEBUG:colcon.colcon_core.event_handler.log_command:Invoking command in '/home/fzq614/My_ROS_Robot/ROS-WorkSpace/ROS2-Robot-WS/build/teleop_twist_keyboard': PYTHONPATH=/home/fzq614/My_ROS_Robot/ROS-WorkSpace/ROS2-Robot-WS/install/lib/python3.8/site-packages:${PYTHONPATH} /usr/bin/python3 setup.py develop --prefix /home/fzq614/My_ROS_Robot/ROS-WorkSpace/ROS2-Robot-WS/install --editable --build-directory /home/fzq614/My_ROS_Robot/ROS-WorkSpace/ROS2-Robot-WS/build/teleop_twist_keyboard/build --no-deps install_data --install-dir /home/fzq614/My_ROS_Robot/ROS-WorkSpace/ROS2-Robot-WS/install
[1.308s] Level 1:colcon.colcon_core.shell:create_environment_hook('teleop_twist_keyboard', 'pythonpath_develop')
[1.309s] INFO:colcon.colcon_core.shell:Creating environment hook '/home/fzq614/My_ROS_Robot/ROS-WorkSpace/ROS2-Robot-WS/build/teleop_twist_keyboard/share/teleop_twist_keyboard/hook/pythonpath_develop.ps1'
[1.309s] DEBUG:colcon.colcon_core.event_handler.log_command:Invoked command in '/home/fzq614/My_ROS_Robot/ROS-WorkSpace/ROS2-Robot-WS/build/teleop_twist_keyboard' returned '0': PYTHONPATH=/home/fzq614/My_ROS_Robot/ROS-WorkSpace/ROS2-Robot-WS/install/lib/python3.8/site-packages:${PYTHONPATH} /usr/bin/python3 setup.py develop --prefix /home/fzq614/My_ROS_Robot/ROS-WorkSpace/ROS2-Robot-WS/install --editable --build-directory /home/fzq614/My_ROS_Robot/ROS-WorkSpace/ROS2-Robot-WS/build/teleop_twist_keyboard/build --no-deps install_data --install-dir /home/fzq614/My_ROS_Robot/ROS-WorkSpace/ROS2-Robot-WS/install
[1.310s] INFO:colcon.colcon_core.shell:Creating environment descriptor '/home/fzq614/My_ROS_Robot/ROS-WorkSpace/ROS2-Robot-WS/build/teleop_twist_keyboard/share/teleop_twist_keyboard/hook/pythonpath_develop.dsv'
[1.310s] INFO:colcon.colcon_core.shell:Creating environment hook '/home/fzq614/My_ROS_Robot/ROS-WorkSpace/ROS2-Robot-WS/build/teleop_twist_keyboard/share/teleop_twist_keyboard/hook/pythonpath_develop.sh'
[1.311s] Level 1:colcon.colcon_core.environment:checking '/home/fzq614/My_ROS_Robot/ROS-WorkSpace/ROS2-Robot-WS/install' for CMake module files
[1.312s] Level 1:colcon.colcon_core.environment:checking '/home/fzq614/My_ROS_Robot/ROS-WorkSpace/ROS2-Robot-WS/install' for CMake config files
[1.312s] Level 1:colcon.colcon_core.shell:create_environment_hook('teleop_twist_keyboard', 'cmake_prefix_path')
[1.312s] INFO:colcon.colcon_core.shell:Creating environment hook '/home/fzq614/My_ROS_Robot/ROS-WorkSpace/ROS2-Robot-WS/install/share/teleop_twist_keyboard/hook/cmake_prefix_path.ps1'
[1.313s] INFO:colcon.colcon_core.shell:Creating environment descriptor '/home/fzq614/My_ROS_Robot/ROS-WorkSpace/ROS2-Robot-WS/install/share/teleop_twist_keyboard/hook/cmake_prefix_path.dsv'
[1.313s] INFO:colcon.colcon_core.shell:Creating environment hook '/home/fzq614/My_ROS_Robot/ROS-WorkSpace/ROS2-Robot-WS/install/share/teleop_twist_keyboard/hook/cmake_prefix_path.sh'
[1.314s] Level 1:colcon.colcon_core.environment:checking '/home/fzq614/My_ROS_Robot/ROS-WorkSpace/ROS2-Robot-WS/install/lib'
[1.314s] Level 1:colcon.colcon_core.environment:checking '/home/fzq614/My_ROS_Robot/ROS-WorkSpace/ROS2-Robot-WS/install/bin'
[1.314s] Level 1:colcon.colcon_core.environment:checking '/home/fzq614/My_ROS_Robot/ROS-WorkSpace/ROS2-Robot-WS/install/lib/pkgconfig/teleop_twist_keyboard.pc'
[1.314s] Level 1:colcon.colcon_core.environment:checking '/home/fzq614/My_ROS_Robot/ROS-WorkSpace/ROS2-Robot-WS/install/lib/python3.8/site-packages'
[1.314s] Level 1:colcon.colcon_core.shell:create_environment_hook('teleop_twist_keyboard', 'pythonpath')
[1.314s] INFO:colcon.colcon_core.shell:Creating environment hook '/home/fzq614/My_ROS_Robot/ROS-WorkSpace/ROS2-Robot-WS/install/share/teleop_twist_keyboard/hook/pythonpath.ps1'
[1.314s] INFO:colcon.colcon_core.shell:Creating environment descriptor '/home/fzq614/My_ROS_Robot/ROS-WorkSpace/ROS2-Robot-WS/install/share/teleop_twist_keyboard/hook/pythonpath.dsv'
[1.315s] INFO:colcon.colcon_core.shell:Creating environment hook '/home/fzq614/My_ROS_Robot/ROS-WorkSpace/ROS2-Robot-WS/install/share/teleop_twist_keyboard/hook/pythonpath.sh'
[1.315s] Level 1:colcon.colcon_core.environment:create_environment_scripts_only(teleop_twist_keyboard)
[1.316s] INFO:colcon.colcon_core.shell:Creating package script '/home/fzq614/My_ROS_Robot/ROS-WorkSpace/ROS2-Robot-WS/install/share/teleop_twist_keyboard/package.ps1'
[1.316s] INFO:colcon.colcon_core.shell:Creating package descriptor '/home/fzq614/My_ROS_Robot/ROS-WorkSpace/ROS2-Robot-WS/install/share/teleop_twist_keyboard/package.dsv'
[1.317s] INFO:colcon.colcon_core.shell:Creating package script '/home/fzq614/My_ROS_Robot/ROS-WorkSpace/ROS2-Robot-WS/install/share/teleop_twist_keyboard/package.sh'
[1.317s] INFO:colcon.colcon_core.shell:Creating package script '/home/fzq614/My_ROS_Robot/ROS-WorkSpace/ROS2-Robot-WS/install/share/teleop_twist_keyboard/package.bash'
[1.317s] INFO:colcon.colcon_core.shell:Creating package script '/home/fzq614/My_ROS_Robot/ROS-WorkSpace/ROS2-Robot-WS/install/share/teleop_twist_keyboard/package.zsh'
[1.318s] Level 1:colcon.colcon_core.environment:create_file_with_runtime_dependencies(/home/fzq614/My_ROS_Robot/ROS-WorkSpace/ROS2-Robot-WS/install/share/colcon-core/packages/teleop_twist_keyboard)
[2.503s] DEBUG:colcon.colcon_core.event_handler.log_command:Invoked command in '/home/fzq614/My_ROS_Robot/ROS-WorkSpace/ROS2-Robot-WS/build/serial_test' returned '2': CMAKE_PREFIX_PATH=${CMAKE_PREFIX_PATH}:/opt/ros/galactic /usr/bin/cmake --build /home/fzq614/My_ROS_Robot/ROS-WorkSpace/ROS2-Robot-WS/build/serial_test -- -j4 -l4
[2.534s] Level 1:colcon.colcon_core.environment:create_environment_scripts_only(serial_test)
[2.534s] Level 1:colcon.colcon_core.environment:checking '/home/fzq614/My_ROS_Robot/ROS-WorkSpace/ROS2-Robot-WS/install' for CMake module files
[2.535s] Level 1:colcon.colcon_core.environment:checking '/home/fzq614/My_ROS_Robot/ROS-WorkSpace/ROS2-Robot-WS/install' for CMake config files
[2.535s] Level 1:colcon.colcon_core.shell:create_environment_hook('serial_test', 'cmake_prefix_path')
[2.535s] INFO:colcon.colcon_core.shell:Creating environment hook '/home/fzq614/My_ROS_Robot/ROS-WorkSpace/ROS2-Robot-WS/install/share/serial_test/hook/cmake_prefix_path.ps1'
[2.536s] INFO:colcon.colcon_core.shell:Creating environment descriptor '/home/fzq614/My_ROS_Robot/ROS-WorkSpace/ROS2-Robot-WS/install/share/serial_test/hook/cmake_prefix_path.dsv'
[2.536s] INFO:colcon.colcon_core.shell:Creating environment hook '/home/fzq614/My_ROS_Robot/ROS-WorkSpace/ROS2-Robot-WS/install/share/serial_test/hook/cmake_prefix_path.sh'
[2.537s] Level 1:colcon.colcon_core.environment:checking '/home/fzq614/My_ROS_Robot/ROS-WorkSpace/ROS2-Robot-WS/install/lib'
[2.537s] Level 1:colcon.colcon_core.environment:checking '/home/fzq614/My_ROS_Robot/ROS-WorkSpace/ROS2-Robot-WS/install/bin'
[2.537s] Level 1:colcon.colcon_core.environment:checking '/home/fzq614/My_ROS_Robot/ROS-WorkSpace/ROS2-Robot-WS/install/lib/pkgconfig/serial_test.pc'
[2.537s] Level 1:colcon.colcon_core.environment:checking '/home/fzq614/My_ROS_Robot/ROS-WorkSpace/ROS2-Robot-WS/install/lib/python3.8/site-packages'
[2.537s] Level 1:colcon.colcon_core.shell:create_environment_hook('serial_test', 'pythonpath')
[2.538s] INFO:colcon.colcon_core.shell:Creating environment hook '/home/fzq614/My_ROS_Robot/ROS-WorkSpace/ROS2-Robot-WS/install/share/serial_test/hook/pythonpath.ps1'
[2.538s] INFO:colcon.colcon_core.shell:Creating environment descriptor '/home/fzq614/My_ROS_Robot/ROS-WorkSpace/ROS2-Robot-WS/install/share/serial_test/hook/pythonpath.dsv'
[2.538s] INFO:colcon.colcon_core.shell:Creating environment hook '/home/fzq614/My_ROS_Robot/ROS-WorkSpace/ROS2-Robot-WS/install/share/serial_test/hook/pythonpath.sh'
[2.539s] INFO:colcon.colcon_core.shell:Creating package script '/home/fzq614/My_ROS_Robot/ROS-WorkSpace/ROS2-Robot-WS/install/share/serial_test/package.ps1'
[2.540s] INFO:colcon.colcon_core.shell:Creating package descriptor '/home/fzq614/My_ROS_Robot/ROS-WorkSpace/ROS2-Robot-WS/install/share/serial_test/package.dsv'
[2.540s] INFO:colcon.colcon_core.shell:Creating package script '/home/fzq614/My_ROS_Robot/ROS-WorkSpace/ROS2-Robot-WS/install/share/serial_test/package.sh'
[2.541s] INFO:colcon.colcon_core.shell:Creating package script '/home/fzq614/My_ROS_Robot/ROS-WorkSpace/ROS2-Robot-WS/install/share/serial_test/package.bash'
[2.541s] INFO:colcon.colcon_core.shell:Creating package script '/home/fzq614/My_ROS_Robot/ROS-WorkSpace/ROS2-Robot-WS/install/share/serial_test/package.zsh'
[2.541s] Level 1:colcon.colcon_core.environment:create_file_with_runtime_dependencies(/home/fzq614/My_ROS_Robot/ROS-WorkSpace/ROS2-Robot-WS/install/share/colcon-core/packages/serial_test)
[2.552s] DEBUG:colcon.colcon_parallel_executor.executor.parallel:closing loop
[2.552s] DEBUG:colcon.colcon_parallel_executor.executor.parallel:loop closed
[2.552s] DEBUG:colcon.colcon_parallel_executor.executor.parallel:run_until_complete finished with '2'
[2.552s] DEBUG:colcon.colcon_core.event_reactor:joining thread
[2.558s] INFO:colcon.colcon_core.plugin_system:Skipping extension 'colcon_notification.desktop_notification.terminal_notifier': Not used on non-Darwin systems
[2.558s] INFO:colcon.colcon_core.plugin_system:Skipping extension 'colcon_notification.desktop_notification.win32': Not used on non-Windows systems
[2.558s] INFO:colcon.colcon_notification.desktop_notification:Sending desktop notification using 'notify2'
[2.570s] DEBUG:colcon.colcon_core.event_reactor:joined thread
[2.570s] INFO:colcon.colcon_core.shell:Creating prefix script '/home/fzq614/My_ROS_Robot/ROS-WorkSpace/ROS2-Robot-WS/install/local_setup.ps1'
[2.571s] INFO:colcon.colcon_core.shell:Creating prefix util module '/home/fzq614/My_ROS_Robot/ROS-WorkSpace/ROS2-Robot-WS/install/_local_setup_util_ps1.py'
[2.572s] INFO:colcon.colcon_core.shell:Creating prefix chain script '/home/fzq614/My_ROS_Robot/ROS-WorkSpace/ROS2-Robot-WS/install/setup.ps1'
[2.573s] INFO:colcon.colcon_core.shell:Creating prefix script '/home/fzq614/My_ROS_Robot/ROS-WorkSpace/ROS2-Robot-WS/install/local_setup.sh'
[2.574s] INFO:colcon.colcon_core.shell:Creating prefix util module '/home/fzq614/My_ROS_Robot/ROS-WorkSpace/ROS2-Robot-WS/install/_local_setup_util_sh.py'
[2.574s] INFO:colcon.colcon_core.shell:Creating prefix chain script '/home/fzq614/My_ROS_Robot/ROS-WorkSpace/ROS2-Robot-WS/install/setup.sh'
[2.575s] INFO:colcon.colcon_core.shell:Creating prefix script '/home/fzq614/My_ROS_Robot/ROS-WorkSpace/ROS2-Robot-WS/install/local_setup.bash'
[2.575s] INFO:colcon.colcon_core.shell:Creating prefix chain script '/home/fzq614/My_ROS_Robot/ROS-WorkSpace/ROS2-Robot-WS/install/setup.bash'
[2.576s] INFO:colcon.colcon_core.shell:Creating prefix script '/home/fzq614/My_ROS_Robot/ROS-WorkSpace/ROS2-Robot-WS/install/local_setup.zsh'
[2.577s] INFO:colcon.colcon_core.shell:Creating prefix chain script '/home/fzq614/My_ROS_Robot/ROS-WorkSpace/ROS2-Robot-WS/install/setup.zsh'
