[0.862s] Invoking command in '/home/fzq614/My_ROS_Robot/ROS-WorkSpace/ROS2-Robot-WS/build/teleop_twist_keyboard': PYTHONPATH=/home/fzq614/My_ROS_Robot/ROS-WorkSpace/ROS2-Robot-WS/install/lib/python3.8/site-packages:${PYTHONPATH} /usr/bin/python3 setup.py develop --prefix /home/fzq614/My_ROS_Robot/ROS-WorkSpace/ROS2-Robot-WS/install --editable --build-directory /home/fzq614/My_ROS_Robot/ROS-WorkSpace/ROS2-Robot-WS/build/teleop_twist_keyboard/build --no-deps install_data --install-dir /home/fzq614/My_ROS_Robot/ROS-WorkSpace/ROS2-Robot-WS/install
[1.031s] running develop
[1.128s] running egg_info
[1.128s] creating teleop_twist_keyboard.egg-info
[1.132s] writing teleop_twist_keyboard.egg-info/PKG-INFO
[1.132s] writing dependency_links to teleop_twist_keyboard.egg-info/dependency_links.txt
[1.132s] writing entry points to teleop_twist_keyboard.egg-info/entry_points.txt
[1.132s] writing requirements to teleop_twist_keyboard.egg-info/requires.txt
[1.132s] writing top-level names to teleop_twist_keyboard.egg-info/top_level.txt
[1.133s] writing manifest file 'teleop_twist_keyboard.egg-info/SOURCES.txt'
[1.156s] reading manifest file 'teleop_twist_keyboard.egg-info/SOURCES.txt'
[1.156s] writing manifest file 'teleop_twist_keyboard.egg-info/SOURCES.txt'
[1.180s] running build_ext
[1.181s] Creating /home/fzq614/My_ROS_Robot/ROS-WorkSpace/ROS2-Robot-WS/install/lib/python3.8/site-packages/site.py
[1.183s] Creating /home/fzq614/My_ROS_Robot/ROS-WorkSpace/ROS2-Robot-WS/install/lib/python3.8/site-packages/teleop-twist-keyboard.egg-link (link to .)
[1.184s] Installing teleop_twist_keyboard script to /home/fzq614/My_ROS_Robot/ROS-WorkSpace/ROS2-Robot-WS/install/lib/teleop_twist_keyboard
[1.184s] 
[1.184s] Installed /home/fzq614/My_ROS_Robot/ROS-WorkSpace/ROS2-Robot-WS/build/teleop_twist_keyboard
[1.184s] running install_data
[1.184s] copying resource/teleop_twist_keyboard -> /home/fzq614/My_ROS_Robot/ROS-WorkSpace/ROS2-Robot-WS/install/share/ament_index/resource_index/packages
[1.184s] copying package.xml -> /home/fzq614/My_ROS_Robot/ROS-WorkSpace/ROS2-Robot-WS/install/share/teleop_twist_keyboard
[1.211s] Invoked command in '/home/fzq614/My_ROS_Robot/ROS-WorkSpace/ROS2-Robot-WS/build/teleop_twist_keyboard' returned '0': PYTHONPATH=/home/fzq614/My_ROS_Robot/ROS-WorkSpace/ROS2-Robot-WS/install/lib/python3.8/site-packages:${PYTHONPATH} /usr/bin/python3 setup.py develop --prefix /home/fzq614/My_ROS_Robot/ROS-WorkSpace/ROS2-Robot-WS/install --editable --build-directory /home/fzq614/My_ROS_Robot/ROS-WorkSpace/ROS2-Robot-WS/build/teleop_twist_keyboard/build --no-deps install_data --install-dir /home/fzq614/My_ROS_Robot/ROS-WorkSpace/ROS2-Robot-WS/install
