make[2]: *** No rule to make target '/home/fzq614/My_ROS_Robot/ROS-WorkSpace/ROS2-Robot-WS/src/third_pkg/ros_astra_camera/src/astra_device_type.cpp', needed by 'CMakeFiles/astra_driver_lib.dir/src/astra_device_type.cpp.o'.  Stop.
make[2]: *** Waiting for unfinished jobs....
make[2]: *** No rule to make target '/home/fzq614/My_ROS_Robot/ROS-WorkSpace/ROS2-Robot-WS/src/third_pkg/ros_astra_camera/src/astra_device_type.cpp', needed by 'CMakeFiles/astra_wrapper.dir/src/astra_device_type.cpp.o'.  Stop.
make[2]: *** Waiting for unfinished jobs....
In file included from [01m[K/home/fzq614/My_ROS_Robot/ROS-WorkSpace/ROS2-Robot-WS/src/third_pkg/ros_astra_camera/include/astra_camera/astra_frame_listener.h:36[m[K,
                 from [01m[K/home/fzq614/My_ROS_Robot/ROS-WorkSpace/ROS2-Robot-WS/src/third_pkg/ros_astra_camera/src/astra_frame_listener.cpp:32[m[K:
[01m[K/home/fzq614/My_ROS_Robot/ROS-WorkSpace/ROS2-Robot-WS/src/third_pkg/ros_astra_camera/include/astra_camera/astra_device.h:68:46:[m[K [01;31m[Kerror: [m[KISO C++17 does not allow dynamic exception specifications
   AstraDevice(const std::string& device_URI) [01;31m[Kthrow[m[K (AstraException);
                                              [01;31m[K^~~~~[m[K
[01m[K/home/fzq614/My_ROS_Robot/ROS-WorkSpace/ROS2-Robot-WS/src/third_pkg/ros_astra_camera/include/astra_camera/astra_device.h:100:47:[m[K [01;31m[Kerror: [m[KISO C++17 does not allow dynamic exception specifications
   void setImageRegistrationMode(bool enabled) [01;31m[Kthrow[m[K (AstraException);
                                               [01;31m[K^~~~~[m[K
[01m[K/home/fzq614/My_ROS_Robot/ROS-WorkSpace/ROS2-Robot-WS/src/third_pkg/ros_astra_camera/include/astra_camera/astra_device.h:101:40:[m[K [01;31m[Kerror: [m[KISO C++17 does not allow dynamic exception specifications
   void setDepthColorSync(bool enabled) [01;31m[Kthrow[m[K (AstraException);
                                        [01;31m[K^~~~~[m[K
[01m[K/home/fzq614/My_ROS_Robot/ROS-WorkSpace/ROS2-Robot-WS/src/third_pkg/ros_astra_camera/include/astra_camera/astra_device.h:103:41:[m[K [01;31m[Kerror: [m[KISO C++17 does not allow dynamic exception specifications
   const AstraVideoMode getIRVideoMode() [01;31m[Kthrow[m[K (AstraException);
                                         [01;31m[K^~~~~[m[K
[01m[K/home/fzq614/My_ROS_Robot/ROS-WorkSpace/ROS2-Robot-WS/src/third_pkg/ros_astra_camera/include/astra_camera/astra_device.h:104:44:[m[K [01;31m[Kerror: [m[KISO C++17 does not allow dynamic exception specifications
   const AstraVideoMode getColorVideoMode() [01;31m[Kthrow[m[K (AstraException);
                                            [01;31m[K^~~~~[m[K
[01m[K/home/fzq614/My_ROS_Robot/ROS-WorkSpace/ROS2-Robot-WS/src/third_pkg/ros_astra_camera/include/astra_camera/astra_device.h:105:44:[m[K [01;31m[Kerror: [m[KISO C++17 does not allow dynamic exception specifications
   const AstraVideoMode getDepthVideoMode() [01;31m[Kthrow[m[K (AstraException);
                                            [01;31m[K^~~~~[m[K
[01m[K/home/fzq614/My_ROS_Robot/ROS-WorkSpace/ROS2-Robot-WS/src/third_pkg/ros_astra_camera/include/astra_camera/astra_device.h:115:57:[m[K [01;31m[Kerror: [m[KISO C++17 does not allow dynamic exception specifications
   void setIRVideoMode(const AstraVideoMode& video_mode) [01;31m[Kthrow[m[K (AstraException);
                                                         [01;31m[K^~~~~[m[K
[01m[K/home/fzq614/My_ROS_Robot/ROS-WorkSpace/ROS2-Robot-WS/src/third_pkg/ros_astra_camera/include/astra_camera/astra_device.h:116:60:[m[K [01;31m[Kerror: [m[KISO C++17 does not allow dynamic exception specifications
   void setColorVideoMode(const AstraVideoMode& video_mode) [01;31m[Kthrow[m[K (AstraException);
                                                            [01;31m[K^~~~~[m[K
[01m[K/home/fzq614/My_ROS_Robot/ROS-WorkSpace/ROS2-Robot-WS/src/third_pkg/ros_astra_camera/include/astra_camera/astra_device.h:117:60:[m[K [01;31m[Kerror: [m[KISO C++17 does not allow dynamic exception specifications
   void setDepthVideoMode(const AstraVideoMode& video_mode) [01;31m[Kthrow[m[K (AstraException);
                                                            [01;31m[K^~~~~[m[K
[01m[K/home/fzq614/My_ROS_Robot/ROS-WorkSpace/ROS2-Robot-WS/src/third_pkg/ros_astra_camera/include/astra_camera/astra_device.h:127:37:[m[K [01;31m[Kerror: [m[KISO C++17 does not allow dynamic exception specifications
   void setAutoExposure(bool enable) [01;31m[Kthrow[m[K (AstraException);
                                     [01;31m[K^~~~~[m[K
[01m[K/home/fzq614/My_ROS_Robot/ROS-WorkSpace/ROS2-Robot-WS/src/third_pkg/ros_astra_camera/include/astra_camera/astra_device.h:128:41:[m[K [01;31m[Kerror: [m[KISO C++17 does not allow dynamic exception specifications
   void setAutoWhiteBalance(bool enable) [01;31m[Kthrow[m[K (AstraException);
                                         [01;31m[K^~~~~[m[K
[01m[K/home/fzq614/My_ROS_Robot/ROS-WorkSpace/ROS2-Robot-WS/src/third_pkg/ros_astra_camera/include/astra_camera/astra_device.h:138:67:[m[K [01;31m[Kerror: [m[KISO C++17 does not allow dynamic exception specifications
   boost::shared_ptr<openni::VideoStream> getIRVideoStream() const [01;31m[Kthrow[m[K (AstraException);
                                                                   [01;31m[K^~~~~[m[K
[01m[K/home/fzq614/My_ROS_Robot/ROS-WorkSpace/ROS2-Robot-WS/src/third_pkg/ros_astra_camera/include/astra_camera/astra_device.h:139:70:[m[K [01;31m[Kerror: [m[KISO C++17 does not allow dynamic exception specifications
   boost::shared_ptr<openni::VideoStream> getColorVideoStream() const [01;31m[Kthrow[m[K (AstraException);
                                                                      [01;31m[K^~~~~[m[K
[01m[K/home/fzq614/My_ROS_Robot/ROS-WorkSpace/ROS2-Robot-WS/src/third_pkg/ros_astra_camera/include/astra_camera/astra_device.h:140:70:[m[K [01;31m[Kerror: [m[KISO C++17 does not allow dynamic exception specifications
   boost::shared_ptr<openni::VideoStream> getDepthVideoStream() const [01;31m[Kthrow[m[K (AstraException);
                                                                      [01;31m[K^~~~~[m[K
make[2]: *** [CMakeFiles/astra_wrapper.dir/build.make:115: CMakeFiles/astra_wrapper.dir/src/astra_frame_listener.cpp.o] Error 1
In file included from [01m[K/home/fzq614/My_ROS_Robot/ROS-WorkSpace/ROS2-Robot-WS/src/third_pkg/ros_astra_camera/include/astra_camera/astra_driver.h:56[m[K,
                 from [01m[K/home/fzq614/My_ROS_Robot/ROS-WorkSpace/ROS2-Robot-WS/src/third_pkg/ros_astra_camera/src/astra_driver.cpp:33[m[K:
[01m[K/home/fzq614/My_ROS_Robot/ROS-WorkSpace/ROS2-Robot-WS/src/third_pkg/ros_astra_camera/include/astra_camera/astra_device.h:68:46:[m[K [01;31m[Kerror: [m[KISO C++17 does not allow dynamic exception specifications
   AstraDevice(const std::string& device_URI) [01;31m[Kthrow[m[K (AstraException);
                                              [01;31m[K^~~~~[m[K
[01m[K/home/fzq614/My_ROS_Robot/ROS-WorkSpace/ROS2-Robot-WS/src/third_pkg/ros_astra_camera/include/astra_camera/astra_device.h:100:47:[m[K [01;31m[Kerror: [m[KISO C++17 does not allow dynamic exception specifications
   void setImageRegistrationMode(bool enabled) [01;31m[Kthrow[m[K (AstraException);
                                               [01;31m[K^~~~~[m[K
[01m[K/home/fzq614/My_ROS_Robot/ROS-WorkSpace/ROS2-Robot-WS/src/third_pkg/ros_astra_camera/include/astra_camera/astra_device.h:101:40:[m[K [01;31m[Kerror: [m[KISO C++17 does not allow dynamic exception specifications
   void setDepthColorSync(bool enabled) [01;31m[Kthrow[m[K (AstraException);
                                        [01;31m[K^~~~~[m[K
[01m[K/home/fzq614/My_ROS_Robot/ROS-WorkSpace/ROS2-Robot-WS/src/third_pkg/ros_astra_camera/include/astra_camera/astra_device.h:103:41:[m[K [01;31m[Kerror: [m[KISO C++17 does not allow dynamic exception specifications
   const AstraVideoMode getIRVideoMode() [01;31m[Kthrow[m[K (AstraException);
                                         [01;31m[K^~~~~[m[K
[01m[K/home/fzq614/My_ROS_Robot/ROS-WorkSpace/ROS2-Robot-WS/src/third_pkg/ros_astra_camera/include/astra_camera/astra_device.h:104:44:[m[K [01;31m[Kerror: [m[KISO C++17 does not allow dynamic exception specifications
   const AstraVideoMode getColorVideoMode() [01;31m[Kthrow[m[K (AstraException);
                                            [01;31m[K^~~~~[m[K
[01m[K/home/fzq614/My_ROS_Robot/ROS-WorkSpace/ROS2-Robot-WS/src/third_pkg/ros_astra_camera/include/astra_camera/astra_device.h:105:44:[m[K [01;31m[Kerror: [m[KISO C++17 does not allow dynamic exception specifications
   const AstraVideoMode getDepthVideoMode() [01;31m[Kthrow[m[K (AstraException);
                                            [01;31m[K^~~~~[m[K
[01m[K/home/fzq614/My_ROS_Robot/ROS-WorkSpace/ROS2-Robot-WS/src/third_pkg/ros_astra_camera/include/astra_camera/astra_device.h:115:57:[m[K [01;31m[Kerror: [m[KISO C++17 does not allow dynamic exception specifications
   void setIRVideoMode(const AstraVideoMode& video_mode) [01;31m[Kthrow[m[K (AstraException);
                                                         [01;31m[K^~~~~[m[K
[01m[K/home/fzq614/My_ROS_Robot/ROS-WorkSpace/ROS2-Robot-WS/src/third_pkg/ros_astra_camera/include/astra_camera/astra_device.h:116:60:[m[K [01;31m[Kerror: [m[KISO C++17 does not allow dynamic exception specifications
   void setColorVideoMode(const AstraVideoMode& video_mode) [01;31m[Kthrow[m[K (AstraException);
                                                            [01;31m[K^~~~~[m[K
[01m[K/home/fzq614/My_ROS_Robot/ROS-WorkSpace/ROS2-Robot-WS/src/third_pkg/ros_astra_camera/include/astra_camera/astra_device.h:117:60:[m[K [01;31m[Kerror: [m[KISO C++17 does not allow dynamic exception specifications
   void setDepthVideoMode(const AstraVideoMode& video_mode) [01;31m[Kthrow[m[K (AstraException);
                                                            [01;31m[K^~~~~[m[K
[01m[K/home/fzq614/My_ROS_Robot/ROS-WorkSpace/ROS2-Robot-WS/src/third_pkg/ros_astra_camera/include/astra_camera/astra_device.h:127:37:[m[K [01;31m[Kerror: [m[KISO C++17 does not allow dynamic exception specifications
   void setAutoExposure(bool enable) [01;31m[Kthrow[m[K (AstraException);
                                     [01;31m[K^~~~~[m[K
[01m[K/home/fzq614/My_ROS_Robot/ROS-WorkSpace/ROS2-Robot-WS/src/third_pkg/ros_astra_camera/include/astra_camera/astra_device.h:128:41:[m[K [01;31m[Kerror: [m[KISO C++17 does not allow dynamic exception specifications
   void setAutoWhiteBalance(bool enable) [01;31m[Kthrow[m[K (AstraException);
                                         [01;31m[K^~~~~[m[K
[01m[K/home/fzq614/My_ROS_Robot/ROS-WorkSpace/ROS2-Robot-WS/src/third_pkg/ros_astra_camera/include/astra_camera/astra_device.h:138:67:[m[K [01;31m[Kerror: [m[KISO C++17 does not allow dynamic exception specifications
   boost::shared_ptr<openni::VideoStream> getIRVideoStream() const [01;31m[Kthrow[m[K (AstraException);
                                                                   [01;31m[K^~~~~[m[K
[01m[K/home/fzq614/My_ROS_Robot/ROS-WorkSpace/ROS2-Robot-WS/src/third_pkg/ros_astra_camera/include/astra_camera/astra_device.h:139:70:[m[K [01;31m[Kerror: [m[KISO C++17 does not allow dynamic exception specifications
   boost::shared_ptr<openni::VideoStream> getColorVideoStream() const [01;31m[Kthrow[m[K (AstraException);
                                                                      [01;31m[K^~~~~[m[K
[01m[K/home/fzq614/My_ROS_Robot/ROS-WorkSpace/ROS2-Robot-WS/src/third_pkg/ros_astra_camera/include/astra_camera/astra_device.h:140:70:[m[K [01;31m[Kerror: [m[KISO C++17 does not allow dynamic exception specifications
   boost::shared_ptr<openni::VideoStream> getDepthVideoStream() const [01;31m[Kthrow[m[K (AstraException);
                                                                      [01;31m[K^~~~~[m[K
In file included from [01m[K/home/fzq614/My_ROS_Robot/ROS-WorkSpace/ROS2-Robot-WS/src/third_pkg/ros_astra_camera/include/astra_camera/astra_driver.h:56[m[K,
                 from [01m[K/home/fzq614/My_ROS_Robot/ROS-WorkSpace/ROS2-Robot-WS/src/third_pkg/ros_astra_camera/src/astra_device.cpp:38[m[K:
[01m[K/home/fzq614/My_ROS_Robot/ROS-WorkSpace/ROS2-Robot-WS/src/third_pkg/ros_astra_camera/include/astra_camera/astra_device.h:68:46:[m[K [01;31m[Kerror: [m[KISO C++17 does not allow dynamic exception specifications
   AstraDevice(const std::string& device_URI) [01;31m[Kthrow[m[K (AstraException);
                                              [01;31m[K^~~~~[m[K
[01m[K/home/fzq614/My_ROS_Robot/ROS-WorkSpace/ROS2-Robot-WS/src/third_pkg/ros_astra_camera/include/astra_camera/astra_device.h:100:47:[m[K [01;31m[Kerror: [m[KISO C++17 does not allow dynamic exception specifications
   void setImageRegistrationMode(bool enabled) [01;31m[Kthrow[m[K (AstraException);
                                               [01;31m[K^~~~~[m[K
[01m[K/home/fzq614/My_ROS_Robot/ROS-WorkSpace/ROS2-Robot-WS/src/third_pkg/ros_astra_camera/include/astra_camera/astra_device.h:101:40:[m[K [01;31m[Kerror: [m[KISO C++17 does not allow dynamic exception specifications
   void setDepthColorSync(bool enabled) [01;31m[Kthrow[m[K (AstraException);
                                        [01;31m[K^~~~~[m[K
[01m[K/home/fzq614/My_ROS_Robot/ROS-WorkSpace/ROS2-Robot-WS/src/third_pkg/ros_astra_camera/include/astra_camera/astra_device.h:103:41:[m[K [01;31m[Kerror: [m[KISO C++17 does not allow dynamic exception specifications
   const AstraVideoMode getIRVideoMode() [01;31m[Kthrow[m[K (AstraException);
                                         [01;31m[K^~~~~[m[K
[01m[K/home/fzq614/My_ROS_Robot/ROS-WorkSpace/ROS2-Robot-WS/src/third_pkg/ros_astra_camera/include/astra_camera/astra_device.h:104:44:[m[K [01;31m[Kerror: [m[KISO C++17 does not allow dynamic exception specifications
   const AstraVideoMode getColorVideoMode() [01;31m[Kthrow[m[K (AstraException);
                                            [01;31m[K^~~~~[m[K
[01m[K/home/fzq614/My_ROS_Robot/ROS-WorkSpace/ROS2-Robot-WS/src/third_pkg/ros_astra_camera/include/astra_camera/astra_device.h:105:44:[m[K [01;31m[Kerror: [m[KISO C++17 does not allow dynamic exception specifications
   const AstraVideoMode getDepthVideoMode() [01;31m[Kthrow[m[K (AstraException);
                                            [01;31m[K^~~~~[m[K
[01m[K/home/fzq614/My_ROS_Robot/ROS-WorkSpace/ROS2-Robot-WS/src/third_pkg/ros_astra_camera/include/astra_camera/astra_device.h:115:57:[m[K [01;31m[Kerror: [m[KISO C++17 does not allow dynamic exception specifications
   void setIRVideoMode(const AstraVideoMode& video_mode) [01;31m[Kthrow[m[K (AstraException);
                                                         [01;31m[K^~~~~[m[K
[01m[K/home/fzq614/My_ROS_Robot/ROS-WorkSpace/ROS2-Robot-WS/src/third_pkg/ros_astra_camera/include/astra_camera/astra_device.h:116:60:[m[K [01;31m[Kerror: [m[KISO C++17 does not allow dynamic exception specifications
   void setColorVideoMode(const AstraVideoMode& video_mode) [01;31m[Kthrow[m[K (AstraException);
                                                            [01;31m[K^~~~~[m[K
[01m[K/home/fzq614/My_ROS_Robot/ROS-WorkSpace/ROS2-Robot-WS/src/third_pkg/ros_astra_camera/include/astra_camera/astra_device.h:117:60:[m[K [01;31m[Kerror: [m[KISO C++17 does not allow dynamic exception specifications
   void setDepthVideoMode(const AstraVideoMode& video_mode) [01;31m[Kthrow[m[K (AstraException);
                                                            [01;31m[K^~~~~[m[K
[01m[K/home/fzq614/My_ROS_Robot/ROS-WorkSpace/ROS2-Robot-WS/src/third_pkg/ros_astra_camera/include/astra_camera/astra_device.h:127:37:[m[K [01;31m[Kerror: [m[KISO C++17 does not allow dynamic exception specifications
   void setAutoExposure(bool enable) [01;31m[Kthrow[m[K (AstraException);
                                     [01;31m[K^~~~~[m[K
[01m[K/home/fzq614/My_ROS_Robot/ROS-WorkSpace/ROS2-Robot-WS/src/third_pkg/ros_astra_camera/include/astra_camera/astra_device.h:128:41:[m[K [01;31m[Kerror: [m[KISO C++17 does not allow dynamic exception specifications
   void setAutoWhiteBalance(bool enable) [01;31m[Kthrow[m[K (AstraException);
                                         [01;31m[K^~~~~[m[K
[01m[K/home/fzq614/My_ROS_Robot/ROS-WorkSpace/ROS2-Robot-WS/src/third_pkg/ros_astra_camera/include/astra_camera/astra_device.h:138:67:[m[K [01;31m[Kerror: [m[KISO C++17 does not allow dynamic exception specifications
   boost::shared_ptr<openni::VideoStream> getIRVideoStream() const [01;31m[Kthrow[m[K (AstraException);
                                                                   [01;31m[K^~~~~[m[K
[01m[K/home/fzq614/My_ROS_Robot/ROS-WorkSpace/ROS2-Robot-WS/src/third_pkg/ros_astra_camera/include/astra_camera/astra_device.h:139:70:[m[K [01;31m[Kerror: [m[KISO C++17 does not allow dynamic exception specifications
   boost::shared_ptr<openni::VideoStream> getColorVideoStream() const [01;31m[Kthrow[m[K (AstraException);
                                                                      [01;31m[K^~~~~[m[K
[01m[K/home/fzq614/My_ROS_Robot/ROS-WorkSpace/ROS2-Robot-WS/src/third_pkg/ros_astra_camera/include/astra_camera/astra_device.h:140:70:[m[K [01;31m[Kerror: [m[KISO C++17 does not allow dynamic exception specifications
   boost::shared_ptr<openni::VideoStream> getDepthVideoStream() const [01;31m[Kthrow[m[K (AstraException);
                                                                      [01;31m[K^~~~~[m[K
In file included from [01m[K/home/fzq614/My_ROS_Robot/ROS-WorkSpace/ROS2-Robot-WS/src/third_pkg/ros_astra_camera/src/astra_device_manager.cpp:35[m[K:
[01m[K/home/fzq614/My_ROS_Robot/ROS-WorkSpace/ROS2-Robot-WS/src/third_pkg/ros_astra_camera/include/astra_camera/astra_device.h:68:46:[m[K [01;31m[Kerror: [m[KISO C++17 does not allow dynamic exception specifications
   AstraDevice(const std::string& device_URI) [01;31m[Kthrow[m[K (AstraException);
                                              [01;31m[K^~~~~[m[K
[01m[K/home/fzq614/My_ROS_Robot/ROS-WorkSpace/ROS2-Robot-WS/src/third_pkg/ros_astra_camera/include/astra_camera/astra_device.h:100:47:[m[K [01;31m[Kerror: [m[KISO C++17 does not allow dynamic exception specifications
   void setImageRegistrationMode(bool enabled) [01;31m[Kthrow[m[K (AstraException);
                                               [01;31m[K^~~~~[m[K
[01m[K/home/fzq614/My_ROS_Robot/ROS-WorkSpace/ROS2-Robot-WS/src/third_pkg/ros_astra_camera/include/astra_camera/astra_device.h:101:40:[m[K [01;31m[Kerror: [m[KISO C++17 does not allow dynamic exception specifications
   void setDepthColorSync(bool enabled) [01;31m[Kthrow[m[K (AstraException);
                                        [01;31m[K^~~~~[m[K
[01m[K/home/fzq614/My_ROS_Robot/ROS-WorkSpace/ROS2-Robot-WS/src/third_pkg/ros_astra_camera/include/astra_camera/astra_device.h:103:41:[m[K [01;31m[Kerror: [m[KISO C++17 does not allow dynamic exception specifications
   const AstraVideoMode getIRVideoMode() [01;31m[Kthrow[m[K (AstraException);
                                         [01;31m[K^~~~~[m[K
[01m[K/home/fzq614/My_ROS_Robot/ROS-WorkSpace/ROS2-Robot-WS/src/third_pkg/ros_astra_camera/include/astra_camera/astra_device.h:104:44:[m[K [01;31m[Kerror: [m[KISO C++17 does not allow dynamic exception specifications
   const AstraVideoMode getColorVideoMode() [01;31m[Kthrow[m[K (AstraException);
                                            [01;31m[K^~~~~[m[K
[01m[K/home/fzq614/My_ROS_Robot/ROS-WorkSpace/ROS2-Robot-WS/src/third_pkg/ros_astra_camera/include/astra_camera/astra_device.h:105:44:[m[K [01;31m[Kerror: [m[KISO C++17 does not allow dynamic exception specifications
   const AstraVideoMode getDepthVideoMode() [01;31m[Kthrow[m[K (AstraException);
                                            [01;31m[K^~~~~[m[K
[01m[K/home/fzq614/My_ROS_Robot/ROS-WorkSpace/ROS2-Robot-WS/src/third_pkg/ros_astra_camera/include/astra_camera/astra_device.h:115:57:[m[K [01;31m[Kerror: [m[KISO C++17 does not allow dynamic exception specifications
   void setIRVideoMode(const AstraVideoMode& video_mode) [01;31m[Kthrow[m[K (AstraException);
                                                         [01;31m[K^~~~~[m[K
[01m[K/home/fzq614/My_ROS_Robot/ROS-WorkSpace/ROS2-Robot-WS/src/third_pkg/ros_astra_camera/include/astra_camera/astra_device.h:116:60:[m[K [01;31m[Kerror: [m[KISO C++17 does not allow dynamic exception specifications
   void setColorVideoMode(const AstraVideoMode& video_mode) [01;31m[Kthrow[m[K (AstraException);
                                                            [01;31m[K^~~~~[m[K
[01m[K/home/fzq614/My_ROS_Robot/ROS-WorkSpace/ROS2-Robot-WS/src/third_pkg/ros_astra_camera/include/astra_camera/astra_device.h:117:60:[m[K [01;31m[Kerror: [m[KISO C++17 does not allow dynamic exception specifications
   void setDepthVideoMode(const AstraVideoMode& video_mode) [01;31m[Kthrow[m[K (AstraException);
                                                            [01;31m[K^~~~~[m[K
[01m[K/home/fzq614/My_ROS_Robot/ROS-WorkSpace/ROS2-Robot-WS/src/third_pkg/ros_astra_camera/include/astra_camera/astra_device.h:127:37:[m[K [01;31m[Kerror: [m[KISO C++17 does not allow dynamic exception specifications
   void setAutoExposure(bool enable) [01;31m[Kthrow[m[K (AstraException);
                                     [01;31m[K^~~~~[m[K
[01m[K/home/fzq614/My_ROS_Robot/ROS-WorkSpace/ROS2-Robot-WS/src/third_pkg/ros_astra_camera/include/astra_camera/astra_device.h:128:41:[m[K [01;31m[Kerror: [m[KISO C++17 does not allow dynamic exception specifications
   void setAutoWhiteBalance(bool enable) [01;31m[Kthrow[m[K (AstraException);
                                         [01;31m[K^~~~~[m[K
[01m[K/home/fzq614/My_ROS_Robot/ROS-WorkSpace/ROS2-Robot-WS/src/third_pkg/ros_astra_camera/include/astra_camera/astra_device.h:138:67:[m[K [01;31m[Kerror: [m[KISO C++17 does not allow dynamic exception specifications
   boost::shared_ptr<openni::VideoStream> getIRVideoStream() const [01;31m[Kthrow[m[K (AstraException);
                                                                   [01;31m[K^~~~~[m[K
[01m[K/home/fzq614/My_ROS_Robot/ROS-WorkSpace/ROS2-Robot-WS/src/third_pkg/ros_astra_camera/include/astra_camera/astra_device.h:139:70:[m[K [01;31m[Kerror: [m[KISO C++17 does not allow dynamic exception specifications
   boost::shared_ptr<openni::VideoStream> getColorVideoStream() const [01;31m[Kthrow[m[K (AstraException);
                                                                      [01;31m[K^~~~~[m[K
[01m[K/home/fzq614/My_ROS_Robot/ROS-WorkSpace/ROS2-Robot-WS/src/third_pkg/ros_astra_camera/include/astra_camera/astra_device.h:140:70:[m[K [01;31m[Kerror: [m[KISO C++17 does not allow dynamic exception specifications
   boost::shared_ptr<openni::VideoStream> getDepthVideoStream() const [01;31m[Kthrow[m[K (AstraException);
                                                                      [01;31m[K^~~~~[m[K
In file included from [01m[K/usr/include/c++/8/map:60[m[K,
                 from [01m[K/usr/include/boost/system/detail/std_interoperability.hpp:11[m[K,
                 from [01m[K/usr/include/boost/system/error_code.hpp:959[m[K,
                 from [01m[K/usr/include/boost/system/system_error.hpp:11[m[K,
                 from [01m[K/usr/include/boost/thread/exceptions.hpp:22[m[K,
                 from [01m[K/usr/include/boost/thread/pthread/mutex.hpp:14[m[K,
                 from [01m[K/usr/include/boost/thread/mutex.hpp:16[m[K,
                 from [01m[K/home/fzq614/My_ROS_Robot/ROS-WorkSpace/ROS2-Robot-WS/src/third_pkg/ros_astra_camera/include/astra_camera/astra_device_manager.h:38[m[K,
                 from [01m[K/home/fzq614/My_ROS_Robot/ROS-WorkSpace/ROS2-Robot-WS/src/third_pkg/ros_astra_camera/src/astra_device_manager.cpp:33[m[K:
/usr/include/c++/8/bits/stl_tree.h: In instantiation of ‘[01m[Kstatic const _Key& std::_Rb_tree<_Key, _Val, _KeyOfValue, _Compare, _Alloc>::_S_key(std::_Rb_tree<_Key, _Val, _KeyOfValue, _Compare, _Alloc>::_Const_Link_type) [with _Key = astra_wrapper::AstraDeviceInfo; _Val = astra_wrapper::AstraDeviceInfo; _KeyOfValue = std::_Identity<astra_wrapper::AstraDeviceInfo>; _Compare = astra_wrapper::AstraDeviceInfoComparator; _Alloc = std::allocator<astra_wrapper::AstraDeviceInfo>; std::_Rb_tree<_Key, _Val, _KeyOfValue, _Compare, _Alloc>::_Const_Link_type = const std::_Rb_tree_node<astra_wrapper::AstraDeviceInfo>*][m[K’:
[01m[K/usr/include/c++/8/bits/stl_tree.h:1963:37:[m[K   required from ‘[01m[Kstd::pair<std::_Rb_tree_iterator<_Val>, std::_Rb_tree_iterator<_Val> > std::_Rb_tree<_Key, _Val, _KeyOfValue, _Compare, _Alloc>::equal_range(const _Key&) [with _Key = astra_wrapper::AstraDeviceInfo; _Val = astra_wrapper::AstraDeviceInfo; _KeyOfValue = std::_Identity<astra_wrapper::AstraDeviceInfo>; _Compare = astra_wrapper::AstraDeviceInfoComparator; _Alloc = std::allocator<astra_wrapper::AstraDeviceInfo>][m[K’
[01m[K/usr/include/c++/8/bits/stl_tree.h:2523:32:[m[K   required from ‘[01m[Kstd::_Rb_tree<_Key, _Val, _KeyOfValue, _Compare, _Alloc>::size_type std::_Rb_tree<_Key, _Val, _KeyOfValue, _Compare, _Alloc>::erase(const _Key&) [with _Key = astra_wrapper::AstraDeviceInfo; _Val = astra_wrapper::AstraDeviceInfo; _KeyOfValue = std::_Identity<astra_wrapper::AstraDeviceInfo>; _Compare = astra_wrapper::AstraDeviceInfoComparator; _Alloc = std::allocator<astra_wrapper::AstraDeviceInfo>; std::_Rb_tree<_Key, _Val, _KeyOfValue, _Compare, _Alloc>::size_type = long unsigned int][m[K’
[01m[K/usr/include/c++/8/bits/stl_set.h:685:30:[m[K   required from ‘[01m[Kstd::set<_Key, _Compare, _Alloc>::size_type std::set<_Key, _Compare, _Alloc>::erase(const key_type&) [with _Key = astra_wrapper::AstraDeviceInfo; _Compare = astra_wrapper::AstraDeviceInfoComparator; _Alloc = std::allocator<astra_wrapper::AstraDeviceInfo>; std::set<_Key, _Compare, _Alloc>::size_type = long unsigned int; std::set<_Key, _Compare, _Alloc>::key_type = astra_wrapper::AstraDeviceInfo][m[K’
[01m[K/home/fzq614/My_ROS_Robot/ROS-WorkSpace/ROS2-Robot-WS/src/third_pkg/ros_astra_camera/src/astra_device_manager.cpp:120:42:[m[K   required from here
[01m[K/usr/include/c++/8/bits/stl_tree.h:777:8:[m[K [01;31m[Kerror: [m[Kstatic assertion failed: comparison object must be invocable as const
        [01;31m[Kis_invocable_v<const _Compare&, const _Key&, const _Key&>[m[K,
        [01;31m[K^~~~~~~~~~~~~~~~~~~~~~~~~~~~~~~~~~~~~~~~~~~~~~~~~~~~~~~~~[m[K
make[2]: *** [CMakeFiles/astra_wrapper.dir/build.make:128: CMakeFiles/astra_wrapper.dir/src/astra_device_manager.cpp.o] Error 1
In file included from [01m[K/home/fzq614/My_ROS_Robot/ROS-WorkSpace/ROS2-Robot-WS/src/third_pkg/ros_astra_camera/src/astra_driver.cpp:33[m[K:
[01m[K/home/fzq614/My_ROS_Robot/ROS-WorkSpace/ROS2-Robot-WS/src/third_pkg/ros_astra_camera/include/astra_camera/astra_driver.h:92:62:[m[K [01;31m[Kerror: [m[KISO C++17 does not allow dynamic exception specifications
   std::string resolveDeviceURI(const std::string& device_id) [01;31m[Kthrow[m[K(AstraException);
                                                              [01;31m[K^~~~~[m[K
In file included from [01m[K/home/fzq614/My_ROS_Robot/ROS-WorkSpace/ROS2-Robot-WS/src/third_pkg/ros_astra_camera/src/astra_device.cpp:38[m[K:
[01m[K/home/fzq614/My_ROS_Robot/ROS-WorkSpace/ROS2-Robot-WS/src/third_pkg/ros_astra_camera/include/astra_camera/astra_driver.h:92:62:[m[K [01;31m[Kerror: [m[KISO C++17 does not allow dynamic exception specifications
   std::string resolveDeviceURI(const std::string& device_id) [01;31m[Kthrow[m[K(AstraException);
                                                              [01;31m[K^~~~~[m[K
[01m[K/home/fzq614/My_ROS_Robot/ROS-WorkSpace/ROS2-Robot-WS/src/third_pkg/ros_astra_camera/src/astra_device.cpp:52:57:[m[K [01;31m[Kerror: [m[KISO C++17 does not allow dynamic exception specifications
 AstraDevice::AstraDevice(const std::string& device_URI) [01;31m[Kthrow[m[K (AstraException) :
                                                         [01;31m[K^~~~~[m[K
[01m[K/home/fzq614/My_ROS_Robot/ROS-WorkSpace/ROS2-Robot-WS/src/third_pkg/ros_astra_camera/src/astra_device.cpp:405:58:[m[K [01;31m[Kerror: [m[KISO C++17 does not allow dynamic exception specifications
 void AstraDevice::setImageRegistrationMode(bool enabled) [01;31m[Kthrow[m[K (AstraException)
                                                          [01;31m[K^~~~~[m[K
[01m[K/home/fzq614/My_ROS_Robot/ROS-WorkSpace/ROS2-Robot-WS/src/third_pkg/ros_astra_camera/src/astra_device.cpp:425:51:[m[K [01;31m[Kerror: [m[KISO C++17 does not allow dynamic exception specifications
 void AstraDevice::setDepthColorSync(bool enabled) [01;31m[Kthrow[m[K (AstraException)
                                                   [01;31m[K^~~~~[m[K
[01m[K/home/fzq614/My_ROS_Robot/ROS-WorkSpace/ROS2-Robot-WS/src/third_pkg/ros_astra_camera/src/astra_device.cpp:432:52:[m[K [01;31m[Kerror: [m[KISO C++17 does not allow dynamic exception specifications
 const AstraVideoMode AstraDevice::getIRVideoMode() [01;31m[Kthrow[m[K (AstraException)
                                                    [01;31m[K^~~~~[m[K
[01m[K/home/fzq614/My_ROS_Robot/ROS-WorkSpace/ROS2-Robot-WS/src/third_pkg/ros_astra_camera/src/astra_device.cpp:450:55:[m[K [01;31m[Kerror: [m[KISO C++17 does not allow dynamic exception specifications
 const AstraVideoMode AstraDevice::getColorVideoMode() [01;31m[Kthrow[m[K (AstraException)
                                                       [01;31m[K^~~~~[m[K
[01m[K/home/fzq614/My_ROS_Robot/ROS-WorkSpace/ROS2-Robot-WS/src/third_pkg/ros_astra_camera/src/astra_device.cpp:468:55:[m[K [01;31m[Kerror: [m[KISO C++17 does not allow dynamic exception specifications
 const AstraVideoMode AstraDevice::getDepthVideoMode() [01;31m[Kthrow[m[K (AstraException)
                                                       [01;31m[K^~~~~[m[K
[01m[K/home/fzq614/My_ROS_Robot/ROS-WorkSpace/ROS2-Robot-WS/src/third_pkg/ros_astra_camera/src/astra_device.cpp:486:68:[m[K [01;31m[Kerror: [m[KISO C++17 does not allow dynamic exception specifications
 void AstraDevice::setIRVideoMode(const AstraVideoMode& video_mode) [01;31m[Kthrow[m[K (AstraException)
                                                                    [01;31m[K^~~~~[m[K
[01m[K/home/fzq614/My_ROS_Robot/ROS-WorkSpace/ROS2-Robot-WS/src/third_pkg/ros_astra_camera/src/astra_device.cpp:499:71:[m[K [01;31m[Kerror: [m[KISO C++17 does not allow dynamic exception specifications
 void AstraDevice::setColorVideoMode(const AstraVideoMode& video_mode) [01;31m[Kthrow[m[K (AstraException)
                                                                       [01;31m[K^~~~~[m[K
[01m[K/home/fzq614/My_ROS_Robot/ROS-WorkSpace/ROS2-Robot-WS/src/third_pkg/ros_astra_camera/src/astra_device.cpp:512:71:[m[K [01;31m[Kerror: [m[KISO C++17 does not allow dynamic exception specifications
 void AstraDevice::setDepthVideoMode(const AstraVideoMode& video_mode) [01;31m[Kthrow[m[K (AstraException)
                                                                       [01;31m[K^~~~~[m[K
[01m[K/home/fzq614/My_ROS_Robot/ROS-WorkSpace/ROS2-Robot-WS/src/third_pkg/ros_astra_camera/src/astra_device.cpp:525:48:[m[K [01;31m[Kerror: [m[KISO C++17 does not allow dynamic exception specifications
 void AstraDevice::setAutoExposure(bool enable) [01;31m[Kthrow[m[K (AstraException)
                                                [01;31m[K^~~~~[m[K
[01m[K/home/fzq614/My_ROS_Robot/ROS-WorkSpace/ROS2-Robot-WS/src/third_pkg/ros_astra_camera/src/astra_device.cpp:541:52:[m[K [01;31m[Kerror: [m[KISO C++17 does not allow dynamic exception specifications
 void AstraDevice::setAutoWhiteBalance(bool enable) [01;31m[Kthrow[m[K (AstraException)
                                                    [01;31m[K^~~~~[m[K
[01m[K/home/fzq614/My_ROS_Robot/ROS-WorkSpace/ROS2-Robot-WS/src/third_pkg/ros_astra_camera/src/astra_device.cpp:616:78:[m[K [01;31m[Kerror: [m[KISO C++17 does not allow dynamic exception specifications
 boost::shared_ptr<openni::VideoStream> AstraDevice::getIRVideoStream() const [01;31m[Kthrow[m[K (AstraException)
                                                                              [01;31m[K^~~~~[m[K
[01m[K/home/fzq614/My_ROS_Robot/ROS-WorkSpace/ROS2-Robot-WS/src/third_pkg/ros_astra_camera/src/astra_device.cpp:632:81:[m[K [01;31m[Kerror: [m[KISO C++17 does not allow dynamic exception specifications
 boost::shared_ptr<openni::VideoStream> AstraDevice::getColorVideoStream() const [01;31m[Kthrow[m[K (AstraException)
                                                                                 [01;31m[K^~~~~[m[K
[01m[K/home/fzq614/My_ROS_Robot/ROS-WorkSpace/ROS2-Robot-WS/src/third_pkg/ros_astra_camera/src/astra_device.cpp:648:81:[m[K [01;31m[Kerror: [m[KISO C++17 does not allow dynamic exception specifications
 boost::shared_ptr<openni::VideoStream> AstraDevice::getDepthVideoStream() const [01;31m[Kthrow[m[K (AstraException)
                                                                                 [01;31m[K^~~~~[m[K
[01m[K/home/fzq614/My_ROS_Robot/ROS-WorkSpace/ROS2-Robot-WS/src/third_pkg/ros_astra_camera/src/astra_driver.cpp:[m[K In member function ‘[01m[Kvoid astra_wrapper::AstraDriver::advertiseROSTopics()[m[K’:
[01m[K/home/fzq614/My_ROS_Robot/ROS-WorkSpace/ROS2-Robot-WS/src/third_pkg/ros_astra_camera/src/astra_driver.cpp:190:101:[m[K [01;31m[Kerror: [m[Kno matching function for call to ‘[01m[Krclcpp::Node::create_publisher<sensor_msgs::msg::Image>(const char [6], const rmw_qos_profile_t&)[m[K’
     pub_color_ = nh_->create_publisher<sensor_msgs::msg::Image>("image", rmw_qos_profile_sensor_data[01;31m[K)[m[K;
                                                                                                     [01;31m[K^[m[K
In file included from [01m[K/opt/ros/galactic/include/rclcpp/executors/single_threaded_executor.hpp:28[m[K,
                 from [01m[K/opt/ros/galactic/include/rclcpp/executors.hpp:22[m[K,
                 from [01m[K/opt/ros/galactic/include/rclcpp/rclcpp.hpp:156[m[K,
                 from [01m[K/home/fzq614/My_ROS_Robot/ROS-WorkSpace/ROS2-Robot-WS/src/third_pkg/ros_astra_camera/include/astra_camera/astra_driver.h:62[m[K,
                 from [01m[K/home/fzq614/My_ROS_Robot/ROS-WorkSpace/ROS2-Robot-WS/src/third_pkg/ros_astra_camera/src/astra_driver.cpp:33[m[K:
[01m[K/opt/ros/galactic/include/rclcpp/node.hpp:200:3:[m[K [01;36m[Knote: [m[Kcandidate: ‘[01m[Ktemplate<class MessageT, class AllocatorT, class PublisherT> std::shared_ptr<PublisherT> rclcpp::Node::create_publisher(const string&, const rclcpp::QoS&, const rclcpp::PublisherOptionsWithAllocator<AllocatorT>&)[m[K’
   [01;36m[Kcreate_publisher[m[K(
   [01;36m[K^~~~~~~~~~~~~~~~[m[K
[01m[K/opt/ros/galactic/include/rclcpp/node.hpp:200:3:[m[K [01;36m[Knote: [m[K  template argument deduction/substitution failed:
[01m[K/home/fzq614/My_ROS_Robot/ROS-WorkSpace/ROS2-Robot-WS/src/third_pkg/ros_astra_camera/src/astra_driver.cpp:190:74:[m[K [01;36m[Knote: [m[K  cannot convert ‘[01m[Krmw_qos_profile_sensor_data[m[K’ (type ‘[01m[Kconst rmw_qos_profile_t[m[K’) to type ‘[01m[Kconst rclcpp::QoS&[m[K’
     pub_color_ = nh_->create_publisher<sensor_msgs::msg::Image>("image", [01;36m[Krmw_qos_profile_sensor_data[m[K);
                                                                          [01;36m[K^~~~~~~~~~~~~~~~~~~~~~~~~~~[m[K
[01m[K/home/fzq614/My_ROS_Robot/ROS-WorkSpace/ROS2-Robot-WS/src/third_pkg/ros_astra_camera/src/astra_driver.cpp:199:101:[m[K [01;31m[Kerror: [m[Kno matching function for call to ‘[01m[Krclcpp::Node::create_publisher<sensor_msgs::msg::Image>(const char [9], const rmw_qos_profile_t&)[m[K’
     pub_ir_ = nh_->create_publisher<sensor_msgs::msg::Image>("ir_image", rmw_qos_profile_sensor_data[01;31m[K)[m[K;
                                                                                                     [01;31m[K^[m[K
In file included from [01m[K/opt/ros/galactic/include/rclcpp/executors/single_threaded_executor.hpp:28[m[K,
                 from [01m[K/opt/ros/galactic/include/rclcpp/executors.hpp:22[m[K,
                 from [01m[K/opt/ros/galactic/include/rclcpp/rclcpp.hpp:156[m[K,
                 from [01m[K/home/fzq614/My_ROS_Robot/ROS-WorkSpace/ROS2-Robot-WS/src/third_pkg/ros_astra_camera/include/astra_camera/astra_driver.h:62[m[K,
                 from [01m[K/home/fzq614/My_ROS_Robot/ROS-WorkSpace/ROS2-Robot-WS/src/third_pkg/ros_astra_camera/src/astra_driver.cpp:33[m[K:
[01m[K/opt/ros/galactic/include/rclcpp/node.hpp:200:3:[m[K [01;36m[Knote: [m[Kcandidate: ‘[01m[Ktemplate<class MessageT, class AllocatorT, class PublisherT> std::shared_ptr<PublisherT> rclcpp::Node::create_publisher(const string&, const rclcpp::QoS&, const rclcpp::PublisherOptionsWithAllocator<AllocatorT>&)[m[K’
   [01;36m[Kcreate_publisher[m[K(
   [01;36m[K^~~~~~~~~~~~~~~~[m[K
[01m[K/opt/ros/galactic/include/rclcpp/node.hpp:200:3:[m[K [01;36m[Knote: [m[K  template argument deduction/substitution failed:
[01m[K/home/fzq614/My_ROS_Robot/ROS-WorkSpace/ROS2-Robot-WS/src/third_pkg/ros_astra_camera/src/astra_driver.cpp:199:74:[m[K [01;36m[Knote: [m[K  cannot convert ‘[01m[Krmw_qos_profile_sensor_data[m[K’ (type ‘[01m[Kconst rmw_qos_profile_t[m[K’) to type ‘[01m[Kconst rclcpp::QoS&[m[K’
     pub_ir_ = nh_->create_publisher<sensor_msgs::msg::Image>("ir_image", [01;36m[Krmw_qos_profile_sensor_data[m[K);
                                                                          [01;36m[K^~~~~~~~~~~~~~~~~~~~~~~~~~~[m[K
[01m[K/home/fzq614/My_ROS_Robot/ROS-WorkSpace/ROS2-Robot-WS/src/third_pkg/ros_astra_camera/src/astra_driver.cpp:210:105:[m[K [01;31m[Kerror: [m[Kno matching function for call to ‘[01m[Krclcpp::Node::create_publisher<sensor_msgs::msg::Image>(const char [6], const rmw_qos_profile_t&)[m[K’
     pub_depth_raw_ = nh_->create_publisher<sensor_msgs::msg::Image>("depth", rmw_qos_profile_sensor_data[01;31m[K)[m[K;
                                                                                                         [01;31m[K^[m[K
In file included from [01m[K/opt/ros/galactic/include/rclcpp/executors/single_threaded_executor.hpp:28[m[K,
                 from [01m[K/opt/ros/galactic/include/rclcpp/executors.hpp:22[m[K,
                 from [01m[K/opt/ros/galactic/include/rclcpp/rclcpp.hpp:156[m[K,
                 from [01m[K/home/fzq614/My_ROS_Robot/ROS-WorkSpace/ROS2-Robot-WS/src/third_pkg/ros_astra_camera/include/astra_camera/astra_driver.h:62[m[K,
                 from [01m[K/home/fzq614/My_ROS_Robot/ROS-WorkSpace/ROS2-Robot-WS/src/third_pkg/ros_astra_camera/src/astra_driver.cpp:33[m[K:
[01m[K/opt/ros/galactic/include/rclcpp/node.hpp:200:3:[m[K [01;36m[Knote: [m[Kcandidate: ‘[01m[Ktemplate<class MessageT, class AllocatorT, class PublisherT> std::shared_ptr<PublisherT> rclcpp::Node::create_publisher(const string&, const rclcpp::QoS&, const rclcpp::PublisherOptionsWithAllocator<AllocatorT>&)[m[K’
   [01;36m[Kcreate_publisher[m[K(
   [01;36m[K^~~~~~~~~~~~~~~~[m[K
[01m[K/opt/ros/galactic/include/rclcpp/node.hpp:200:3:[m[K [01;36m[Knote: [m[K  template argument deduction/substitution failed:
[01m[K/home/fzq614/My_ROS_Robot/ROS-WorkSpace/ROS2-Robot-WS/src/third_pkg/ros_astra_camera/src/astra_driver.cpp:210:78:[m[K [01;36m[Knote: [m[K  cannot convert ‘[01m[Krmw_qos_profile_sensor_data[m[K’ (type ‘[01m[Kconst rmw_qos_profile_t[m[K’) to type ‘[01m[Kconst rclcpp::QoS&[m[K’
     pub_depth_raw_ = nh_->create_publisher<sensor_msgs::msg::Image>("depth", [01;36m[Krmw_qos_profile_sensor_data[m[K);
                                                                              [01;36m[K^~~~~~~~~~~~~~~~~~~~~~~~~~~[m[K
[01m[K/home/fzq614/My_ROS_Robot/ROS-WorkSpace/ROS2-Robot-WS/src/third_pkg/ros_astra_camera/src/astra_driver.cpp:211:130:[m[K [01;31m[Kerror: [m[Kno matching function for call to ‘[01m[Krclcpp::Node::create_publisher<sensor_msgs::msg::CameraInfo>(const char [18], const rmw_qos_profile_t&)[m[K’
 pth_camera_info_ = nh_->create_publisher<sensor_msgs::msg::CameraInfo>("depth_camera_info", rmw_qos_profile_sensor_data[01;31m[K)[m[K;
                                                                                                                        [01;31m[K^[m[K

In file included from [01m[K/opt/ros/galactic/include/rclcpp/executors/single_threaded_executor.hpp:28[m[K,
                 from [01m[K/opt/ros/galactic/include/rclcpp/executors.hpp:22[m[K,
                 from [01m[K/opt/ros/galactic/include/rclcpp/rclcpp.hpp:156[m[K,
                 from [01m[K/home/fzq614/My_ROS_Robot/ROS-WorkSpace/ROS2-Robot-WS/src/third_pkg/ros_astra_camera/include/astra_camera/astra_driver.h:62[m[K,
                 from [01m[K/home/fzq614/My_ROS_Robot/ROS-WorkSpace/ROS2-Robot-WS/src/third_pkg/ros_astra_camera/src/astra_driver.cpp:33[m[K:
[01m[K/opt/ros/galactic/include/rclcpp/node.hpp:200:3:[m[K [01;36m[Knote: [m[Kcandidate: ‘[01m[Ktemplate<class MessageT, class AllocatorT, class PublisherT> std::shared_ptr<PublisherT> rclcpp::Node::create_publisher(const string&, const rclcpp::QoS&, const rclcpp::PublisherOptionsWithAllocator<AllocatorT>&)[m[K’
   [01;36m[Kcreate_publisher[m[K(
   [01;36m[K^~~~~~~~~~~~~~~~[m[K
[01m[K/opt/ros/galactic/include/rclcpp/node.hpp:200:3:[m[K [01;36m[Knote: [m[K  template argument deduction/substitution failed:
[01m[K/home/fzq614/My_ROS_Robot/ROS-WorkSpace/ROS2-Robot-WS/src/third_pkg/ros_astra_camera/src/astra_driver.cpp:211:103:[m[K [01;36m[Knote: [m[K  cannot convert ‘[01m[Krmw_qos_profile_sensor_data[m[K’ (type ‘[01m[Kconst rmw_qos_profile_t[m[K’) to type ‘[01m[Kconst rclcpp::QoS&[m[K’
     pub_depth_camera_info_ = nh_->create_publisher<sensor_msgs::msg::CameraInfo>("depth_camera_info", [01;36m[Krmw_qos_profile_sensor_data[m[K);
                                                                                                       [01;36m[K^~~~~~~~~~~~~~~~~~~~~~~~~~~[m[K
[01m[K/home/fzq614/My_ROS_Robot/ROS-WorkSpace/ROS2-Robot-WS/src/third_pkg/ros_astra_camera/src/astra_driver.cpp:[m[K In member function ‘[01m[Kvoid astra_wrapper::AstraDriver::newIRFrameCallback(sensor_msgs::msg::Image_<std::allocator<void> >::SharedPtr)[m[K’:
[01m[K/home/fzq614/My_ROS_Robot/ROS-WorkSpace/ROS2-Robot-WS/src/third_pkg/ros_astra_camera/src/astra_driver.cpp:542:29:[m[K [01;31m[Kerror: [m[Kno matching function for call to ‘[01m[Krclcpp::Publisher<sensor_msgs::msg::Image_<std::allocator<void> > >::publish(sensor_msgs::msg::Image_<std::allocator<void> >::SharedPtr&)[m[K’
       pub_ir_->publish(image[01;31m[K)[m[K;
                             [01;31m[K^[m[K
In file included from [01m[K/opt/ros/galactic/include/rclcpp/topic_statistics/subscription_topic_statistics.hpp:31[m[K,
                 from [01m[K/opt/ros/galactic/include/rclcpp/subscription.hpp:50[m[K,
                 from [01m[K/opt/ros/galactic/include/rclcpp/any_executable.hpp:25[m[K,
                 from [01m[K/opt/ros/galactic/include/rclcpp/memory_strategy.hpp:25[m[K,
                 from [01m[K/opt/ros/galactic/include/rclcpp/memory_strategies.hpp:18[m[K,
                 from [01m[K/opt/ros/galactic/include/rclcpp/executor_options.hpp:20[m[K,
                 from [01m[K/opt/ros/galactic/include/rclcpp/executor.hpp:36[m[K,
                 from [01m[K/opt/ros/galactic/include/rclcpp/executors/multi_threaded_executor.hpp:26[m[K,
                 from [01m[K/opt/ros/galactic/include/rclcpp/executors.hpp:21[m[K,
                 from [01m[K/opt/ros/galactic/include/rclcpp/rclcpp.hpp:156[m[K,
                 from [01m[K/home/fzq614/My_ROS_Robot/ROS-WorkSpace/ROS2-Robot-WS/src/third_pkg/ros_astra_camera/include/astra_camera/astra_driver.h:62[m[K,
                 from [01m[K/home/fzq614/My_ROS_Robot/ROS-WorkSpace/ROS2-Robot-WS/src/third_pkg/ros_astra_camera/src/astra_driver.cpp:33[m[K:
[01m[K/opt/ros/galactic/include/rclcpp/publisher.hpp:187:3:[m[K [01;36m[Knote: [m[Kcandidate: ‘[01m[Kvoid rclcpp::Publisher<MessageT, AllocatorT>::publish(std::unique_ptr<MessageT, typename std::conditional<std::is_same<typename std::allocator_traits<typename std::allocator_traits<_Alloc>::rebind_traits<MessageT>::allocator_type>::rebind_alloc<MessageT>, typename std::allocator<void>::rebind<_Tp1>::other>::value, std::default_delete<_Tp>, rclcpp::allocator::AllocatorDeleter<typename std::allocator_traits<_Alloc>::rebind_traits<MessageT>::allocator_type> >::type>) [with MessageT = sensor_msgs::msg::Image_<std::allocator<void> >; AllocatorT = std::allocator<void>; typename std::conditional<std::is_same<typename std::allocator_traits<typename std::allocator_traits<_Alloc>::rebind_traits<MessageT>::allocator_type>::rebind_alloc<MessageT>, typename std::allocator<void>::rebind<_Tp1>::other>::value, std::default_delete<_Tp>, rclcpp::allocator::AllocatorDeleter<typename std::allocator_traits<_Alloc>::rebind_traits<MessageT>::allocator_type> >::type = std::default_delete<sensor_msgs::msg::Image_<std::allocator<void> > >][m[K’
   [01;36m[Kpublish[m[K(std::unique_ptr<MessageT, MessageDeleter> msg)
   [01;36m[K^~~~~~~[m[K
[01m[K/opt/ros/galactic/include/rclcpp/publisher.hpp:187:3:[m[K [01;36m[Knote: [m[K  no known conversion for argument 1 from ‘[01m[Ksensor_msgs::msg::Image_<std::allocator<void> >::SharedPtr[m[K’ {aka ‘[01m[Kstd::shared_ptr<sensor_msgs::msg::Image_<std::allocator<void> > >[m[K’} to ‘[01m[Kstd::unique_ptr<sensor_msgs::msg::Image_<std::allocator<void> >, std::default_delete<sensor_msgs::msg::Image_<std::allocator<void> > > >[m[K’
[01m[K/opt/ros/galactic/include/rclcpp/publisher.hpp:211:3:[m[K [01;36m[Knote: [m[Kcandidate: ‘[01m[Kvoid rclcpp::Publisher<MessageT, AllocatorT>::publish(const MessageT&) [with MessageT = sensor_msgs::msg::Image_<std::allocator<void> >; AllocatorT = std::allocator<void>][m[K’
   [01;36m[Kpublish[m[K(const MessageT & msg)
   [01;36m[K^~~~~~~[m[K
[01m[K/opt/ros/galactic/include/rclcpp/publisher.hpp:211:3:[m[K [01;36m[Knote: [m[K  no known conversion for argument 1 from ‘[01m[Ksensor_msgs::msg::Image_<std::allocator<void> >::SharedPtr[m[K’ {aka ‘[01m[Kstd::shared_ptr<sensor_msgs::msg::Image_<std::allocator<void> > >[m[K’} to ‘[01m[Kconst sensor_msgs::msg::Image_<std::allocator<void> >&[m[K’
[01m[K/opt/ros/galactic/include/rclcpp/publisher.hpp:228:3:[m[K [01;36m[Knote: [m[Kcandidate: ‘[01m[Kvoid rclcpp::Publisher<MessageT, AllocatorT>::publish(const rcl_serialized_message_t&) [with MessageT = sensor_msgs::msg::Image_<std::allocator<void> >; AllocatorT = std::allocator<void>; rcl_serialized_message_t = rcutils_uint8_array_t][m[K’
   [01;36m[Kpublish[m[K(const rcl_serialized_message_t & serialized_msg)
   [01;36m[K^~~~~~~[m[K
[01m[K/opt/ros/galactic/include/rclcpp/publisher.hpp:228:3:[m[K [01;36m[Knote: [m[K  no known conversion for argument 1 from ‘[01m[Ksensor_msgs::msg::Image_<std::allocator<void> >::SharedPtr[m[K’ {aka ‘[01m[Kstd::shared_ptr<sensor_msgs::msg::Image_<std::allocator<void> > >[m[K’} to ‘[01m[Kconst rcl_serialized_message_t&[m[K’ {aka ‘[01m[Kconst rcutils_uint8_array_t&[m[K’}
[01m[K/opt/ros/galactic/include/rclcpp/publisher.hpp:234:3:[m[K [01;36m[Knote: [m[Kcandidate: ‘[01m[Kvoid rclcpp::Publisher<MessageT, AllocatorT>::publish(const rclcpp::SerializedMessage&) [with MessageT = sensor_msgs::msg::Image_<std::allocator<void> >; AllocatorT = std::allocator<void>][m[K’
   [01;36m[Kpublish[m[K(const SerializedMessage & serialized_msg)
   [01;36m[K^~~~~~~[m[K
[01m[K/opt/ros/galactic/include/rclcpp/publisher.hpp:234:3:[m[K [01;36m[Knote: [m[K  no known conversion for argument 1 from ‘[01m[Ksensor_msgs::msg::Image_<std::allocator<void> >::SharedPtr[m[K’ {aka ‘[01m[Kstd::shared_ptr<sensor_msgs::msg::Image_<std::allocator<void> > >[m[K’} to ‘[01m[Kconst rclcpp::SerializedMessage&[m[K’
[01m[K/opt/ros/galactic/include/rclcpp/publisher.hpp:248:3:[m[K [01;36m[Knote: [m[Kcandidate: ‘[01m[Kvoid rclcpp::Publisher<MessageT, AllocatorT>::publish(rclcpp::LoanedMessage<MessageT, AllocatorT>&&) [with MessageT = sensor_msgs::msg::Image_<std::allocator<void> >; AllocatorT = std::allocator<void>][m[K’
   [01;36m[Kpublish[m[K(rclcpp::LoanedMessage<MessageT, AllocatorT> && loaned_msg)
   [01;36m[K^~~~~~~[m[K
[01m[K/opt/ros/galactic/include/rclcpp/publisher.hpp:248:3:[m[K [01;36m[Knote: [m[K  no known conversion for argument 1 from ‘[01m[Ksensor_msgs::msg::Image_<std::allocator<void> >::SharedPtr[m[K’ {aka ‘[01m[Kstd::shared_ptr<sensor_msgs::msg::Image_<std::allocator<void> > >[m[K’} to ‘[01m[Krclcpp::LoanedMessage<sensor_msgs::msg::Image_<std::allocator<void> >, std::allocator<void> >&&[m[K’
[01m[K/home/fzq614/My_ROS_Robot/ROS-WorkSpace/ROS2-Robot-WS/src/third_pkg/ros_astra_camera/src/astra_driver.cpp:[m[K In member function ‘[01m[Kvoid astra_wrapper::AstraDriver::newColorFrameCallback(sensor_msgs::msg::Image_<std::allocator<void> >::SharedPtr)[m[K’:
[01m[K/home/fzq614/My_ROS_Robot/ROS-WorkSpace/ROS2-Robot-WS/src/third_pkg/ros_astra_camera/src/astra_driver.cpp:559:32:[m[K [01;31m[Kerror: [m[Kno matching function for call to ‘[01m[Krclcpp::Publisher<sensor_msgs::msg::Image_<std::allocator<void> > >::publish(sensor_msgs::msg::Image_<std::allocator<void> >::SharedPtr&)[m[K’
       pub_color_->publish(image[01;31m[K)[m[K;
                                [01;31m[K^[m[K
In file included from [01m[K/opt/ros/galactic/include/rclcpp/topic_statistics/subscription_topic_statistics.hpp:31[m[K,
                 from [01m[K/opt/ros/galactic/include/rclcpp/subscription.hpp:50[m[K,
                 from [01m[K/opt/ros/galactic/include/rclcpp/any_executable.hpp:25[m[K,
                 from [01m[K/opt/ros/galactic/include/rclcpp/memory_strategy.hpp:25[m[K,
                 from [01m[K/opt/ros/galactic/include/rclcpp/memory_strategies.hpp:18[m[K,
                 from [01m[K/opt/ros/galactic/include/rclcpp/executor_options.hpp:20[m[K,
                 from [01m[K/opt/ros/galactic/include/rclcpp/executor.hpp:36[m[K,
                 from [01m[K/opt/ros/galactic/include/rclcpp/executors/multi_threaded_executor.hpp:26[m[K,
                 from [01m[K/opt/ros/galactic/include/rclcpp/executors.hpp:21[m[K,
                 from [01m[K/opt/ros/galactic/include/rclcpp/rclcpp.hpp:156[m[K,
                 from [01m[K/home/fzq614/My_ROS_Robot/ROS-WorkSpace/ROS2-Robot-WS/src/third_pkg/ros_astra_camera/include/astra_camera/astra_driver.h:62[m[K,
                 from [01m[K/home/fzq614/My_ROS_Robot/ROS-WorkSpace/ROS2-Robot-WS/src/third_pkg/ros_astra_camera/src/astra_driver.cpp:33[m[K:
[01m[K/opt/ros/galactic/include/rclcpp/publisher.hpp:187:3:[m[K [01;36m[Knote: [m[Kcandidate: ‘[01m[Kvoid rclcpp::Publisher<MessageT, AllocatorT>::publish(std::unique_ptr<MessageT, typename std::conditional<std::is_same<typename std::allocator_traits<typename std::allocator_traits<_Alloc>::rebind_traits<MessageT>::allocator_type>::rebind_alloc<MessageT>, typename std::allocator<void>::rebind<_Tp1>::other>::value, std::default_delete<_Tp>, rclcpp::allocator::AllocatorDeleter<typename std::allocator_traits<_Alloc>::rebind_traits<MessageT>::allocator_type> >::type>) [with MessageT = sensor_msgs::msg::Image_<std::allocator<void> >; AllocatorT = std::allocator<void>; typename std::conditional<std::is_same<typename std::allocator_traits<typename std::allocator_traits<_Alloc>::rebind_traits<MessageT>::allocator_type>::rebind_alloc<MessageT>, typename std::allocator<void>::rebind<_Tp1>::other>::value, std::default_delete<_Tp>, rclcpp::allocator::AllocatorDeleter<typename std::allocator_traits<_Alloc>::rebind_traits<MessageT>::allocator_type> >::type = std::default_delete<sensor_msgs::msg::Image_<std::allocator<void> > >][m[K’
   [01;36m[Kpublish[m[K(std::unique_ptr<MessageT, MessageDeleter> msg)
   [01;36m[K^~~~~~~[m[K
[01m[K/opt/ros/galactic/include/rclcpp/publisher.hpp:187:3:[m[K [01;36m[Knote: [m[K  no known conversion for argument 1 from ‘[01m[Ksensor_msgs::msg::Image_<std::allocator<void> >::SharedPtr[m[K’ {aka ‘[01m[Kstd::shared_ptr<sensor_msgs::msg::Image_<std::allocator<void> > >[m[K’} to ‘[01m[Kstd::unique_ptr<sensor_msgs::msg::Image_<std::allocator<void> >, std::default_delete<sensor_msgs::msg::Image_<std::allocator<void> > > >[m[K’
[01m[K/opt/ros/galactic/include/rclcpp/publisher.hpp:211:3:[m[K [01;36m[Knote: [m[Kcandidate: ‘[01m[Kvoid rclcpp::Publisher<MessageT, AllocatorT>::publish(const MessageT&) [with MessageT = sensor_msgs::msg::Image_<std::allocator<void> >; AllocatorT = std::allocator<void>][m[K’
   [01;36m[Kpublish[m[K(const MessageT & msg)
   [01;36m[K^~~~~~~[m[K
[01m[K/opt/ros/galactic/include/rclcpp/publisher.hpp:211:3:[m[K [01;36m[Knote: [m[K  no known conversion for argument 1 from ‘[01m[Ksensor_msgs::msg::Image_<std::allocator<void> >::SharedPtr[m[K’ {aka ‘[01m[Kstd::shared_ptr<sensor_msgs::msg::Image_<std::allocator<void> > >[m[K’} to ‘[01m[Kconst sensor_msgs::msg::Image_<std::allocator<void> >&[m[K’
[01m[K/opt/ros/galactic/include/rclcpp/publisher.hpp:228:3:[m[K [01;36m[Knote: [m[Kcandidate: ‘[01m[Kvoid rclcpp::Publisher<MessageT, AllocatorT>::publish(const rcl_serialized_message_t&) [with MessageT = sensor_msgs::msg::Image_<std::allocator<void> >; AllocatorT = std::allocator<void>; rcl_serialized_message_t = rcutils_uint8_array_t][m[K’
   [01;36m[Kpublish[m[K(const rcl_serialized_message_t & serialized_msg)
   [01;36m[K^~~~~~~[m[K
[01m[K/opt/ros/galactic/include/rclcpp/publisher.hpp:228:3:[m[K [01;36m[Knote: [m[K  no known conversion for argument 1 from ‘[01m[Ksensor_msgs::msg::Image_<std::allocator<void> >::SharedPtr[m[K’ {aka ‘[01m[Kstd::shared_ptr<sensor_msgs::msg::Image_<std::allocator<void> > >[m[K’} to ‘[01m[Kconst rcl_serialized_message_t&[m[K’ {aka ‘[01m[Kconst rcutils_uint8_array_t&[m[K’}
[01m[K/opt/ros/galactic/include/rclcpp/publisher.hpp:234:3:[m[K [01;36m[Knote: [m[Kcandidate: ‘[01m[Kvoid rclcpp::Publisher<MessageT, AllocatorT>::publish(const rclcpp::SerializedMessage&) [with MessageT = sensor_msgs::msg::Image_<std::allocator<void> >; AllocatorT = std::allocator<void>][m[K’
   [01;36m[Kpublish[m[K(const SerializedMessage & serialized_msg)
   [01;36m[K^~~~~~~[m[K
[01m[K/opt/ros/galactic/include/rclcpp/publisher.hpp:234:3:[m[K [01;36m[Knote: [m[K  no known conversion for argument 1 from ‘[01m[Ksensor_msgs::msg::Image_<std::allocator<void> >::SharedPtr[m[K’ {aka ‘[01m[Kstd::shared_ptr<sensor_msgs::msg::Image_<std::allocator<void> > >[m[K’} to ‘[01m[Kconst rclcpp::SerializedMessage&[m[K’
[01m[K/opt/ros/galactic/include/rclcpp/publisher.hpp:248:3:[m[K [01;36m[Knote: [m[Kcandidate: ‘[01m[Kvoid rclcpp::Publisher<MessageT, AllocatorT>::publish(rclcpp::LoanedMessage<MessageT, AllocatorT>&&) [with MessageT = sensor_msgs::msg::Image_<std::allocator<void> >; AllocatorT = std::allocator<void>][m[K’
   [01;36m[Kpublish[m[K(rclcpp::LoanedMessage<MessageT, AllocatorT> && loaned_msg)
   [01;36m[K^~~~~~~[m[K
[01m[K/opt/ros/galactic/include/rclcpp/publisher.hpp:248:3:[m[K [01;36m[Knote: [m[K  no known conversion for argument 1 from ‘[01m[Ksensor_msgs::msg::Image_<std::allocator<void> >::SharedPtr[m[K’ {aka ‘[01m[Kstd::shared_ptr<sensor_msgs::msg::Image_<std::allocator<void> > >[m[K’} to ‘[01m[Krclcpp::LoanedMessage<sensor_msgs::msg::Image_<std::allocator<void> >, std::allocator<void> >&&[m[K’
[01m[K/home/fzq614/My_ROS_Robot/ROS-WorkSpace/ROS2-Robot-WS/src/third_pkg/ros_astra_camera/src/astra_driver.cpp:[m[K In member function ‘[01m[Kvoid astra_wrapper::AstraDriver::newDepthFrameCallback(sensor_msgs::msg::Image_<std::allocator<void> >::SharedPtr)[m[K’:
[01m[K/home/fzq614/My_ROS_Robot/ROS-WorkSpace/ROS2-Robot-WS/src/third_pkg/ros_astra_camera/src/astra_driver.cpp:623:53:[m[K [01;31m[Kerror: [m[Kno matching function for call to ‘[01m[Krclcpp::Publisher<sensor_msgs::msg::Image_<std::allocator<void> > >::publish(sensor_msgs::msg::Image_<std::allocator<void> >::SharedPtr&)[m[K’
         pub_depth_raw_->publish(floating_point_image[01;31m[K)[m[K;
                                                     [01;31m[K^[m[K
In file included from [01m[K/opt/ros/galactic/include/rclcpp/topic_statistics/subscription_topic_statistics.hpp:31[m[K,
                 from [01m[K/opt/ros/galactic/include/rclcpp/subscription.hpp:50[m[K,
                 from [01m[K/opt/ros/galactic/include/rclcpp/any_executable.hpp:25[m[K,
                 from [01m[K/opt/ros/galactic/include/rclcpp/memory_strategy.hpp:25[m[K,
                 from [01m[K/opt/ros/galactic/include/rclcpp/memory_strategies.hpp:18[m[K,
                 from [01m[K/opt/ros/galactic/include/rclcpp/executor_options.hpp:20[m[K,
                 from [01m[K/opt/ros/galactic/include/rclcpp/executor.hpp:36[m[K,
                 from [01m[K/opt/ros/galactic/include/rclcpp/executors/multi_threaded_executor.hpp:26[m[K,
                 from [01m[K/opt/ros/galactic/include/rclcpp/executors.hpp:21[m[K,
                 from [01m[K/opt/ros/galactic/include/rclcpp/rclcpp.hpp:156[m[K,
                 from [01m[K/home/fzq614/My_ROS_Robot/ROS-WorkSpace/ROS2-Robot-WS/src/third_pkg/ros_astra_camera/include/astra_camera/astra_driver.h:62[m[K,
                 from [01m[K/home/fzq614/My_ROS_Robot/ROS-WorkSpace/ROS2-Robot-WS/src/third_pkg/ros_astra_camera/src/astra_driver.cpp:33[m[K:
[01m[K/opt/ros/galactic/include/rclcpp/publisher.hpp:187:3:[m[K [01;36m[Knote: [m[Kcandidate: ‘[01m[Kvoid rclcpp::Publisher<MessageT, AllocatorT>::publish(std::unique_ptr<MessageT, typename std::conditional<std::is_same<typename std::allocator_traits<typename std::allocator_traits<_Alloc>::rebind_traits<MessageT>::allocator_type>::rebind_alloc<MessageT>, typename std::allocator<void>::rebind<_Tp1>::other>::value, std::default_delete<_Tp>, rclcpp::allocator::AllocatorDeleter<typename std::allocator_traits<_Alloc>::rebind_traits<MessageT>::allocator_type> >::type>) [with MessageT = sensor_msgs::msg::Image_<std::allocator<void> >; AllocatorT = std::allocator<void>; typename std::conditional<std::is_same<typename std::allocator_traits<typename std::allocator_traits<_Alloc>::rebind_traits<MessageT>::allocator_type>::rebind_alloc<MessageT>, typename std::allocator<void>::rebind<_Tp1>::other>::value, std::default_delete<_Tp>, rclcpp::allocator::AllocatorDeleter<typename std::allocator_traits<_Alloc>::rebind_traits<MessageT>::allocator_type> >::type = std::default_delete<sensor_msgs::msg::Image_<std::allocator<void> > >][m[K’
   [01;36m[Kpublish[m[K(std::unique_ptr<MessageT, MessageDeleter> msg)
   [01;36m[K^~~~~~~[m[K
[01m[K/opt/ros/galactic/include/rclcpp/publisher.hpp:187:3:[m[K [01;36m[Knote: [m[K  no known conversion for argument 1 from ‘[01m[Ksensor_msgs::msg::Image_<std::allocator<void> >::SharedPtr[m[K’ {aka ‘[01m[Kstd::shared_ptr<sensor_msgs::msg::Image_<std::allocator<void> > >[m[K’} to ‘[01m[Kstd::unique_ptr<sensor_msgs::msg::Image_<std::allocator<void> >, std::default_delete<sensor_msgs::msg::Image_<std::allocator<void> > > >[m[K’
[01m[K/opt/ros/galactic/include/rclcpp/publisher.hpp:211:3:[m[K [01;36m[Knote: [m[Kcandidate: ‘[01m[Kvoid rclcpp::Publisher<MessageT, AllocatorT>::publish(const MessageT&) [with MessageT = sensor_msgs::msg::Image_<std::allocator<void> >; AllocatorT = std::allocator<void>][m[K’
   [01;36m[Kpublish[m[K(const MessageT & msg)
   [01;36m[K^~~~~~~[m[K
[01m[K/opt/ros/galactic/include/rclcpp/publisher.hpp:211:3:[m[K [01;36m[Knote: [m[K  no known conversion for argument 1 from ‘[01m[Ksensor_msgs::msg::Image_<std::allocator<void> >::SharedPtr[m[K’ {aka ‘[01m[Kstd::shared_ptr<sensor_msgs::msg::Image_<std::allocator<void> > >[m[K’} to ‘[01m[Kconst sensor_msgs::msg::Image_<std::allocator<void> >&[m[K’
[01m[K/opt/ros/galactic/include/rclcpp/publisher.hpp:228:3:[m[K [01;36m[Knote: [m[Kcandidate: ‘[01m[Kvoid rclcpp::Publisher<MessageT, AllocatorT>::publish(const rcl_serialized_message_t&) [with MessageT = sensor_msgs::msg::Image_<std::allocator<void> >; AllocatorT = std::allocator<void>; rcl_serialized_message_t = rcutils_uint8_array_t][m[K’
   [01;36m[Kpublish[m[K(const rcl_serialized_message_t & serialized_msg)
   [01;36m[K^~~~~~~[m[K
[01m[K/opt/ros/galactic/include/rclcpp/publisher.hpp:228:3:[m[K [01;36m[Knote: [m[K  no known conversion for argument 1 from ‘[01m[Ksensor_msgs::msg::Image_<std::allocator<void> >::SharedPtr[m[K’ {aka ‘[01m[Kstd::shared_ptr<sensor_msgs::msg::Image_<std::allocator<void> > >[m[K’} to ‘[01m[Kconst rcl_serialized_message_t&[m[K’ {aka ‘[01m[Kconst rcutils_uint8_array_t&[m[K’}
[01m[K/opt/ros/galactic/include/rclcpp/publisher.hpp:234:3:[m[K [01;36m[Knote: [m[Kcandidate: ‘[01m[Kvoid rclcpp::Publisher<MessageT, AllocatorT>::publish(const rclcpp::SerializedMessage&) [with MessageT = sensor_msgs::msg::Image_<std::allocator<void> >; AllocatorT = std::allocator<void>][m[K’
   [01;36m[Kpublish[m[K(const SerializedMessage & serialized_msg)
   [01;36m[K^~~~~~~[m[K
[01m[K/opt/ros/galactic/include/rclcpp/publisher.hpp:234:3:[m[K [01;36m[Knote: [m[K  no known conversion for argument 1 from ‘[01m[Ksensor_msgs::msg::Image_<std::allocator<void> >::SharedPtr[m[K’ {aka ‘[01m[Kstd::shared_ptr<sensor_msgs::msg::Image_<std::allocator<void> > >[m[K’} to ‘[01m[Kconst rclcpp::SerializedMessage&[m[K’
[01m[K/opt/ros/galactic/include/rclcpp/publisher.hpp:248:3:[m[K [01;36m[Knote: [m[Kcandidate: ‘[01m[Kvoid rclcpp::Publisher<MessageT, AllocatorT>::publish(rclcpp::LoanedMessage<MessageT, AllocatorT>&&) [with MessageT = sensor_msgs::msg::Image_<std::allocator<void> >; AllocatorT = std::allocator<void>][m[K’
   [01;36m[Kpublish[m[K(rclcpp::LoanedMessage<MessageT, AllocatorT> && loaned_msg)
   [01;36m[K^~~~~~~[m[K
[01m[K/opt/ros/galactic/include/rclcpp/publisher.hpp:248:3:[m[K [01;36m[Knote: [m[K  no known conversion for argument 1 from ‘[01m[Ksensor_msgs::msg::Image_<std::allocator<void> >::SharedPtr[m[K’ {aka ‘[01m[Kstd::shared_ptr<sensor_msgs::msg::Image_<std::allocator<void> > >[m[K’} to ‘[01m[Krclcpp::LoanedMessage<sensor_msgs::msg::Image_<std::allocator<void> >, std::allocator<void> >&&[m[K’
[01m[K/home/fzq614/My_ROS_Robot/ROS-WorkSpace/ROS2-Robot-WS/src/third_pkg/ros_astra_camera/src/astra_driver.cpp:624:109:[m[K [01;31m[Kerror: [m[Kno matching function for call to ‘[01m[Krclcpp::Publisher<sensor_msgs::msg::CameraInfo_<std::allocator<void> > >::publish(sensor_msgs::msg::CameraInfo_<std::allocator<void> >::SharedPtr)[m[K’
         pub_depth_camera_info_->publish(getDepthCameraInfo(image->width, image->height, image->header.stamp)[01;31m[K)[m[K;
                                                                                                             [01;31m[K^[m[K
In file included from [01m[K/opt/ros/galactic/include/rclcpp/topic_statistics/subscription_topic_statistics.hpp:31[m[K,
                 from [01m[K/opt/ros/galactic/include/rclcpp/subscription.hpp:50[m[K,
                 from [01m[K/opt/ros/galactic/include/rclcpp/any_executable.hpp:25[m[K,
                 from [01m[K/opt/ros/galactic/include/rclcpp/memory_strategy.hpp:25[m[K,
                 from [01m[K/opt/ros/galactic/include/rclcpp/memory_strategies.hpp:18[m[K,
                 from [01m[K/opt/ros/galactic/include/rclcpp/executor_options.hpp:20[m[K,
                 from [01m[K/opt/ros/galactic/include/rclcpp/executor.hpp:36[m[K,
                 from [01m[K/opt/ros/galactic/include/rclcpp/executors/multi_threaded_executor.hpp:26[m[K,
                 from [01m[K/opt/ros/galactic/include/rclcpp/executors.hpp:21[m[K,
                 from [01m[K/opt/ros/galactic/include/rclcpp/rclcpp.hpp:156[m[K,
                 from [01m[K/home/fzq614/My_ROS_Robot/ROS-WorkSpace/ROS2-Robot-WS/src/third_pkg/ros_astra_camera/include/astra_camera/astra_driver.h:62[m[K,
                 from [01m[K/home/fzq614/My_ROS_Robot/ROS-WorkSpace/ROS2-Robot-WS/src/third_pkg/ros_astra_camera/src/astra_driver.cpp:33[m[K:
[01m[K/opt/ros/galactic/include/rclcpp/publisher.hpp:187:3:[m[K [01;36m[Knote: [m[Kcandidate: ‘[01m[Kvoid rclcpp::Publisher<MessageT, AllocatorT>::publish(std::unique_ptr<MessageT, typename std::conditional<std::is_same<typename std::allocator_traits<typename std::allocator_traits<_Alloc>::rebind_traits<MessageT>::allocator_type>::rebind_alloc<MessageT>, typename std::allocator<void>::rebind<_Tp1>::other>::value, std::default_delete<_Tp>, rclcpp::allocator::AllocatorDeleter<typename std::allocator_traits<_Alloc>::rebind_traits<MessageT>::allocator_type> >::type>) [with MessageT = sensor_msgs::msg::CameraInfo_<std::allocator<void> >; AllocatorT = std::allocator<void>; typename std::conditional<std::is_same<typename std::allocator_traits<typename std::allocator_traits<_Alloc>::rebind_traits<MessageT>::allocator_type>::rebind_alloc<MessageT>, typename std::allocator<void>::rebind<_Tp1>::other>::value, std::default_delete<_Tp>, rclcpp::allocator::AllocatorDeleter<typename std::allocator_traits<_Alloc>::rebind_traits<MessageT>::allocator_type> >::type = std::default_delete<sensor_msgs::msg::CameraInfo_<std::allocator<void> > >][m[K’
   [01;36m[Kpublish[m[K(std::unique_ptr<MessageT, MessageDeleter> msg)
   [01;36m[K^~~~~~~[m[K
[01m[K/opt/ros/galactic/include/rclcpp/publisher.hpp:187:3:[m[K [01;36m[Knote: [m[K  no known conversion for argument 1 from ‘[01m[Ksensor_msgs::msg::CameraInfo_<std::allocator<void> >::SharedPtr[m[K’ {aka ‘[01m[Kstd::shared_ptr<sensor_msgs::msg::CameraInfo_<std::allocator<void> > >[m[K’} to ‘[01m[Kstd::unique_ptr<sensor_msgs::msg::CameraInfo_<std::allocator<void> >, std::default_delete<sensor_msgs::msg::CameraInfo_<std::allocator<void> > > >[m[K’
[01m[K/opt/ros/galactic/include/rclcpp/publisher.hpp:211:3:[m[K [01;36m[Knote: [m[Kcandidate: ‘[01m[Kvoid rclcpp::Publisher<MessageT, AllocatorT>::publish(const MessageT&) [with MessageT = sensor_msgs::msg::CameraInfo_<std::allocator<void> >; AllocatorT = std::allocator<void>][m[K’
   [01;36m[Kpublish[m[K(const MessageT & msg)
   [01;36m[K^~~~~~~[m[K
[01m[K/opt/ros/galactic/include/rclcpp/publisher.hpp:211:3:[m[K [01;36m[Knote: [m[K  no known conversion for argument 1 from ‘[01m[Ksensor_msgs::msg::CameraInfo_<std::allocator<void> >::SharedPtr[m[K’ {aka ‘[01m[Kstd::shared_ptr<sensor_msgs::msg::CameraInfo_<std::allocator<void> > >[m[K’} to ‘[01m[Kconst sensor_msgs::msg::CameraInfo_<std::allocator<void> >&[m[K’
[01m[K/opt/ros/galactic/include/rclcpp/publisher.hpp:228:3:[m[K [01;36m[Knote: [m[Kcandidate: ‘[01m[Kvoid rclcpp::Publisher<MessageT, AllocatorT>::publish(const rcl_serialized_message_t&) [with MessageT = sensor_msgs::msg::CameraInfo_<std::allocator<void> >; AllocatorT = std::allocator<void>; rcl_serialized_message_t = rcutils_uint8_array_t][m[K’
   [01;36m[Kpublish[m[K(const rcl_serialized_message_t & serialized_msg)
   [01;36m[K^~~~~~~[m[K
[01m[K/opt/ros/galactic/include/rclcpp/publisher.hpp:228:3:[m[K [01;36m[Knote: [m[K  no known conversion for argument 1 from ‘[01m[Ksensor_msgs::msg::CameraInfo_<std::allocator<void> >::SharedPtr[m[K’ {aka ‘[01m[Kstd::shared_ptr<sensor_msgs::msg::CameraInfo_<std::allocator<void> > >[m[K’} to ‘[01m[Kconst rcl_serialized_message_t&[m[K’ {aka ‘[01m[Kconst rcutils_uint8_array_t&[m[K’}
[01m[K/opt/ros/galactic/include/rclcpp/publisher.hpp:234:3:[m[K [01;36m[Knote: [m[Kcandidate: ‘[01m[Kvoid rclcpp::Publisher<MessageT, AllocatorT>::publish(const rclcpp::SerializedMessage&) [with MessageT = sensor_msgs::msg::CameraInfo_<std::allocator<void> >; AllocatorT = std::allocator<void>][m[K’
   [01;36m[Kpublish[m[K(const SerializedMessage & serialized_msg)
   [01;36m[K^~~~~~~[m[K
[01m[K/opt/ros/galactic/include/rclcpp/publisher.hpp:234:3:[m[K [01;36m[Knote: [m[K  no known conversion for argument 1 from ‘[01m[Ksensor_msgs::msg::CameraInfo_<std::allocator<void> >::SharedPtr[m[K’ {aka ‘[01m[Kstd::shared_ptr<sensor_msgs::msg::CameraInfo_<std::allocator<void> > >[m[K’} to ‘[01m[Kconst rclcpp::SerializedMessage&[m[K’
[01m[K/opt/ros/galactic/include/rclcpp/publisher.hpp:248:3:[m[K [01;36m[Knote: [m[Kcandidate: ‘[01m[Kvoid rclcpp::Publisher<MessageT, AllocatorT>::publish(rclcpp::LoanedMessage<MessageT, AllocatorT>&&) [with MessageT = sensor_msgs::msg::CameraInfo_<std::allocator<void> >; AllocatorT = std::allocator<void>][m[K’
   [01;36m[Kpublish[m[K(rclcpp::LoanedMessage<MessageT, AllocatorT> && loaned_msg)
   [01;36m[K^~~~~~~[m[K
[01m[K/opt/ros/galactic/include/rclcpp/publisher.hpp:248:3:[m[K [01;36m[Knote: [m[K  no known conversion for argument 1 from ‘[01m[Ksensor_msgs::msg::CameraInfo_<std::allocator<void> >::SharedPtr[m[K’ {aka ‘[01m[Kstd::shared_ptr<sensor_msgs::msg::CameraInfo_<std::allocator<void> > >[m[K’} to ‘[01m[Krclcpp::LoanedMessage<sensor_msgs::msg::CameraInfo_<std::allocator<void> >, std::allocator<void> >&&[m[K’
[01m[K/home/fzq614/My_ROS_Robot/ROS-WorkSpace/ROS2-Robot-WS/src/third_pkg/ros_astra_camera/src/astra_driver.cpp:[m[K At global scope:
[01m[K/home/fzq614/My_ROS_Robot/ROS-WorkSpace/ROS2-Robot-WS/src/third_pkg/ros_astra_camera/src/astra_driver.cpp:810:73:[m[K [01;31m[Kerror: [m[KISO C++17 does not allow dynamic exception specifications
 std::string AstraDriver::resolveDeviceURI(const std::string& device_id) [01;31m[Kthrow[m[K(AstraException)
                                                                         [01;31m[K^~~~~[m[K
make[2]: *** [CMakeFiles/astra_wrapper.dir/build.make:76: CMakeFiles/astra_wrapper.dir/src/astra_device.cpp.o] Error 1
make[1]: *** [CMakeFiles/Makefile2:168: CMakeFiles/astra_wrapper.dir/all] Error 2
make[1]: *** Waiting for unfinished jobs....
make[2]: *** [CMakeFiles/astra_driver_lib.dir/build.make:63: CMakeFiles/astra_driver_lib.dir/src/astra_driver.cpp.o] Error 1
make[1]: *** [CMakeFiles/Makefile2:113: CMakeFiles/astra_driver_lib.dir/all] Error 2
make: *** [Makefile:141: all] Error 2
