[0.027s] Invoking command in '/home/fzq614/My_ROS_Robot/ROS-WorkSpace/ROS2-Robot-WS/build/astra_camera': CMAKE_PREFIX_PATH=${CMAKE_PREFIX_PATH}:/opt/ros/galactic /usr/bin/cmake --build /home/fzq614/My_ROS_Robot/ROS-WorkSpace/ROS2-Robot-WS/build/astra_camera -- -j4 -l4
[0.138s] [35m[1mScanning dependencies of target astra_driver_lib[0m
[0.138s] [35m[1mScanning dependencies of target astra_wrapper[0m
[0.172s] make[2]: *** No rule to make target '/home/fzq614/My_ROS_Robot/ROS-WorkSpace/ROS2-Robot-WS/src/third_pkg/ros_astra_camera/src/astra_device_type.cpp', needed by 'CMakeFiles/astra_driver_lib.dir/src/astra_device_type.cpp.o'.  Stop.
[0.172s] make[2]: *** Waiting for unfinished jobs....
[0.183s] [  5%] [32mBuilding CXX object CMakeFiles/astra_driver_lib.dir/src/astra_driver.cpp.o[0m
[0.184s] [ 10%] [32mBuilding CXX object CMakeFiles/astra_wrapper.dir/src/astra_convert.cpp.o[0m
[0.189s] [ 15%] [32mBuilding CXX object CMakeFiles/astra_wrapper.dir/src/astra_timer_filter.cpp.o[0m
[0.189s] [ 21%] [32mBuilding CXX object CMakeFiles/astra_wrapper.dir/src/astra_device.cpp.o[0m
[0.501s] [ 26%] [32mBuilding CXX object CMakeFiles/astra_wrapper.dir/src/astra_frame_listener.cpp.o[0m
[0.856s] make[2]: *** No rule to make target '/home/fzq614/My_ROS_Robot/ROS-WorkSpace/ROS2-Robot-WS/src/third_pkg/ros_astra_camera/src/astra_device_type.cpp', needed by 'CMakeFiles/astra_wrapper.dir/src/astra_device_type.cpp.o'.  Stop.
[0.856s] make[2]: *** Waiting for unfinished jobs....
[0.870s] [ 31%] [32mBuilding CXX object CMakeFiles/astra_wrapper.dir/src/astra_device_manager.cpp.o[0m
[1.330s] In file included from [01m[K/home/fzq614/My_ROS_Robot/ROS-WorkSpace/ROS2-Robot-WS/src/third_pkg/ros_astra_camera/include/astra_camera/astra_frame_listener.h:36[m[K,
[1.330s]                  from [01m[K/home/fzq614/My_ROS_Robot/ROS-WorkSpace/ROS2-Robot-WS/src/third_pkg/ros_astra_camera/src/astra_frame_listener.cpp:32[m[K:
[1.330s] [01m[K/home/fzq614/My_ROS_Robot/ROS-WorkSpace/ROS2-Robot-WS/src/third_pkg/ros_astra_camera/include/astra_camera/astra_device.h:68:46:[m[K [01;31m[Kerror: [m[KISO C++17 does not allow dynamic exception specifications
[1.330s]    AstraDevice(const std::string& device_URI) [01;31m[Kthrow[m[K (AstraException);
[1.330s]                                               [01;31m[K^~~~~[m[K
[1.330s] [01m[K/home/fzq614/My_ROS_Robot/ROS-WorkSpace/ROS2-Robot-WS/src/third_pkg/ros_astra_camera/include/astra_camera/astra_device.h:100:47:[m[K [01;31m[Kerror: [m[KISO C++17 does not allow dynamic exception specifications
[1.330s]    void setImageRegistrationMode(bool enabled) [01;31m[Kthrow[m[K (AstraException);
[1.331s]                                                [01;31m[K^~~~~[m[K
[1.331s] [01m[K/home/fzq614/My_ROS_Robot/ROS-WorkSpace/ROS2-Robot-WS/src/third_pkg/ros_astra_camera/include/astra_camera/astra_device.h:101:40:[m[K [01;31m[Kerror: [m[KISO C++17 does not allow dynamic exception specifications
[1.331s]    void setDepthColorSync(bool enabled) [01;31m[Kthrow[m[K (AstraException);
[1.331s]                                         [01;31m[K^~~~~[m[K
[1.331s] [01m[K/home/fzq614/My_ROS_Robot/ROS-WorkSpace/ROS2-Robot-WS/src/third_pkg/ros_astra_camera/include/astra_camera/astra_device.h:103:41:[m[K [01;31m[Kerror: [m[KISO C++17 does not allow dynamic exception specifications
[1.331s]    const AstraVideoMode getIRVideoMode() [01;31m[Kthrow[m[K (AstraException);
[1.331s]                                          [01;31m[K^~~~~[m[K
[1.331s] [01m[K/home/fzq614/My_ROS_Robot/ROS-WorkSpace/ROS2-Robot-WS/src/third_pkg/ros_astra_camera/include/astra_camera/astra_device.h:104:44:[m[K [01;31m[Kerror: [m[KISO C++17 does not allow dynamic exception specifications
[1.331s]    const AstraVideoMode getColorVideoMode() [01;31m[Kthrow[m[K (AstraException);
[1.331s]                                             [01;31m[K^~~~~[m[K
[1.331s] [01m[K/home/fzq614/My_ROS_Robot/ROS-WorkSpace/ROS2-Robot-WS/src/third_pkg/ros_astra_camera/include/astra_camera/astra_device.h:105:44:[m[K [01;31m[Kerror: [m[KISO C++17 does not allow dynamic exception specifications
[1.332s]    const AstraVideoMode getDepthVideoMode() [01;31m[Kthrow[m[K (AstraException);
[1.332s]                                             [01;31m[K^~~~~[m[K
[1.332s] [01m[K/home/fzq614/My_ROS_Robot/ROS-WorkSpace/ROS2-Robot-WS/src/third_pkg/ros_astra_camera/include/astra_camera/astra_device.h:115:57:[m[K [01;31m[Kerror: [m[KISO C++17 does not allow dynamic exception specifications
[1.332s]    void setIRVideoMode(const AstraVideoMode& video_mode) [01;31m[Kthrow[m[K (AstraException);
[1.332s]                                                          [01;31m[K^~~~~[m[K
[1.332s] [01m[K/home/fzq614/My_ROS_Robot/ROS-WorkSpace/ROS2-Robot-WS/src/third_pkg/ros_astra_camera/include/astra_camera/astra_device.h:116:60:[m[K [01;31m[Kerror: [m[KISO C++17 does not allow dynamic exception specifications
[1.332s]    void setColorVideoMode(const AstraVideoMode& video_mode) [01;31m[Kthrow[m[K (AstraException);
[1.332s]                                                             [01;31m[K^~~~~[m[K
[1.332s] [01m[K/home/fzq614/My_ROS_Robot/ROS-WorkSpace/ROS2-Robot-WS/src/third_pkg/ros_astra_camera/include/astra_camera/astra_device.h:117:60:[m[K [01;31m[Kerror: [m[KISO C++17 does not allow dynamic exception specifications
[1.332s]    void setDepthVideoMode(const AstraVideoMode& video_mode) [01;31m[Kthrow[m[K (AstraException);
[1.332s]                                                             [01;31m[K^~~~~[m[K
[1.332s] [01m[K/home/fzq614/My_ROS_Robot/ROS-WorkSpace/ROS2-Robot-WS/src/third_pkg/ros_astra_camera/include/astra_camera/astra_device.h:127:37:[m[K [01;31m[Kerror: [m[KISO C++17 does not allow dynamic exception specifications
[1.332s]    void setAutoExposure(bool enable) [01;31m[Kthrow[m[K (AstraException);
[1.333s]                                      [01;31m[K^~~~~[m[K
[1.333s] [01m[K/home/fzq614/My_ROS_Robot/ROS-WorkSpace/ROS2-Robot-WS/src/third_pkg/ros_astra_camera/include/astra_camera/astra_device.h:128:41:[m[K [01;31m[Kerror: [m[KISO C++17 does not allow dynamic exception specifications
[1.333s]    void setAutoWhiteBalance(bool enable) [01;31m[Kthrow[m[K (AstraException);
[1.333s]                                          [01;31m[K^~~~~[m[K
[1.333s] [01m[K/home/fzq614/My_ROS_Robot/ROS-WorkSpace/ROS2-Robot-WS/src/third_pkg/ros_astra_camera/include/astra_camera/astra_device.h:138:67:[m[K [01;31m[Kerror: [m[KISO C++17 does not allow dynamic exception specifications
[1.334s]    boost::shared_ptr<openni::VideoStream> getIRVideoStream() const [01;31m[Kthrow[m[K (AstraException);
[1.334s]                                                                    [01;31m[K^~~~~[m[K
[1.334s] [01m[K/home/fzq614/My_ROS_Robot/ROS-WorkSpace/ROS2-Robot-WS/src/third_pkg/ros_astra_camera/include/astra_camera/astra_device.h:139:70:[m[K [01;31m[Kerror: [m[KISO C++17 does not allow dynamic exception specifications
[1.334s]    boost::shared_ptr<openni::VideoStream> getColorVideoStream() const [01;31m[Kthrow[m[K (AstraException);
[1.334s]                                                                       [01;31m[K^~~~~[m[K
[1.335s] [01m[K/home/fzq614/My_ROS_Robot/ROS-WorkSpace/ROS2-Robot-WS/src/third_pkg/ros_astra_camera/include/astra_camera/astra_device.h:140:70:[m[K [01;31m[Kerror: [m[KISO C++17 does not allow dynamic exception specifications
[1.335s]    boost::shared_ptr<openni::VideoStream> getDepthVideoStream() const [01;31m[Kthrow[m[K (AstraException);
[1.335s]                                                                       [01;31m[K^~~~~[m[K
[1.579s] make[2]: *** [CMakeFiles/astra_wrapper.dir/build.make:115: CMakeFiles/astra_wrapper.dir/src/astra_frame_listener.cpp.o] Error 1
[1.924s] In file included from [01m[K/home/fzq614/My_ROS_Robot/ROS-WorkSpace/ROS2-Robot-WS/src/third_pkg/ros_astra_camera/include/astra_camera/astra_driver.h:56[m[K,
[1.925s]                  from [01m[K/home/fzq614/My_ROS_Robot/ROS-WorkSpace/ROS2-Robot-WS/src/third_pkg/ros_astra_camera/src/astra_driver.cpp:33[m[K:
[1.925s] [01m[K/home/fzq614/My_ROS_Robot/ROS-WorkSpace/ROS2-Robot-WS/src/third_pkg/ros_astra_camera/include/astra_camera/astra_device.h:68:46:[m[K [01;31m[Kerror: [m[KISO C++17 does not allow dynamic exception specifications
[1.925s]    AstraDevice(const std::string& device_URI) [01;31m[Kthrow[m[K (AstraException);
[1.925s]                                               [01;31m[K^~~~~[m[K
[1.925s] [01m[K/home/fzq614/My_ROS_Robot/ROS-WorkSpace/ROS2-Robot-WS/src/third_pkg/ros_astra_camera/include/astra_camera/astra_device.h:100:47:[m[K [01;31m[Kerror: [m[KISO C++17 does not allow dynamic exception specifications
[1.925s]    void setImageRegistrationMode(bool enabled) [01;31m[Kthrow[m[K (AstraException);
[1.926s]                                                [01;31m[K^~~~~[m[K
[1.926s] [01m[K/home/fzq614/My_ROS_Robot/ROS-WorkSpace/ROS2-Robot-WS/src/third_pkg/ros_astra_camera/include/astra_camera/astra_device.h:101:40:[m[K [01;31m[Kerror: [m[KISO C++17 does not allow dynamic exception specifications
[1.926s]    void setDepthColorSync(bool enabled) [01;31m[Kthrow[m[K (AstraException);
[1.926s]                                         [01;31m[K^~~~~[m[K
[1.926s] [01m[K/home/fzq614/My_ROS_Robot/ROS-WorkSpace/ROS2-Robot-WS/src/third_pkg/ros_astra_camera/include/astra_camera/astra_device.h:103:41:[m[K [01;31m[Kerror: [m[KISO C++17 does not allow dynamic exception specifications
[1.926s]    const AstraVideoMode getIRVideoMode() [01;31m[Kthrow[m[K (AstraException);
[1.926s]                                          [01;31m[K^~~~~[m[K
[1.926s] [01m[K/home/fzq614/My_ROS_Robot/ROS-WorkSpace/ROS2-Robot-WS/src/third_pkg/ros_astra_camera/include/astra_camera/astra_device.h:104:44:[m[K [01;31m[Kerror: [m[KISO C++17 does not allow dynamic exception specifications
[1.927s]    const AstraVideoMode getColorVideoMode() [01;31m[Kthrow[m[K (AstraException);
[1.927s]                                             [01;31m[K^~~~~[m[K
[1.927s] [01m[K/home/fzq614/My_ROS_Robot/ROS-WorkSpace/ROS2-Robot-WS/src/third_pkg/ros_astra_camera/include/astra_camera/astra_device.h:105:44:[m[K [01;31m[Kerror: [m[KISO C++17 does not allow dynamic exception specifications
[1.927s]    const AstraVideoMode getDepthVideoMode() [01;31m[Kthrow[m[K (AstraException);
[1.927s]                                             [01;31m[K^~~~~[m[K
[1.927s] [01m[K/home/fzq614/My_ROS_Robot/ROS-WorkSpace/ROS2-Robot-WS/src/third_pkg/ros_astra_camera/include/astra_camera/astra_device.h:115:57:[m[K [01;31m[Kerror: [m[KISO C++17 does not allow dynamic exception specifications
[1.928s]    void setIRVideoMode(const AstraVideoMode& video_mode) [01;31m[Kthrow[m[K (AstraException);
[1.928s]                                                          [01;31m[K^~~~~[m[K
[1.928s] [01m[K/home/fzq614/My_ROS_Robot/ROS-WorkSpace/ROS2-Robot-WS/src/third_pkg/ros_astra_camera/include/astra_camera/astra_device.h:116:60:[m[K [01;31m[Kerror: [m[KISO C++17 does not allow dynamic exception specifications
[1.928s]    void setColorVideoMode(const AstraVideoMode& video_mode) [01;31m[Kthrow[m[K (AstraException);
[1.928s]                                                             [01;31m[K^~~~~[m[K
[1.928s] [01m[K/home/fzq614/My_ROS_Robot/ROS-WorkSpace/ROS2-Robot-WS/src/third_pkg/ros_astra_camera/include/astra_camera/astra_device.h:117:60:[m[K [01;31m[Kerror: [m[KISO C++17 does not allow dynamic exception specifications
[1.928s]    void setDepthVideoMode(const AstraVideoMode& video_mode) [01;31m[Kthrow[m[K (AstraException);
[1.928s]                                                             [01;31m[K^~~~~[m[K
[1.929s] [01m[K/home/fzq614/My_ROS_Robot/ROS-WorkSpace/ROS2-Robot-WS/src/third_pkg/ros_astra_camera/include/astra_camera/astra_device.h:127:37:[m[K [01;31m[Kerror: [m[KISO C++17 does not allow dynamic exception specifications
[1.929s]    void setAutoExposure(bool enable) [01;31m[Kthrow[m[K (AstraException);
[1.929s]                                      [01;31m[K^~~~~[m[K
[1.929s] [01m[K/home/fzq614/My_ROS_Robot/ROS-WorkSpace/ROS2-Robot-WS/src/third_pkg/ros_astra_camera/include/astra_camera/astra_device.h:128:41:[m[K [01;31m[Kerror: [m[KISO C++17 does not allow dynamic exception specifications
[1.929s]    void setAutoWhiteBalance(bool enable) [01;31m[Kthrow[m[K (AstraException);
[1.929s]                                          [01;31m[K^~~~~[m[K
[1.929s] [01m[K/home/fzq614/My_ROS_Robot/ROS-WorkSpace/ROS2-Robot-WS/src/third_pkg/ros_astra_camera/include/astra_camera/astra_device.h:138:67:[m[K [01;31m[Kerror: [m[KISO C++17 does not allow dynamic exception specifications
[1.929s]    boost::shared_ptr<openni::VideoStream> getIRVideoStream() const [01;31m[Kthrow[m[K (AstraException);
[1.930s]                                                                    [01;31m[K^~~~~[m[K
[1.930s] [01m[K/home/fzq614/My_ROS_Robot/ROS-WorkSpace/ROS2-Robot-WS/src/third_pkg/ros_astra_camera/include/astra_camera/astra_device.h:139:70:[m[K [01;31m[Kerror: [m[KISO C++17 does not allow dynamic exception specifications
[1.930s]    boost::shared_ptr<openni::VideoStream> getColorVideoStream() const [01;31m[Kthrow[m[K (AstraException);
[1.930s]                                                                       [01;31m[K^~~~~[m[K
[1.930s] [01m[K/home/fzq614/My_ROS_Robot/ROS-WorkSpace/ROS2-Robot-WS/src/third_pkg/ros_astra_camera/include/astra_camera/astra_device.h:140:70:[m[K [01;31m[Kerror: [m[KISO C++17 does not allow dynamic exception specifications
[1.930s]    boost::shared_ptr<openni::VideoStream> getDepthVideoStream() const [01;31m[Kthrow[m[K (AstraException);
[1.930s]                                                                       [01;31m[K^~~~~[m[K
[1.931s] In file included from [01m[K/home/fzq614/My_ROS_Robot/ROS-WorkSpace/ROS2-Robot-WS/src/third_pkg/ros_astra_camera/include/astra_camera/astra_driver.h:56[m[K,
[1.931s]                  from [01m[K/home/fzq614/My_ROS_Robot/ROS-WorkSpace/ROS2-Robot-WS/src/third_pkg/ros_astra_camera/src/astra_device.cpp:38[m[K:
[1.932s] [01m[K/home/fzq614/My_ROS_Robot/ROS-WorkSpace/ROS2-Robot-WS/src/third_pkg/ros_astra_camera/include/astra_camera/astra_device.h:68:46:[m[K [01;31m[Kerror: [m[KISO C++17 does not allow dynamic exception specifications
[1.932s]    AstraDevice(const std::string& device_URI) [01;31m[Kthrow[m[K (AstraException);
[1.932s]                                               [01;31m[K^~~~~[m[K
[1.932s] [01m[K/home/fzq614/My_ROS_Robot/ROS-WorkSpace/ROS2-Robot-WS/src/third_pkg/ros_astra_camera/include/astra_camera/astra_device.h:100:47:[m[K [01;31m[Kerror: [m[KISO C++17 does not allow dynamic exception specifications
[1.932s]    void setImageRegistrationMode(bool enabled) [01;31m[Kthrow[m[K (AstraException);
[1.932s]                                                [01;31m[K^~~~~[m[K
[1.932s] [01m[K/home/fzq614/My_ROS_Robot/ROS-WorkSpace/ROS2-Robot-WS/src/third_pkg/ros_astra_camera/include/astra_camera/astra_device.h:101:40:[m[K [01;31m[Kerror: [m[KISO C++17 does not allow dynamic exception specifications
[1.932s]    void setDepthColorSync(bool enabled) [01;31m[Kthrow[m[K (AstraException);
[1.933s]                                         [01;31m[K^~~~~[m[K
[1.933s] [01m[K/home/fzq614/My_ROS_Robot/ROS-WorkSpace/ROS2-Robot-WS/src/third_pkg/ros_astra_camera/include/astra_camera/astra_device.h:103:41:[m[K [01;31m[Kerror: [m[KISO C++17 does not allow dynamic exception specifications
[1.933s]    const AstraVideoMode getIRVideoMode() [01;31m[Kthrow[m[K (AstraException);
[1.933s]                                          [01;31m[K^~~~~[m[K
[1.933s] [01m[K/home/fzq614/My_ROS_Robot/ROS-WorkSpace/ROS2-Robot-WS/src/third_pkg/ros_astra_camera/include/astra_camera/astra_device.h:104:44:[m[K [01;31m[Kerror: [m[KISO C++17 does not allow dynamic exception specifications
[1.933s]    const AstraVideoMode getColorVideoMode() [01;31m[Kthrow[m[K (AstraException);
[1.933s]                                             [01;31m[K^~~~~[m[K
[1.933s] [01m[K/home/fzq614/My_ROS_Robot/ROS-WorkSpace/ROS2-Robot-WS/src/third_pkg/ros_astra_camera/include/astra_camera/astra_device.h:105:44:[m[K [01;31m[Kerror: [m[KISO C++17 does not allow dynamic exception specifications
[1.933s]    const AstraVideoMode getDepthVideoMode() [01;31m[Kthrow[m[K (AstraException);
[1.933s]                                             [01;31m[K^~~~~[m[K
[1.933s] [01m[K/home/fzq614/My_ROS_Robot/ROS-WorkSpace/ROS2-Robot-WS/src/third_pkg/ros_astra_camera/include/astra_camera/astra_device.h:115:57:[m[K [01;31m[Kerror: [m[KISO C++17 does not allow dynamic exception specifications
[1.933s]    void setIRVideoMode(const AstraVideoMode& video_mode) [01;31m[Kthrow[m[K (AstraException);
[1.933s]                                                          [01;31m[K^~~~~[m[K
[1.934s] [01m[K/home/fzq614/My_ROS_Robot/ROS-WorkSpace/ROS2-Robot-WS/src/third_pkg/ros_astra_camera/include/astra_camera/astra_device.h:116:60:[m[K [01;31m[Kerror: [m[KISO C++17 does not allow dynamic exception specifications
[1.934s]    void setColorVideoMode(const AstraVideoMode& video_mode) [01;31m[Kthrow[m[K (AstraException);
[1.934s]                                                             [01;31m[K^~~~~[m[K
[1.934s] [01m[K/home/fzq614/My_ROS_Robot/ROS-WorkSpace/ROS2-Robot-WS/src/third_pkg/ros_astra_camera/include/astra_camera/astra_device.h:117:60:[m[K [01;31m[Kerror: [m[KISO C++17 does not allow dynamic exception specifications
[1.934s]    void setDepthVideoMode(const AstraVideoMode& video_mode) [01;31m[Kthrow[m[K (AstraException);
[1.934s]                                                             [01;31m[K^~~~~[m[K
[1.934s] [01m[K/home/fzq614/My_ROS_Robot/ROS-WorkSpace/ROS2-Robot-WS/src/third_pkg/ros_astra_camera/include/astra_camera/astra_device.h:127:37:[m[K [01;31m[Kerror: [m[KISO C++17 does not allow dynamic exception specifications
[1.934s]    void setAutoExposure(bool enable) [01;31m[Kthrow[m[K (AstraException);
[1.934s]                                      [01;31m[K^~~~~[m[K
[1.934s] [01m[K/home/fzq614/My_ROS_Robot/ROS-WorkSpace/ROS2-Robot-WS/src/third_pkg/ros_astra_camera/include/astra_camera/astra_device.h:128:41:[m[K [01;31m[Kerror: [m[KISO C++17 does not allow dynamic exception specifications
[1.934s]    void setAutoWhiteBalance(bool enable) [01;31m[Kthrow[m[K (AstraException);
[1.934s]                                          [01;31m[K^~~~~[m[K
[1.934s] [01m[K/home/fzq614/My_ROS_Robot/ROS-WorkSpace/ROS2-Robot-WS/src/third_pkg/ros_astra_camera/include/astra_camera/astra_device.h:138:67:[m[K [01;31m[Kerror: [m[KISO C++17 does not allow dynamic exception specifications
[1.934s]    boost::shared_ptr<openni::VideoStream> getIRVideoStream() const [01;31m[Kthrow[m[K (AstraException);
[1.935s]                                                                    [01;31m[K^~~~~[m[K
[1.935s] [01m[K/home/fzq614/My_ROS_Robot/ROS-WorkSpace/ROS2-Robot-WS/src/third_pkg/ros_astra_camera/include/astra_camera/astra_device.h:139:70:[m[K [01;31m[Kerror: [m[KISO C++17 does not allow dynamic exception specifications
[1.935s]    boost::shared_ptr<openni::VideoStream> getColorVideoStream() const [01;31m[Kthrow[m[K (AstraException);
[1.935s]                                                                       [01;31m[K^~~~~[m[K
[1.935s] [01m[K/home/fzq614/My_ROS_Robot/ROS-WorkSpace/ROS2-Robot-WS/src/third_pkg/ros_astra_camera/include/astra_camera/astra_device.h:140:70:[m[K [01;31m[Kerror: [m[KISO C++17 does not allow dynamic exception specifications
[1.935s]    boost::shared_ptr<openni::VideoStream> getDepthVideoStream() const [01;31m[Kthrow[m[K (AstraException);
[1.935s]                                                                       [01;31m[K^~~~~[m[K
[2.074s] In file included from [01m[K/home/fzq614/My_ROS_Robot/ROS-WorkSpace/ROS2-Robot-WS/src/third_pkg/ros_astra_camera/src/astra_device_manager.cpp:35[m[K:
[2.074s] [01m[K/home/fzq614/My_ROS_Robot/ROS-WorkSpace/ROS2-Robot-WS/src/third_pkg/ros_astra_camera/include/astra_camera/astra_device.h:68:46:[m[K [01;31m[Kerror: [m[KISO C++17 does not allow dynamic exception specifications
[2.074s]    AstraDevice(const std::string& device_URI) [01;31m[Kthrow[m[K (AstraException);
[2.074s]                                               [01;31m[K^~~~~[m[K
[2.074s] [01m[K/home/fzq614/My_ROS_Robot/ROS-WorkSpace/ROS2-Robot-WS/src/third_pkg/ros_astra_camera/include/astra_camera/astra_device.h:100:47:[m[K [01;31m[Kerror: [m[KISO C++17 does not allow dynamic exception specifications
[2.074s]    void setImageRegistrationMode(bool enabled) [01;31m[Kthrow[m[K (AstraException);
[2.074s]                                                [01;31m[K^~~~~[m[K
[2.074s] [01m[K/home/fzq614/My_ROS_Robot/ROS-WorkSpace/ROS2-Robot-WS/src/third_pkg/ros_astra_camera/include/astra_camera/astra_device.h:101:40:[m[K [01;31m[Kerror: [m[KISO C++17 does not allow dynamic exception specifications
[2.074s]    void setDepthColorSync(bool enabled) [01;31m[Kthrow[m[K (AstraException);
[2.074s]                                         [01;31m[K^~~~~[m[K
[2.074s] [01m[K/home/fzq614/My_ROS_Robot/ROS-WorkSpace/ROS2-Robot-WS/src/third_pkg/ros_astra_camera/include/astra_camera/astra_device.h:103:41:[m[K [01;31m[Kerror: [m[KISO C++17 does not allow dynamic exception specifications
[2.074s]    const AstraVideoMode getIRVideoMode() [01;31m[Kthrow[m[K (AstraException);
[2.074s]                                          [01;31m[K^~~~~[m[K
[2.075s] [01m[K/home/fzq614/My_ROS_Robot/ROS-WorkSpace/ROS2-Robot-WS/src/third_pkg/ros_astra_camera/include/astra_camera/astra_device.h:104:44:[m[K [01;31m[Kerror: [m[KISO C++17 does not allow dynamic exception specifications
[2.075s]    const AstraVideoMode getColorVideoMode() [01;31m[Kthrow[m[K (AstraException);
[2.075s]                                             [01;31m[K^~~~~[m[K
[2.075s] [01m[K/home/fzq614/My_ROS_Robot/ROS-WorkSpace/ROS2-Robot-WS/src/third_pkg/ros_astra_camera/include/astra_camera/astra_device.h:105:44:[m[K [01;31m[Kerror: [m[KISO C++17 does not allow dynamic exception specifications
[2.075s]    const AstraVideoMode getDepthVideoMode() [01;31m[Kthrow[m[K (AstraException);
[2.075s]                                             [01;31m[K^~~~~[m[K
[2.075s] [01m[K/home/fzq614/My_ROS_Robot/ROS-WorkSpace/ROS2-Robot-WS/src/third_pkg/ros_astra_camera/include/astra_camera/astra_device.h:115:57:[m[K [01;31m[Kerror: [m[KISO C++17 does not allow dynamic exception specifications
[2.075s]    void setIRVideoMode(const AstraVideoMode& video_mode) [01;31m[Kthrow[m[K (AstraException);
[2.075s]                                                          [01;31m[K^~~~~[m[K
[2.075s] [01m[K/home/fzq614/My_ROS_Robot/ROS-WorkSpace/ROS2-Robot-WS/src/third_pkg/ros_astra_camera/include/astra_camera/astra_device.h:116:60:[m[K [01;31m[Kerror: [m[KISO C++17 does not allow dynamic exception specifications
[2.075s]    void setColorVideoMode(const AstraVideoMode& video_mode) [01;31m[Kthrow[m[K (AstraException);
[2.075s]                                                             [01;31m[K^~~~~[m[K
[2.075s] [01m[K/home/fzq614/My_ROS_Robot/ROS-WorkSpace/ROS2-Robot-WS/src/third_pkg/ros_astra_camera/include/astra_camera/astra_device.h:117:60:[m[K [01;31m[Kerror: [m[KISO C++17 does not allow dynamic exception specifications
[2.076s]    void setDepthVideoMode(const AstraVideoMode& video_mode) [01;31m[Kthrow[m[K (AstraException);
[2.076s]                                                             [01;31m[K^~~~~[m[K
[2.076s] [01m[K/home/fzq614/My_ROS_Robot/ROS-WorkSpace/ROS2-Robot-WS/src/third_pkg/ros_astra_camera/include/astra_camera/astra_device.h:127:37:[m[K [01;31m[Kerror: [m[KISO C++17 does not allow dynamic exception specifications
[2.076s]    void setAutoExposure(bool enable) [01;31m[Kthrow[m[K (AstraException);
[2.076s]                                      [01;31m[K^~~~~[m[K
[2.076s] [01m[K/home/fzq614/My_ROS_Robot/ROS-WorkSpace/ROS2-Robot-WS/src/third_pkg/ros_astra_camera/include/astra_camera/astra_device.h:128:41:[m[K [01;31m[Kerror: [m[KISO C++17 does not allow dynamic exception specifications
[2.076s]    void setAutoWhiteBalance(bool enable) [01;31m[Kthrow[m[K (AstraException);
[2.076s]                                          [01;31m[K^~~~~[m[K
[2.076s] [01m[K/home/fzq614/My_ROS_Robot/ROS-WorkSpace/ROS2-Robot-WS/src/third_pkg/ros_astra_camera/include/astra_camera/astra_device.h:138:67:[m[K [01;31m[Kerror: [m[KISO C++17 does not allow dynamic exception specifications
[2.076s]    boost::shared_ptr<openni::VideoStream> getIRVideoStream() const [01;31m[Kthrow[m[K (AstraException);
[2.076s]                                                                    [01;31m[K^~~~~[m[K
[2.076s] [01m[K/home/fzq614/My_ROS_Robot/ROS-WorkSpace/ROS2-Robot-WS/src/third_pkg/ros_astra_camera/include/astra_camera/astra_device.h:139:70:[m[K [01;31m[Kerror: [m[KISO C++17 does not allow dynamic exception specifications
[2.076s]    boost::shared_ptr<openni::VideoStream> getColorVideoStream() const [01;31m[Kthrow[m[K (AstraException);
[2.076s]                                                                       [01;31m[K^~~~~[m[K
[2.076s] [01m[K/home/fzq614/My_ROS_Robot/ROS-WorkSpace/ROS2-Robot-WS/src/third_pkg/ros_astra_camera/include/astra_camera/astra_device.h:140:70:[m[K [01;31m[Kerror: [m[KISO C++17 does not allow dynamic exception specifications
[2.077s]    boost::shared_ptr<openni::VideoStream> getDepthVideoStream() const [01;31m[Kthrow[m[K (AstraException);
[2.077s]                                                                       [01;31m[K^~~~~[m[K
[2.290s] In file included from [01m[K/usr/include/c++/8/map:60[m[K,
[2.290s]                  from [01m[K/usr/include/boost/system/detail/std_interoperability.hpp:11[m[K,
[2.290s]                  from [01m[K/usr/include/boost/system/error_code.hpp:959[m[K,
[2.290s]                  from [01m[K/usr/include/boost/system/system_error.hpp:11[m[K,
[2.290s]                  from [01m[K/usr/include/boost/thread/exceptions.hpp:22[m[K,
[2.290s]                  from [01m[K/usr/include/boost/thread/pthread/mutex.hpp:14[m[K,
[2.290s]                  from [01m[K/usr/include/boost/thread/mutex.hpp:16[m[K,
[2.291s]                  from [01m[K/home/fzq614/My_ROS_Robot/ROS-WorkSpace/ROS2-Robot-WS/src/third_pkg/ros_astra_camera/include/astra_camera/astra_device_manager.h:38[m[K,
[2.291s]                  from [01m[K/home/fzq614/My_ROS_Robot/ROS-WorkSpace/ROS2-Robot-WS/src/third_pkg/ros_astra_camera/src/astra_device_manager.cpp:33[m[K:
[2.291s] /usr/include/c++/8/bits/stl_tree.h: In instantiation of ‘[01m[Kstatic const _Key& std::_Rb_tree<_Key, _Val, _KeyOfValue, _Compare, _Alloc>::_S_key(std::_Rb_tree<_Key, _Val, _KeyOfValue, _Compare, _Alloc>::_Const_Link_type) [with _Key = astra_wrapper::AstraDeviceInfo; _Val = astra_wrapper::AstraDeviceInfo; _KeyOfValue = std::_Identity<astra_wrapper::AstraDeviceInfo>; _Compare = astra_wrapper::AstraDeviceInfoComparator; _Alloc = std::allocator<astra_wrapper::AstraDeviceInfo>; std::_Rb_tree<_Key, _Val, _KeyOfValue, _Compare, _Alloc>::_Const_Link_type = const std::_Rb_tree_node<astra_wrapper::AstraDeviceInfo>*][m[K’:
[2.291s] [01m[K/usr/include/c++/8/bits/stl_tree.h:1963:37:[m[K   required from ‘[01m[Kstd::pair<std::_Rb_tree_iterator<_Val>, std::_Rb_tree_iterator<_Val> > std::_Rb_tree<_Key, _Val, _KeyOfValue, _Compare, _Alloc>::equal_range(const _Key&) [with _Key = astra_wrapper::AstraDeviceInfo; _Val = astra_wrapper::AstraDeviceInfo; _KeyOfValue = std::_Identity<astra_wrapper::AstraDeviceInfo>; _Compare = astra_wrapper::AstraDeviceInfoComparator; _Alloc = std::allocator<astra_wrapper::AstraDeviceInfo>][m[K’
[2.291s] [01m[K/usr/include/c++/8/bits/stl_tree.h:2523:32:[m[K   required from ‘[01m[Kstd::_Rb_tree<_Key, _Val, _KeyOfValue, _Compare, _Alloc>::size_type std::_Rb_tree<_Key, _Val, _KeyOfValue, _Compare, _Alloc>::erase(const _Key&) [with _Key = astra_wrapper::AstraDeviceInfo; _Val = astra_wrapper::AstraDeviceInfo; _KeyOfValue = std::_Identity<astra_wrapper::AstraDeviceInfo>; _Compare = astra_wrapper::AstraDeviceInfoComparator; _Alloc = std::allocator<astra_wrapper::AstraDeviceInfo>; std::_Rb_tree<_Key, _Val, _KeyOfValue, _Compare, _Alloc>::size_type = long unsigned int][m[K’
[2.291s] [01m[K/usr/include/c++/8/bits/stl_set.h:685:30:[m[K   required from ‘[01m[Kstd::set<_Key, _Compare, _Alloc>::size_type std::set<_Key, _Compare, _Alloc>::erase(const key_type&) [with _Key = astra_wrapper::AstraDeviceInfo; _Compare = astra_wrapper::AstraDeviceInfoComparator; _Alloc = std::allocator<astra_wrapper::AstraDeviceInfo>; std::set<_Key, _Compare, _Alloc>::size_type = long unsigned int; std::set<_Key, _Compare, _Alloc>::key_type = astra_wrapper::AstraDeviceInfo][m[K’
[2.291s] [01m[K/home/fzq614/My_ROS_Robot/ROS-WorkSpace/ROS2-Robot-WS/src/third_pkg/ros_astra_camera/src/astra_device_manager.cpp:120:42:[m[K   required from here
[2.291s] [01m[K/usr/include/c++/8/bits/stl_tree.h:777:8:[m[K [01;31m[Kerror: [m[Kstatic assertion failed: comparison object must be invocable as const
[2.291s]         [01;31m[Kis_invocable_v<const _Compare&, const _Key&, const _Key&>[m[K,
[2.291s]         [01;31m[K^~~~~~~~~~~~~~~~~~~~~~~~~~~~~~~~~~~~~~~~~~~~~~~~~~~~~~~~~[m[K
[2.394s] make[2]: *** [CMakeFiles/astra_wrapper.dir/build.make:128: CMakeFiles/astra_wrapper.dir/src/astra_device_manager.cpp.o] Error 1
[3.058s] In file included from [01m[K/home/fzq614/My_ROS_Robot/ROS-WorkSpace/ROS2-Robot-WS/src/third_pkg/ros_astra_camera/src/astra_driver.cpp:33[m[K:
[3.058s] [01m[K/home/fzq614/My_ROS_Robot/ROS-WorkSpace/ROS2-Robot-WS/src/third_pkg/ros_astra_camera/include/astra_camera/astra_driver.h:92:62:[m[K [01;31m[Kerror: [m[KISO C++17 does not allow dynamic exception specifications
[3.058s]    std::string resolveDeviceURI(const std::string& device_id) [01;31m[Kthrow[m[K(AstraException);
[3.058s]                                                               [01;31m[K^~~~~[m[K
[3.082s] In file included from [01m[K/home/fzq614/My_ROS_Robot/ROS-WorkSpace/ROS2-Robot-WS/src/third_pkg/ros_astra_camera/src/astra_device.cpp:38[m[K:
[3.082s] [01m[K/home/fzq614/My_ROS_Robot/ROS-WorkSpace/ROS2-Robot-WS/src/third_pkg/ros_astra_camera/include/astra_camera/astra_driver.h:92:62:[m[K [01;31m[Kerror: [m[KISO C++17 does not allow dynamic exception specifications
[3.082s]    std::string resolveDeviceURI(const std::string& device_id) [01;31m[Kthrow[m[K(AstraException);
[3.083s]                                                               [01;31m[K^~~~~[m[K
[3.112s] [01m[K/home/fzq614/My_ROS_Robot/ROS-WorkSpace/ROS2-Robot-WS/src/third_pkg/ros_astra_camera/src/astra_device.cpp:52:57:[m[K [01;31m[Kerror: [m[KISO C++17 does not allow dynamic exception specifications
[3.112s]  AstraDevice::AstraDevice(const std::string& device_URI) [01;31m[Kthrow[m[K (AstraException) :
[3.112s]                                                          [01;31m[K^~~~~[m[K
[3.119s] [01m[K/home/fzq614/My_ROS_Robot/ROS-WorkSpace/ROS2-Robot-WS/src/third_pkg/ros_astra_camera/src/astra_device.cpp:405:58:[m[K [01;31m[Kerror: [m[KISO C++17 does not allow dynamic exception specifications
[3.119s]  void AstraDevice::setImageRegistrationMode(bool enabled) [01;31m[Kthrow[m[K (AstraException)
[3.119s]                                                           [01;31m[K^~~~~[m[K
[3.120s] [01m[K/home/fzq614/My_ROS_Robot/ROS-WorkSpace/ROS2-Robot-WS/src/third_pkg/ros_astra_camera/src/astra_device.cpp:425:51:[m[K [01;31m[Kerror: [m[KISO C++17 does not allow dynamic exception specifications
[3.120s]  void AstraDevice::setDepthColorSync(bool enabled) [01;31m[Kthrow[m[K (AstraException)
[3.120s]                                                    [01;31m[K^~~~~[m[K
[3.120s] [01m[K/home/fzq614/My_ROS_Robot/ROS-WorkSpace/ROS2-Robot-WS/src/third_pkg/ros_astra_camera/src/astra_device.cpp:432:52:[m[K [01;31m[Kerror: [m[KISO C++17 does not allow dynamic exception specifications
[3.121s]  const AstraVideoMode AstraDevice::getIRVideoMode() [01;31m[Kthrow[m[K (AstraException)
[3.121s]                                                     [01;31m[K^~~~~[m[K
[3.121s] [01m[K/home/fzq614/My_ROS_Robot/ROS-WorkSpace/ROS2-Robot-WS/src/third_pkg/ros_astra_camera/src/astra_device.cpp:450:55:[m[K [01;31m[Kerror: [m[KISO C++17 does not allow dynamic exception specifications
[3.121s]  const AstraVideoMode AstraDevice::getColorVideoMode() [01;31m[Kthrow[m[K (AstraException)
[3.121s]                                                        [01;31m[K^~~~~[m[K
[3.121s] [01m[K/home/fzq614/My_ROS_Robot/ROS-WorkSpace/ROS2-Robot-WS/src/third_pkg/ros_astra_camera/src/astra_device.cpp:468:55:[m[K [01;31m[Kerror: [m[KISO C++17 does not allow dynamic exception specifications
[3.121s]  const AstraVideoMode AstraDevice::getDepthVideoMode() [01;31m[Kthrow[m[K (AstraException)
[3.122s]                                                        [01;31m[K^~~~~[m[K
[3.122s] [01m[K/home/fzq614/My_ROS_Robot/ROS-WorkSpace/ROS2-Robot-WS/src/third_pkg/ros_astra_camera/src/astra_device.cpp:486:68:[m[K [01;31m[Kerror: [m[KISO C++17 does not allow dynamic exception specifications
[3.122s]  void AstraDevice::setIRVideoMode(const AstraVideoMode& video_mode) [01;31m[Kthrow[m[K (AstraException)
[3.122s]                                                                     [01;31m[K^~~~~[m[K
[3.122s] [01m[K/home/fzq614/My_ROS_Robot/ROS-WorkSpace/ROS2-Robot-WS/src/third_pkg/ros_astra_camera/src/astra_device.cpp:499:71:[m[K [01;31m[Kerror: [m[KISO C++17 does not allow dynamic exception specifications
[3.122s]  void AstraDevice::setColorVideoMode(const AstraVideoMode& video_mode) [01;31m[Kthrow[m[K (AstraException)
[3.123s]                                                                        [01;31m[K^~~~~[m[K
[3.123s] [01m[K/home/fzq614/My_ROS_Robot/ROS-WorkSpace/ROS2-Robot-WS/src/third_pkg/ros_astra_camera/src/astra_device.cpp:512:71:[m[K [01;31m[Kerror: [m[KISO C++17 does not allow dynamic exception specifications
[3.123s]  void AstraDevice::setDepthVideoMode(const AstraVideoMode& video_mode) [01;31m[Kthrow[m[K (AstraException)
[3.123s]                                                                        [01;31m[K^~~~~[m[K
[3.123s] [01m[K/home/fzq614/My_ROS_Robot/ROS-WorkSpace/ROS2-Robot-WS/src/third_pkg/ros_astra_camera/src/astra_device.cpp:525:48:[m[K [01;31m[Kerror: [m[KISO C++17 does not allow dynamic exception specifications
[3.123s]  void AstraDevice::setAutoExposure(bool enable) [01;31m[Kthrow[m[K (AstraException)
[3.123s]                                                 [01;31m[K^~~~~[m[K
[3.123s] [01m[K/home/fzq614/My_ROS_Robot/ROS-WorkSpace/ROS2-Robot-WS/src/third_pkg/ros_astra_camera/src/astra_device.cpp:541:52:[m[K [01;31m[Kerror: [m[KISO C++17 does not allow dynamic exception specifications
[3.123s]  void AstraDevice::setAutoWhiteBalance(bool enable) [01;31m[Kthrow[m[K (AstraException)
[3.124s]                                                     [01;31m[K^~~~~[m[K
[3.124s] [01m[K/home/fzq614/My_ROS_Robot/ROS-WorkSpace/ROS2-Robot-WS/src/third_pkg/ros_astra_camera/src/astra_device.cpp:616:78:[m[K [01;31m[Kerror: [m[KISO C++17 does not allow dynamic exception specifications
[3.124s]  boost::shared_ptr<openni::VideoStream> AstraDevice::getIRVideoStream() const [01;31m[Kthrow[m[K (AstraException)
[3.124s]                                                                               [01;31m[K^~~~~[m[K
[3.124s] [01m[K/home/fzq614/My_ROS_Robot/ROS-WorkSpace/ROS2-Robot-WS/src/third_pkg/ros_astra_camera/src/astra_device.cpp:632:81:[m[K [01;31m[Kerror: [m[KISO C++17 does not allow dynamic exception specifications
[3.124s]  boost::shared_ptr<openni::VideoStream> AstraDevice::getColorVideoStream() const [01;31m[Kthrow[m[K (AstraException)
[3.124s]                                                                                  [01;31m[K^~~~~[m[K
[3.124s] [01m[K/home/fzq614/My_ROS_Robot/ROS-WorkSpace/ROS2-Robot-WS/src/third_pkg/ros_astra_camera/src/astra_device.cpp:648:81:[m[K [01;31m[Kerror: [m[KISO C++17 does not allow dynamic exception specifications
[3.124s]  boost::shared_ptr<openni::VideoStream> AstraDevice::getDepthVideoStream() const [01;31m[Kthrow[m[K (AstraException)
[3.124s]                                                                                  [01;31m[K^~~~~[m[K
[3.356s] [01m[K/home/fzq614/My_ROS_Robot/ROS-WorkSpace/ROS2-Robot-WS/src/third_pkg/ros_astra_camera/src/astra_driver.cpp:[m[K In member function ‘[01m[Kvoid astra_wrapper::AstraDriver::advertiseROSTopics()[m[K’:
[3.356s] [01m[K/home/fzq614/My_ROS_Robot/ROS-WorkSpace/ROS2-Robot-WS/src/third_pkg/ros_astra_camera/src/astra_driver.cpp:190:101:[m[K [01;31m[Kerror: [m[Kno matching function for call to ‘[01m[Krclcpp::Node::create_publisher<sensor_msgs::msg::Image>(const char [6], const rmw_qos_profile_t&)[m[K’
[3.357s]      pub_color_ = nh_->create_publisher<sensor_msgs::msg::Image>("image", rmw_qos_profile_sensor_data[01;31m[K)[m[K;
[3.357s]                                                                                                      [01;31m[K^[m[K
[3.357s] In file included from [01m[K/opt/ros/galactic/include/rclcpp/executors/single_threaded_executor.hpp:28[m[K,
[3.357s]                  from [01m[K/opt/ros/galactic/include/rclcpp/executors.hpp:22[m[K,
[3.357s]                  from [01m[K/opt/ros/galactic/include/rclcpp/rclcpp.hpp:156[m[K,
[3.357s]                  from [01m[K/home/fzq614/My_ROS_Robot/ROS-WorkSpace/ROS2-Robot-WS/src/third_pkg/ros_astra_camera/include/astra_camera/astra_driver.h:62[m[K,
[3.358s]                  from [01m[K/home/fzq614/My_ROS_Robot/ROS-WorkSpace/ROS2-Robot-WS/src/third_pkg/ros_astra_camera/src/astra_driver.cpp:33[m[K:
[3.358s] [01m[K/opt/ros/galactic/include/rclcpp/node.hpp:200:3:[m[K [01;36m[Knote: [m[Kcandidate: ‘[01m[Ktemplate<class MessageT, class AllocatorT, class PublisherT> std::shared_ptr<PublisherT> rclcpp::Node::create_publisher(const string&, const rclcpp::QoS&, const rclcpp::PublisherOptionsWithAllocator<AllocatorT>&)[m[K’
[3.358s]    [01;36m[Kcreate_publisher[m[K(
[3.358s]    [01;36m[K^~~~~~~~~~~~~~~~[m[K
[3.358s] [01m[K/opt/ros/galactic/include/rclcpp/node.hpp:200:3:[m[K [01;36m[Knote: [m[K  template argument deduction/substitution failed:
[3.359s] [01m[K/home/fzq614/My_ROS_Robot/ROS-WorkSpace/ROS2-Robot-WS/src/third_pkg/ros_astra_camera/src/astra_driver.cpp:190:74:[m[K [01;36m[Knote: [m[K  cannot convert ‘[01m[Krmw_qos_profile_sensor_data[m[K’ (type ‘[01m[Kconst rmw_qos_profile_t[m[K’) to type ‘[01m[Kconst rclcpp::QoS&[m[K’
[3.359s]      pub_color_ = nh_->create_publisher<sensor_msgs::msg::Image>("image", [01;36m[Krmw_qos_profile_sensor_data[m[K);
[3.359s]                                                                           [01;36m[K^~~~~~~~~~~~~~~~~~~~~~~~~~~[m[K
[3.359s] [01m[K/home/fzq614/My_ROS_Robot/ROS-WorkSpace/ROS2-Robot-WS/src/third_pkg/ros_astra_camera/src/astra_driver.cpp:199:101:[m[K [01;31m[Kerror: [m[Kno matching function for call to ‘[01m[Krclcpp::Node::create_publisher<sensor_msgs::msg::Image>(const char [9], const rmw_qos_profile_t&)[m[K’
[3.359s]      pub_ir_ = nh_->create_publisher<sensor_msgs::msg::Image>("ir_image", rmw_qos_profile_sensor_data[01;31m[K)[m[K;
[3.359s]                                                                                                      [01;31m[K^[m[K
[3.359s] In file included from [01m[K/opt/ros/galactic/include/rclcpp/executors/single_threaded_executor.hpp:28[m[K,
[3.359s]                  from [01m[K/opt/ros/galactic/include/rclcpp/executors.hpp:22[m[K,
[3.359s]                  from [01m[K/opt/ros/galactic/include/rclcpp/rclcpp.hpp:156[m[K,
[3.359s]                  from [01m[K/home/fzq614/My_ROS_Robot/ROS-WorkSpace/ROS2-Robot-WS/src/third_pkg/ros_astra_camera/include/astra_camera/astra_driver.h:62[m[K,
[3.359s]                  from [01m[K/home/fzq614/My_ROS_Robot/ROS-WorkSpace/ROS2-Robot-WS/src/third_pkg/ros_astra_camera/src/astra_driver.cpp:33[m[K:
[3.359s] [01m[K/opt/ros/galactic/include/rclcpp/node.hpp:200:3:[m[K [01;36m[Knote: [m[Kcandidate: ‘[01m[Ktemplate<class MessageT, class AllocatorT, class PublisherT> std::shared_ptr<PublisherT> rclcpp::Node::create_publisher(const string&, const rclcpp::QoS&, const rclcpp::PublisherOptionsWithAllocator<AllocatorT>&)[m[K’
[3.359s]    [01;36m[Kcreate_publisher[m[K(
[3.360s]    [01;36m[K^~~~~~~~~~~~~~~~[m[K
[3.360s] [01m[K/opt/ros/galactic/include/rclcpp/node.hpp:200:3:[m[K [01;36m[Knote: [m[K  template argument deduction/substitution failed:
[3.360s] [01m[K/home/fzq614/My_ROS_Robot/ROS-WorkSpace/ROS2-Robot-WS/src/third_pkg/ros_astra_camera/src/astra_driver.cpp:199:74:[m[K [01;36m[Knote: [m[K  cannot convert ‘[01m[Krmw_qos_profile_sensor_data[m[K’ (type ‘[01m[Kconst rmw_qos_profile_t[m[K’) to type ‘[01m[Kconst rclcpp::QoS&[m[K’
[3.360s]      pub_ir_ = nh_->create_publisher<sensor_msgs::msg::Image>("ir_image", [01;36m[Krmw_qos_profile_sensor_data[m[K);
[3.360s]                                                                           [01;36m[K^~~~~~~~~~~~~~~~~~~~~~~~~~~[m[K
[3.360s] [01m[K/home/fzq614/My_ROS_Robot/ROS-WorkSpace/ROS2-Robot-WS/src/third_pkg/ros_astra_camera/src/astra_driver.cpp:210:105:[m[K [01;31m[Kerror: [m[Kno matching function for call to ‘[01m[Krclcpp::Node::create_publisher<sensor_msgs::msg::Image>(const char [6], const rmw_qos_profile_t&)[m[K’
[3.360s]      pub_depth_raw_ = nh_->create_publisher<sensor_msgs::msg::Image>("depth", rmw_qos_profile_sensor_data[01;31m[K)[m[K;
[3.360s]                                                                                                          [01;31m[K^[m[K
[3.360s] In file included from [01m[K/opt/ros/galactic/include/rclcpp/executors/single_threaded_executor.hpp:28[m[K,
[3.360s]                  from [01m[K/opt/ros/galactic/include/rclcpp/executors.hpp:22[m[K,
[3.360s]                  from [01m[K/opt/ros/galactic/include/rclcpp/rclcpp.hpp:156[m[K,
[3.361s]                  from [01m[K/home/fzq614/My_ROS_Robot/ROS-WorkSpace/ROS2-Robot-WS/src/third_pkg/ros_astra_camera/include/astra_camera/astra_driver.h:62[m[K,
[3.361s]                  from [01m[K/home/fzq614/My_ROS_Robot/ROS-WorkSpace/ROS2-Robot-WS/src/third_pkg/ros_astra_camera/src/astra_driver.cpp:33[m[K:
[3.361s] [01m[K/opt/ros/galactic/include/rclcpp/node.hpp:200:3:[m[K [01;36m[Knote: [m[Kcandidate: ‘[01m[Ktemplate<class MessageT, class AllocatorT, class PublisherT> std::shared_ptr<PublisherT> rclcpp::Node::create_publisher(const string&, const rclcpp::QoS&, const rclcpp::PublisherOptionsWithAllocator<AllocatorT>&)[m[K’
[3.361s]    [01;36m[Kcreate_publisher[m[K(
[3.361s]    [01;36m[K^~~~~~~~~~~~~~~~[m[K
[3.361s] [01m[K/opt/ros/galactic/include/rclcpp/node.hpp:200:3:[m[K [01;36m[Knote: [m[K  template argument deduction/substitution failed:
[3.361s] [01m[K/home/fzq614/My_ROS_Robot/ROS-WorkSpace/ROS2-Robot-WS/src/third_pkg/ros_astra_camera/src/astra_driver.cpp:210:78:[m[K [01;36m[Knote: [m[K  cannot convert ‘[01m[Krmw_qos_profile_sensor_data[m[K’ (type ‘[01m[Kconst rmw_qos_profile_t[m[K’) to type ‘[01m[Kconst rclcpp::QoS&[m[K’
[3.361s]      pub_depth_raw_ = nh_->create_publisher<sensor_msgs::msg::Image>("depth", [01;36m[Krmw_qos_profile_sensor_data[m[K);
[3.361s]                                                                               [01;36m[K^~~~~~~~~~~~~~~~~~~~~~~~~~~[m[K
[3.361s] [01m[K/home/fzq614/My_ROS_Robot/ROS-WorkSpace/ROS2-Robot-WS/src/third_pkg/ros_astra_camera/src/astra_driver.cpp:211:130:[m[K [01;31m[Kerror: [m[Kno matching function for call to ‘[01m[Krclcpp::Node::create_publisher<sensor_msgs::msg::CameraInfo>(const char [18], const rmw_qos_profile_t&)[m[K’
[3.361s]  pth_camera_info_ = nh_->create_publisher<sensor_msgs::msg::CameraInfo>("depth_camera_info", rmw_qos_profile_sensor_data[01;31m[K)[m[K;
[3.361s]                                                                                                                         [01;31m[K^[m[K
[3.361s] 
[3.361s] In file included from [01m[K/opt/ros/galactic/include/rclcpp/executors/single_threaded_executor.hpp:28[m[K,
[3.362s]                  from [01m[K/opt/ros/galactic/include/rclcpp/executors.hpp:22[m[K,
[3.362s]                  from [01m[K/opt/ros/galactic/include/rclcpp/rclcpp.hpp:156[m[K,
[3.362s]                  from [01m[K/home/fzq614/My_ROS_Robot/ROS-WorkSpace/ROS2-Robot-WS/src/third_pkg/ros_astra_camera/include/astra_camera/astra_driver.h:62[m[K,
[3.362s]                  from [01m[K/home/fzq614/My_ROS_Robot/ROS-WorkSpace/ROS2-Robot-WS/src/third_pkg/ros_astra_camera/src/astra_driver.cpp:33[m[K:
[3.362s] [01m[K/opt/ros/galactic/include/rclcpp/node.hpp:200:3:[m[K [01;36m[Knote: [m[Kcandidate: ‘[01m[Ktemplate<class MessageT, class AllocatorT, class PublisherT> std::shared_ptr<PublisherT> rclcpp::Node::create_publisher(const string&, const rclcpp::QoS&, const rclcpp::PublisherOptionsWithAllocator<AllocatorT>&)[m[K’
[3.362s]    [01;36m[Kcreate_publisher[m[K(
[3.362s]    [01;36m[K^~~~~~~~~~~~~~~~[m[K
[3.362s] [01m[K/opt/ros/galactic/include/rclcpp/node.hpp:200:3:[m[K [01;36m[Knote: [m[K  template argument deduction/substitution failed:
[3.362s] [01m[K/home/fzq614/My_ROS_Robot/ROS-WorkSpace/ROS2-Robot-WS/src/third_pkg/ros_astra_camera/src/astra_driver.cpp:211:103:[m[K [01;36m[Knote: [m[K  cannot convert ‘[01m[Krmw_qos_profile_sensor_data[m[K’ (type ‘[01m[Kconst rmw_qos_profile_t[m[K’) to type ‘[01m[Kconst rclcpp::QoS&[m[K’
[3.362s]      pub_depth_camera_info_ = nh_->create_publisher<sensor_msgs::msg::CameraInfo>("depth_camera_info", [01;36m[Krmw_qos_profile_sensor_data[m[K);
[3.362s]                                                                                                        [01;36m[K^~~~~~~~~~~~~~~~~~~~~~~~~~~[m[K
[3.377s] [01m[K/home/fzq614/My_ROS_Robot/ROS-WorkSpace/ROS2-Robot-WS/src/third_pkg/ros_astra_camera/src/astra_driver.cpp:[m[K In member function ‘[01m[Kvoid astra_wrapper::AstraDriver::newIRFrameCallback(sensor_msgs::msg::Image_<std::allocator<void> >::SharedPtr)[m[K’:
[3.377s] [01m[K/home/fzq614/My_ROS_Robot/ROS-WorkSpace/ROS2-Robot-WS/src/third_pkg/ros_astra_camera/src/astra_driver.cpp:542:29:[m[K [01;31m[Kerror: [m[Kno matching function for call to ‘[01m[Krclcpp::Publisher<sensor_msgs::msg::Image_<std::allocator<void> > >::publish(sensor_msgs::msg::Image_<std::allocator<void> >::SharedPtr&)[m[K’
[3.377s]        pub_ir_->publish(image[01;31m[K)[m[K;
[3.377s]                              [01;31m[K^[m[K
[3.377s] In file included from [01m[K/opt/ros/galactic/include/rclcpp/topic_statistics/subscription_topic_statistics.hpp:31[m[K,
[3.377s]                  from [01m[K/opt/ros/galactic/include/rclcpp/subscription.hpp:50[m[K,
[3.378s]                  from [01m[K/opt/ros/galactic/include/rclcpp/any_executable.hpp:25[m[K,
[3.378s]                  from [01m[K/opt/ros/galactic/include/rclcpp/memory_strategy.hpp:25[m[K,
[3.378s]                  from [01m[K/opt/ros/galactic/include/rclcpp/memory_strategies.hpp:18[m[K,
[3.378s]                  from [01m[K/opt/ros/galactic/include/rclcpp/executor_options.hpp:20[m[K,
[3.378s]                  from [01m[K/opt/ros/galactic/include/rclcpp/executor.hpp:36[m[K,
[3.378s]                  from [01m[K/opt/ros/galactic/include/rclcpp/executors/multi_threaded_executor.hpp:26[m[K,
[3.378s]                  from [01m[K/opt/ros/galactic/include/rclcpp/executors.hpp:21[m[K,
[3.379s]                  from [01m[K/opt/ros/galactic/include/rclcpp/rclcpp.hpp:156[m[K,
[3.379s]                  from [01m[K/home/fzq614/My_ROS_Robot/ROS-WorkSpace/ROS2-Robot-WS/src/third_pkg/ros_astra_camera/include/astra_camera/astra_driver.h:62[m[K,
[3.379s]                  from [01m[K/home/fzq614/My_ROS_Robot/ROS-WorkSpace/ROS2-Robot-WS/src/third_pkg/ros_astra_camera/src/astra_driver.cpp:33[m[K:
[3.379s] [01m[K/opt/ros/galactic/include/rclcpp/publisher.hpp:187:3:[m[K [01;36m[Knote: [m[Kcandidate: ‘[01m[Kvoid rclcpp::Publisher<MessageT, AllocatorT>::publish(std::unique_ptr<MessageT, typename std::conditional<std::is_same<typename std::allocator_traits<typename std::allocator_traits<_Alloc>::rebind_traits<MessageT>::allocator_type>::rebind_alloc<MessageT>, typename std::allocator<void>::rebind<_Tp1>::other>::value, std::default_delete<_Tp>, rclcpp::allocator::AllocatorDeleter<typename std::allocator_traits<_Alloc>::rebind_traits<MessageT>::allocator_type> >::type>) [with MessageT = sensor_msgs::msg::Image_<std::allocator<void> >; AllocatorT = std::allocator<void>; typename std::conditional<std::is_same<typename std::allocator_traits<typename std::allocator_traits<_Alloc>::rebind_traits<MessageT>::allocator_type>::rebind_alloc<MessageT>, typename std::allocator<void>::rebind<_Tp1>::other>::value, std::default_delete<_Tp>, rclcpp::allocator::AllocatorDeleter<typename std::allocator_traits<_Alloc>::rebind_traits<MessageT>::allocator_type> >::type = std::default_delete<sensor_msgs::msg::Image_<std::allocator<void> > >][m[K’
[3.379s]    [01;36m[Kpublish[m[K(std::unique_ptr<MessageT, MessageDeleter> msg)
[3.380s]    [01;36m[K^~~~~~~[m[K
[3.380s] [01m[K/opt/ros/galactic/include/rclcpp/publisher.hpp:187:3:[m[K [01;36m[Knote: [m[K  no known conversion for argument 1 from ‘[01m[Ksensor_msgs::msg::Image_<std::allocator<void> >::SharedPtr[m[K’ {aka ‘[01m[Kstd::shared_ptr<sensor_msgs::msg::Image_<std::allocator<void> > >[m[K’} to ‘[01m[Kstd::unique_ptr<sensor_msgs::msg::Image_<std::allocator<void> >, std::default_delete<sensor_msgs::msg::Image_<std::allocator<void> > > >[m[K’
[3.380s] [01m[K/opt/ros/galactic/include/rclcpp/publisher.hpp:211:3:[m[K [01;36m[Knote: [m[Kcandidate: ‘[01m[Kvoid rclcpp::Publisher<MessageT, AllocatorT>::publish(const MessageT&) [with MessageT = sensor_msgs::msg::Image_<std::allocator<void> >; AllocatorT = std::allocator<void>][m[K’
[3.380s]    [01;36m[Kpublish[m[K(const MessageT & msg)
[3.380s]    [01;36m[K^~~~~~~[m[K
[3.380s] [01m[K/opt/ros/galactic/include/rclcpp/publisher.hpp:211:3:[m[K [01;36m[Knote: [m[K  no known conversion for argument 1 from ‘[01m[Ksensor_msgs::msg::Image_<std::allocator<void> >::SharedPtr[m[K’ {aka ‘[01m[Kstd::shared_ptr<sensor_msgs::msg::Image_<std::allocator<void> > >[m[K’} to ‘[01m[Kconst sensor_msgs::msg::Image_<std::allocator<void> >&[m[K’
[3.380s] [01m[K/opt/ros/galactic/include/rclcpp/publisher.hpp:228:3:[m[K [01;36m[Knote: [m[Kcandidate: ‘[01m[Kvoid rclcpp::Publisher<MessageT, AllocatorT>::publish(const rcl_serialized_message_t&) [with MessageT = sensor_msgs::msg::Image_<std::allocator<void> >; AllocatorT = std::allocator<void>; rcl_serialized_message_t = rcutils_uint8_array_t][m[K’
[3.380s]    [01;36m[Kpublish[m[K(const rcl_serialized_message_t & serialized_msg)
[3.380s]    [01;36m[K^~~~~~~[m[K
[3.380s] [01m[K/opt/ros/galactic/include/rclcpp/publisher.hpp:228:3:[m[K [01;36m[Knote: [m[K  no known conversion for argument 1 from ‘[01m[Ksensor_msgs::msg::Image_<std::allocator<void> >::SharedPtr[m[K’ {aka ‘[01m[Kstd::shared_ptr<sensor_msgs::msg::Image_<std::allocator<void> > >[m[K’} to ‘[01m[Kconst rcl_serialized_message_t&[m[K’ {aka ‘[01m[Kconst rcutils_uint8_array_t&[m[K’}
[3.381s] [01m[K/opt/ros/galactic/include/rclcpp/publisher.hpp:234:3:[m[K [01;36m[Knote: [m[Kcandidate: ‘[01m[Kvoid rclcpp::Publisher<MessageT, AllocatorT>::publish(const rclcpp::SerializedMessage&) [with MessageT = sensor_msgs::msg::Image_<std::allocator<void> >; AllocatorT = std::allocator<void>][m[K’
[3.381s]    [01;36m[Kpublish[m[K(const SerializedMessage & serialized_msg)
[3.381s]    [01;36m[K^~~~~~~[m[K
[3.381s] [01m[K/opt/ros/galactic/include/rclcpp/publisher.hpp:234:3:[m[K [01;36m[Knote: [m[K  no known conversion for argument 1 from ‘[01m[Ksensor_msgs::msg::Image_<std::allocator<void> >::SharedPtr[m[K’ {aka ‘[01m[Kstd::shared_ptr<sensor_msgs::msg::Image_<std::allocator<void> > >[m[K’} to ‘[01m[Kconst rclcpp::SerializedMessage&[m[K’
[3.381s] [01m[K/opt/ros/galactic/include/rclcpp/publisher.hpp:248:3:[m[K [01;36m[Knote: [m[Kcandidate: ‘[01m[Kvoid rclcpp::Publisher<MessageT, AllocatorT>::publish(rclcpp::LoanedMessage<MessageT, AllocatorT>&&) [with MessageT = sensor_msgs::msg::Image_<std::allocator<void> >; AllocatorT = std::allocator<void>][m[K’
[3.382s]    [01;36m[Kpublish[m[K(rclcpp::LoanedMessage<MessageT, AllocatorT> && loaned_msg)
[3.382s]    [01;36m[K^~~~~~~[m[K
[3.382s] [01m[K/opt/ros/galactic/include/rclcpp/publisher.hpp:248:3:[m[K [01;36m[Knote: [m[K  no known conversion for argument 1 from ‘[01m[Ksensor_msgs::msg::Image_<std::allocator<void> >::SharedPtr[m[K’ {aka ‘[01m[Kstd::shared_ptr<sensor_msgs::msg::Image_<std::allocator<void> > >[m[K’} to ‘[01m[Krclcpp::LoanedMessage<sensor_msgs::msg::Image_<std::allocator<void> >, std::allocator<void> >&&[m[K’
[3.382s] [01m[K/home/fzq614/My_ROS_Robot/ROS-WorkSpace/ROS2-Robot-WS/src/third_pkg/ros_astra_camera/src/astra_driver.cpp:[m[K In member function ‘[01m[Kvoid astra_wrapper::AstraDriver::newColorFrameCallback(sensor_msgs::msg::Image_<std::allocator<void> >::SharedPtr)[m[K’:
[3.382s] [01m[K/home/fzq614/My_ROS_Robot/ROS-WorkSpace/ROS2-Robot-WS/src/third_pkg/ros_astra_camera/src/astra_driver.cpp:559:32:[m[K [01;31m[Kerror: [m[Kno matching function for call to ‘[01m[Krclcpp::Publisher<sensor_msgs::msg::Image_<std::allocator<void> > >::publish(sensor_msgs::msg::Image_<std::allocator<void> >::SharedPtr&)[m[K’
[3.382s]        pub_color_->publish(image[01;31m[K)[m[K;
[3.382s]                                 [01;31m[K^[m[K
[3.382s] In file included from [01m[K/opt/ros/galactic/include/rclcpp/topic_statistics/subscription_topic_statistics.hpp:31[m[K,
[3.382s]                  from [01m[K/opt/ros/galactic/include/rclcpp/subscription.hpp:50[m[K,
[3.382s]                  from [01m[K/opt/ros/galactic/include/rclcpp/any_executable.hpp:25[m[K,
[3.382s]                  from [01m[K/opt/ros/galactic/include/rclcpp/memory_strategy.hpp:25[m[K,
[3.382s]                  from [01m[K/opt/ros/galactic/include/rclcpp/memory_strategies.hpp:18[m[K,
[3.383s]                  from [01m[K/opt/ros/galactic/include/rclcpp/executor_options.hpp:20[m[K,
[3.383s]                  from [01m[K/opt/ros/galactic/include/rclcpp/executor.hpp:36[m[K,
[3.383s]                  from [01m[K/opt/ros/galactic/include/rclcpp/executors/multi_threaded_executor.hpp:26[m[K,
[3.383s]                  from [01m[K/opt/ros/galactic/include/rclcpp/executors.hpp:21[m[K,
[3.383s]                  from [01m[K/opt/ros/galactic/include/rclcpp/rclcpp.hpp:156[m[K,
[3.383s]                  from [01m[K/home/fzq614/My_ROS_Robot/ROS-WorkSpace/ROS2-Robot-WS/src/third_pkg/ros_astra_camera/include/astra_camera/astra_driver.h:62[m[K,
[3.383s]                  from [01m[K/home/fzq614/My_ROS_Robot/ROS-WorkSpace/ROS2-Robot-WS/src/third_pkg/ros_astra_camera/src/astra_driver.cpp:33[m[K:
[3.383s] [01m[K/opt/ros/galactic/include/rclcpp/publisher.hpp:187:3:[m[K [01;36m[Knote: [m[Kcandidate: ‘[01m[Kvoid rclcpp::Publisher<MessageT, AllocatorT>::publish(std::unique_ptr<MessageT, typename std::conditional<std::is_same<typename std::allocator_traits<typename std::allocator_traits<_Alloc>::rebind_traits<MessageT>::allocator_type>::rebind_alloc<MessageT>, typename std::allocator<void>::rebind<_Tp1>::other>::value, std::default_delete<_Tp>, rclcpp::allocator::AllocatorDeleter<typename std::allocator_traits<_Alloc>::rebind_traits<MessageT>::allocator_type> >::type>) [with MessageT = sensor_msgs::msg::Image_<std::allocator<void> >; AllocatorT = std::allocator<void>; typename std::conditional<std::is_same<typename std::allocator_traits<typename std::allocator_traits<_Alloc>::rebind_traits<MessageT>::allocator_type>::rebind_alloc<MessageT>, typename std::allocator<void>::rebind<_Tp1>::other>::value, std::default_delete<_Tp>, rclcpp::allocator::AllocatorDeleter<typename std::allocator_traits<_Alloc>::rebind_traits<MessageT>::allocator_type> >::type = std::default_delete<sensor_msgs::msg::Image_<std::allocator<void> > >][m[K’
[3.383s]    [01;36m[Kpublish[m[K(std::unique_ptr<MessageT, MessageDeleter> msg)
[3.383s]    [01;36m[K^~~~~~~[m[K
[3.383s] [01m[K/opt/ros/galactic/include/rclcpp/publisher.hpp:187:3:[m[K [01;36m[Knote: [m[K  no known conversion for argument 1 from ‘[01m[Ksensor_msgs::msg::Image_<std::allocator<void> >::SharedPtr[m[K’ {aka ‘[01m[Kstd::shared_ptr<sensor_msgs::msg::Image_<std::allocator<void> > >[m[K’} to ‘[01m[Kstd::unique_ptr<sensor_msgs::msg::Image_<std::allocator<void> >, std::default_delete<sensor_msgs::msg::Image_<std::allocator<void> > > >[m[K’
[3.383s] [01m[K/opt/ros/galactic/include/rclcpp/publisher.hpp:211:3:[m[K [01;36m[Knote: [m[Kcandidate: ‘[01m[Kvoid rclcpp::Publisher<MessageT, AllocatorT>::publish(const MessageT&) [with MessageT = sensor_msgs::msg::Image_<std::allocator<void> >; AllocatorT = std::allocator<void>][m[K’
[3.384s]    [01;36m[Kpublish[m[K(const MessageT & msg)
[3.384s]    [01;36m[K^~~~~~~[m[K
[3.384s] [01m[K/opt/ros/galactic/include/rclcpp/publisher.hpp:211:3:[m[K [01;36m[Knote: [m[K  no known conversion for argument 1 from ‘[01m[Ksensor_msgs::msg::Image_<std::allocator<void> >::SharedPtr[m[K’ {aka ‘[01m[Kstd::shared_ptr<sensor_msgs::msg::Image_<std::allocator<void> > >[m[K’} to ‘[01m[Kconst sensor_msgs::msg::Image_<std::allocator<void> >&[m[K’
[3.384s] [01m[K/opt/ros/galactic/include/rclcpp/publisher.hpp:228:3:[m[K [01;36m[Knote: [m[Kcandidate: ‘[01m[Kvoid rclcpp::Publisher<MessageT, AllocatorT>::publish(const rcl_serialized_message_t&) [with MessageT = sensor_msgs::msg::Image_<std::allocator<void> >; AllocatorT = std::allocator<void>; rcl_serialized_message_t = rcutils_uint8_array_t][m[K’
[3.384s]    [01;36m[Kpublish[m[K(const rcl_serialized_message_t & serialized_msg)
[3.384s]    [01;36m[K^~~~~~~[m[K
[3.384s] [01m[K/opt/ros/galactic/include/rclcpp/publisher.hpp:228:3:[m[K [01;36m[Knote: [m[K  no known conversion for argument 1 from ‘[01m[Ksensor_msgs::msg::Image_<std::allocator<void> >::SharedPtr[m[K’ {aka ‘[01m[Kstd::shared_ptr<sensor_msgs::msg::Image_<std::allocator<void> > >[m[K’} to ‘[01m[Kconst rcl_serialized_message_t&[m[K’ {aka ‘[01m[Kconst rcutils_uint8_array_t&[m[K’}
[3.384s] [01m[K/opt/ros/galactic/include/rclcpp/publisher.hpp:234:3:[m[K [01;36m[Knote: [m[Kcandidate: ‘[01m[Kvoid rclcpp::Publisher<MessageT, AllocatorT>::publish(const rclcpp::SerializedMessage&) [with MessageT = sensor_msgs::msg::Image_<std::allocator<void> >; AllocatorT = std::allocator<void>][m[K’
[3.384s]    [01;36m[Kpublish[m[K(const SerializedMessage & serialized_msg)
[3.384s]    [01;36m[K^~~~~~~[m[K
[3.384s] [01m[K/opt/ros/galactic/include/rclcpp/publisher.hpp:234:3:[m[K [01;36m[Knote: [m[K  no known conversion for argument 1 from ‘[01m[Ksensor_msgs::msg::Image_<std::allocator<void> >::SharedPtr[m[K’ {aka ‘[01m[Kstd::shared_ptr<sensor_msgs::msg::Image_<std::allocator<void> > >[m[K’} to ‘[01m[Kconst rclcpp::SerializedMessage&[m[K’
[3.384s] [01m[K/opt/ros/galactic/include/rclcpp/publisher.hpp:248:3:[m[K [01;36m[Knote: [m[Kcandidate: ‘[01m[Kvoid rclcpp::Publisher<MessageT, AllocatorT>::publish(rclcpp::LoanedMessage<MessageT, AllocatorT>&&) [with MessageT = sensor_msgs::msg::Image_<std::allocator<void> >; AllocatorT = std::allocator<void>][m[K’
[3.385s]    [01;36m[Kpublish[m[K(rclcpp::LoanedMessage<MessageT, AllocatorT> && loaned_msg)
[3.385s]    [01;36m[K^~~~~~~[m[K
[3.385s] [01m[K/opt/ros/galactic/include/rclcpp/publisher.hpp:248:3:[m[K [01;36m[Knote: [m[K  no known conversion for argument 1 from ‘[01m[Ksensor_msgs::msg::Image_<std::allocator<void> >::SharedPtr[m[K’ {aka ‘[01m[Kstd::shared_ptr<sensor_msgs::msg::Image_<std::allocator<void> > >[m[K’} to ‘[01m[Krclcpp::LoanedMessage<sensor_msgs::msg::Image_<std::allocator<void> >, std::allocator<void> >&&[m[K’
[3.385s] [01m[K/home/fzq614/My_ROS_Robot/ROS-WorkSpace/ROS2-Robot-WS/src/third_pkg/ros_astra_camera/src/astra_driver.cpp:[m[K In member function ‘[01m[Kvoid astra_wrapper::AstraDriver::newDepthFrameCallback(sensor_msgs::msg::Image_<std::allocator<void> >::SharedPtr)[m[K’:
[3.385s] [01m[K/home/fzq614/My_ROS_Robot/ROS-WorkSpace/ROS2-Robot-WS/src/third_pkg/ros_astra_camera/src/astra_driver.cpp:623:53:[m[K [01;31m[Kerror: [m[Kno matching function for call to ‘[01m[Krclcpp::Publisher<sensor_msgs::msg::Image_<std::allocator<void> > >::publish(sensor_msgs::msg::Image_<std::allocator<void> >::SharedPtr&)[m[K’
[3.385s]          pub_depth_raw_->publish(floating_point_image[01;31m[K)[m[K;
[3.385s]                                                      [01;31m[K^[m[K
[3.385s] In file included from [01m[K/opt/ros/galactic/include/rclcpp/topic_statistics/subscription_topic_statistics.hpp:31[m[K,
[3.385s]                  from [01m[K/opt/ros/galactic/include/rclcpp/subscription.hpp:50[m[K,
[3.385s]                  from [01m[K/opt/ros/galactic/include/rclcpp/any_executable.hpp:25[m[K,
[3.385s]                  from [01m[K/opt/ros/galactic/include/rclcpp/memory_strategy.hpp:25[m[K,
[3.385s]                  from [01m[K/opt/ros/galactic/include/rclcpp/memory_strategies.hpp:18[m[K,
[3.385s]                  from [01m[K/opt/ros/galactic/include/rclcpp/executor_options.hpp:20[m[K,
[3.386s]                  from [01m[K/opt/ros/galactic/include/rclcpp/executor.hpp:36[m[K,
[3.386s]                  from [01m[K/opt/ros/galactic/include/rclcpp/executors/multi_threaded_executor.hpp:26[m[K,
[3.386s]                  from [01m[K/opt/ros/galactic/include/rclcpp/executors.hpp:21[m[K,
[3.386s]                  from [01m[K/opt/ros/galactic/include/rclcpp/rclcpp.hpp:156[m[K,
[3.386s]                  from [01m[K/home/fzq614/My_ROS_Robot/ROS-WorkSpace/ROS2-Robot-WS/src/third_pkg/ros_astra_camera/include/astra_camera/astra_driver.h:62[m[K,
[3.386s]                  from [01m[K/home/fzq614/My_ROS_Robot/ROS-WorkSpace/ROS2-Robot-WS/src/third_pkg/ros_astra_camera/src/astra_driver.cpp:33[m[K:
[3.386s] [01m[K/opt/ros/galactic/include/rclcpp/publisher.hpp:187:3:[m[K [01;36m[Knote: [m[Kcandidate: ‘[01m[Kvoid rclcpp::Publisher<MessageT, AllocatorT>::publish(std::unique_ptr<MessageT, typename std::conditional<std::is_same<typename std::allocator_traits<typename std::allocator_traits<_Alloc>::rebind_traits<MessageT>::allocator_type>::rebind_alloc<MessageT>, typename std::allocator<void>::rebind<_Tp1>::other>::value, std::default_delete<_Tp>, rclcpp::allocator::AllocatorDeleter<typename std::allocator_traits<_Alloc>::rebind_traits<MessageT>::allocator_type> >::type>) [with MessageT = sensor_msgs::msg::Image_<std::allocator<void> >; AllocatorT = std::allocator<void>; typename std::conditional<std::is_same<typename std::allocator_traits<typename std::allocator_traits<_Alloc>::rebind_traits<MessageT>::allocator_type>::rebind_alloc<MessageT>, typename std::allocator<void>::rebind<_Tp1>::other>::value, std::default_delete<_Tp>, rclcpp::allocator::AllocatorDeleter<typename std::allocator_traits<_Alloc>::rebind_traits<MessageT>::allocator_type> >::type = std::default_delete<sensor_msgs::msg::Image_<std::allocator<void> > >][m[K’
[3.386s]    [01;36m[Kpublish[m[K(std::unique_ptr<MessageT, MessageDeleter> msg)
[3.386s]    [01;36m[K^~~~~~~[m[K
[3.386s] [01m[K/opt/ros/galactic/include/rclcpp/publisher.hpp:187:3:[m[K [01;36m[Knote: [m[K  no known conversion for argument 1 from ‘[01m[Ksensor_msgs::msg::Image_<std::allocator<void> >::SharedPtr[m[K’ {aka ‘[01m[Kstd::shared_ptr<sensor_msgs::msg::Image_<std::allocator<void> > >[m[K’} to ‘[01m[Kstd::unique_ptr<sensor_msgs::msg::Image_<std::allocator<void> >, std::default_delete<sensor_msgs::msg::Image_<std::allocator<void> > > >[m[K’
[3.386s] [01m[K/opt/ros/galactic/include/rclcpp/publisher.hpp:211:3:[m[K [01;36m[Knote: [m[Kcandidate: ‘[01m[Kvoid rclcpp::Publisher<MessageT, AllocatorT>::publish(const MessageT&) [with MessageT = sensor_msgs::msg::Image_<std::allocator<void> >; AllocatorT = std::allocator<void>][m[K’
[3.386s]    [01;36m[Kpublish[m[K(const MessageT & msg)
[3.386s]    [01;36m[K^~~~~~~[m[K
[3.386s] [01m[K/opt/ros/galactic/include/rclcpp/publisher.hpp:211:3:[m[K [01;36m[Knote: [m[K  no known conversion for argument 1 from ‘[01m[Ksensor_msgs::msg::Image_<std::allocator<void> >::SharedPtr[m[K’ {aka ‘[01m[Kstd::shared_ptr<sensor_msgs::msg::Image_<std::allocator<void> > >[m[K’} to ‘[01m[Kconst sensor_msgs::msg::Image_<std::allocator<void> >&[m[K’
[3.387s] [01m[K/opt/ros/galactic/include/rclcpp/publisher.hpp:228:3:[m[K [01;36m[Knote: [m[Kcandidate: ‘[01m[Kvoid rclcpp::Publisher<MessageT, AllocatorT>::publish(const rcl_serialized_message_t&) [with MessageT = sensor_msgs::msg::Image_<std::allocator<void> >; AllocatorT = std::allocator<void>; rcl_serialized_message_t = rcutils_uint8_array_t][m[K’
[3.387s]    [01;36m[Kpublish[m[K(const rcl_serialized_message_t & serialized_msg)
[3.387s]    [01;36m[K^~~~~~~[m[K
[3.387s] [01m[K/opt/ros/galactic/include/rclcpp/publisher.hpp:228:3:[m[K [01;36m[Knote: [m[K  no known conversion for argument 1 from ‘[01m[Ksensor_msgs::msg::Image_<std::allocator<void> >::SharedPtr[m[K’ {aka ‘[01m[Kstd::shared_ptr<sensor_msgs::msg::Image_<std::allocator<void> > >[m[K’} to ‘[01m[Kconst rcl_serialized_message_t&[m[K’ {aka ‘[01m[Kconst rcutils_uint8_array_t&[m[K’}
[3.387s] [01m[K/opt/ros/galactic/include/rclcpp/publisher.hpp:234:3:[m[K [01;36m[Knote: [m[Kcandidate: ‘[01m[Kvoid rclcpp::Publisher<MessageT, AllocatorT>::publish(const rclcpp::SerializedMessage&) [with MessageT = sensor_msgs::msg::Image_<std::allocator<void> >; AllocatorT = std::allocator<void>][m[K’
[3.387s]    [01;36m[Kpublish[m[K(const SerializedMessage & serialized_msg)
[3.387s]    [01;36m[K^~~~~~~[m[K
[3.387s] [01m[K/opt/ros/galactic/include/rclcpp/publisher.hpp:234:3:[m[K [01;36m[Knote: [m[K  no known conversion for argument 1 from ‘[01m[Ksensor_msgs::msg::Image_<std::allocator<void> >::SharedPtr[m[K’ {aka ‘[01m[Kstd::shared_ptr<sensor_msgs::msg::Image_<std::allocator<void> > >[m[K’} to ‘[01m[Kconst rclcpp::SerializedMessage&[m[K’
[3.387s] [01m[K/opt/ros/galactic/include/rclcpp/publisher.hpp:248:3:[m[K [01;36m[Knote: [m[Kcandidate: ‘[01m[Kvoid rclcpp::Publisher<MessageT, AllocatorT>::publish(rclcpp::LoanedMessage<MessageT, AllocatorT>&&) [with MessageT = sensor_msgs::msg::Image_<std::allocator<void> >; AllocatorT = std::allocator<void>][m[K’
[3.387s]    [01;36m[Kpublish[m[K(rclcpp::LoanedMessage<MessageT, AllocatorT> && loaned_msg)
[3.387s]    [01;36m[K^~~~~~~[m[K
[3.387s] [01m[K/opt/ros/galactic/include/rclcpp/publisher.hpp:248:3:[m[K [01;36m[Knote: [m[K  no known conversion for argument 1 from ‘[01m[Ksensor_msgs::msg::Image_<std::allocator<void> >::SharedPtr[m[K’ {aka ‘[01m[Kstd::shared_ptr<sensor_msgs::msg::Image_<std::allocator<void> > >[m[K’} to ‘[01m[Krclcpp::LoanedMessage<sensor_msgs::msg::Image_<std::allocator<void> >, std::allocator<void> >&&[m[K’
[3.419s] [01m[K/home/fzq614/My_ROS_Robot/ROS-WorkSpace/ROS2-Robot-WS/src/third_pkg/ros_astra_camera/src/astra_driver.cpp:624:109:[m[K [01;31m[Kerror: [m[Kno matching function for call to ‘[01m[Krclcpp::Publisher<sensor_msgs::msg::CameraInfo_<std::allocator<void> > >::publish(sensor_msgs::msg::CameraInfo_<std::allocator<void> >::SharedPtr)[m[K’
[3.419s]          pub_depth_camera_info_->publish(getDepthCameraInfo(image->width, image->height, image->header.stamp)[01;31m[K)[m[K;
[3.419s]                                                                                                              [01;31m[K^[m[K
[3.419s] In file included from [01m[K/opt/ros/galactic/include/rclcpp/topic_statistics/subscription_topic_statistics.hpp:31[m[K,
[3.419s]                  from [01m[K/opt/ros/galactic/include/rclcpp/subscription.hpp:50[m[K,
[3.419s]                  from [01m[K/opt/ros/galactic/include/rclcpp/any_executable.hpp:25[m[K,
[3.420s]                  from [01m[K/opt/ros/galactic/include/rclcpp/memory_strategy.hpp:25[m[K,
[3.420s]                  from [01m[K/opt/ros/galactic/include/rclcpp/memory_strategies.hpp:18[m[K,
[3.420s]                  from [01m[K/opt/ros/galactic/include/rclcpp/executor_options.hpp:20[m[K,
[3.420s]                  from [01m[K/opt/ros/galactic/include/rclcpp/executor.hpp:36[m[K,
[3.420s]                  from [01m[K/opt/ros/galactic/include/rclcpp/executors/multi_threaded_executor.hpp:26[m[K,
[3.420s]                  from [01m[K/opt/ros/galactic/include/rclcpp/executors.hpp:21[m[K,
[3.420s]                  from [01m[K/opt/ros/galactic/include/rclcpp/rclcpp.hpp:156[m[K,
[3.420s]                  from [01m[K/home/fzq614/My_ROS_Robot/ROS-WorkSpace/ROS2-Robot-WS/src/third_pkg/ros_astra_camera/include/astra_camera/astra_driver.h:62[m[K,
[3.420s]                  from [01m[K/home/fzq614/My_ROS_Robot/ROS-WorkSpace/ROS2-Robot-WS/src/third_pkg/ros_astra_camera/src/astra_driver.cpp:33[m[K:
[3.420s] [01m[K/opt/ros/galactic/include/rclcpp/publisher.hpp:187:3:[m[K [01;36m[Knote: [m[Kcandidate: ‘[01m[Kvoid rclcpp::Publisher<MessageT, AllocatorT>::publish(std::unique_ptr<MessageT, typename std::conditional<std::is_same<typename std::allocator_traits<typename std::allocator_traits<_Alloc>::rebind_traits<MessageT>::allocator_type>::rebind_alloc<MessageT>, typename std::allocator<void>::rebind<_Tp1>::other>::value, std::default_delete<_Tp>, rclcpp::allocator::AllocatorDeleter<typename std::allocator_traits<_Alloc>::rebind_traits<MessageT>::allocator_type> >::type>) [with MessageT = sensor_msgs::msg::CameraInfo_<std::allocator<void> >; AllocatorT = std::allocator<void>; typename std::conditional<std::is_same<typename std::allocator_traits<typename std::allocator_traits<_Alloc>::rebind_traits<MessageT>::allocator_type>::rebind_alloc<MessageT>, typename std::allocator<void>::rebind<_Tp1>::other>::value, std::default_delete<_Tp>, rclcpp::allocator::AllocatorDeleter<typename std::allocator_traits<_Alloc>::rebind_traits<MessageT>::allocator_type> >::type = std::default_delete<sensor_msgs::msg::CameraInfo_<std::allocator<void> > >][m[K’
[3.420s]    [01;36m[Kpublish[m[K(std::unique_ptr<MessageT, MessageDeleter> msg)
[3.420s]    [01;36m[K^~~~~~~[m[K
[3.421s] [01m[K/opt/ros/galactic/include/rclcpp/publisher.hpp:187:3:[m[K [01;36m[Knote: [m[K  no known conversion for argument 1 from ‘[01m[Ksensor_msgs::msg::CameraInfo_<std::allocator<void> >::SharedPtr[m[K’ {aka ‘[01m[Kstd::shared_ptr<sensor_msgs::msg::CameraInfo_<std::allocator<void> > >[m[K’} to ‘[01m[Kstd::unique_ptr<sensor_msgs::msg::CameraInfo_<std::allocator<void> >, std::default_delete<sensor_msgs::msg::CameraInfo_<std::allocator<void> > > >[m[K’
[3.421s] [01m[K/opt/ros/galactic/include/rclcpp/publisher.hpp:211:3:[m[K [01;36m[Knote: [m[Kcandidate: ‘[01m[Kvoid rclcpp::Publisher<MessageT, AllocatorT>::publish(const MessageT&) [with MessageT = sensor_msgs::msg::CameraInfo_<std::allocator<void> >; AllocatorT = std::allocator<void>][m[K’
[3.421s]    [01;36m[Kpublish[m[K(const MessageT & msg)
[3.421s]    [01;36m[K^~~~~~~[m[K
[3.421s] [01m[K/opt/ros/galactic/include/rclcpp/publisher.hpp:211:3:[m[K [01;36m[Knote: [m[K  no known conversion for argument 1 from ‘[01m[Ksensor_msgs::msg::CameraInfo_<std::allocator<void> >::SharedPtr[m[K’ {aka ‘[01m[Kstd::shared_ptr<sensor_msgs::msg::CameraInfo_<std::allocator<void> > >[m[K’} to ‘[01m[Kconst sensor_msgs::msg::CameraInfo_<std::allocator<void> >&[m[K’
[3.421s] [01m[K/opt/ros/galactic/include/rclcpp/publisher.hpp:228:3:[m[K [01;36m[Knote: [m[Kcandidate: ‘[01m[Kvoid rclcpp::Publisher<MessageT, AllocatorT>::publish(const rcl_serialized_message_t&) [with MessageT = sensor_msgs::msg::CameraInfo_<std::allocator<void> >; AllocatorT = std::allocator<void>; rcl_serialized_message_t = rcutils_uint8_array_t][m[K’
[3.421s]    [01;36m[Kpublish[m[K(const rcl_serialized_message_t & serialized_msg)
[3.421s]    [01;36m[K^~~~~~~[m[K
[3.421s] [01m[K/opt/ros/galactic/include/rclcpp/publisher.hpp:228:3:[m[K [01;36m[Knote: [m[K  no known conversion for argument 1 from ‘[01m[Ksensor_msgs::msg::CameraInfo_<std::allocator<void> >::SharedPtr[m[K’ {aka ‘[01m[Kstd::shared_ptr<sensor_msgs::msg::CameraInfo_<std::allocator<void> > >[m[K’} to ‘[01m[Kconst rcl_serialized_message_t&[m[K’ {aka ‘[01m[Kconst rcutils_uint8_array_t&[m[K’}
[3.421s] [01m[K/opt/ros/galactic/include/rclcpp/publisher.hpp:234:3:[m[K [01;36m[Knote: [m[Kcandidate: ‘[01m[Kvoid rclcpp::Publisher<MessageT, AllocatorT>::publish(const rclcpp::SerializedMessage&) [with MessageT = sensor_msgs::msg::CameraInfo_<std::allocator<void> >; AllocatorT = std::allocator<void>][m[K’
[3.421s]    [01;36m[Kpublish[m[K(const SerializedMessage & serialized_msg)
[3.421s]    [01;36m[K^~~~~~~[m[K
[3.422s] [01m[K/opt/ros/galactic/include/rclcpp/publisher.hpp:234:3:[m[K [01;36m[Knote: [m[K  no known conversion for argument 1 from ‘[01m[Ksensor_msgs::msg::CameraInfo_<std::allocator<void> >::SharedPtr[m[K’ {aka ‘[01m[Kstd::shared_ptr<sensor_msgs::msg::CameraInfo_<std::allocator<void> > >[m[K’} to ‘[01m[Kconst rclcpp::SerializedMessage&[m[K’
[3.422s] [01m[K/opt/ros/galactic/include/rclcpp/publisher.hpp:248:3:[m[K [01;36m[Knote: [m[Kcandidate: ‘[01m[Kvoid rclcpp::Publisher<MessageT, AllocatorT>::publish(rclcpp::LoanedMessage<MessageT, AllocatorT>&&) [with MessageT = sensor_msgs::msg::CameraInfo_<std::allocator<void> >; AllocatorT = std::allocator<void>][m[K’
[3.422s]    [01;36m[Kpublish[m[K(rclcpp::LoanedMessage<MessageT, AllocatorT> && loaned_msg)
[3.422s]    [01;36m[K^~~~~~~[m[K
[3.422s] [01m[K/opt/ros/galactic/include/rclcpp/publisher.hpp:248:3:[m[K [01;36m[Knote: [m[K  no known conversion for argument 1 from ‘[01m[Ksensor_msgs::msg::CameraInfo_<std::allocator<void> >::SharedPtr[m[K’ {aka ‘[01m[Kstd::shared_ptr<sensor_msgs::msg::CameraInfo_<std::allocator<void> > >[m[K’} to ‘[01m[Krclcpp::LoanedMessage<sensor_msgs::msg::CameraInfo_<std::allocator<void> >, std::allocator<void> >&&[m[K’
[3.425s] [01m[K/home/fzq614/My_ROS_Robot/ROS-WorkSpace/ROS2-Robot-WS/src/third_pkg/ros_astra_camera/src/astra_driver.cpp:[m[K At global scope:
[3.425s] [01m[K/home/fzq614/My_ROS_Robot/ROS-WorkSpace/ROS2-Robot-WS/src/third_pkg/ros_astra_camera/src/astra_driver.cpp:810:73:[m[K [01;31m[Kerror: [m[KISO C++17 does not allow dynamic exception specifications
[3.425s]  std::string AstraDriver::resolveDeviceURI(const std::string& device_id) [01;31m[Kthrow[m[K(AstraException)
[3.425s]                                                                          [01;31m[K^~~~~[m[K
[3.746s] make[2]: *** [CMakeFiles/astra_wrapper.dir/build.make:76: CMakeFiles/astra_wrapper.dir/src/astra_device.cpp.o] Error 1
[3.746s] make[1]: *** [CMakeFiles/Makefile2:168: CMakeFiles/astra_wrapper.dir/all] Error 2
[3.746s] make[1]: *** Waiting for unfinished jobs....
[4.508s] make[2]: *** [CMakeFiles/astra_driver_lib.dir/build.make:63: CMakeFiles/astra_driver_lib.dir/src/astra_driver.cpp.o] Error 1
[4.508s] make[1]: *** [CMakeFiles/Makefile2:113: CMakeFiles/astra_driver_lib.dir/all] Error 2
[4.508s] make: *** [Makefile:141: all] Error 2
[4.515s] Invoked command in '/home/fzq614/My_ROS_Robot/ROS-WorkSpace/ROS2-Robot-WS/build/astra_camera' returned '2': CMAKE_PREFIX_PATH=${CMAKE_PREFIX_PATH}:/opt/ros/galactic /usr/bin/cmake --build /home/fzq614/My_ROS_Robot/ROS-WorkSpace/ROS2-Robot-WS/build/astra_camera -- -j4 -l4
