[0.100s] Invoking command in '/home/fzq614/My_ROS_Robot/ROS-WorkSpace/ROS2-Robot-WS/build/robot_sim_2': CMAKE_PREFIX_PATH=${CMAKE_PREFIX_PATH}:/opt/ros/galactic /usr/bin/cmake --build /home/fzq614/My_ROS_Robot/ROS-WorkSpace/ROS2-Robot-WS/build/robot_sim_2 -- -j4 -l4
[0.390s] [100%] Built target robot_sim_2
[0.438s] Invoked command in '/home/fzq614/My_ROS_Robot/ROS-WorkSpace/ROS2-Robot-WS/build/robot_sim_2' returned '0': CMAKE_PREFIX_PATH=${CMAKE_PREFIX_PATH}:/opt/ros/galactic /usr/bin/cmake --build /home/fzq614/My_ROS_Robot/ROS-WorkSpace/ROS2-Robot-WS/build/robot_sim_2 -- -j4 -l4
[0.591s] Invoking command in '/home/fzq614/My_ROS_Robot/ROS-WorkSpace/ROS2-Robot-WS/build/robot_sim_2': CMAKE_PREFIX_PATH=${CMAKE_PREFIX_PATH}:/opt/ros/galactic /usr/bin/cmake --install /home/fzq614/My_ROS_Robot/ROS-WorkSpace/ROS2-Robot-WS/build/robot_sim_2
[0.633s] -- Install configuration: ""
[0.636s] -- Execute custom install script
[0.639s] -- Up-to-date symlink: /home/fzq614/My_ROS_Robot/ROS-WorkSpace/ROS2-Robot-WS/install/lib/robot_sim_2/robot_sim_2
[0.641s] -- Up-to-date symlink: /home/fzq614/My_ROS_Robot/ROS-WorkSpace/ROS2-Robot-WS/install/share/robot_sim_2/launch/robot_sim_2.launch.py
[0.643s] -- Up-to-date symlink: /home/fzq614/My_ROS_Robot/ROS-WorkSpace/ROS2-Robot-WS/install/share/robot_sim_2/launch/rviz2.launch.py
[0.645s] -- Up-to-date symlink: /home/fzq614/My_ROS_Robot/ROS-WorkSpace/ROS2-Robot-WS/install/share/robot_sim_2/param/params.yaml
[0.646s] -- Up-to-date symlink: /home/fzq614/My_ROS_Robot/ROS-WorkSpace/ROS2-Robot-WS/install/share/robot_sim_2/rviz/robot.rviz
[0.649s] -- Up-to-date symlink: /home/fzq614/My_ROS_Robot/ROS-WorkSpace/ROS2-Robot-WS/install/share/robot_sim_2/urdf/robot.urdf
[0.651s] -- Up-to-date symlink: /home/fzq614/My_ROS_Robot/ROS-WorkSpace/ROS2-Robot-WS/install/share/robot_sim_2/meshes/bases/burger_base.stl
[0.653s] -- Up-to-date symlink: /home/fzq614/My_ROS_Robot/ROS-WorkSpace/ROS2-Robot-WS/install/share/robot_sim_2/meshes/bases/waffle_base.stl
[0.654s] -- Up-to-date symlink: /home/fzq614/My_ROS_Robot/ROS-WorkSpace/ROS2-Robot-WS/install/share/robot_sim_2/meshes/bases/waffle_pi_base.stl
[0.656s] -- Up-to-date symlink: /home/fzq614/My_ROS_Robot/ROS-WorkSpace/ROS2-Robot-WS/install/share/robot_sim_2/meshes/sensors/astra.dae
[0.656s] -- Up-to-date symlink: /home/fzq614/My_ROS_Robot/ROS-WorkSpace/ROS2-Robot-WS/install/share/robot_sim_2/meshes/sensors/astra.jpg
[0.658s] -- Up-to-date symlink: /home/fzq614/My_ROS_Robot/ROS-WorkSpace/ROS2-Robot-WS/install/share/robot_sim_2/meshes/sensors/lds.stl
[0.659s] -- Up-to-date symlink: /home/fzq614/My_ROS_Robot/ROS-WorkSpace/ROS2-Robot-WS/install/share/robot_sim_2/meshes/sensors/r200.dae
[0.660s] -- Up-to-date symlink: /home/fzq614/My_ROS_Robot/ROS-WorkSpace/ROS2-Robot-WS/install/share/robot_sim_2/meshes/sensors/r200.jpg
[0.661s] -- Up-to-date symlink: /home/fzq614/My_ROS_Robot/ROS-WorkSpace/ROS2-Robot-WS/install/share/robot_sim_2/meshes/wheels/left_tire.stl
[0.663s] -- Up-to-date symlink: /home/fzq614/My_ROS_Robot/ROS-WorkSpace/ROS2-Robot-WS/install/share/robot_sim_2/meshes/wheels/right_tire.stl
[0.665s] -- Up-to-date symlink: /home/fzq614/My_ROS_Robot/ROS-WorkSpace/ROS2-Robot-WS/install/share/ament_index/resource_index/package_run_dependencies/robot_sim_2
[0.667s] -- Up-to-date symlink: /home/fzq614/My_ROS_Robot/ROS-WorkSpace/ROS2-Robot-WS/install/share/ament_index/resource_index/parent_prefix_path/robot_sim_2
[0.668s] -- Up-to-date symlink: /home/fzq614/My_ROS_Robot/ROS-WorkSpace/ROS2-Robot-WS/install/share/robot_sim_2/environment/ament_prefix_path.sh
[0.671s] -- Up-to-date symlink: /home/fzq614/My_ROS_Robot/ROS-WorkSpace/ROS2-Robot-WS/install/share/robot_sim_2/environment/ament_prefix_path.dsv
[0.672s] -- Up-to-date symlink: /home/fzq614/My_ROS_Robot/ROS-WorkSpace/ROS2-Robot-WS/install/share/robot_sim_2/environment/path.sh
[0.674s] -- Up-to-date symlink: /home/fzq614/My_ROS_Robot/ROS-WorkSpace/ROS2-Robot-WS/install/share/robot_sim_2/environment/path.dsv
[0.675s] -- Up-to-date symlink: /home/fzq614/My_ROS_Robot/ROS-WorkSpace/ROS2-Robot-WS/install/share/robot_sim_2/local_setup.bash
[0.678s] -- Up-to-date symlink: /home/fzq614/My_ROS_Robot/ROS-WorkSpace/ROS2-Robot-WS/install/share/robot_sim_2/local_setup.sh
[0.681s] -- Up-to-date symlink: /home/fzq614/My_ROS_Robot/ROS-WorkSpace/ROS2-Robot-WS/install/share/robot_sim_2/local_setup.zsh
[0.685s] -- Up-to-date symlink: /home/fzq614/My_ROS_Robot/ROS-WorkSpace/ROS2-Robot-WS/install/share/robot_sim_2/local_setup.dsv
[0.706s] -- Symlinking: /home/fzq614/My_ROS_Robot/ROS-WorkSpace/ROS2-Robot-WS/install/share/robot_sim_2/package.dsv
[0.731s] -- Up-to-date symlink: /home/fzq614/My_ROS_Robot/ROS-WorkSpace/ROS2-Robot-WS/install/share/ament_index/resource_index/packages/robot_sim_2
[0.732s] -- Up-to-date symlink: /home/fzq614/My_ROS_Robot/ROS-WorkSpace/ROS2-Robot-WS/install/share/robot_sim_2/cmake/ament_cmake_export_include_directories-extras.cmake
[0.734s] -- Up-to-date symlink: /home/fzq614/My_ROS_Robot/ROS-WorkSpace/ROS2-Robot-WS/install/share/robot_sim_2/cmake/ament_cmake_export_dependencies-extras.cmake
[0.734s] -- Up-to-date symlink: /home/fzq614/My_ROS_Robot/ROS-WorkSpace/ROS2-Robot-WS/install/share/robot_sim_2/cmake/robot_sim_2Config.cmake
[0.736s] -- Up-to-date symlink: /home/fzq614/My_ROS_Robot/ROS-WorkSpace/ROS2-Robot-WS/install/share/robot_sim_2/cmake/robot_sim_2Config-version.cmake
[0.737s] -- Up-to-date symlink: /home/fzq614/My_ROS_Robot/ROS-WorkSpace/ROS2-Robot-WS/install/share/robot_sim_2/package.xml
[0.765s] Invoked command in '/home/fzq614/My_ROS_Robot/ROS-WorkSpace/ROS2-Robot-WS/build/robot_sim_2' returned '0': CMAKE_PREFIX_PATH=${CMAKE_PREFIX_PATH}:/opt/ros/galactic /usr/bin/cmake --install /home/fzq614/My_ROS_Robot/ROS-WorkSpace/ROS2-Robot-WS/build/robot_sim_2
