[0.024s] Invoking command in '/home/fzq614/My_ROS_Robot/ROS-WorkSpace/ROS2-Robot-WS/build/astra_camera': CMAKE_PREFIX_PATH=${CMAKE_PREFIX_PATH}:/opt/ros/galactic /usr/bin/cmake /home/fzq614/My_ROS_Robot/ROS-WorkSpace/ROS2-Robot-WS/src/third_pkg/ros_astra_camera -DAMENT_CMAKE_SYMLINK_INSTALL=1 -DCMAKE_INSTALL_PREFIX=/home/fzq614/My_ROS_Robot/ROS-WorkSpace/ROS2-Robot-WS/install
[0.102s] -- The C compiler identification is GNU 8.4.0
[0.141s] -- The CXX compiler identification is GNU 8.4.0
[0.148s] -- Check for working C compiler: /usr/bin/cc
[0.209s] -- Check for working C compiler: /usr/bin/cc -- works
[0.212s] -- Detecting C compiler ABI info
[0.271s] -- Detecting C compiler ABI info - done
[0.280s] -- Detecting C compile features
[0.281s] -- Detecting C compile features - done
[0.282s] -- Check for working CXX compiler: /usr/bin/c++
[0.356s] -- Check for working CXX compiler: /usr/bin/c++ -- works
[0.356s] -- Detecting CXX compiler ABI info
[0.427s] -- Detecting CXX compiler ABI info - done
[0.437s] -- Detecting CXX compile features
[0.437s] -- Detecting CXX compile features - done
[0.439s] -- Found ament_cmake: 1.1.4 (/opt/ros/galactic/share/ament_cmake/cmake)
[0.457s] -- Found PythonInterp: /usr/bin/python3 (found suitable version "3.8.10", minimum required is "3") 
[0.457s] -- Using PYTHON_EXECUTABLE: /usr/bin/python3
[0.498s] -- Override CMake install command with custom implementation using symlinks instead of copying resources
[0.516s] -- Found rclcpp: 9.2.0 (/opt/ros/galactic/share/rclcpp/cmake)
[0.557s] -- Using all available rosidl_typesupport_c: rosidl_typesupport_fastrtps_c;rosidl_typesupport_introspection_c
[0.561s] -- Found rosidl_adapter: 2.2.1 (/opt/ros/galactic/share/rosidl_adapter/cmake)
[0.637s] -- Found OpenSSL: /usr/lib/x86_64-linux-gnu/libcrypto.so (found version "1.1.1f")  
[0.661s] -- Found FastRTPS: /opt/ros/galactic/include  
[0.724s] -- Using all available rosidl_typesupport_cpp: rosidl_typesupport_fastrtps_cpp;rosidl_typesupport_introspection_cpp
[0.774s] -- Found rmw_implementation_cmake: 3.3.1 (/opt/ros/galactic/share/rmw_implementation_cmake/cmake)
[0.776s] -- Found rmw_cyclonedds_cpp: 0.22.4 (/opt/ros/galactic/share/rmw_cyclonedds_cpp/cmake)
[0.793s] -- Using RMW implementation 'rmw_cyclonedds_cpp' as default
[0.794s] -- Looking for pthread.h
[0.860s] -- Looking for pthread.h - found
[0.860s] -- Performing Test CMAKE_HAVE_LIBC_PTHREAD
[0.923s] -- Performing Test CMAKE_HAVE_LIBC_PTHREAD - Failed
[0.923s] -- Looking for pthread_create in pthreads
[0.977s] -- Looking for pthread_create in pthreads - not found
[0.977s] -- Looking for pthread_create in pthread
[1.039s] -- Looking for pthread_create in pthread - found
[1.040s] -- Found Threads: TRUE  
[1.157s] -- Found sensor_msgs: 2.2.3 (/opt/ros/galactic/share/sensor_msgs/cmake)
[1.246s] -- Found image_transport: 2.3.0 (/opt/ros/galactic/share/image_transport/cmake)
[1.301s] -- Found camera_info_manager: 2.3.0 (/opt/ros/galactic/share/camera_info_manager/cmake)
[1.367s] -- Found Boost: /usr/lib/x86_64-linux-gnu/cmake/Boost-1.71.0/BoostConfig.cmake (found version "1.71.0") found components: system thread 
[1.377s] -- ORRBEC Machine : x86_64
[1.377s] 
[1.377s] -- ORRBEC Machine Bits : 64
[1.377s] 
[1.530s] -- Configuring done
[1.573s] -- Generating done
[1.574s] -- Build files have been written to: /home/fzq614/My_ROS_Robot/ROS-WorkSpace/ROS2-Robot-WS/build/astra_camera
[1.582s] Invoked command in '/home/fzq614/My_ROS_Robot/ROS-WorkSpace/ROS2-Robot-WS/build/astra_camera' returned '0': CMAKE_PREFIX_PATH=${CMAKE_PREFIX_PATH}:/opt/ros/galactic /usr/bin/cmake /home/fzq614/My_ROS_Robot/ROS-WorkSpace/ROS2-Robot-WS/src/third_pkg/ros_astra_camera -DAMENT_CMAKE_SYMLINK_INSTALL=1 -DCMAKE_INSTALL_PREFIX=/home/fzq614/My_ROS_Robot/ROS-WorkSpace/ROS2-Robot-WS/install
[1.586s] Invoking command in '/home/fzq614/My_ROS_Robot/ROS-WorkSpace/ROS2-Robot-WS/build/astra_camera': CMAKE_PREFIX_PATH=${CMAKE_PREFIX_PATH}:/opt/ros/galactic /usr/bin/cmake --build /home/fzq614/My_ROS_Robot/ROS-WorkSpace/ROS2-Robot-WS/build/astra_camera -- -j4 -l4
[1.633s] [35m[1mScanning dependencies of target astra_driver_lib[0m
[1.658s] [35m[1mScanning dependencies of target astra_wrapper[0m
[1.710s] [  5%] [32mBuilding CXX object CMakeFiles/astra_driver_lib.dir/src/astra_driver.cpp.o[0m
[1.716s] [ 10%] [32mBuilding CXX object CMakeFiles/astra_driver_lib.dir/src/astra_device_type.cpp.o[0m
[1.717s] [ 15%] [32mBuilding CXX object CMakeFiles/astra_wrapper.dir/src/astra_convert.cpp.o[0m
[1.724s] [ 21%] [32mBuilding CXX object CMakeFiles/astra_wrapper.dir/src/astra_device.cpp.o[0m
[1.794s] [ 26%] [32mBuilding CXX object CMakeFiles/astra_wrapper.dir/src/astra_device_info.cpp.o[0m
[2.127s] [ 31%] [32mBuilding CXX object CMakeFiles/astra_wrapper.dir/src/astra_timer_filter.cpp.o[0m
[2.463s] [ 36%] [32mBuilding CXX object CMakeFiles/astra_wrapper.dir/src/astra_frame_listener.cpp.o[0m
[2.487s] [ 42%] [32mBuilding CXX object CMakeFiles/astra_wrapper.dir/src/astra_device_manager.cpp.o[0m
[3.791s] [ 47%] [32mBuilding CXX object CMakeFiles/astra_wrapper.dir/src/astra_exception.cpp.o[0m
[4.115s] [ 52%] [32mBuilding CXX object CMakeFiles/astra_wrapper.dir/src/astra_video_mode.cpp.o[0m
[4.479s] [ 57%] [32mBuilding CXX object CMakeFiles/astra_wrapper.dir/src/astra_device_type.cpp.o[0m
[5.530s] [01m[K/home/fzq614/My_ROS_Robot/ROS-WorkSpace/ROS2-Robot-WS/src/third_pkg/ros_astra_camera/src/astra_driver.cpp:[m[K In constructor ‘[01m[Kastra_wrapper::AstraDriver::AstraDriver(const string&, const rclcpp::NodeOptions&)[m[K’:
[5.530s] [01m[K/home/fzq614/My_ROS_Robot/ROS-WorkSpace/ROS2-Robot-WS/src/third_pkg/ros_astra_camera/src/astra_driver.cpp:67:44:[m[K [01;35m[Kwarning: [m[K‘[01m[Krclcpp::Duration::Duration(rcl_duration_value_t)[m[K’ is deprecated: Use Duration::from_nanoseconds instead or std::chrono_literals. For example:rclcpp::Duration::from_nanoseconds(int64_variable);rclcpp::Duration(0ns); [[01;35m[K-Wdeprecated-declarations[m[K]
[5.530s]    , depth_time_offset_(rclcpp::Duration(0.0[01;35m[K)[m[K)
[5.530s]                                             [01;35m[K^[m[K
[5.530s] In file included from [01m[K/opt/ros/galactic/include/rclcpp/qos.hpp:20[m[K,
[5.530s]                  from [01m[K/opt/ros/galactic/include/rclcpp/node_interfaces/node_graph_interface.hpp:31[m[K,
[5.530s]                  from [01m[K/opt/ros/galactic/include/rclcpp/client.hpp:34[m[K,
[5.530s]                  from [01m[K/opt/ros/galactic/include/rclcpp/callback_group.hpp:23[m[K,
[5.530s]                  from [01m[K/opt/ros/galactic/include/rclcpp/node.hpp:40[m[K,
[5.530s]                  from [01m[K/opt/ros/galactic/include/camera_info_manager/camera_info_manager.hpp:45[m[K,
[5.530s]                  from [01m[K/home/fzq614/My_ROS_Robot/ROS-WorkSpace/ROS2-Robot-WS/src/third_pkg/ros_astra_camera/include/astra_camera/astra_driver.h:45[m[K,
[5.530s]                  from [01m[K/home/fzq614/My_ROS_Robot/ROS-WorkSpace/ROS2-Robot-WS/src/third_pkg/ros_astra_camera/src/astra_driver.cpp:33[m[K:
[5.530s] [01m[K/opt/ros/galactic/include/rclcpp/duration.hpp:46:12:[m[K [01;36m[Knote: [m[Kdeclared here
[5.530s]    explicit [01;36m[KDuration[m[K(rcl_duration_value_t nanoseconds);
[5.530s]             [01;36m[K^~~~~~~~[m[K
[5.530s] [01m[K/home/fzq614/My_ROS_Robot/ROS-WorkSpace/ROS2-Robot-WS/src/third_pkg/ros_astra_camera/src/astra_driver.cpp:68:41:[m[K [01;35m[Kwarning: [m[K‘[01m[Krclcpp::Duration::Duration(rcl_duration_value_t)[m[K’ is deprecated: Use Duration::from_nanoseconds instead or std::chrono_literals. For example:rclcpp::Duration::from_nanoseconds(int64_variable);rclcpp::Duration(0ns); [[01;35m[K-Wdeprecated-declarations[m[K]
[5.530s]    , ir_time_offset_(rclcpp::Duration(0.0[01;35m[K)[m[K)
[5.530s]                                          [01;35m[K^[m[K
[5.531s] In file included from [01m[K/opt/ros/galactic/include/rclcpp/qos.hpp:20[m[K,
[5.531s]                  from [01m[K/opt/ros/galactic/include/rclcpp/node_interfaces/node_graph_interface.hpp:31[m[K,
[5.531s]                  from [01m[K/opt/ros/galactic/include/rclcpp/client.hpp:34[m[K,
[5.531s]                  from [01m[K/opt/ros/galactic/include/rclcpp/callback_group.hpp:23[m[K,
[5.531s]                  from [01m[K/opt/ros/galactic/include/rclcpp/node.hpp:40[m[K,
[5.531s]                  from [01m[K/opt/ros/galactic/include/camera_info_manager/camera_info_manager.hpp:45[m[K,
[5.531s]                  from [01m[K/home/fzq614/My_ROS_Robot/ROS-WorkSpace/ROS2-Robot-WS/src/third_pkg/ros_astra_camera/include/astra_camera/astra_driver.h:45[m[K,
[5.531s]                  from [01m[K/home/fzq614/My_ROS_Robot/ROS-WorkSpace/ROS2-Robot-WS/src/third_pkg/ros_astra_camera/src/astra_driver.cpp:33[m[K:
[5.531s] [01m[K/opt/ros/galactic/include/rclcpp/duration.hpp:46:12:[m[K [01;36m[Knote: [m[Kdeclared here
[5.531s]    explicit [01;36m[KDuration[m[K(rcl_duration_value_t nanoseconds);
[5.531s]             [01;36m[K^~~~~~~~[m[K
[5.531s] [01m[K/home/fzq614/My_ROS_Robot/ROS-WorkSpace/ROS2-Robot-WS/src/third_pkg/ros_astra_camera/src/astra_driver.cpp:69:44:[m[K [01;35m[Kwarning: [m[K‘[01m[Krclcpp::Duration::Duration(rcl_duration_value_t)[m[K’ is deprecated: Use Duration::from_nanoseconds instead or std::chrono_literals. For example:rclcpp::Duration::from_nanoseconds(int64_variable);rclcpp::Duration(0ns); [[01;35m[K-Wdeprecated-declarations[m[K]
[5.531s]    , color_time_offset_(rclcpp::Duration(0.0[01;35m[K)[m[K)
[5.531s]                                             [01;35m[K^[m[K
[5.531s] In file included from [01m[K/opt/ros/galactic/include/rclcpp/qos.hpp:20[m[K,
[5.531s]                  from [01m[K/opt/ros/galactic/include/rclcpp/node_interfaces/node_graph_interface.hpp:31[m[K,
[5.531s]                  from [01m[K/opt/ros/galactic/include/rclcpp/client.hpp:34[m[K,
[5.531s]                  from [01m[K/opt/ros/galactic/include/rclcpp/callback_group.hpp:23[m[K,
[5.531s]                  from [01m[K/opt/ros/galactic/include/rclcpp/node.hpp:40[m[K,
[5.531s]                  from [01m[K/opt/ros/galactic/include/camera_info_manager/camera_info_manager.hpp:45[m[K,
[5.531s]                  from [01m[K/home/fzq614/My_ROS_Robot/ROS-WorkSpace/ROS2-Robot-WS/src/third_pkg/ros_astra_camera/include/astra_camera/astra_driver.h:45[m[K,
[5.532s]                  from [01m[K/home/fzq614/My_ROS_Robot/ROS-WorkSpace/ROS2-Robot-WS/src/third_pkg/ros_astra_camera/src/astra_driver.cpp:33[m[K:
[5.532s] [01m[K/opt/ros/galactic/include/rclcpp/duration.hpp:46:12:[m[K [01;36m[Knote: [m[Kdeclared here
[5.532s]    explicit [01;36m[KDuration[m[K(rcl_duration_value_t nanoseconds);
[5.532s]             [01;36m[K^~~~~~~~[m[K
[5.586s] In file included from [01m[K/opt/ros/galactic/include/rclcpp/client.hpp:40[m[K,
[5.586s]                  from [01m[K/opt/ros/galactic/include/rclcpp/callback_group.hpp:23[m[K,
[5.586s]                  from [01m[K/opt/ros/galactic/include/rclcpp/node.hpp:40[m[K,
[5.586s]                  from [01m[K/opt/ros/galactic/include/camera_info_manager/camera_info_manager.hpp:45[m[K,
[5.586s]                  from [01m[K/home/fzq614/My_ROS_Robot/ROS-WorkSpace/ROS2-Robot-WS/src/third_pkg/ros_astra_camera/include/astra_camera/astra_driver.h:45[m[K,
[5.586s]                  from [01m[K/home/fzq614/My_ROS_Robot/ROS-WorkSpace/ROS2-Robot-WS/src/third_pkg/ros_astra_camera/src/astra_driver.cpp:33[m[K:
[5.586s] [01m[K/home/fzq614/My_ROS_Robot/ROS-WorkSpace/ROS2-Robot-WS/src/third_pkg/ros_astra_camera/src/astra_driver.cpp:[m[K In member function ‘[01m[Kstd::__cxx11::string astra_wrapper::AstraDriver::resolveDeviceURI(const string&)[m[K’:
[5.586s] [01m[K/home/fzq614/My_ROS_Robot/ROS-WorkSpace/ROS2-Robot-WS/src/third_pkg/ros_astra_camera/src/astra_driver.cpp:776:14:[m[K [01;35m[Kwarning: [m[Kformat ‘[01m[K%d[m[K’ expects argument of type ‘[01m[Kint[m[K’, but argument 5 has type ‘[01m[Ksize_t[m[K’ {aka ‘[01m[Klong unsigned int[m[K’} [[01;35m[K-Wformat=[m[K]
[5.586s]      ROS_WARN([01;35m[K"------------id %d, available_device_uri is %s-----------"[m[K, [32m[Ki[m[K, s.c_str());
[5.586s]               [01;35m[K^~~~~~~~~~~~~~~~~~~~~~~~~~~~~~~~~~~~~~~~~~~~~~~~~~~~~~~~~~[m[K  [32m[K~[m[K
[5.587s] [01m[K/home/fzq614/My_ROS_Robot/ROS-WorkSpace/ROS2-Robot-WS/src/third_pkg/ros_astra_camera/src/astra_driver.cpp:776:5:[m[K [01;36m[Knote: [m[Kin expansion of macro ‘[01m[KROS_WARN[m[K’
[5.587s]      [01;36m[KROS_WARN[m[K("------------id %d, available_device_uri is %s-----------", i, s.c_str());
[5.587s]      [01;36m[K^~~~~~~~[m[K
[5.621s] [01m[K/home/fzq614/My_ROS_Robot/ROS-WorkSpace/ROS2-Robot-WS/src/third_pkg/ros_astra_camera/src/astra_driver.cpp:[m[K In member function ‘[01m[Krcl_interfaces::msg::SetParametersResult astra_wrapper::AstraDriver::configCb(const std::vector<rclcpp::Parameter>&)[m[K’:
[5.621s] [01m[K/home/fzq614/My_ROS_Robot/ROS-WorkSpace/ROS2-Robot-WS/src/third_pkg/ros_astra_camera/src/astra_driver.cpp:1269:68:[m[K [01;35m[Kwarning: [m[K‘[01m[Krclcpp::Duration::Duration(rcl_duration_value_t)[m[K’ is deprecated: Use Duration::from_nanoseconds instead or std::chrono_literals. For example:rclcpp::Duration::from_nanoseconds(int64_variable);rclcpp::Duration(0ns); [[01;35m[K-Wdeprecated-declarations[m[K]
[5.621s]        ir_time_offset_ = rclcpp::Duration(config.get_value<double>()[01;35m[K)[m[K;
[5.621s]                                                                     [01;35m[K^[m[K
[5.621s] In file included from [01m[K/opt/ros/galactic/include/rclcpp/qos.hpp:20[m[K,
[5.621s]                  from [01m[K/opt/ros/galactic/include/rclcpp/node_interfaces/node_graph_interface.hpp:31[m[K,
[5.622s]                  from [01m[K/opt/ros/galactic/include/rclcpp/client.hpp:34[m[K,
[5.622s]                  from [01m[K/opt/ros/galactic/include/rclcpp/callback_group.hpp:23[m[K,
[5.622s]                  from [01m[K/opt/ros/galactic/include/rclcpp/node.hpp:40[m[K,
[5.622s]                  from [01m[K/opt/ros/galactic/include/camera_info_manager/camera_info_manager.hpp:45[m[K,
[5.622s]                  from [01m[K/home/fzq614/My_ROS_Robot/ROS-WorkSpace/ROS2-Robot-WS/src/third_pkg/ros_astra_camera/include/astra_camera/astra_driver.h:45[m[K,
[5.622s]                  from [01m[K/home/fzq614/My_ROS_Robot/ROS-WorkSpace/ROS2-Robot-WS/src/third_pkg/ros_astra_camera/src/astra_driver.cpp:33[m[K:
[5.622s] [01m[K/opt/ros/galactic/include/rclcpp/duration.hpp:46:12:[m[K [01;36m[Knote: [m[Kdeclared here
[5.622s]    explicit [01;36m[KDuration[m[K(rcl_duration_value_t nanoseconds);
[5.622s]             [01;36m[K^~~~~~~~[m[K
[5.622s] [01m[K/home/fzq614/My_ROS_Robot/ROS-WorkSpace/ROS2-Robot-WS/src/third_pkg/ros_astra_camera/src/astra_driver.cpp:1273:71:[m[K [01;35m[Kwarning: [m[K‘[01m[Krclcpp::Duration::Duration(rcl_duration_value_t)[m[K’ is deprecated: Use Duration::from_nanoseconds instead or std::chrono_literals. For example:rclcpp::Duration::from_nanoseconds(int64_variable);rclcpp::Duration(0ns); [[01;35m[K-Wdeprecated-declarations[m[K]
[5.622s]        color_time_offset_ = rclcpp::Duration(config.get_value<double>()[01;35m[K)[m[K;
[5.622s]                                                                        [01;35m[K^[m[K
[5.622s] In file included from [01m[K/opt/ros/galactic/include/rclcpp/qos.hpp:20[m[K,
[5.622s]                  from [01m[K/opt/ros/galactic/include/rclcpp/node_interfaces/node_graph_interface.hpp:31[m[K,
[5.622s]                  from [01m[K/opt/ros/galactic/include/rclcpp/client.hpp:34[m[K,
[5.622s]                  from [01m[K/opt/ros/galactic/include/rclcpp/callback_group.hpp:23[m[K,
[5.622s]                  from [01m[K/opt/ros/galactic/include/rclcpp/node.hpp:40[m[K,
[5.622s]                  from [01m[K/opt/ros/galactic/include/camera_info_manager/camera_info_manager.hpp:45[m[K,
[5.622s]                  from [01m[K/home/fzq614/My_ROS_Robot/ROS-WorkSpace/ROS2-Robot-WS/src/third_pkg/ros_astra_camera/include/astra_camera/astra_driver.h:45[m[K,
[5.622s]                  from [01m[K/home/fzq614/My_ROS_Robot/ROS-WorkSpace/ROS2-Robot-WS/src/third_pkg/ros_astra_camera/src/astra_driver.cpp:33[m[K:
[5.629s] [01m[K/opt/ros/galactic/include/rclcpp/duration.hpp:46:12:[m[K [01;36m[Knote: [m[Kdeclared here
[5.629s]    explicit [01;36m[KDuration[m[K(rcl_duration_value_t nanoseconds);
[5.629s]             [01;36m[K^~~~~~~~[m[K
[5.629s] [01m[K/home/fzq614/My_ROS_Robot/ROS-WorkSpace/ROS2-Robot-WS/src/third_pkg/ros_astra_camera/src/astra_driver.cpp:1277:71:[m[K [01;35m[Kwarning: [m[K‘[01m[Krclcpp::Duration::Duration(rcl_duration_value_t)[m[K’ is deprecated: Use Duration::from_nanoseconds instead or std::chrono_literals. For example:rclcpp::Duration::from_nanoseconds(int64_variable);rclcpp::Duration(0ns); [[01;35m[K-Wdeprecated-declarations[m[K]
[5.629s]        depth_time_offset_ = rclcpp::Duration(config.get_value<double>()[01;35m[K)[m[K;
[5.629s]                                                                        [01;35m[K^[m[K
[5.629s] In file included from [01m[K/opt/ros/galactic/include/rclcpp/qos.hpp:20[m[K,
[5.629s]                  from [01m[K/opt/ros/galactic/include/rclcpp/node_interfaces/node_graph_interface.hpp:31[m[K,
[5.629s]                  from [01m[K/opt/ros/galactic/include/rclcpp/client.hpp:34[m[K,
[5.629s]                  from [01m[K/opt/ros/galactic/include/rclcpp/callback_group.hpp:23[m[K,
[5.629s]                  from [01m[K/opt/ros/galactic/include/rclcpp/node.hpp:40[m[K,
[5.629s]                  from [01m[K/opt/ros/galactic/include/camera_info_manager/camera_info_manager.hpp:45[m[K,
[5.629s]                  from [01m[K/home/fzq614/My_ROS_Robot/ROS-WorkSpace/ROS2-Robot-WS/src/third_pkg/ros_astra_camera/include/astra_camera/astra_driver.h:45[m[K,
[5.630s]                  from [01m[K/home/fzq614/My_ROS_Robot/ROS-WorkSpace/ROS2-Robot-WS/src/third_pkg/ros_astra_camera/src/astra_driver.cpp:33[m[K:
[5.630s] [01m[K/opt/ros/galactic/include/rclcpp/duration.hpp:46:12:[m[K [01;36m[Knote: [m[Kdeclared here
[5.630s]    explicit [01;36m[KDuration[m[K(rcl_duration_value_t nanoseconds);
[5.630s]             [01;36m[K^~~~~~~~[m[K
[6.817s] [ 63%] [32m[1mLinking CXX static library libastra_wrapper.a[0m
[6.988s] [ 63%] Built target astra_wrapper
[7.056s] [35m[1mScanning dependencies of target astra_list_devices[0m
[7.060s] [35m[1mScanning dependencies of target astra_test_wrapper[0m
[7.116s] [ 68%] [32mBuilding CXX object CMakeFiles/astra_list_devices.dir/src/list_devices.cpp.o[0m
[7.123s] [ 73%] [32mBuilding CXX object CMakeFiles/astra_test_wrapper.dir/test/test_wrapper.cpp.o[0m
[7.519s] [ 78%] [32m[1mLinking CXX static library libastra_driver_lib.a[0m
[7.677s] [ 78%] Built target astra_driver_lib
[7.732s] [35m[1mScanning dependencies of target astra_camera_node[0m
[7.841s] [ 84%] [32mBuilding CXX object CMakeFiles/astra_camera_node.dir/ros/astra_camera_node.cpp.o[0m
[8.316s] [ 89%] [32m[1mLinking CXX executable astra_list_devices[0m
[8.643s] [ 89%] Built target astra_list_devices
[9.787s] [ 94%] [32m[1mLinking CXX executable astra_test_wrapper[0m
[10.043s] [ 94%] Built target astra_test_wrapper
[10.497s] [100%] [32m[1mLinking CXX executable astra_camera_node[0m
[10.692s] [100%] Built target astra_camera_node
[10.704s] Invoked command in '/home/fzq614/My_ROS_Robot/ROS-WorkSpace/ROS2-Robot-WS/build/astra_camera' returned '0': CMAKE_PREFIX_PATH=${CMAKE_PREFIX_PATH}:/opt/ros/galactic /usr/bin/cmake --build /home/fzq614/My_ROS_Robot/ROS-WorkSpace/ROS2-Robot-WS/build/astra_camera -- -j4 -l4
[10.779s] Invoking command in '/home/fzq614/My_ROS_Robot/ROS-WorkSpace/ROS2-Robot-WS/build/astra_camera': CMAKE_PREFIX_PATH=${CMAKE_PREFIX_PATH}:/opt/ros/galactic /usr/bin/cmake --install /home/fzq614/My_ROS_Robot/ROS-WorkSpace/ROS2-Robot-WS/build/astra_camera
[10.788s] -- Install configuration: ""
[10.789s] -- Execute custom install script
[10.789s] -- Symlinking: /home/fzq614/My_ROS_Robot/ROS-WorkSpace/ROS2-Robot-WS/install/lib/astra_camera/astra_camera_node
[10.798s] -- Symlinking: /home/fzq614/My_ROS_Robot/ROS-WorkSpace/ROS2-Robot-WS/install/lib/astra_camera/astra_list_devices
[10.808s] -- Symlinking: /home/fzq614/My_ROS_Robot/ROS-WorkSpace/ROS2-Robot-WS/install/lib/astra_camera/astra_test_wrapper
[10.816s] -- Symlinking: /home/fzq614/My_ROS_Robot/ROS-WorkSpace/ROS2-Robot-WS/install/lib/astra_camera/libOpenNI2.so
[10.825s] -- Symlinking: /home/fzq614/My_ROS_Robot/ROS-WorkSpace/ROS2-Robot-WS/install/lib/astra_camera/OpenNI2
[10.834s] -- Symlinking: /home/fzq614/My_ROS_Robot/ROS-WorkSpace/ROS2-Robot-WS/install/lib/libastra_wrapper.a
[10.842s] -- Symlinking: /home/fzq614/My_ROS_Robot/ROS-WorkSpace/ROS2-Robot-WS/install/lib/libastra_driver_lib.a
[10.850s] -- Symlinking: /home/fzq614/My_ROS_Robot/ROS-WorkSpace/ROS2-Robot-WS/install/share/astra_camera/launch/astra_launch.py
[10.859s] -- Symlinking: /home/fzq614/My_ROS_Robot/ROS-WorkSpace/ROS2-Robot-WS/install/share/astra_camera/config/astra.yaml
[10.868s] -- Symlinking: /home/fzq614/My_ROS_Robot/ROS-WorkSpace/ROS2-Robot-WS/install/share/astra_camera/environment/library_path.sh
[10.878s] -- Symlinking: /home/fzq614/My_ROS_Robot/ROS-WorkSpace/ROS2-Robot-WS/install/share/astra_camera/environment/library_path.dsv
[10.897s] -- Symlinking: /home/fzq614/My_ROS_Robot/ROS-WorkSpace/ROS2-Robot-WS/install/share/ament_index/resource_index/package_run_dependencies/astra_camera
[10.902s] -- Symlinking: /home/fzq614/My_ROS_Robot/ROS-WorkSpace/ROS2-Robot-WS/install/share/ament_index/resource_index/parent_prefix_path/astra_camera
[10.910s] -- Symlinking: /home/fzq614/My_ROS_Robot/ROS-WorkSpace/ROS2-Robot-WS/install/share/astra_camera/environment/ament_prefix_path.sh
[10.920s] -- Symlinking: /home/fzq614/My_ROS_Robot/ROS-WorkSpace/ROS2-Robot-WS/install/share/astra_camera/environment/ament_prefix_path.dsv
[10.927s] -- Symlinking: /home/fzq614/My_ROS_Robot/ROS-WorkSpace/ROS2-Robot-WS/install/share/astra_camera/environment/path.sh
[10.935s] -- Symlinking: /home/fzq614/My_ROS_Robot/ROS-WorkSpace/ROS2-Robot-WS/install/share/astra_camera/environment/path.dsv
[10.943s] -- Symlinking: /home/fzq614/My_ROS_Robot/ROS-WorkSpace/ROS2-Robot-WS/install/share/astra_camera/local_setup.bash
[10.951s] -- Symlinking: /home/fzq614/My_ROS_Robot/ROS-WorkSpace/ROS2-Robot-WS/install/share/astra_camera/local_setup.sh
[10.966s] -- Symlinking: /home/fzq614/My_ROS_Robot/ROS-WorkSpace/ROS2-Robot-WS/install/share/astra_camera/local_setup.zsh
[10.967s] -- Symlinking: /home/fzq614/My_ROS_Robot/ROS-WorkSpace/ROS2-Robot-WS/install/share/astra_camera/local_setup.dsv
[10.975s] -- Symlinking: /home/fzq614/My_ROS_Robot/ROS-WorkSpace/ROS2-Robot-WS/install/share/astra_camera/package.dsv
[10.984s] -- Symlinking: /home/fzq614/My_ROS_Robot/ROS-WorkSpace/ROS2-Robot-WS/install/share/ament_index/resource_index/packages/astra_camera
[10.997s] -- Symlinking: /home/fzq614/My_ROS_Robot/ROS-WorkSpace/ROS2-Robot-WS/install/share/astra_camera/cmake/ament_cmake_export_include_directories-extras.cmake
[11.006s] -- Symlinking: /home/fzq614/My_ROS_Robot/ROS-WorkSpace/ROS2-Robot-WS/install/share/astra_camera/cmake/ament_cmake_export_libraries-extras.cmake
[11.014s] -- Symlinking: /home/fzq614/My_ROS_Robot/ROS-WorkSpace/ROS2-Robot-WS/install/share/astra_camera/cmake/astra_cameraConfig.cmake
[11.022s] -- Symlinking: /home/fzq614/My_ROS_Robot/ROS-WorkSpace/ROS2-Robot-WS/install/share/astra_camera/cmake/astra_cameraConfig-version.cmake
[11.030s] -- Symlinking: /home/fzq614/My_ROS_Robot/ROS-WorkSpace/ROS2-Robot-WS/install/share/astra_camera/package.xml
[11.041s] Invoked command in '/home/fzq614/My_ROS_Robot/ROS-WorkSpace/ROS2-Robot-WS/build/astra_camera' returned '0': CMAKE_PREFIX_PATH=${CMAKE_PREFIX_PATH}:/opt/ros/galactic /usr/bin/cmake --install /home/fzq614/My_ROS_Robot/ROS-WorkSpace/ROS2-Robot-WS/build/astra_camera
